[ 2017-01-17T14:36:49+08:00 ] 140.205.201.37 /
INFO: [ app_init ] --START--
INFO: Run Behavior\BuildLiteBehavior [ RunTime:0.000019s ]
INFO: Run Common\Behavior\InitHookBehavior [ RunTime:0.000918s ]
INFO: [ app_init ] --END-- [ RunTime:0.001261s ]
INFO: [ app_begin ] --START--
INFO: Run Behavior\ReadHtmlCacheBehavior [ RunTime:0.000302s ]
INFO: [ app_begin ] --END-- [ RunTime:0.000355s ]
SQL: SHOW COLUMNS FROM `ss_config` [ RunTime:0.0007s ]
SQL: SELECT `type`,`name`,`value` FROM `ss_config` WHERE `status` = 1  [ RunTime:0.0001s ]
SQL: SHOW COLUMNS FROM `ss_category` [ RunTime:0.0006s ]
SQL: SELECT `id`,`name`,`title`,`pid`,`sort`,`list_row`,`meta_title`,`keywords`,`description`,`template_index`,`template_lists`,`template_detail`,`template_edit`,`model`,`model_sub`,`type`,`link_id`,`allow_publish`,`display`,`reply`,`check`,`reply_model`,`extend`,`create_time`,`update_time`,`status`,`icon`,`groups` FROM `ss_category` WHERE `status` = 1 ORDER BY sort  [ RunTime:0.0001s ]
SQL: SHOW COLUMNS FROM `ss_document` [ RunTime:0.0006s ]
SQL: SELECT `id`,`uid`,`name`,`title`,`category_id`,`group_id`,`description`,`root`,`pid`,`model_id`,`type`,`position`,`link_id`,`cover_id`,`display`,`deadline`,`attach`,`view`,`comment`,`extend`,`level`,`create_time`,`update_time`,`status` FROM `ss_document` WHERE `status` = 1 AND `pid` = 0 AND `create_time` < 1484635009 AND ( deadline = 0 OR deadline > 1484635009 ) ORDER BY `id` DESC  [ RunTime:0.0003s ]
INFO: [ view_parse ] --START--
INFO: [ template_filter ] --START--
INFO: Run Behavior\ContentReplaceBehavior [ RunTime:0.000110s ]
INFO: [ template_filter ] --END-- [ RunTime:0.000172s ]
SQL: SHOW COLUMNS FROM `ss_channel` [ RunTime:0.0005s ]
SQL: SELECT `id`,`pid`,`title`,`url`,`sort`,`create_time`,`update_time`,`status`,`target` FROM `ss_channel` WHERE ( status=1 ) ORDER BY sort  [ RunTime:0.0001s ]
SQL: SELECT `id`,`name`,`title`,`pid`,`sort`,`list_row`,`meta_title`,`keywords`,`description`,`template_index`,`template_lists`,`template_detail`,`template_edit`,`model`,`model_sub`,`type`,`link_id`,`allow_publish`,`display`,`reply`,`check`,`reply_model`,`extend`,`create_time`,`update_time`,`status`,`icon`,`groups` FROM `ss_category` WHERE `id` = 1 LIMIT 1   [ RunTime:0.0001s ]
SQL: SELECT `id`,`name`,`pid`,`title`,`link_id` FROM `ss_category` WHERE `status` = 1 ORDER BY sort  [ RunTime:0.0001s ]
INFO: [ view_parse ] --START--
INFO: [ template_filter ] --START--
INFO: Run Behavior\ContentReplaceBehavior [ RunTime:0.000033s ]
INFO: [ template_filter ] --END-- [ RunTime:-0.005180s ]
INFO: Run Behavior\ParseTemplateBehavior [ RunTime:0.002353s ]
INFO: [ view_parse ] --END-- [ RunTime:0.002396s ]
INFO: [ view_filter ] --START--
INFO: Run Behavior\WriteHtmlCacheBehavior [ RunTime:0.000106s ]
INFO: [ view_filter ] --END-- [ RunTime:0.000152s ]
SQL: SELECT `id`,`name`,`title`,`pid`,`sort`,`list_row`,`meta_title`,`keywords`,`description`,`template_index`,`template_lists`,`template_detail`,`template_edit`,`model`,`model_sub`,`type`,`link_id`,`allow_publish`,`display`,`reply`,`check`,`reply_model`,`extend`,`create_time`,`update_time`,`status`,`icon`,`groups` FROM `ss_category` WHERE `id` = 1 LIMIT 1   [ RunTime:0.0001s ]
SQL: SELECT `id`,`name`,`pid`,`title`,`link_id` FROM `ss_category` WHERE `status` = 1 ORDER BY sort  [ RunTime:0.0001s ]
SQL: SELECT `id`,`uid`,`name`,`title`,`category_id`,`group_id`,`description`,`root`,`pid`,`model_id`,`type`,`position`,`link_id`,`cover_id`,`display`,`deadline`,`attach`,`view`,`comment`,`extend`,`level`,`create_time`,`update_time`,`status` FROM `ss_document` WHERE `status` = 1 AND `pid` = 0 AND `category_id` IN ('1','2') AND `create_time` < 1484635009 AND ( deadline = 0 OR deadline > 1484635009 ) ORDER BY `level` DESC,`id` DESC LIMIT 0,10   [ RunTime:0.0003s ]
INFO: Run Behavior\ParseTemplateBehavior [ RunTime:0.004211s ]
INFO: [ view_parse ] --END-- [ RunTime:0.002396s ]
INFO: [ view_filter ] --START--
INFO: Run Behavior\WriteHtmlCacheBehavior [ RunTime:0.000009s ]
INFO: [ view_filter ] --END-- [ RunTime:-0.001703s ]
INFO: [ app_end ] --START--
INFO: Run Behavior\ShowPageTraceBehavior [ RunTime:0.000305s ]
INFO: [ app_end ] --END-- [ RunTime:0.000348s ]

[ 2017-01-17T14:36:56+08:00 ] 140.205.201.37 /
INFO: [ app_init ] --START--
INFO: Run Behavior\BuildLiteBehavior [ RunTime:0.000023s ]
INFO: Run Common\Behavior\InitHookBehavior [ RunTime:0.000963s ]
INFO: [ app_init ] --END-- [ RunTime:0.001303s ]
INFO: [ app_begin ] --START--
INFO: Run Behavior\ReadHtmlCacheBehavior [ RunTime:0.000316s ]
INFO: [ app_begin ] --END-- [ RunTime:0.000378s ]
SQL: SHOW COLUMNS FROM `ss_config` [ RunTime:0.0007s ]
SQL: SELECT `type`,`name`,`value` FROM `ss_config` WHERE `status` = 1  [ RunTime:0.0002s ]
SQL: SHOW COLUMNS FROM `ss_category` [ RunTime:0.0006s ]
SQL: SELECT `id`,`name`,`title`,`pid`,`sort`,`list_row`,`meta_title`,`keywords`,`description`,`template_index`,`template_lists`,`template_detail`,`template_edit`,`model`,`model_sub`,`type`,`link_id`,`allow_publish`,`display`,`reply`,`check`,`reply_model`,`extend`,`create_time`,`update_time`,`status`,`icon`,`groups` FROM `ss_category` WHERE `status` = 1 ORDER BY sort  [ RunTime:0.0001s ]
SQL: SHOW COLUMNS FROM `ss_document` [ RunTime:0.0006s ]
SQL: SELECT `id`,`uid`,`name`,`title`,`category_id`,`group_id`,`description`,`root`,`pid`,`model_id`,`type`,`position`,`link_id`,`cover_id`,`display`,`deadline`,`attach`,`view`,`comment`,`extend`,`level`,`create_time`,`update_time`,`status` FROM `ss_document` WHERE `status` = 1 AND `pid` = 0 AND `create_time` < 1484635016 AND ( deadline = 0 OR deadline > 1484635016 ) ORDER BY `id` DESC  [ RunTime:0.0004s ]
INFO: [ view_parse ] --START--
INFO: [ template_filter ] --START--
INFO: Run Behavior\ContentReplaceBehavior [ RunTime:0.000103s ]
INFO: [ template_filter ] --END-- [ RunTime:0.000171s ]
SQL: SHOW COLUMNS FROM `ss_channel` [ RunTime:0.0008s ]
SQL: SELECT `id`,`pid`,`title`,`url`,`sort`,`create_time`,`update_time`,`status`,`target` FROM `ss_channel` WHERE ( status=1 ) ORDER BY sort  [ RunTime:0.0001s ]
SQL: SELECT `id`,`name`,`title`,`pid`,`sort`,`list_row`,`meta_title`,`keywords`,`description`,`template_index`,`template_lists`,`template_detail`,`template_edit`,`model`,`model_sub`,`type`,`link_id`,`allow_publish`,`display`,`reply`,`check`,`reply_model`,`extend`,`create_time`,`update_time`,`status`,`icon`,`groups` FROM `ss_category` WHERE `id` = 1 LIMIT 1   [ RunTime:0.0002s ]
SQL: SELECT `id`,`name`,`pid`,`title`,`link_id` FROM `ss_category` WHERE `status` = 1 ORDER BY sort  [ RunTime:0.0001s ]
INFO: [ view_parse ] --START--
INFO: [ template_filter ] --START--
INFO: Run Behavior\ContentReplaceBehavior [ RunTime:0.000043s ]
INFO: [ template_filter ] --END-- [ RunTime:-0.006141s ]
INFO: Run Behavior\ParseTemplateBehavior [ RunTime:0.002648s ]
INFO: [ view_parse ] --END-- [ RunTime:0.002693s ]
INFO: [ view_filter ] --START--
INFO: Run Behavior\WriteHtmlCacheBehavior [ RunTime:0.000154s ]
INFO: [ view_filter ] --END-- [ RunTime:0.000194s ]
SQL: SELECT `id`,`name`,`title`,`pid`,`sort`,`list_row`,`meta_title`,`keywords`,`description`,`template_index`,`template_lists`,`template_detail`,`template_edit`,`model`,`model_sub`,`type`,`link_id`,`allow_publish`,`display`,`reply`,`check`,`reply_model`,`extend`,`create_time`,`update_time`,`status`,`icon`,`groups` FROM `ss_category` WHERE `id` = 1 LIMIT 1   [ RunTime:0.0002s ]
SQL: SELECT `id`,`name`,`pid`,`title`,`link_id` FROM `ss_category` WHERE `status` = 1 ORDER BY sort  [ RunTime:0.0001s ]
SQL: SELECT `id`,`uid`,`name`,`title`,`category_id`,`group_id`,`description`,`root`,`pid`,`model_id`,`type`,`position`,`link_id`,`cover_id`,`display`,`deadline`,`attach`,`view`,`comment`,`extend`,`level`,`create_time`,`update_time`,`status` FROM `ss_document` WHERE `status` = 1 AND `pid` = 0 AND `category_id` IN ('1','2') AND `create_time` < 1484635016 AND ( deadline = 0 OR deadline > 1484635016 ) ORDER BY `level` DESC,`id` DESC LIMIT 0,10   [ RunTime:0.0004s ]
INFO: Run Behavior\ParseTemplateBehavior [ RunTime:0.004882s ]
INFO: [ view_parse ] --END-- [ RunTime:0.002693s ]
INFO: [ view_filter ] --START--
INFO: Run Behavior\WriteHtmlCacheBehavior [ RunTime:0.000009s ]
INFO: [ view_filter ] --END-- [ RunTime:-0.002040s ]
INFO: [ app_end ] --START--
INFO: Run Behavior\ShowPageTraceBehavior [ RunTime:0.000358s ]
INFO: [ app_end ] --END-- [ RunTime:0.000401s ]

[ 2017-01-17T14:36:56+08:00 ] 140.205.201.37 /
INFO: [ app_init ] --START--
INFO: Run Behavior\BuildLiteBehavior [ RunTime:0.000017s ]
INFO: Run Common\Behavior\InitHookBehavior [ RunTime:0.000867s ]
INFO: [ app_init ] --END-- [ RunTime:0.001155s ]
INFO: [ app_begin ] --START--
INFO: Run Behavior\ReadHtmlCacheBehavior [ RunTime:0.000286s ]
INFO: [ app_begin ] --END-- [ RunTime:0.000334s ]
SQL: SHOW COLUMNS FROM `ss_config` [ RunTime:0.0007s ]
SQL: SELECT `type`,`name`,`value` FROM `ss_config` WHERE `status` = 1  [ RunTime:0.0001s ]
SQL: SHOW COLUMNS FROM `ss_category` [ RunTime:0.0008s ]
SQL: SELECT `id`,`name`,`title`,`pid`,`sort`,`list_row`,`meta_title`,`keywords`,`description`,`template_index`,`template_lists`,`template_detail`,`template_edit`,`model`,`model_sub`,`type`,`link_id`,`allow_publish`,`display`,`reply`,`check`,`reply_model`,`extend`,`create_time`,`update_time`,`status`,`icon`,`groups` FROM `ss_category` WHERE `status` = 1 ORDER BY sort  [ RunTime:0.0001s ]
SQL: SHOW COLUMNS FROM `ss_document` [ RunTime:0.0006s ]
SQL: SELECT `id`,`uid`,`name`,`title`,`category_id`,`group_id`,`description`,`root`,`pid`,`model_id`,`type`,`position`,`link_id`,`cover_id`,`display`,`deadline`,`attach`,`view`,`comment`,`extend`,`level`,`create_time`,`update_time`,`status` FROM `ss_document` WHERE `status` = 1 AND `pid` = 0 AND `create_time` < 1484635016 AND ( deadline = 0 OR deadline > 1484635016 ) ORDER BY `id` DESC  [ RunTime:0.0001s ]
INFO: [ view_parse ] --START--
INFO: [ template_filter ] --START--
INFO: Run Behavior\ContentReplaceBehavior [ RunTime:0.000085s ]
INFO: [ template_filter ] --END-- [ RunTime:0.000150s ]
SQL: SHOW COLUMNS FROM `ss_channel` [ RunTime:0.0011s ]
SQL: SELECT `id`,`pid`,`title`,`url`,`sort`,`create_time`,`update_time`,`status`,`target` FROM `ss_channel` WHERE ( status=1 ) ORDER BY sort  [ RunTime:0.0001s ]
SQL: SELECT `id`,`name`,`title`,`pid`,`sort`,`list_row`,`meta_title`,`keywords`,`description`,`template_index`,`template_lists`,`template_detail`,`template_edit`,`model`,`model_sub`,`type`,`link_id`,`allow_publish`,`display`,`reply`,`check`,`reply_model`,`extend`,`create_time`,`update_time`,`status`,`icon`,`groups` FROM `ss_category` WHERE `id` = 1 LIMIT 1   [ RunTime:0.0001s ]
SQL: SELECT `id`,`name`,`pid`,`title`,`link_id` FROM `ss_category` WHERE `status` = 1 ORDER BY sort  [ RunTime:0.0001s ]
INFO: [ view_parse ] --START--
INFO: [ template_filter ] --START--
INFO: Run Behavior\ContentReplaceBehavior [ RunTime:0.000042s ]
INFO: [ template_filter ] --END-- [ RunTime:-0.006204s ]
INFO: Run Behavior\ParseTemplateBehavior [ RunTime:0.002702s ]
INFO: [ view_parse ] --END-- [ RunTime:0.002748s ]
INFO: [ view_filter ] --START--
INFO: Run Behavior\WriteHtmlCacheBehavior [ RunTime:0.000111s ]
INFO: [ view_filter ] --END-- [ RunTime:0.000151s ]
SQL: SELECT `id`,`name`,`title`,`pid`,`sort`,`list_row`,`meta_title`,`keywords`,`description`,`template_index`,`template_lists`,`template_detail`,`template_edit`,`model`,`model_sub`,`type`,`link_id`,`allow_publish`,`display`,`reply`,`check`,`reply_model`,`extend`,`create_time`,`update_time`,`status`,`icon`,`groups` FROM `ss_category` WHERE `id` = 1 LIMIT 1   [ RunTime:0.0002s ]
SQL: SELECT `id`,`name`,`pid`,`title`,`link_id` FROM `ss_category` WHERE `status` = 1 ORDER BY sort  [ RunTime:0.0001s ]
SQL: SELECT `id`,`uid`,`name`,`title`,`category_id`,`group_id`,`description`,`root`,`pid`,`model_id`,`type`,`position`,`link_id`,`cover_id`,`display`,`deadline`,`attach`,`view`,`comment`,`extend`,`level`,`create_time`,`update_time`,`status` FROM `ss_document` WHERE `status` = 1 AND `pid` = 0 AND `category_id` IN ('1','2') AND `create_time` < 1484635016 AND ( deadline = 0 OR deadline > 1484635016 ) ORDER BY `level` DESC,`id` DESC LIMIT 0,10   [ RunTime:0.0001s ]
INFO: Run Behavior\ParseTemplateBehavior [ RunTime:0.004512s ]
INFO: [ view_parse ] --END-- [ RunTime:0.002748s ]
INFO: [ view_filter ] --START--
INFO: Run Behavior\WriteHtmlCacheBehavior [ RunTime:0.000009s ]
INFO: [ view_filter ] --END-- [ RunTime:-0.001657s ]
INFO: [ app_end ] --START--
INFO: Run Behavior\ShowPageTraceBehavior [ RunTime:0.000320s ]
INFO: [ app_end ] --END-- [ RunTime:0.000362s ]

[ 2017-01-17T14:36:59+08:00 ] 140.205.201.37 /
INFO: [ app_init ] --START--
INFO: Run Behavior\BuildLiteBehavior [ RunTime:0.000020s ]
INFO: Run Common\Behavior\InitHookBehavior [ RunTime:0.000985s ]
INFO: [ app_init ] --END-- [ RunTime:0.001416s ]
INFO: [ app_begin ] --START--
INFO: Run Behavior\ReadHtmlCacheBehavior [ RunTime:0.000275s ]
INFO: [ app_begin ] --END-- [ RunTime:0.000324s ]
SQL: SHOW COLUMNS FROM `ss_config` [ RunTime:0.0007s ]
SQL: SELECT `type`,`name`,`value` FROM `ss_config` WHERE `status` = 1  [ RunTime:0.0002s ]
SQL: SHOW COLUMNS FROM `ss_category` [ RunTime:0.0007s ]
SQL: SELECT `id`,`name`,`title`,`pid`,`sort`,`list_row`,`meta_title`,`keywords`,`description`,`template_index`,`template_lists`,`template_detail`,`template_edit`,`model`,`model_sub`,`type`,`link_id`,`allow_publish`,`display`,`reply`,`check`,`reply_model`,`extend`,`create_time`,`update_time`,`status`,`icon`,`groups` FROM `ss_category` WHERE `status` = 1 ORDER BY sort  [ RunTime:0.0002s ]
SQL: SHOW COLUMNS FROM `ss_document` [ RunTime:0.0006s ]
SQL: SELECT `id`,`uid`,`name`,`title`,`category_id`,`group_id`,`description`,`root`,`pid`,`model_id`,`type`,`position`,`link_id`,`cover_id`,`display`,`deadline`,`attach`,`view`,`comment`,`extend`,`level`,`create_time`,`update_time`,`status` FROM `ss_document` WHERE `status` = 1 AND `pid` = 0 AND `create_time` < 1484635019 AND ( deadline = 0 OR deadline > 1484635019 ) ORDER BY `id` DESC  [ RunTime:0.0003s ]
INFO: [ view_parse ] --START--
INFO: [ template_filter ] --START--
INFO: Run Behavior\ContentReplaceBehavior [ RunTime:0.000078s ]
INFO: [ template_filter ] --END-- [ RunTime:0.000127s ]
SQL: SHOW COLUMNS FROM `ss_channel` [ RunTime:0.0005s ]
SQL: SELECT `id`,`pid`,`title`,`url`,`sort`,`create_time`,`update_time`,`status`,`target` FROM `ss_channel` WHERE ( status=1 ) ORDER BY sort  [ RunTime:0.0001s ]
SQL: SELECT `id`,`name`,`title`,`pid`,`sort`,`list_row`,`meta_title`,`keywords`,`description`,`template_index`,`template_lists`,`template_detail`,`template_edit`,`model`,`model_sub`,`type`,`link_id`,`allow_publish`,`display`,`reply`,`check`,`reply_model`,`extend`,`create_time`,`update_time`,`status`,`icon`,`groups` FROM `ss_category` WHERE `id` = 1 LIMIT 1   [ RunTime:0.0001s ]
SQL: SELECT `id`,`name`,`pid`,`title`,`link_id` FROM `ss_category` WHERE `status` = 1 ORDER BY sort  [ RunTime:0.0001s ]
INFO: [ view_parse ] --START--
INFO: [ template_filter ] --START--
INFO: Run Behavior\ContentReplaceBehavior [ RunTime:0.000035s ]
INFO: [ template_filter ] --END-- [ RunTime:-0.005100s ]
INFO: Run Behavior\ParseTemplateBehavior [ RunTime:0.002291s ]
INFO: [ view_parse ] --END-- [ RunTime:0.002334s ]
INFO: [ view_filter ] --START--
INFO: Run Behavior\WriteHtmlCacheBehavior [ RunTime:0.000099s ]
INFO: [ view_filter ] --END-- [ RunTime:0.000138s ]
SQL: SELECT `id`,`name`,`title`,`pid`,`sort`,`list_row`,`meta_title`,`keywords`,`description`,`template_index`,`template_lists`,`template_detail`,`template_edit`,`model`,`model_sub`,`type`,`link_id`,`allow_publish`,`display`,`reply`,`check`,`reply_model`,`extend`,`create_time`,`update_time`,`status`,`icon`,`groups` FROM `ss_category` WHERE `id` = 1 LIMIT 1   [ RunTime:0.0002s ]
SQL: SELECT `id`,`name`,`pid`,`title`,`link_id` FROM `ss_category` WHERE `status` = 1 ORDER BY sort  [ RunTime:0.0001s ]
SQL: SELECT `id`,`uid`,`name`,`title`,`category_id`,`group_id`,`description`,`root`,`pid`,`model_id`,`type`,`position`,`link_id`,`cover_id`,`display`,`deadline`,`attach`,`view`,`comment`,`extend`,`level`,`create_time`,`update_time`,`status` FROM `ss_document` WHERE `status` = 1 AND `pid` = 0 AND `category_id` IN ('1','2') AND `create_time` < 1484635019 AND ( deadline = 0 OR deadline > 1484635019 ) ORDER BY `level` DESC,`id` DESC LIMIT 0,10   [ RunTime:0.0004s ]
INFO: Run Behavior\ParseTemplateBehavior [ RunTime:0.004281s ]
INFO: [ view_parse ] --END-- [ RunTime:0.002334s ]
INFO: [ view_filter ] --START--
INFO: Run Behavior\WriteHtmlCacheBehavior [ RunTime:0.000009s ]
INFO: [ view_filter ] --END-- [ RunTime:-0.001850s ]
INFO: [ app_end ] --START--
INFO: Run Behavior\ShowPageTraceBehavior [ RunTime:0.000323s ]
INFO: [ app_end ] --END-- [ RunTime:0.000366s ]

[ 2017-01-17T14:37:09+08:00 ] 140.205.201.37 /
INFO: [ app_init ] --START--
INFO: Run Behavior\BuildLiteBehavior [ RunTime:0.000015s ]
INFO: Run Common\Behavior\InitHookBehavior [ RunTime:0.000849s ]
INFO: [ app_init ] --END-- [ RunTime:0.001120s ]
INFO: [ app_begin ] --START--
INFO: Run Behavior\ReadHtmlCacheBehavior [ RunTime:0.000302s ]
INFO: [ app_begin ] --END-- [ RunTime:0.000374s ]
SQL: SHOW COLUMNS FROM `ss_config` [ RunTime:0.0008s ]
SQL: SELECT `type`,`name`,`value` FROM `ss_config` WHERE `status` = 1  [ RunTime:0.0002s ]
SQL: SHOW COLUMNS FROM `ss_category` [ RunTime:0.0007s ]
SQL: SELECT `id`,`name`,`title`,`pid`,`sort`,`list_row`,`meta_title`,`keywords`,`description`,`template_index`,`template_lists`,`template_detail`,`template_edit`,`model`,`model_sub`,`type`,`link_id`,`allow_publish`,`display`,`reply`,`check`,`reply_model`,`extend`,`create_time`,`update_time`,`status`,`icon`,`groups` FROM `ss_category` WHERE `status` = 1 ORDER BY sort  [ RunTime:0.0002s ]
SQL: SHOW COLUMNS FROM `ss_document` [ RunTime:0.0006s ]
SQL: SELECT `id`,`uid`,`name`,`title`,`category_id`,`group_id`,`description`,`root`,`pid`,`model_id`,`type`,`position`,`link_id`,`cover_id`,`display`,`deadline`,`attach`,`view`,`comment`,`extend`,`level`,`create_time`,`update_time`,`status` FROM `ss_document` WHERE `status` = 1 AND `pid` = 0 AND `create_time` < 1484635029 AND ( deadline = 0 OR deadline > 1484635029 ) ORDER BY `id` DESC  [ RunTime:0.0004s ]
INFO: [ view_parse ] --START--
INFO: [ template_filter ] --START--
INFO: Run Behavior\ContentReplaceBehavior [ RunTime:0.000083s ]
INFO: [ template_filter ] --END-- [ RunTime:0.000137s ]
SQL: SHOW COLUMNS FROM `ss_channel` [ RunTime:0.0006s ]
SQL: SELECT `id`,`pid`,`title`,`url`,`sort`,`create_time`,`update_time`,`status`,`target` FROM `ss_channel` WHERE ( status=1 ) ORDER BY sort  [ RunTime:0.0001s ]
SQL: SELECT `id`,`name`,`title`,`pid`,`sort`,`list_row`,`meta_title`,`keywords`,`description`,`template_index`,`template_lists`,`template_detail`,`template_edit`,`model`,`model_sub`,`type`,`link_id`,`allow_publish`,`display`,`reply`,`check`,`reply_model`,`extend`,`create_time`,`update_time`,`status`,`icon`,`groups` FROM `ss_category` WHERE `id` = 1 LIMIT 1   [ RunTime:0.0002s ]
SQL: SELECT `id`,`name`,`pid`,`title`,`link_id` FROM `ss_category` WHERE `status` = 1 ORDER BY sort  [ RunTime:0.0001s ]
INFO: [ view_parse ] --START--
INFO: [ template_filter ] --START--
INFO: Run Behavior\ContentReplaceBehavior [ RunTime:0.000036s ]
INFO: [ template_filter ] --END-- [ RunTime:-0.005632s ]
INFO: Run Behavior\ParseTemplateBehavior [ RunTime:0.002526s ]
INFO: [ view_parse ] --END-- [ RunTime:0.002581s ]
INFO: [ view_filter ] --START--
INFO: Run Behavior\WriteHtmlCacheBehavior [ RunTime:0.000137s ]
INFO: [ view_filter ] --END-- [ RunTime:0.000185s ]
SQL: SELECT `id`,`name`,`title`,`pid`,`sort`,`list_row`,`meta_title`,`keywords`,`description`,`template_index`,`template_lists`,`template_detail`,`template_edit`,`model`,`model_sub`,`type`,`link_id`,`allow_publish`,`display`,`reply`,`check`,`reply_model`,`extend`,`create_time`,`update_time`,`status`,`icon`,`groups` FROM `ss_category` WHERE `id` = 1 LIMIT 1   [ RunTime:0.0002s ]
SQL: SELECT `id`,`name`,`pid`,`title`,`link_id` FROM `ss_category` WHERE `status` = 1 ORDER BY sort  [ RunTime:0.0001s ]
SQL: SELECT `id`,`uid`,`name`,`title`,`category_id`,`group_id`,`description`,`root`,`pid`,`model_id`,`type`,`position`,`link_id`,`cover_id`,`display`,`deadline`,`attach`,`view`,`comment`,`extend`,`level`,`create_time`,`update_time`,`status` FROM `ss_document` WHERE `status` = 1 AND `pid` = 0 AND `category_id` IN ('1','2') AND `create_time` < 1484635029 AND ( deadline = 0 OR deadline > 1484635029 ) ORDER BY `level` DESC,`id` DESC LIMIT 0,10   [ RunTime:0.0004s ]
INFO: Run Behavior\ParseTemplateBehavior [ RunTime:0.004656s ]
INFO: [ view_parse ] --END-- [ RunTime:0.002581s ]
INFO: [ view_filter ] --START--
INFO: Run Behavior\WriteHtmlCacheBehavior [ RunTime:0.000014s ]
INFO: [ view_filter ] --END-- [ RunTime:-0.001943s ]

[ 2017-01-17T14:37:11+08:00 ] 140.205.201.9 /?.tmp=t
INFO: [ app_init ] --START--
INFO: Run Behavior\BuildLiteBehavior [ RunTime:0.000016s ]
INFO: Run Common\Behavior\InitHookBehavior [ RunTime:0.000896s ]
INFO: [ app_init ] --END-- [ RunTime:0.001179s ]
INFO: [ app_begin ] --START--
INFO: Run Behavior\ReadHtmlCacheBehavior [ RunTime:0.000343s ]
INFO: [ app_begin ] --END-- [ RunTime:0.000390s ]
SQL: SHOW COLUMNS FROM `ss_config` [ RunTime:0.0008s ]
SQL: SELECT `type`,`name`,`value` FROM `ss_config` WHERE `status` = 1  [ RunTime:0.0002s ]
SQL: SHOW COLUMNS FROM `ss_category` [ RunTime:0.0007s ]
SQL: SELECT `id`,`name`,`title`,`pid`,`sort`,`list_row`,`meta_title`,`keywords`,`description`,`template_index`,`template_lists`,`template_detail`,`template_edit`,`model`,`model_sub`,`type`,`link_id`,`allow_publish`,`display`,`reply`,`check`,`reply_model`,`extend`,`create_time`,`update_time`,`status`,`icon`,`groups` FROM `ss_category` WHERE `status` = 1 ORDER BY sort  [ RunTime:0.0002s ]
SQL: SHOW COLUMNS FROM `ss_document` [ RunTime:0.0006s ]
SQL: SELECT `id`,`uid`,`name`,`title`,`category_id`,`group_id`,`description`,`root`,`pid`,`model_id`,`type`,`position`,`link_id`,`cover_id`,`display`,`deadline`,`attach`,`view`,`comment`,`extend`,`level`,`create_time`,`update_time`,`status` FROM `ss_document` WHERE `status` = 1 AND `pid` = 0 AND `create_time` < 1484635031 AND ( deadline = 0 OR deadline > 1484635031 ) ORDER BY `id` DESC  [ RunTime:0.0003s ]
INFO: [ view_parse ] --START--
INFO: [ template_filter ] --START--
INFO: Run Behavior\ContentReplaceBehavior [ RunTime:0.000093s ]
INFO: [ template_filter ] --END-- [ RunTime:0.000167s ]
SQL: SHOW COLUMNS FROM `ss_channel` [ RunTime:0.0010s ]
SQL: SELECT `id`,`pid`,`title`,`url`,`sort`,`create_time`,`update_time`,`status`,`target` FROM `ss_channel` WHERE ( status=1 ) ORDER BY sort  [ RunTime:0.0001s ]
SQL: SELECT `id`,`name`,`title`,`pid`,`sort`,`list_row`,`meta_title`,`keywords`,`description`,`template_index`,`template_lists`,`template_detail`,`template_edit`,`model`,`model_sub`,`type`,`link_id`,`allow_publish`,`display`,`reply`,`check`,`reply_model`,`extend`,`create_time`,`update_time`,`status`,`icon`,`groups` FROM `ss_category` WHERE `id` = 1 LIMIT 1   [ RunTime:0.0002s ]
SQL: SELECT `id`,`name`,`pid`,`title`,`link_id` FROM `ss_category` WHERE `status` = 1 ORDER BY sort  [ RunTime:0.0001s ]
INFO: [ view_parse ] --START--
INFO: [ template_filter ] --START--
INFO: Run Behavior\ContentReplaceBehavior [ RunTime:0.000042s ]
INFO: [ template_filter ] --END-- [ RunTime:-0.007002s ]
INFO: Run Behavior\ParseTemplateBehavior [ RunTime:0.003562s ]
INFO: [ view_parse ] --END-- [ RunTime:0.003611s ]
INFO: [ view_filter ] --START--
INFO: Run Behavior\WriteHtmlCacheBehavior [ RunTime:0.000124s ]
INFO: [ view_filter ] --END-- [ RunTime:0.000169s ]
SQL: SELECT `id`,`name`,`title`,`pid`,`sort`,`list_row`,`meta_title`,`keywords`,`description`,`template_index`,`template_lists`,`template_detail`,`template_edit`,`model`,`model_sub`,`type`,`link_id`,`allow_publish`,`display`,`reply`,`check`,`reply_model`,`extend`,`create_time`,`update_time`,`status`,`icon`,`groups` FROM `ss_category` WHERE `id` = 1 LIMIT 1   [ RunTime:0.0002s ]
SQL: SELECT `id`,`name`,`pid`,`title`,`link_id` FROM `ss_category` WHERE `status` = 1 ORDER BY sort  [ RunTime:0.0002s ]
SQL: SELECT `id`,`uid`,`name`,`title`,`category_id`,`group_id`,`description`,`root`,`pid`,`model_id`,`type`,`position`,`link_id`,`cover_id`,`display`,`deadline`,`attach`,`view`,`comment`,`extend`,`level`,`create_time`,`update_time`,`status` FROM `ss_document` WHERE `status` = 1 AND `pid` = 0 AND `category_id` IN ('1','2') AND `create_time` < 1484635031 AND ( deadline = 0 OR deadline > 1484635031 ) ORDER BY `level` DESC,`id` DESC LIMIT 0,10   [ RunTime:0.0005s ]
INFO: Run Behavior\ParseTemplateBehavior [ RunTime:0.006504s ]
INFO: [ view_parse ] --END-- [ RunTime:0.003611s ]
INFO: [ view_filter ] --START--
INFO: Run Behavior\WriteHtmlCacheBehavior [ RunTime:0.000010s ]
INFO: [ view_filter ] --END-- [ RunTime:-0.002771s ]
INFO: [ app_end ] --START--
INFO: Run Behavior\ShowPageTraceBehavior [ RunTime:0.000490s ]
INFO: [ app_end ] --END-- [ RunTime:0.000553s ]

[ 2017-01-17T14:37:27+08:00 ] 140.205.201.37 /
INFO: [ app_init ] --START--
INFO: Run Behavior\BuildLiteBehavior [ RunTime:0.000014s ]
INFO: Run Common\Behavior\InitHookBehavior [ RunTime:0.000972s ]
INFO: [ app_init ] --END-- [ RunTime:0.001251s ]
INFO: [ app_begin ] --START--
INFO: Run Behavior\ReadHtmlCacheBehavior [ RunTime:0.000383s ]
INFO: [ app_begin ] --END-- [ RunTime:0.000443s ]
SQL: SHOW COLUMNS FROM `ss_config` [ RunTime:0.0008s ]
SQL: SELECT `type`,`name`,`value` FROM `ss_config` WHERE `status` = 1  [ RunTime:0.0003s ]
SQL: SHOW COLUMNS FROM `ss_category` [ RunTime:0.0006s ]
SQL: SELECT `id`,`name`,`title`,`pid`,`sort`,`list_row`,`meta_title`,`keywords`,`description`,`template_index`,`template_lists`,`template_detail`,`template_edit`,`model`,`model_sub`,`type`,`link_id`,`allow_publish`,`display`,`reply`,`check`,`reply_model`,`extend`,`create_time`,`update_time`,`status`,`icon`,`groups` FROM `ss_category` WHERE `status` = 1 ORDER BY sort  [ RunTime:0.0001s ]
SQL: SHOW COLUMNS FROM `ss_document` [ RunTime:0.0006s ]
SQL: SELECT `id`,`uid`,`name`,`title`,`category_id`,`group_id`,`description`,`root`,`pid`,`model_id`,`type`,`position`,`link_id`,`cover_id`,`display`,`deadline`,`attach`,`view`,`comment`,`extend`,`level`,`create_time`,`update_time`,`status` FROM `ss_document` WHERE `status` = 1 AND `pid` = 0 AND `create_time` < 1484635047 AND ( deadline = 0 OR deadline > 1484635047 ) ORDER BY `id` DESC  [ RunTime:0.0003s ]
INFO: [ view_parse ] --START--
INFO: [ template_filter ] --START--
INFO: Run Behavior\ContentReplaceBehavior [ RunTime:0.000110s ]
INFO: [ template_filter ] --END-- [ RunTime:0.000164s ]
SQL: SHOW COLUMNS FROM `ss_channel` [ RunTime:0.0006s ]
SQL: SELECT `id`,`pid`,`title`,`url`,`sort`,`create_time`,`update_time`,`status`,`target` FROM `ss_channel` WHERE ( status=1 ) ORDER BY sort  [ RunTime:0.0001s ]
SQL: SELECT `id`,`name`,`title`,`pid`,`sort`,`list_row`,`meta_title`,`keywords`,`description`,`template_index`,`template_lists`,`template_detail`,`template_edit`,`model`,`model_sub`,`type`,`link_id`,`allow_publish`,`display`,`reply`,`check`,`reply_model`,`extend`,`create_time`,`update_time`,`status`,`icon`,`groups` FROM `ss_category` WHERE `id` = 1 LIMIT 1   [ RunTime:0.0001s ]
SQL: SELECT `id`,`name`,`pid`,`title`,`link_id` FROM `ss_category` WHERE `status` = 1 ORDER BY sort  [ RunTime:0.0001s ]
INFO: [ view_parse ] --START--
INFO: [ template_filter ] --START--
INFO: Run Behavior\ContentReplaceBehavior [ RunTime:0.000046s ]
INFO: [ template_filter ] --END-- [ RunTime:-0.005396s ]
INFO: Run Behavior\ParseTemplateBehavior [ RunTime:0.002496s ]
INFO: [ view_parse ] --END-- [ RunTime:0.002550s ]
INFO: [ view_filter ] --START--
INFO: Run Behavior\WriteHtmlCacheBehavior [ RunTime:0.000101s ]
INFO: [ view_filter ] --END-- [ RunTime:0.000140s ]
SQL: SELECT `id`,`name`,`title`,`pid`,`sort`,`list_row`,`meta_title`,`keywords`,`description`,`template_index`,`template_lists`,`template_detail`,`template_edit`,`model`,`model_sub`,`type`,`link_id`,`allow_publish`,`display`,`reply`,`check`,`reply_model`,`extend`,`create_time`,`update_time`,`status`,`icon`,`groups` FROM `ss_category` WHERE `id` = 1 LIMIT 1   [ RunTime:0.0001s ]
SQL: SELECT `id`,`name`,`pid`,`title`,`link_id` FROM `ss_category` WHERE `status` = 1 ORDER BY sort  [ RunTime:0.0001s ]
SQL: SELECT `id`,`uid`,`name`,`title`,`category_id`,`group_id`,`description`,`root`,`pid`,`model_id`,`type`,`position`,`link_id`,`cover_id`,`display`,`deadline`,`attach`,`view`,`comment`,`extend`,`level`,`create_time`,`update_time`,`status` FROM `ss_document` WHERE `status` = 1 AND `pid` = 0 AND `category_id` IN ('1','2') AND `create_time` < 1484635047 AND ( deadline = 0 OR deadline > 1484635047 ) ORDER BY `level` DESC,`id` DESC LIMIT 0,10   [ RunTime:0.0003s ]
INFO: Run Behavior\ParseTemplateBehavior [ RunTime:0.004594s ]
INFO: [ view_parse ] --END-- [ RunTime:0.002550s ]
INFO: [ view_filter ] --START--
INFO: Run Behavior\WriteHtmlCacheBehavior [ RunTime:0.000009s ]
INFO: [ view_filter ] --END-- [ RunTime:-0.001956s ]
INFO: [ app_end ] --START--
INFO: Run Behavior\ShowPageTraceBehavior [ RunTime:0.000342s ]
INFO: [ app_end ] --END-- [ RunTime:0.000399s ]

[ 2017-01-17T14:37:40+08:00 ] 140.205.201.37 /
INFO: [ app_init ] --START--
INFO: Run Behavior\BuildLiteBehavior [ RunTime:0.000014s ]
INFO: Run Common\Behavior\InitHookBehavior [ RunTime:0.000823s ]
INFO: [ app_init ] --END-- [ RunTime:0.001123s ]
INFO: [ app_begin ] --START--
INFO: Run Behavior\ReadHtmlCacheBehavior [ RunTime:0.000321s ]
INFO: [ app_begin ] --END-- [ RunTime:0.000369s ]
SQL: SHOW COLUMNS FROM `ss_config` [ RunTime:0.0008s ]
SQL: SELECT `type`,`name`,`value` FROM `ss_config` WHERE `status` = 1  [ RunTime:0.0001s ]
SQL: SHOW COLUMNS FROM `ss_category` [ RunTime:0.0006s ]
SQL: SELECT `id`,`name`,`title`,`pid`,`sort`,`list_row`,`meta_title`,`keywords`,`description`,`template_index`,`template_lists`,`template_detail`,`template_edit`,`model`,`model_sub`,`type`,`link_id`,`allow_publish`,`display`,`reply`,`check`,`reply_model`,`extend`,`create_time`,`update_time`,`status`,`icon`,`groups` FROM `ss_category` WHERE `status` = 1 ORDER BY sort  [ RunTime:0.0001s ]
SQL: SHOW COLUMNS FROM `ss_document` [ RunTime:0.0005s ]
SQL: SELECT `id`,`uid`,`name`,`title`,`category_id`,`group_id`,`description`,`root`,`pid`,`model_id`,`type`,`position`,`link_id`,`cover_id`,`display`,`deadline`,`attach`,`view`,`comment`,`extend`,`level`,`create_time`,`update_time`,`status` FROM `ss_document` WHERE `status` = 1 AND `pid` = 0 AND `create_time` < 1484635060 AND ( deadline = 0 OR deadline > 1484635060 ) ORDER BY `id` DESC  [ RunTime:0.0003s ]
INFO: [ view_parse ] --START--
INFO: [ template_filter ] --START--
INFO: Run Behavior\ContentReplaceBehavior [ RunTime:0.000079s ]
INFO: [ template_filter ] --END-- [ RunTime:0.000128s ]
SQL: SHOW COLUMNS FROM `ss_channel` [ RunTime:0.0006s ]
SQL: SELECT `id`,`pid`,`title`,`url`,`sort`,`create_time`,`update_time`,`status`,`target` FROM `ss_channel` WHERE ( status=1 ) ORDER BY sort  [ RunTime:0.0002s ]
SQL: SELECT `id`,`name`,`title`,`pid`,`sort`,`list_row`,`meta_title`,`keywords`,`description`,`template_index`,`template_lists`,`template_detail`,`template_edit`,`model`,`model_sub`,`type`,`link_id`,`allow_publish`,`display`,`reply`,`check`,`reply_model`,`extend`,`create_time`,`update_time`,`status`,`icon`,`groups` FROM `ss_category` WHERE `id` = 1 LIMIT 1   [ RunTime:0.0001s ]
SQL: SELECT `id`,`name`,`pid`,`title`,`link_id` FROM `ss_category` WHERE `status` = 1 ORDER BY sort  [ RunTime:0.0001s ]
INFO: [ view_parse ] --START--
INFO: [ template_filter ] --START--
INFO: Run Behavior\ContentReplaceBehavior [ RunTime:0.000032s ]
INFO: [ template_filter ] --END-- [ RunTime:-0.005047s ]
INFO: Run Behavior\ParseTemplateBehavior [ RunTime:0.002238s ]
INFO: [ view_parse ] --END-- [ RunTime:0.002279s ]
INFO: [ view_filter ] --START--
INFO: Run Behavior\WriteHtmlCacheBehavior [ RunTime:0.000099s ]
INFO: [ view_filter ] --END-- [ RunTime:0.000138s ]
SQL: SELECT `id`,`name`,`title`,`pid`,`sort`,`list_row`,`meta_title`,`keywords`,`description`,`template_index`,`template_lists`,`template_detail`,`template_edit`,`model`,`model_sub`,`type`,`link_id`,`allow_publish`,`display`,`reply`,`check`,`reply_model`,`extend`,`create_time`,`update_time`,`status`,`icon`,`groups` FROM `ss_category` WHERE `id` = 1 LIMIT 1   [ RunTime:0.0001s ]
SQL: SELECT `id`,`name`,`pid`,`title`,`link_id` FROM `ss_category` WHERE `status` = 1 ORDER BY sort  [ RunTime:0.0001s ]
SQL: SELECT `id`,`uid`,`name`,`title`,`category_id`,`group_id`,`description`,`root`,`pid`,`model_id`,`type`,`position`,`link_id`,`cover_id`,`display`,`deadline`,`attach`,`view`,`comment`,`extend`,`level`,`create_time`,`update_time`,`status` FROM `ss_document` WHERE `status` = 1 AND `pid` = 0 AND `category_id` IN ('1','2') AND `create_time` < 1484635060 AND ( deadline = 0 OR deadline > 1484635060 ) ORDER BY `level` DESC,`id` DESC LIMIT 0,10   [ RunTime:0.0003s ]
INFO: Run Behavior\ParseTemplateBehavior [ RunTime:0.004059s ]
INFO: [ view_parse ] --END-- [ RunTime:0.002279s ]
INFO: [ view_filter ] --START--
INFO: Run Behavior\WriteHtmlCacheBehavior [ RunTime:0.000009s ]
INFO: [ view_filter ] --END-- [ RunTime:-0.001693s ]
INFO: [ app_end ] --START--
INFO: Run Behavior\ShowPageTraceBehavior [ RunTime:0.000295s ]
INFO: [ app_end ] --END-- [ RunTime:0.000338s ]

