[ 2017-03-04T04:29:55+08:00 ] 140.205.201.16 /
INFO: [ app_init ] --START--
INFO: Run Behavior\BuildLiteBehavior [ RunTime:0.000014s ]
INFO: Run Common\Behavior\InitHookBehavior [ RunTime:0.000879s ]
INFO: [ app_init ] --END-- [ RunTime:0.001177s ]
INFO: [ app_begin ] --START--
INFO: Run Behavior\ReadHtmlCacheBehavior [ RunTime:0.000318s ]
INFO: [ app_begin ] --END-- [ RunTime:0.000366s ]
SQL: SHOW COLUMNS FROM `ss_config` [ RunTime:0.0007s ]
SQL: SELECT `type`,`name`,`value` FROM `ss_config` WHERE `status` = 1  [ RunTime:0.0001s ]

[ 2017-03-04T04:29:55+08:00 ] 140.205.201.16 /index.php?s=/Home/User/login.html
INFO: [ app_init ] --START--
INFO: Run Behavior\BuildLiteBehavior [ RunTime:0.000013s ]
INFO: Run Common\Behavior\InitHookBehavior [ RunTime:0.000937s ]
INFO: [ app_init ] --END-- [ RunTime:0.001201s ]
INFO: [ app_begin ] --START--
INFO: Run Behavior\ReadHtmlCacheBehavior [ RunTime:0.000330s ]
INFO: [ app_begin ] --END-- [ RunTime:0.000379s ]
SQL: SHOW COLUMNS FROM `ss_config` [ RunTime:0.0008s ]
SQL: SELECT `type`,`name`,`value` FROM `ss_config` WHERE `status` = 1  [ RunTime:0.0002s ]
INFO: [ view_parse ] --START--
INFO: [ template_filter ] --START--
INFO: Run Behavior\ContentReplaceBehavior [ RunTime:0.000080s ]
INFO: [ template_filter ] --END-- [ RunTime:0.000141s ]
SQL: SHOW COLUMNS FROM `ss_channel` [ RunTime:0.0009s ]
SQL: SELECT `id`,`pid`,`title`,`url`,`sort`,`create_time`,`update_time`,`status`,`target` FROM `ss_channel` WHERE ( status=1 ) ORDER BY sort  [ RunTime:0.0001s ]
INFO: Run Behavior\ParseTemplateBehavior [ RunTime:0.013170s ]
INFO: [ view_parse ] --END-- [ RunTime:0.013245s ]
INFO: [ view_filter ] --START--
INFO: Run Behavior\WriteHtmlCacheBehavior [ RunTime:0.000136s ]
INFO: [ view_filter ] --END-- [ RunTime:0.000193s ]
INFO: [ app_end ] --START--
INFO: Run Behavior\ShowPageTraceBehavior [ RunTime:0.000322s ]
INFO: [ app_end ] --END-- [ RunTime:0.000394s ]

[ 2017-03-04T04:29:55+08:00 ] 140.205.201.16 /index.php?s=/Home/User/verify.html
INFO: [ app_init ] --START--
INFO: Run Behavior\BuildLiteBehavior [ RunTime:0.000015s ]
INFO: Run Common\Behavior\InitHookBehavior [ RunTime:0.000856s ]
INFO: [ app_init ] --END-- [ RunTime:0.001142s ]
INFO: [ app_begin ] --START--
INFO: Run Behavior\ReadHtmlCacheBehavior [ RunTime:0.000284s ]
INFO: [ app_begin ] --END-- [ RunTime:0.000332s ]
SQL: SHOW COLUMNS FROM `ss_config` [ RunTime:0.0008s ]
SQL: SELECT `type`,`name`,`value` FROM `ss_config` WHERE `status` = 1  [ RunTime:0.0001s ]
INFO: [ app_end ] --START--
INFO: Run Behavior\ShowPageTraceBehavior [ RunTime:0.000484s ]
INFO: [ app_end ] --END-- [ RunTime:0.000609s ]

[ 2017-03-04T04:43:40+08:00 ] 42.156.251.208 /
INFO: [ app_init ] --START--
INFO: Run Behavior\BuildLiteBehavior [ RunTime:0.000014s ]
INFO: Run Common\Behavior\InitHookBehavior [ RunTime:0.000954s ]
INFO: [ app_init ] --END-- [ RunTime:0.001300s ]
INFO: [ app_begin ] --START--
INFO: Run Behavior\ReadHtmlCacheBehavior [ RunTime:0.000301s ]
INFO: [ app_begin ] --END-- [ RunTime:0.000349s ]
SQL: SHOW COLUMNS FROM `ss_config` [ RunTime:0.0007s ]
SQL: SELECT `type`,`name`,`value` FROM `ss_config` WHERE `status` = 1  [ RunTime:0.0002s ]

[ 2017-03-04T04:43:40+08:00 ] 42.156.251.208 /
INFO: [ app_init ] --START--
INFO: Run Behavior\BuildLiteBehavior [ RunTime:0.000013s ]
INFO: Run Common\Behavior\InitHookBehavior [ RunTime:0.000908s ]
INFO: [ app_init ] --END-- [ RunTime:0.001178s ]
INFO: [ app_begin ] --START--
INFO: Run Behavior\ReadHtmlCacheBehavior [ RunTime:0.000282s ]
INFO: [ app_begin ] --END-- [ RunTime:0.000341s ]
SQL: SHOW COLUMNS FROM `ss_config` [ RunTime:0.0007s ]
SQL: SELECT `type`,`name`,`value` FROM `ss_config` WHERE `status` = 1  [ RunTime:0.0002s ]

[ 2017-03-04T04:43:40+08:00 ] 42.156.251.208 /index.php?s=/Home/User/login.html
INFO: [ app_init ] --START--
INFO: Run Behavior\BuildLiteBehavior [ RunTime:0.000012s ]
INFO: Run Common\Behavior\InitHookBehavior [ RunTime:0.000880s ]
INFO: [ app_init ] --END-- [ RunTime:0.001132s ]
INFO: [ app_begin ] --START--
INFO: Run Behavior\ReadHtmlCacheBehavior [ RunTime:0.000277s ]
INFO: [ app_begin ] --END-- [ RunTime:0.000324s ]
SQL: SHOW COLUMNS FROM `ss_config` [ RunTime:0.0007s ]
SQL: SELECT `type`,`name`,`value` FROM `ss_config` WHERE `status` = 1  [ RunTime:0.0002s ]
INFO: [ view_parse ] --START--
INFO: [ template_filter ] --START--
INFO: Run Behavior\ContentReplaceBehavior [ RunTime:0.000077s ]
INFO: [ template_filter ] --END-- [ RunTime:0.000139s ]
SQL: SHOW COLUMNS FROM `ss_channel` [ RunTime:0.0005s ]
SQL: SELECT `id`,`pid`,`title`,`url`,`sort`,`create_time`,`update_time`,`status`,`target` FROM `ss_channel` WHERE ( status=1 ) ORDER BY sort  [ RunTime:0.0001s ]
INFO: Run Behavior\ParseTemplateBehavior [ RunTime:0.011290s ]
INFO: [ view_parse ] --END-- [ RunTime:0.011336s ]
INFO: [ view_filter ] --START--
INFO: Run Behavior\WriteHtmlCacheBehavior [ RunTime:0.000163s ]
INFO: [ view_filter ] --END-- [ RunTime:0.000217s ]
INFO: [ app_end ] --START--
INFO: Run Behavior\ShowPageTraceBehavior [ RunTime:0.000287s ]
INFO: [ app_end ] --END-- [ RunTime:0.000334s ]

