[ 2017-02-14T15:38:18+08:00 ] 140.205.201.32 /
INFO: [ app_init ] --START--
INFO: Run Behavior\BuildLiteBehavior [ RunTime:0.000021s ]
INFO: Run Common\Behavior\InitHookBehavior [ RunTime:0.000901s ]
INFO: [ app_init ] --END-- [ RunTime:0.001002s ]
INFO: [ app_begin ] --START--
INFO: Run Behavior\ReadHtmlCacheBehavior [ RunTime:0.000284s ]
INFO: [ app_begin ] --END-- [ RunTime:0.000342s ]
SQL: SHOW COLUMNS FROM `ss_config` [ RunTime:0.0008s ]
SQL: SELECT `type`,`name`,`value` FROM `ss_config` WHERE `status` = 1  [ RunTime:0.0002s ]
SQL: SHOW COLUMNS FROM `ss_category` [ RunTime:0.0008s ]
SQL: SELECT `id`,`name`,`title`,`pid`,`sort`,`list_row`,`meta_title`,`keywords`,`description`,`template_index`,`template_lists`,`template_detail`,`template_edit`,`model`,`model_sub`,`type`,`link_id`,`allow_publish`,`display`,`reply`,`check`,`reply_model`,`extend`,`create_time`,`update_time`,`status`,`icon`,`groups` FROM `ss_category` WHERE `status` = 1 ORDER BY sort  [ RunTime:0.0002s ]
SQL: SHOW COLUMNS FROM `ss_document` [ RunTime:0.0006s ]
SQL: SELECT `id`,`uid`,`name`,`title`,`category_id`,`group_id`,`description`,`root`,`pid`,`model_id`,`type`,`position`,`link_id`,`cover_id`,`display`,`deadline`,`attach`,`view`,`comment`,`extend`,`level`,`create_time`,`update_time`,`status` FROM `ss_document` WHERE `status` = 1 AND `pid` = 0 AND `create_time` < 1487057898 AND ( deadline = 0 OR deadline > 1487057898 ) ORDER BY `id` DESC  [ RunTime:0.0004s ]
INFO: [ view_parse ] --START--
INFO: [ template_filter ] --START--
INFO: Run Behavior\ContentReplaceBehavior [ RunTime:0.000080s ]
INFO: [ template_filter ] --END-- [ RunTime:0.000129s ]
SQL: SHOW COLUMNS FROM `ss_channel` [ RunTime:0.0005s ]
SQL: SELECT `id`,`pid`,`title`,`url`,`sort`,`create_time`,`update_time`,`status`,`target` FROM `ss_channel` WHERE ( status=1 ) ORDER BY sort  [ RunTime:0.0001s ]
SQL: SELECT `id`,`name`,`title`,`pid`,`sort`,`list_row`,`meta_title`,`keywords`,`description`,`template_index`,`template_lists`,`template_detail`,`template_edit`,`model`,`model_sub`,`type`,`link_id`,`allow_publish`,`display`,`reply`,`check`,`reply_model`,`extend`,`create_time`,`update_time`,`status`,`icon`,`groups` FROM `ss_category` WHERE `id` = 1 LIMIT 1   [ RunTime:0.0001s ]
SQL: SELECT `id`,`name`,`pid`,`title`,`link_id` FROM `ss_category` WHERE `status` = 1 ORDER BY sort  [ RunTime:0.0002s ]
INFO: [ view_parse ] --START--
INFO: [ template_filter ] --START--
INFO: Run Behavior\ContentReplaceBehavior [ RunTime:0.000034s ]
INFO: [ template_filter ] --END-- [ RunTime:-0.005684s ]
INFO: Run Behavior\ParseTemplateBehavior [ RunTime:0.002517s ]
INFO: [ view_parse ] --END-- [ RunTime:0.002560s ]
INFO: [ view_filter ] --START--
INFO: Run Behavior\WriteHtmlCacheBehavior [ RunTime:0.000108s ]
INFO: [ view_filter ] --END-- [ RunTime:0.000158s ]
SQL: SELECT `id`,`name`,`title`,`pid`,`sort`,`list_row`,`meta_title`,`keywords`,`description`,`template_index`,`template_lists`,`template_detail`,`template_edit`,`model`,`model_sub`,`type`,`link_id`,`allow_publish`,`display`,`reply`,`check`,`reply_model`,`extend`,`create_time`,`update_time`,`status`,`icon`,`groups` FROM `ss_category` WHERE `id` = 1 LIMIT 1   [ RunTime:0.0002s ]
SQL: SELECT `id`,`name`,`pid`,`title`,`link_id` FROM `ss_category` WHERE `status` = 1 ORDER BY sort  [ RunTime:0.0001s ]
SQL: SELECT `id`,`uid`,`name`,`title`,`category_id`,`group_id`,`description`,`root`,`pid`,`model_id`,`type`,`position`,`link_id`,`cover_id`,`display`,`deadline`,`attach`,`view`,`comment`,`extend`,`level`,`create_time`,`update_time`,`status` FROM `ss_document` WHERE `status` = 1 AND `pid` = 0 AND `category_id` IN ('1','2') AND `create_time` < 1487057898 AND ( deadline = 0 OR deadline > 1487057898 ) ORDER BY `level` DESC,`id` DESC LIMIT 0,10   [ RunTime:0.0004s ]
INFO: Run Behavior\ParseTemplateBehavior [ RunTime:0.004590s ]
INFO: [ view_parse ] --END-- [ RunTime:0.002560s ]
INFO: [ view_filter ] --START--
INFO: Run Behavior\WriteHtmlCacheBehavior [ RunTime:0.000009s ]
INFO: [ view_filter ] --END-- [ RunTime:-0.001912s ]
INFO: [ app_end ] --START--
INFO: Run Behavior\ShowPageTraceBehavior [ RunTime:0.000362s ]
INFO: [ app_end ] --END-- [ RunTime:0.000404s ]

[ 2017-02-14T15:39:04+08:00 ] 140.205.201.32 /
INFO: [ app_init ] --START--
INFO: Run Behavior\BuildLiteBehavior [ RunTime:0.000013s ]
INFO: Run Common\Behavior\InitHookBehavior [ RunTime:0.000833s ]
INFO: [ app_init ] --END-- [ RunTime:0.000925s ]
INFO: [ app_begin ] --START--
INFO: Run Behavior\ReadHtmlCacheBehavior [ RunTime:0.000279s ]
INFO: [ app_begin ] --END-- [ RunTime:0.000326s ]
SQL: SHOW COLUMNS FROM `ss_config` [ RunTime:0.0026s ]
SQL: SELECT `type`,`name`,`value` FROM `ss_config` WHERE `status` = 1  [ RunTime:0.0002s ]
SQL: SHOW COLUMNS FROM `ss_category` [ RunTime:0.0006s ]
SQL: SELECT `id`,`name`,`title`,`pid`,`sort`,`list_row`,`meta_title`,`keywords`,`description`,`template_index`,`template_lists`,`template_detail`,`template_edit`,`model`,`model_sub`,`type`,`link_id`,`allow_publish`,`display`,`reply`,`check`,`reply_model`,`extend`,`create_time`,`update_time`,`status`,`icon`,`groups` FROM `ss_category` WHERE `status` = 1 ORDER BY sort  [ RunTime:0.0002s ]
SQL: SHOW COLUMNS FROM `ss_document` [ RunTime:0.0006s ]
SQL: SELECT `id`,`uid`,`name`,`title`,`category_id`,`group_id`,`description`,`root`,`pid`,`model_id`,`type`,`position`,`link_id`,`cover_id`,`display`,`deadline`,`attach`,`view`,`comment`,`extend`,`level`,`create_time`,`update_time`,`status` FROM `ss_document` WHERE `status` = 1 AND `pid` = 0 AND `create_time` < 1487057944 AND ( deadline = 0 OR deadline > 1487057944 ) ORDER BY `id` DESC  [ RunTime:0.0005s ]
INFO: [ view_parse ] --START--
INFO: [ template_filter ] --START--
INFO: Run Behavior\ContentReplaceBehavior [ RunTime:0.000078s ]
INFO: [ template_filter ] --END-- [ RunTime:0.000128s ]
SQL: SHOW COLUMNS FROM `ss_channel` [ RunTime:0.0007s ]
SQL: SELECT `id`,`pid`,`title`,`url`,`sort`,`create_time`,`update_time`,`status`,`target` FROM `ss_channel` WHERE ( status=1 ) ORDER BY sort  [ RunTime:0.0002s ]
SQL: SELECT `id`,`name`,`title`,`pid`,`sort`,`list_row`,`meta_title`,`keywords`,`description`,`template_index`,`template_lists`,`template_detail`,`template_edit`,`model`,`model_sub`,`type`,`link_id`,`allow_publish`,`display`,`reply`,`check`,`reply_model`,`extend`,`create_time`,`update_time`,`status`,`icon`,`groups` FROM `ss_category` WHERE `id` = 1 LIMIT 1   [ RunTime:0.0002s ]
SQL: SELECT `id`,`name`,`pid`,`title`,`link_id` FROM `ss_category` WHERE `status` = 1 ORDER BY sort  [ RunTime:0.0001s ]
INFO: [ view_parse ] --START--
INFO: [ template_filter ] --START--
INFO: Run Behavior\ContentReplaceBehavior [ RunTime:0.000034s ]
INFO: [ template_filter ] --END-- [ RunTime:-0.005390s ]
INFO: Run Behavior\ParseTemplateBehavior [ RunTime:0.002403s ]
INFO: [ view_parse ] --END-- [ RunTime:0.002457s ]
INFO: [ view_filter ] --START--
INFO: Run Behavior\WriteHtmlCacheBehavior [ RunTime:0.000102s ]
INFO: [ view_filter ] --END-- [ RunTime:0.000142s ]
SQL: SELECT `id`,`name`,`title`,`pid`,`sort`,`list_row`,`meta_title`,`keywords`,`description`,`template_index`,`template_lists`,`template_detail`,`template_edit`,`model`,`model_sub`,`type`,`link_id`,`allow_publish`,`display`,`reply`,`check`,`reply_model`,`extend`,`create_time`,`update_time`,`status`,`icon`,`groups` FROM `ss_category` WHERE `id` = 1 LIMIT 1   [ RunTime:0.0002s ]
SQL: SELECT `id`,`name`,`pid`,`title`,`link_id` FROM `ss_category` WHERE `status` = 1 ORDER BY sort  [ RunTime:0.0001s ]
SQL: SELECT `id`,`uid`,`name`,`title`,`category_id`,`group_id`,`description`,`root`,`pid`,`model_id`,`type`,`position`,`link_id`,`cover_id`,`display`,`deadline`,`attach`,`view`,`comment`,`extend`,`level`,`create_time`,`update_time`,`status` FROM `ss_document` WHERE `status` = 1 AND `pid` = 0 AND `category_id` IN ('1','2') AND `create_time` < 1487057944 AND ( deadline = 0 OR deadline > 1487057944 ) ORDER BY `level` DESC,`id` DESC LIMIT 0,10   [ RunTime:0.0003s ]
INFO: Run Behavior\ParseTemplateBehavior [ RunTime:0.004361s ]
INFO: [ view_parse ] --END-- [ RunTime:0.002457s ]
INFO: [ view_filter ] --START--
INFO: Run Behavior\WriteHtmlCacheBehavior [ RunTime:0.000009s ]
INFO: [ view_filter ] --END-- [ RunTime:-0.001789s ]
INFO: [ app_end ] --START--
INFO: Run Behavior\ShowPageTraceBehavior [ RunTime:0.000312s ]
INFO: [ app_end ] --END-- [ RunTime:0.000356s ]

[ 2017-02-14T15:39:16+08:00 ] 140.205.201.32 /
INFO: [ app_init ] --START--
INFO: Run Behavior\BuildLiteBehavior [ RunTime:0.000014s ]
INFO: Run Common\Behavior\InitHookBehavior [ RunTime:0.001044s ]
INFO: [ app_init ] --END-- [ RunTime:0.001139s ]
INFO: [ app_begin ] --START--
INFO: Run Behavior\ReadHtmlCacheBehavior [ RunTime:0.000344s ]
INFO: [ app_begin ] --END-- [ RunTime:0.000392s ]
SQL: SHOW COLUMNS FROM `ss_config` [ RunTime:0.0007s ]
SQL: SELECT `type`,`name`,`value` FROM `ss_config` WHERE `status` = 1  [ RunTime:0.0002s ]
SQL: SHOW COLUMNS FROM `ss_category` [ RunTime:0.0007s ]
SQL: SELECT `id`,`name`,`title`,`pid`,`sort`,`list_row`,`meta_title`,`keywords`,`description`,`template_index`,`template_lists`,`template_detail`,`template_edit`,`model`,`model_sub`,`type`,`link_id`,`allow_publish`,`display`,`reply`,`check`,`reply_model`,`extend`,`create_time`,`update_time`,`status`,`icon`,`groups` FROM `ss_category` WHERE `status` = 1 ORDER BY sort  [ RunTime:0.0002s ]
SQL: SHOW COLUMNS FROM `ss_document` [ RunTime:0.0005s ]
SQL: SELECT `id`,`uid`,`name`,`title`,`category_id`,`group_id`,`description`,`root`,`pid`,`model_id`,`type`,`position`,`link_id`,`cover_id`,`display`,`deadline`,`attach`,`view`,`comment`,`extend`,`level`,`create_time`,`update_time`,`status` FROM `ss_document` WHERE `status` = 1 AND `pid` = 0 AND `create_time` < 1487057956 AND ( deadline = 0 OR deadline > 1487057956 ) ORDER BY `id` DESC  [ RunTime:0.0003s ]
INFO: [ view_parse ] --START--
INFO: [ template_filter ] --START--
INFO: Run Behavior\ContentReplaceBehavior [ RunTime:0.000079s ]
INFO: [ template_filter ] --END-- [ RunTime:0.000132s ]
SQL: SHOW COLUMNS FROM `ss_channel` [ RunTime:0.0006s ]
SQL: SELECT `id`,`pid`,`title`,`url`,`sort`,`create_time`,`update_time`,`status`,`target` FROM `ss_channel` WHERE ( status=1 ) ORDER BY sort  [ RunTime:0.0001s ]
SQL: SELECT `id`,`name`,`title`,`pid`,`sort`,`list_row`,`meta_title`,`keywords`,`description`,`template_index`,`template_lists`,`template_detail`,`template_edit`,`model`,`model_sub`,`type`,`link_id`,`allow_publish`,`display`,`reply`,`check`,`reply_model`,`extend`,`create_time`,`update_time`,`status`,`icon`,`groups` FROM `ss_category` WHERE `id` = 1 LIMIT 1   [ RunTime:0.0001s ]
SQL: SELECT `id`,`name`,`pid`,`title`,`link_id` FROM `ss_category` WHERE `status` = 1 ORDER BY sort  [ RunTime:0.0001s ]
INFO: [ view_parse ] --START--
INFO: [ template_filter ] --START--
INFO: Run Behavior\ContentReplaceBehavior [ RunTime:0.000034s ]
INFO: [ template_filter ] --END-- [ RunTime:-0.005186s ]
INFO: Run Behavior\ParseTemplateBehavior [ RunTime:0.002445s ]
INFO: [ view_parse ] --END-- [ RunTime:0.002489s ]
INFO: [ view_filter ] --START--
INFO: Run Behavior\WriteHtmlCacheBehavior [ RunTime:0.000100s ]
INFO: [ view_filter ] --END-- [ RunTime:0.000139s ]
SQL: SELECT `id`,`name`,`title`,`pid`,`sort`,`list_row`,`meta_title`,`keywords`,`description`,`template_index`,`template_lists`,`template_detail`,`template_edit`,`model`,`model_sub`,`type`,`link_id`,`allow_publish`,`display`,`reply`,`check`,`reply_model`,`extend`,`create_time`,`update_time`,`status`,`icon`,`groups` FROM `ss_category` WHERE `id` = 1 LIMIT 1   [ RunTime:0.0001s ]
SQL: SELECT `id`,`name`,`pid`,`title`,`link_id` FROM `ss_category` WHERE `status` = 1 ORDER BY sort  [ RunTime:0.0001s ]
SQL: SELECT `id`,`uid`,`name`,`title`,`category_id`,`group_id`,`description`,`root`,`pid`,`model_id`,`type`,`position`,`link_id`,`cover_id`,`display`,`deadline`,`attach`,`view`,`comment`,`extend`,`level`,`create_time`,`update_time`,`status` FROM `ss_document` WHERE `status` = 1 AND `pid` = 0 AND `category_id` IN ('1','2') AND `create_time` < 1487057956 AND ( deadline = 0 OR deadline > 1487057956 ) ORDER BY `level` DESC,`id` DESC LIMIT 0,10   [ RunTime:0.0003s ]
INFO: Run Behavior\ParseTemplateBehavior [ RunTime:0.004369s ]
INFO: [ view_parse ] --END-- [ RunTime:0.002489s ]
INFO: [ view_filter ] --START--
INFO: Run Behavior\WriteHtmlCacheBehavior [ RunTime:0.000009s ]
INFO: [ view_filter ] --END-- [ RunTime:-0.001783s ]
INFO: [ app_end ] --START--
INFO: Run Behavior\ShowPageTraceBehavior [ RunTime:0.000306s ]
INFO: [ app_end ] --END-- [ RunTime:0.000349s ]

[ 2017-02-14T15:39:36+08:00 ] 140.205.201.32 /
INFO: [ app_init ] --START--
INFO: Run Behavior\BuildLiteBehavior [ RunTime:0.000012s ]
INFO: Run Common\Behavior\InitHookBehavior [ RunTime:0.000845s ]
INFO: [ app_init ] --END-- [ RunTime:0.000938s ]
INFO: [ app_begin ] --START--
INFO: Run Behavior\ReadHtmlCacheBehavior [ RunTime:0.000275s ]
INFO: [ app_begin ] --END-- [ RunTime:0.000322s ]
SQL: SHOW COLUMNS FROM `ss_config` [ RunTime:0.0008s ]
SQL: SELECT `type`,`name`,`value` FROM `ss_config` WHERE `status` = 1  [ RunTime:0.0001s ]
SQL: SHOW COLUMNS FROM `ss_category` [ RunTime:0.0006s ]
SQL: SELECT `id`,`name`,`title`,`pid`,`sort`,`list_row`,`meta_title`,`keywords`,`description`,`template_index`,`template_lists`,`template_detail`,`template_edit`,`model`,`model_sub`,`type`,`link_id`,`allow_publish`,`display`,`reply`,`check`,`reply_model`,`extend`,`create_time`,`update_time`,`status`,`icon`,`groups` FROM `ss_category` WHERE `status` = 1 ORDER BY sort  [ RunTime:0.0001s ]
SQL: SHOW COLUMNS FROM `ss_document` [ RunTime:0.0005s ]
SQL: SELECT `id`,`uid`,`name`,`title`,`category_id`,`group_id`,`description`,`root`,`pid`,`model_id`,`type`,`position`,`link_id`,`cover_id`,`display`,`deadline`,`attach`,`view`,`comment`,`extend`,`level`,`create_time`,`update_time`,`status` FROM `ss_document` WHERE `status` = 1 AND `pid` = 0 AND `create_time` < 1487057976 AND ( deadline = 0 OR deadline > 1487057976 ) ORDER BY `id` DESC  [ RunTime:0.0003s ]
INFO: [ view_parse ] --START--
INFO: [ template_filter ] --START--
INFO: Run Behavior\ContentReplaceBehavior [ RunTime:0.000112s ]
INFO: [ template_filter ] --END-- [ RunTime:0.000203s ]
SQL: SHOW COLUMNS FROM `ss_channel` [ RunTime:0.0007s ]
SQL: SELECT `id`,`pid`,`title`,`url`,`sort`,`create_time`,`update_time`,`status`,`target` FROM `ss_channel` WHERE ( status=1 ) ORDER BY sort  [ RunTime:0.0001s ]
SQL: SELECT `id`,`name`,`title`,`pid`,`sort`,`list_row`,`meta_title`,`keywords`,`description`,`template_index`,`template_lists`,`template_detail`,`template_edit`,`model`,`model_sub`,`type`,`link_id`,`allow_publish`,`display`,`reply`,`check`,`reply_model`,`extend`,`create_time`,`update_time`,`status`,`icon`,`groups` FROM `ss_category` WHERE `id` = 1 LIMIT 1   [ RunTime:0.0001s ]
SQL: SELECT `id`,`name`,`pid`,`title`,`link_id` FROM `ss_category` WHERE `status` = 1 ORDER BY sort  [ RunTime:0.0001s ]
INFO: [ view_parse ] --START--
INFO: [ template_filter ] --START--
INFO: Run Behavior\ContentReplaceBehavior [ RunTime:0.000052s ]
INFO: [ template_filter ] --END-- [ RunTime:-0.005621s ]
INFO: Run Behavior\ParseTemplateBehavior [ RunTime:0.002545s ]
INFO: [ view_parse ] --END-- [ RunTime:0.002589s ]
INFO: [ view_filter ] --START--
INFO: Run Behavior\WriteHtmlCacheBehavior [ RunTime:0.000101s ]
INFO: [ view_filter ] --END-- [ RunTime:0.000138s ]
SQL: SELECT `id`,`name`,`title`,`pid`,`sort`,`list_row`,`meta_title`,`keywords`,`description`,`template_index`,`template_lists`,`template_detail`,`template_edit`,`model`,`model_sub`,`type`,`link_id`,`allow_publish`,`display`,`reply`,`check`,`reply_model`,`extend`,`create_time`,`update_time`,`status`,`icon`,`groups` FROM `ss_category` WHERE `id` = 1 LIMIT 1   [ RunTime:0.0002s ]
SQL: SELECT `id`,`name`,`pid`,`title`,`link_id` FROM `ss_category` WHERE `status` = 1 ORDER BY sort  [ RunTime:0.0001s ]
SQL: SELECT `id`,`uid`,`name`,`title`,`category_id`,`group_id`,`description`,`root`,`pid`,`model_id`,`type`,`position`,`link_id`,`cover_id`,`display`,`deadline`,`attach`,`view`,`comment`,`extend`,`level`,`create_time`,`update_time`,`status` FROM `ss_document` WHERE `status` = 1 AND `pid` = 0 AND `category_id` IN ('1','2') AND `create_time` < 1487057976 AND ( deadline = 0 OR deadline > 1487057976 ) ORDER BY `level` DESC,`id` DESC LIMIT 0,10   [ RunTime:0.0004s ]
INFO: Run Behavior\ParseTemplateBehavior [ RunTime:0.004578s ]
INFO: [ view_parse ] --END-- [ RunTime:0.002589s ]
INFO: [ view_filter ] --START--
INFO: Run Behavior\WriteHtmlCacheBehavior [ RunTime:0.000009s ]
INFO: [ view_filter ] --END-- [ RunTime:-0.001892s ]
INFO: [ app_end ] --START--
INFO: Run Behavior\ShowPageTraceBehavior [ RunTime:0.000351s ]
INFO: [ app_end ] --END-- [ RunTime:0.000392s ]

[ 2017-02-14T15:39:58+08:00 ] 140.205.201.32 /
INFO: [ app_init ] --START--
INFO: Run Behavior\BuildLiteBehavior [ RunTime:0.000012s ]
INFO: Run Common\Behavior\InitHookBehavior [ RunTime:0.000886s ]
INFO: [ app_init ] --END-- [ RunTime:0.000977s ]
INFO: [ app_begin ] --START--
INFO: Run Behavior\ReadHtmlCacheBehavior [ RunTime:0.000339s ]
INFO: [ app_begin ] --END-- [ RunTime:0.000393s ]
SQL: SHOW COLUMNS FROM `ss_config` [ RunTime:0.0007s ]
SQL: SELECT `type`,`name`,`value` FROM `ss_config` WHERE `status` = 1  [ RunTime:0.0002s ]
SQL: SHOW COLUMNS FROM `ss_category` [ RunTime:0.0006s ]
SQL: SELECT `id`,`name`,`title`,`pid`,`sort`,`list_row`,`meta_title`,`keywords`,`description`,`template_index`,`template_lists`,`template_detail`,`template_edit`,`model`,`model_sub`,`type`,`link_id`,`allow_publish`,`display`,`reply`,`check`,`reply_model`,`extend`,`create_time`,`update_time`,`status`,`icon`,`groups` FROM `ss_category` WHERE `status` = 1 ORDER BY sort  [ RunTime:0.0001s ]
SQL: SHOW COLUMNS FROM `ss_document` [ RunTime:0.0006s ]
SQL: SELECT `id`,`uid`,`name`,`title`,`category_id`,`group_id`,`description`,`root`,`pid`,`model_id`,`type`,`position`,`link_id`,`cover_id`,`display`,`deadline`,`attach`,`view`,`comment`,`extend`,`level`,`create_time`,`update_time`,`status` FROM `ss_document` WHERE `status` = 1 AND `pid` = 0 AND `create_time` < 1487057998 AND ( deadline = 0 OR deadline > 1487057998 ) ORDER BY `id` DESC  [ RunTime:0.0003s ]
INFO: [ view_parse ] --START--
INFO: [ template_filter ] --START--
INFO: Run Behavior\ContentReplaceBehavior [ RunTime:0.000080s ]
INFO: [ template_filter ] --END-- [ RunTime:0.000131s ]
SQL: SHOW COLUMNS FROM `ss_channel` [ RunTime:0.0005s ]
SQL: SELECT `id`,`pid`,`title`,`url`,`sort`,`create_time`,`update_time`,`status`,`target` FROM `ss_channel` WHERE ( status=1 ) ORDER BY sort  [ RunTime:0.0001s ]
SQL: SELECT `id`,`name`,`title`,`pid`,`sort`,`list_row`,`meta_title`,`keywords`,`description`,`template_index`,`template_lists`,`template_detail`,`template_edit`,`model`,`model_sub`,`type`,`link_id`,`allow_publish`,`display`,`reply`,`check`,`reply_model`,`extend`,`create_time`,`update_time`,`status`,`icon`,`groups` FROM `ss_category` WHERE `id` = 1 LIMIT 1   [ RunTime:0.0001s ]
SQL: SELECT `id`,`name`,`pid`,`title`,`link_id` FROM `ss_category` WHERE `status` = 1 ORDER BY sort  [ RunTime:0.0001s ]
INFO: [ view_parse ] --START--
INFO: [ template_filter ] --START--
INFO: Run Behavior\ContentReplaceBehavior [ RunTime:0.000036s ]
INFO: [ template_filter ] --END-- [ RunTime:-0.005330s ]
INFO: Run Behavior\ParseTemplateBehavior [ RunTime:0.002421s ]
INFO: [ view_parse ] --END-- [ RunTime:0.002465s ]
INFO: [ view_filter ] --START--
INFO: Run Behavior\WriteHtmlCacheBehavior [ RunTime:0.000103s ]
INFO: [ view_filter ] --END-- [ RunTime:0.000153s ]
SQL: SELECT `id`,`name`,`title`,`pid`,`sort`,`list_row`,`meta_title`,`keywords`,`description`,`template_index`,`template_lists`,`template_detail`,`template_edit`,`model`,`model_sub`,`type`,`link_id`,`allow_publish`,`display`,`reply`,`check`,`reply_model`,`extend`,`create_time`,`update_time`,`status`,`icon`,`groups` FROM `ss_category` WHERE `id` = 1 LIMIT 1   [ RunTime:0.0001s ]
SQL: SELECT `id`,`name`,`pid`,`title`,`link_id` FROM `ss_category` WHERE `status` = 1 ORDER BY sort  [ RunTime:0.0001s ]
SQL: SELECT `id`,`uid`,`name`,`title`,`category_id`,`group_id`,`description`,`root`,`pid`,`model_id`,`type`,`position`,`link_id`,`cover_id`,`display`,`deadline`,`attach`,`view`,`comment`,`extend`,`level`,`create_time`,`update_time`,`status` FROM `ss_document` WHERE `status` = 1 AND `pid` = 0 AND `category_id` IN ('1','2') AND `create_time` < 1487057998 AND ( deadline = 0 OR deadline > 1487057998 ) ORDER BY `level` DESC,`id` DESC LIMIT 0,10   [ RunTime:0.0003s ]
INFO: Run Behavior\ParseTemplateBehavior [ RunTime:0.004342s ]
INFO: [ view_parse ] --END-- [ RunTime:0.002465s ]
INFO: [ view_filter ] --START--
INFO: Run Behavior\WriteHtmlCacheBehavior [ RunTime:0.000009s ]
INFO: [ view_filter ] --END-- [ RunTime:-0.001765s ]
INFO: [ app_end ] --START--
INFO: Run Behavior\ShowPageTraceBehavior [ RunTime:0.000360s ]
INFO: [ app_end ] --END-- [ RunTime:0.000402s ]

[ 2017-02-14T15:40:05+08:00 ] 140.205.201.32 /index.php
INFO: [ app_init ] --START--
INFO: Run Behavior\BuildLiteBehavior [ RunTime:0.000013s ]
INFO: Run Common\Behavior\InitHookBehavior [ RunTime:0.000830s ]
INFO: [ app_init ] --END-- [ RunTime:0.000928s ]
INFO: [ app_begin ] --START--
INFO: Run Behavior\ReadHtmlCacheBehavior [ RunTime:0.000276s ]
INFO: [ app_begin ] --END-- [ RunTime:0.000323s ]
SQL: SHOW COLUMNS FROM `ss_config` [ RunTime:0.0008s ]
SQL: SELECT `type`,`name`,`value` FROM `ss_config` WHERE `status` = 1  [ RunTime:0.0001s ]
SQL: SHOW COLUMNS FROM `ss_category` [ RunTime:0.0007s ]
SQL: SELECT `id`,`name`,`title`,`pid`,`sort`,`list_row`,`meta_title`,`keywords`,`description`,`template_index`,`template_lists`,`template_detail`,`template_edit`,`model`,`model_sub`,`type`,`link_id`,`allow_publish`,`display`,`reply`,`check`,`reply_model`,`extend`,`create_time`,`update_time`,`status`,`icon`,`groups` FROM `ss_category` WHERE `status` = 1 ORDER BY sort  [ RunTime:0.0002s ]
SQL: SHOW COLUMNS FROM `ss_document` [ RunTime:0.0006s ]
SQL: SELECT `id`,`uid`,`name`,`title`,`category_id`,`group_id`,`description`,`root`,`pid`,`model_id`,`type`,`position`,`link_id`,`cover_id`,`display`,`deadline`,`attach`,`view`,`comment`,`extend`,`level`,`create_time`,`update_time`,`status` FROM `ss_document` WHERE `status` = 1 AND `pid` = 0 AND `create_time` < 1487058005 AND ( deadline = 0 OR deadline > 1487058005 ) ORDER BY `id` DESC  [ RunTime:0.0004s ]
INFO: [ view_parse ] --START--
INFO: [ template_filter ] --START--
INFO: Run Behavior\ContentReplaceBehavior [ RunTime:0.000083s ]
INFO: [ template_filter ] --END-- [ RunTime:0.000144s ]
SQL: SHOW COLUMNS FROM `ss_channel` [ RunTime:0.0007s ]
SQL: SELECT `id`,`pid`,`title`,`url`,`sort`,`create_time`,`update_time`,`status`,`target` FROM `ss_channel` WHERE ( status=1 ) ORDER BY sort  [ RunTime:0.0001s ]
SQL: SELECT `id`,`name`,`title`,`pid`,`sort`,`list_row`,`meta_title`,`keywords`,`description`,`template_index`,`template_lists`,`template_detail`,`template_edit`,`model`,`model_sub`,`type`,`link_id`,`allow_publish`,`display`,`reply`,`check`,`reply_model`,`extend`,`create_time`,`update_time`,`status`,`icon`,`groups` FROM `ss_category` WHERE `id` = 1 LIMIT 1   [ RunTime:0.0001s ]
SQL: SELECT `id`,`name`,`pid`,`title`,`link_id` FROM `ss_category` WHERE `status` = 1 ORDER BY sort  [ RunTime:0.0002s ]
INFO: [ view_parse ] --START--
INFO: [ template_filter ] --START--
INFO: Run Behavior\ContentReplaceBehavior [ RunTime:0.000038s ]
INFO: [ template_filter ] --END-- [ RunTime:-0.005706s ]
INFO: Run Behavior\ParseTemplateBehavior [ RunTime:0.002380s ]
INFO: [ view_parse ] --END-- [ RunTime:0.002425s ]
INFO: [ view_filter ] --START--
INFO: Run Behavior\WriteHtmlCacheBehavior [ RunTime:0.000103s ]
INFO: [ view_filter ] --END-- [ RunTime:0.000142s ]
SQL: SELECT `id`,`name`,`title`,`pid`,`sort`,`list_row`,`meta_title`,`keywords`,`description`,`template_index`,`template_lists`,`template_detail`,`template_edit`,`model`,`model_sub`,`type`,`link_id`,`allow_publish`,`display`,`reply`,`check`,`reply_model`,`extend`,`create_time`,`update_time`,`status`,`icon`,`groups` FROM `ss_category` WHERE `id` = 1 LIMIT 1   [ RunTime:0.0002s ]
SQL: SELECT `id`,`name`,`pid`,`title`,`link_id` FROM `ss_category` WHERE `status` = 1 ORDER BY sort  [ RunTime:0.0001s ]
SQL: SELECT `id`,`uid`,`name`,`title`,`category_id`,`group_id`,`description`,`root`,`pid`,`model_id`,`type`,`position`,`link_id`,`cover_id`,`display`,`deadline`,`attach`,`view`,`comment`,`extend`,`level`,`create_time`,`update_time`,`status` FROM `ss_document` WHERE `status` = 1 AND `pid` = 0 AND `category_id` IN ('1','2') AND `create_time` < 1487058005 AND ( deadline = 0 OR deadline > 1487058005 ) ORDER BY `level` DESC,`id` DESC LIMIT 0,10   [ RunTime:0.0004s ]
INFO: Run Behavior\ParseTemplateBehavior [ RunTime:0.004507s ]
INFO: [ view_parse ] --END-- [ RunTime:0.002425s ]
INFO: [ view_filter ] --START--
INFO: Run Behavior\WriteHtmlCacheBehavior [ RunTime:0.000009s ]
INFO: [ view_filter ] --END-- [ RunTime:-0.001986s ]
INFO: [ app_end ] --START--
INFO: Run Behavior\ShowPageTraceBehavior [ RunTime:0.000356s ]
INFO: [ app_end ] --END-- [ RunTime:0.000399s ]

[ 2017-02-14T15:40:20+08:00 ] 140.205.201.32 /
INFO: [ app_init ] --START--
INFO: Run Behavior\BuildLiteBehavior [ RunTime:0.000012s ]
INFO: Run Common\Behavior\InitHookBehavior [ RunTime:0.000911s ]
INFO: [ app_init ] --END-- [ RunTime:0.001004s ]
INFO: [ app_begin ] --START--
INFO: Run Behavior\ReadHtmlCacheBehavior [ RunTime:0.000325s ]
INFO: [ app_begin ] --END-- [ RunTime:0.000379s ]
SQL: SHOW COLUMNS FROM `ss_config` [ RunTime:0.0007s ]
SQL: SELECT `type`,`name`,`value` FROM `ss_config` WHERE `status` = 1  [ RunTime:0.0002s ]
SQL: SHOW COLUMNS FROM `ss_category` [ RunTime:0.0006s ]
SQL: SELECT `id`,`name`,`title`,`pid`,`sort`,`list_row`,`meta_title`,`keywords`,`description`,`template_index`,`template_lists`,`template_detail`,`template_edit`,`model`,`model_sub`,`type`,`link_id`,`allow_publish`,`display`,`reply`,`check`,`reply_model`,`extend`,`create_time`,`update_time`,`status`,`icon`,`groups` FROM `ss_category` WHERE `status` = 1 ORDER BY sort  [ RunTime:0.0001s ]
SQL: SHOW COLUMNS FROM `ss_document` [ RunTime:0.0006s ]
SQL: SELECT `id`,`uid`,`name`,`title`,`category_id`,`group_id`,`description`,`root`,`pid`,`model_id`,`type`,`position`,`link_id`,`cover_id`,`display`,`deadline`,`attach`,`view`,`comment`,`extend`,`level`,`create_time`,`update_time`,`status` FROM `ss_document` WHERE `status` = 1 AND `pid` = 0 AND `create_time` < 1487058020 AND ( deadline = 0 OR deadline > 1487058020 ) ORDER BY `id` DESC  [ RunTime:0.0003s ]
INFO: [ view_parse ] --START--
INFO: [ template_filter ] --START--
INFO: Run Behavior\ContentReplaceBehavior [ RunTime:0.000084s ]
INFO: [ template_filter ] --END-- [ RunTime:0.000134s ]
SQL: SHOW COLUMNS FROM `ss_channel` [ RunTime:0.0005s ]
SQL: SELECT `id`,`pid`,`title`,`url`,`sort`,`create_time`,`update_time`,`status`,`target` FROM `ss_channel` WHERE ( status=1 ) ORDER BY sort  [ RunTime:0.0001s ]
SQL: SELECT `id`,`name`,`title`,`pid`,`sort`,`list_row`,`meta_title`,`keywords`,`description`,`template_index`,`template_lists`,`template_detail`,`template_edit`,`model`,`model_sub`,`type`,`link_id`,`allow_publish`,`display`,`reply`,`check`,`reply_model`,`extend`,`create_time`,`update_time`,`status`,`icon`,`groups` FROM `ss_category` WHERE `id` = 1 LIMIT 1   [ RunTime:0.0001s ]
SQL: SELECT `id`,`name`,`pid`,`title`,`link_id` FROM `ss_category` WHERE `status` = 1 ORDER BY sort  [ RunTime:0.0001s ]
INFO: [ view_parse ] --START--
INFO: [ template_filter ] --START--
INFO: Run Behavior\ContentReplaceBehavior [ RunTime:0.000035s ]
INFO: [ template_filter ] --END-- [ RunTime:-0.005066s ]
INFO: Run Behavior\ParseTemplateBehavior [ RunTime:0.002312s ]
INFO: [ view_parse ] --END-- [ RunTime:0.002356s ]
INFO: [ view_filter ] --START--
INFO: Run Behavior\WriteHtmlCacheBehavior [ RunTime:0.000105s ]
INFO: [ view_filter ] --END-- [ RunTime:0.000144s ]
SQL: SELECT `id`,`name`,`title`,`pid`,`sort`,`list_row`,`meta_title`,`keywords`,`description`,`template_index`,`template_lists`,`template_detail`,`template_edit`,`model`,`model_sub`,`type`,`link_id`,`allow_publish`,`display`,`reply`,`check`,`reply_model`,`extend`,`create_time`,`update_time`,`status`,`icon`,`groups` FROM `ss_category` WHERE `id` = 1 LIMIT 1   [ RunTime:0.0001s ]
SQL: SELECT `id`,`name`,`pid`,`title`,`link_id` FROM `ss_category` WHERE `status` = 1 ORDER BY sort  [ RunTime:0.0001s ]
SQL: SELECT `id`,`uid`,`name`,`title`,`category_id`,`group_id`,`description`,`root`,`pid`,`model_id`,`type`,`position`,`link_id`,`cover_id`,`display`,`deadline`,`attach`,`view`,`comment`,`extend`,`level`,`create_time`,`update_time`,`status` FROM `ss_document` WHERE `status` = 1 AND `pid` = 0 AND `category_id` IN ('1','2') AND `create_time` < 1487058020 AND ( deadline = 0 OR deadline > 1487058020 ) ORDER BY `level` DESC,`id` DESC LIMIT 0,10   [ RunTime:0.0004s ]
INFO: Run Behavior\ParseTemplateBehavior [ RunTime:0.004353s ]
INFO: [ view_parse ] --END-- [ RunTime:0.002356s ]
INFO: [ view_filter ] --START--
INFO: Run Behavior\WriteHtmlCacheBehavior [ RunTime:0.000009s ]
INFO: [ view_filter ] --END-- [ RunTime:-0.001894s ]

[ 2017-02-14T15:40:21+08:00 ] 140.205.201.11 /?.tmp=t
INFO: [ app_init ] --START--
INFO: Run Behavior\BuildLiteBehavior [ RunTime:0.000017s ]
INFO: Run Common\Behavior\InitHookBehavior [ RunTime:0.000957s ]
INFO: [ app_init ] --END-- [ RunTime:0.001076s ]
INFO: [ app_begin ] --START--
INFO: Run Behavior\ReadHtmlCacheBehavior [ RunTime:0.000310s ]
INFO: [ app_begin ] --END-- [ RunTime:0.000357s ]
SQL: SHOW COLUMNS FROM `ss_config` [ RunTime:0.0007s ]
SQL: SELECT `type`,`name`,`value` FROM `ss_config` WHERE `status` = 1  [ RunTime:0.0002s ]
SQL: SHOW COLUMNS FROM `ss_category` [ RunTime:0.0007s ]
SQL: SELECT `id`,`name`,`title`,`pid`,`sort`,`list_row`,`meta_title`,`keywords`,`description`,`template_index`,`template_lists`,`template_detail`,`template_edit`,`model`,`model_sub`,`type`,`link_id`,`allow_publish`,`display`,`reply`,`check`,`reply_model`,`extend`,`create_time`,`update_time`,`status`,`icon`,`groups` FROM `ss_category` WHERE `status` = 1 ORDER BY sort  [ RunTime:0.0003s ]
SQL: SHOW COLUMNS FROM `ss_document` [ RunTime:0.0006s ]
SQL: SELECT `id`,`uid`,`name`,`title`,`category_id`,`group_id`,`description`,`root`,`pid`,`model_id`,`type`,`position`,`link_id`,`cover_id`,`display`,`deadline`,`attach`,`view`,`comment`,`extend`,`level`,`create_time`,`update_time`,`status` FROM `ss_document` WHERE `status` = 1 AND `pid` = 0 AND `create_time` < 1487058021 AND ( deadline = 0 OR deadline > 1487058021 ) ORDER BY `id` DESC  [ RunTime:0.0003s ]
INFO: [ view_parse ] --START--
INFO: [ template_filter ] --START--
INFO: Run Behavior\ContentReplaceBehavior [ RunTime:0.000110s ]
INFO: [ template_filter ] --END-- [ RunTime:0.000167s ]
SQL: SHOW COLUMNS FROM `ss_channel` [ RunTime:0.0008s ]
SQL: SELECT `id`,`pid`,`title`,`url`,`sort`,`create_time`,`update_time`,`status`,`target` FROM `ss_channel` WHERE ( status=1 ) ORDER BY sort  [ RunTime:0.0002s ]
SQL: SELECT `id`,`name`,`title`,`pid`,`sort`,`list_row`,`meta_title`,`keywords`,`description`,`template_index`,`template_lists`,`template_detail`,`template_edit`,`model`,`model_sub`,`type`,`link_id`,`allow_publish`,`display`,`reply`,`check`,`reply_model`,`extend`,`create_time`,`update_time`,`status`,`icon`,`groups` FROM `ss_category` WHERE `id` = 1 LIMIT 1   [ RunTime:0.0002s ]
SQL: SELECT `id`,`name`,`pid`,`title`,`link_id` FROM `ss_category` WHERE `status` = 1 ORDER BY sort  [ RunTime:0.0001s ]
INFO: [ view_parse ] --START--
INFO: [ template_filter ] --START--
INFO: Run Behavior\ContentReplaceBehavior [ RunTime:0.000035s ]
INFO: [ template_filter ] --END-- [ RunTime:-0.006441s ]
INFO: Run Behavior\ParseTemplateBehavior [ RunTime:0.002743s ]
INFO: [ view_parse ] --END-- [ RunTime:0.002801s ]
INFO: [ view_filter ] --START--
INFO: Run Behavior\WriteHtmlCacheBehavior [ RunTime:0.000102s ]
INFO: [ view_filter ] --END-- [ RunTime:0.000139s ]
SQL: SELECT `id`,`name`,`title`,`pid`,`sort`,`list_row`,`meta_title`,`keywords`,`description`,`template_index`,`template_lists`,`template_detail`,`template_edit`,`model`,`model_sub`,`type`,`link_id`,`allow_publish`,`display`,`reply`,`check`,`reply_model`,`extend`,`create_time`,`update_time`,`status`,`icon`,`groups` FROM `ss_category` WHERE `id` = 1 LIMIT 1   [ RunTime:0.0001s ]
SQL: SELECT `id`,`name`,`pid`,`title`,`link_id` FROM `ss_category` WHERE `status` = 1 ORDER BY sort  [ RunTime:0.0001s ]
SQL: SELECT `id`,`uid`,`name`,`title`,`category_id`,`group_id`,`description`,`root`,`pid`,`model_id`,`type`,`position`,`link_id`,`cover_id`,`display`,`deadline`,`attach`,`view`,`comment`,`extend`,`level`,`create_time`,`update_time`,`status` FROM `ss_document` WHERE `status` = 1 AND `pid` = 0 AND `category_id` IN ('1','2') AND `create_time` < 1487058021 AND ( deadline = 0 OR deadline > 1487058021 ) ORDER BY `level` DESC,`id` DESC LIMIT 0,10   [ RunTime:0.0003s ]
INFO: Run Behavior\ParseTemplateBehavior [ RunTime:0.004793s ]
INFO: [ view_parse ] --END-- [ RunTime:0.002801s ]
INFO: [ view_filter ] --START--
INFO: Run Behavior\WriteHtmlCacheBehavior [ RunTime:0.000009s ]
INFO: [ view_filter ] --END-- [ RunTime:-0.001907s ]
INFO: [ app_end ] --START--
INFO: Run Behavior\ShowPageTraceBehavior [ RunTime:0.000349s ]
INFO: [ app_end ] --END-- [ RunTime:0.000392s ]

[ 2017-02-14T15:40:37+08:00 ] 140.205.201.32 /
INFO: [ app_init ] --START--
INFO: Run Behavior\BuildLiteBehavior [ RunTime:0.000021s ]
INFO: Run Common\Behavior\InitHookBehavior [ RunTime:0.000947s ]
INFO: [ app_init ] --END-- [ RunTime:0.001087s ]
INFO: [ app_begin ] --START--
INFO: Run Behavior\ReadHtmlCacheBehavior [ RunTime:0.000277s ]
INFO: [ app_begin ] --END-- [ RunTime:0.000324s ]
SQL: SHOW COLUMNS FROM `ss_config` [ RunTime:0.0008s ]
SQL: SELECT `type`,`name`,`value` FROM `ss_config` WHERE `status` = 1  [ RunTime:0.0002s ]
SQL: SHOW COLUMNS FROM `ss_category` [ RunTime:0.0008s ]
SQL: SELECT `id`,`name`,`title`,`pid`,`sort`,`list_row`,`meta_title`,`keywords`,`description`,`template_index`,`template_lists`,`template_detail`,`template_edit`,`model`,`model_sub`,`type`,`link_id`,`allow_publish`,`display`,`reply`,`check`,`reply_model`,`extend`,`create_time`,`update_time`,`status`,`icon`,`groups` FROM `ss_category` WHERE `status` = 1 ORDER BY sort  [ RunTime:0.0002s ]
SQL: SHOW COLUMNS FROM `ss_document` [ RunTime:0.0006s ]
SQL: SELECT `id`,`uid`,`name`,`title`,`category_id`,`group_id`,`description`,`root`,`pid`,`model_id`,`type`,`position`,`link_id`,`cover_id`,`display`,`deadline`,`attach`,`view`,`comment`,`extend`,`level`,`create_time`,`update_time`,`status` FROM `ss_document` WHERE `status` = 1 AND `pid` = 0 AND `create_time` < 1487058037 AND ( deadline = 0 OR deadline > 1487058037 ) ORDER BY `id` DESC  [ RunTime:0.0003s ]
INFO: [ view_parse ] --START--
INFO: [ template_filter ] --START--
INFO: Run Behavior\ContentReplaceBehavior [ RunTime:0.000153s ]
INFO: [ template_filter ] --END-- [ RunTime:0.000212s ]
SQL: SHOW COLUMNS FROM `ss_channel` [ RunTime:0.0006s ]
SQL: SELECT `id`,`pid`,`title`,`url`,`sort`,`create_time`,`update_time`,`status`,`target` FROM `ss_channel` WHERE ( status=1 ) ORDER BY sort  [ RunTime:0.0001s ]
SQL: SELECT `id`,`name`,`title`,`pid`,`sort`,`list_row`,`meta_title`,`keywords`,`description`,`template_index`,`template_lists`,`template_detail`,`template_edit`,`model`,`model_sub`,`type`,`link_id`,`allow_publish`,`display`,`reply`,`check`,`reply_model`,`extend`,`create_time`,`update_time`,`status`,`icon`,`groups` FROM `ss_category` WHERE `id` = 1 LIMIT 1   [ RunTime:0.0001s ]
SQL: SELECT `id`,`name`,`pid`,`title`,`link_id` FROM `ss_category` WHERE `status` = 1 ORDER BY sort  [ RunTime:0.0002s ]
INFO: [ view_parse ] --START--
INFO: [ template_filter ] --START--
INFO: Run Behavior\ContentReplaceBehavior [ RunTime:0.000034s ]
INFO: [ template_filter ] --END-- [ RunTime:-0.005935s ]
INFO: Run Behavior\ParseTemplateBehavior [ RunTime:0.002541s ]
INFO: [ view_parse ] --END-- [ RunTime:0.002585s ]
INFO: [ view_filter ] --START--
INFO: Run Behavior\WriteHtmlCacheBehavior [ RunTime:0.000116s ]
INFO: [ view_filter ] --END-- [ RunTime:0.000156s ]
SQL: SELECT `id`,`name`,`title`,`pid`,`sort`,`list_row`,`meta_title`,`keywords`,`description`,`template_index`,`template_lists`,`template_detail`,`template_edit`,`model`,`model_sub`,`type`,`link_id`,`allow_publish`,`display`,`reply`,`check`,`reply_model`,`extend`,`create_time`,`update_time`,`status`,`icon`,`groups` FROM `ss_category` WHERE `id` = 1 LIMIT 1   [ RunTime:0.0002s ]
SQL: SELECT `id`,`name`,`pid`,`title`,`link_id` FROM `ss_category` WHERE `status` = 1 ORDER BY sort  [ RunTime:0.0001s ]
SQL: SELECT `id`,`uid`,`name`,`title`,`category_id`,`group_id`,`description`,`root`,`pid`,`model_id`,`type`,`position`,`link_id`,`cover_id`,`display`,`deadline`,`attach`,`view`,`comment`,`extend`,`level`,`create_time`,`update_time`,`status` FROM `ss_document` WHERE `status` = 1 AND `pid` = 0 AND `category_id` IN ('1','2') AND `create_time` < 1487058037 AND ( deadline = 0 OR deadline > 1487058037 ) ORDER BY `level` DESC,`id` DESC LIMIT 0,10   [ RunTime:0.0003s ]
INFO: Run Behavior\ParseTemplateBehavior [ RunTime:0.004804s ]
INFO: [ view_parse ] --END-- [ RunTime:0.002585s ]
INFO: [ view_filter ] --START--
INFO: Run Behavior\WriteHtmlCacheBehavior [ RunTime:0.000014s ]
INFO: [ view_filter ] --END-- [ RunTime:-0.002107s ]
INFO: [ app_end ] --START--
INFO: Run Behavior\ShowPageTraceBehavior [ RunTime:0.000320s ]
INFO: [ app_end ] --END-- [ RunTime:0.000366s ]

[ 2017-02-14T15:40:47+08:00 ] 140.205.201.32 /
INFO: [ app_init ] --START--
INFO: Run Behavior\BuildLiteBehavior [ RunTime:0.000011s ]
INFO: Run Common\Behavior\InitHookBehavior [ RunTime:0.000850s ]
INFO: [ app_init ] --END-- [ RunTime:0.000941s ]
INFO: [ app_begin ] --START--
INFO: Run Behavior\ReadHtmlCacheBehavior [ RunTime:0.000280s ]
INFO: [ app_begin ] --END-- [ RunTime:0.000353s ]
SQL: SHOW COLUMNS FROM `ss_config` [ RunTime:0.0008s ]
SQL: SELECT `type`,`name`,`value` FROM `ss_config` WHERE `status` = 1  [ RunTime:0.0002s ]
SQL: SHOW COLUMNS FROM `ss_category` [ RunTime:0.0007s ]
SQL: SELECT `id`,`name`,`title`,`pid`,`sort`,`list_row`,`meta_title`,`keywords`,`description`,`template_index`,`template_lists`,`template_detail`,`template_edit`,`model`,`model_sub`,`type`,`link_id`,`allow_publish`,`display`,`reply`,`check`,`reply_model`,`extend`,`create_time`,`update_time`,`status`,`icon`,`groups` FROM `ss_category` WHERE `status` = 1 ORDER BY sort  [ RunTime:0.0001s ]
SQL: SHOW COLUMNS FROM `ss_document` [ RunTime:0.0006s ]
SQL: SELECT `id`,`uid`,`name`,`title`,`category_id`,`group_id`,`description`,`root`,`pid`,`model_id`,`type`,`position`,`link_id`,`cover_id`,`display`,`deadline`,`attach`,`view`,`comment`,`extend`,`level`,`create_time`,`update_time`,`status` FROM `ss_document` WHERE `status` = 1 AND `pid` = 0 AND `create_time` < 1487058047 AND ( deadline = 0 OR deadline > 1487058047 ) ORDER BY `id` DESC  [ RunTime:0.0003s ]
INFO: [ view_parse ] --START--
INFO: [ template_filter ] --START--
INFO: Run Behavior\ContentReplaceBehavior [ RunTime:0.000085s ]
INFO: [ template_filter ] --END-- [ RunTime:0.000135s ]
SQL: SHOW COLUMNS FROM `ss_channel` [ RunTime:0.0005s ]
SQL: SELECT `id`,`pid`,`title`,`url`,`sort`,`create_time`,`update_time`,`status`,`target` FROM `ss_channel` WHERE ( status=1 ) ORDER BY sort  [ RunTime:0.0001s ]
SQL: SELECT `id`,`name`,`title`,`pid`,`sort`,`list_row`,`meta_title`,`keywords`,`description`,`template_index`,`template_lists`,`template_detail`,`template_edit`,`model`,`model_sub`,`type`,`link_id`,`allow_publish`,`display`,`reply`,`check`,`reply_model`,`extend`,`create_time`,`update_time`,`status`,`icon`,`groups` FROM `ss_category` WHERE `id` = 1 LIMIT 1   [ RunTime:0.0001s ]
SQL: SELECT `id`,`name`,`pid`,`title`,`link_id` FROM `ss_category` WHERE `status` = 1 ORDER BY sort  [ RunTime:0.0001s ]
INFO: [ view_parse ] --START--
INFO: [ template_filter ] --START--
INFO: Run Behavior\ContentReplaceBehavior [ RunTime:0.000052s ]
INFO: [ template_filter ] --END-- [ RunTime:-0.005140s ]
INFO: Run Behavior\ParseTemplateBehavior [ RunTime:0.002405s ]
INFO: [ view_parse ] --END-- [ RunTime:0.002448s ]
INFO: [ view_filter ] --START--
INFO: Run Behavior\WriteHtmlCacheBehavior [ RunTime:0.000101s ]
INFO: [ view_filter ] --END-- [ RunTime:0.000140s ]
SQL: SELECT `id`,`name`,`title`,`pid`,`sort`,`list_row`,`meta_title`,`keywords`,`description`,`template_index`,`template_lists`,`template_detail`,`template_edit`,`model`,`model_sub`,`type`,`link_id`,`allow_publish`,`display`,`reply`,`check`,`reply_model`,`extend`,`create_time`,`update_time`,`status`,`icon`,`groups` FROM `ss_category` WHERE `id` = 1 LIMIT 1   [ RunTime:0.0001s ]
SQL: SELECT `id`,`name`,`pid`,`title`,`link_id` FROM `ss_category` WHERE `status` = 1 ORDER BY sort  [ RunTime:0.0001s ]
SQL: SELECT `id`,`uid`,`name`,`title`,`category_id`,`group_id`,`description`,`root`,`pid`,`model_id`,`type`,`position`,`link_id`,`cover_id`,`display`,`deadline`,`attach`,`view`,`comment`,`extend`,`level`,`create_time`,`update_time`,`status` FROM `ss_document` WHERE `status` = 1 AND `pid` = 0 AND `category_id` IN ('1','2') AND `create_time` < 1487058047 AND ( deadline = 0 OR deadline > 1487058047 ) ORDER BY `level` DESC,`id` DESC LIMIT 0,10   [ RunTime:0.0003s ]
INFO: Run Behavior\ParseTemplateBehavior [ RunTime:0.004350s ]
INFO: [ view_parse ] --END-- [ RunTime:0.002448s ]
INFO: [ view_filter ] --START--
INFO: Run Behavior\WriteHtmlCacheBehavior [ RunTime:0.000009s ]
INFO: [ view_filter ] --END-- [ RunTime:-0.001803s ]
INFO: [ app_end ] --START--
INFO: Run Behavior\ShowPageTraceBehavior [ RunTime:0.000308s ]
INFO: [ app_end ] --END-- [ RunTime:0.000355s ]

