[ 2017-02-18T01:26:43+08:00 ] 58.23.50.81 /admin.php?s=/Public/login.html
INFO: [ app_init ] --START--
INFO: Run Behavior\BuildLiteBehavior [ RunTime:0.000012s ]
INFO: Run Common\Behavior\InitHookBehavior [ RunTime:0.000863s ]
INFO: [ app_init ] --END-- [ RunTime:0.000957s ]
INFO: [ app_begin ] --START--
INFO: Run Behavior\ReadHtmlCacheBehavior [ RunTime:0.000286s ]
INFO: [ app_begin ] --END-- [ RunTime:0.000338s ]
INFO: [ view_parse ] --START--
INFO: [ template_filter ] --START--
INFO: Run Behavior\ContentReplaceBehavior [ RunTime:0.000056s ]
INFO: [ template_filter ] --END-- [ RunTime:0.000111s ]
INFO: Run Behavior\ParseTemplateBehavior [ RunTime:0.004262s ]
INFO: [ view_parse ] --END-- [ RunTime:0.004308s ]
INFO: [ view_filter ] --START--
INFO: Run Behavior\WriteHtmlCacheBehavior [ RunTime:0.000118s ]
INFO: [ view_filter ] --END-- [ RunTime:0.000158s ]
INFO: [ app_end ] --START--
INFO: Run Behavior\ShowPageTraceBehavior [ RunTime:0.000303s ]
INFO: [ app_end ] --END-- [ RunTime:0.000344s ]

[ 2017-02-18T01:26:43+08:00 ] 58.23.50.81 /admin.php?s=/Public/verify.html
INFO: [ app_init ] --START--
INFO: Run Behavior\BuildLiteBehavior [ RunTime:0.000012s ]
INFO: Run Common\Behavior\InitHookBehavior [ RunTime:0.000916s ]
INFO: [ app_init ] --END-- [ RunTime:0.001008s ]
INFO: [ app_begin ] --START--
INFO: Run Behavior\ReadHtmlCacheBehavior [ RunTime:0.000299s ]
INFO: [ app_begin ] --END-- [ RunTime:0.000358s ]
INFO: [ app_end ] --START--
INFO: Run Behavior\ShowPageTraceBehavior [ RunTime:0.000344s ]
INFO: [ app_end ] --END-- [ RunTime:0.000411s ]

[ 2017-02-18T01:27:00+08:00 ] 58.23.50.81 /admin.php?s=/Public/verify.html&random=0.4512958711872497
INFO: [ app_init ] --START--
INFO: Run Behavior\BuildLiteBehavior [ RunTime:0.000012s ]
INFO: Run Common\Behavior\InitHookBehavior [ RunTime:0.000892s ]
INFO: [ app_init ] --END-- [ RunTime:0.000993s ]
INFO: [ app_begin ] --START--
INFO: Run Behavior\ReadHtmlCacheBehavior [ RunTime:0.000345s ]
INFO: [ app_begin ] --END-- [ RunTime:0.000396s ]
INFO: [ app_end ] --START--
INFO: Run Behavior\ShowPageTraceBehavior [ RunTime:0.000324s ]
INFO: [ app_end ] --END-- [ RunTime:0.000391s ]

[ 2017-02-18T01:27:05+08:00 ] 58.23.50.81 /admin.php?s=/Public/login.html
INFO: [ app_init ] --START--
INFO: Run Behavior\BuildLiteBehavior [ RunTime:0.000012s ]
INFO: Run Common\Behavior\InitHookBehavior [ RunTime:0.000835s ]
INFO: [ app_init ] --END-- [ RunTime:0.000926s ]
INFO: [ app_begin ] --START--
INFO: Run Behavior\ReadHtmlCacheBehavior [ RunTime:0.000277s ]
INFO: [ app_begin ] --END-- [ RunTime:0.000323s ]
NOTIC: [8] Constant UC_AUTH_KEY already defined /data/newproject/Application/User/Conf/config.php 第 17 行.
NOTIC: [8] Undefined index: lite /data/newproject/ThinkPHP/Library/Think/Db.class.php 第 37 行.
SQL: SHOW COLUMNS FROM `ss_member` [ RunTime:0.0006s ]
SQL: SELECT `uid`,`nickname`,`sales_id`,`yonjin_rate`,`lixi_rate`,`yonjin_money`,`lixi_money`,`total_money`,`telephone`,`sex`,`login`,`reg_ip`,`reg_time`,`last_login_ip`,`last_login_time`,`sort`,`level`,`status` FROM `ss_member` WHERE `uid` = 1 LIMIT 1   [ RunTime:0.0003s ]
SQL: SHOW COLUMNS FROM `ss_action` [ RunTime:0.0004s ]
SQL: SELECT * FROM `ss_action` WHERE `name` = 'user_login' LIMIT 1   [ RunTime:0.0002s ]
SQL: SHOW COLUMNS FROM `ss_action_log` [ RunTime:0.0005s ]
SQL: INSERT INTO `ss_action_log` (`action_id`,`user_id`,`action_ip`,`model`,`record_id`,`create_time`,`remark`) VALUES ('1','1','974598737','member','1','1487352425','admin在2017-02-18 01:27登录了后台') [ RunTime:0.0003s ]
SQL: SELECT * FROM `ss_action` WHERE `name` = 'user_login' LIMIT 1   [ RunTime:0.0003s ]
NOTIC: [8] Undefined offset: 1 /data/newproject/Application/Common/Common/function.php 第 679 行.
NOTIC: [2] array_key_exists() expects parameter 2 to be array, null given /data/newproject/Application/Common/Common/function.php 第 679 行.
SQL: SELECT COUNT(*) AS tp_count FROM `ss_action_log` WHERE `action_id` = 1 AND `user_id` = 1 AND `create_time` > 1487266025 LIMIT 1   [ RunTime:0.0003s ]
SQL: SHOW COLUMNS FROM `ss_member` [ RunTime:0.0005s ]
SQL: UPDATE `ss_member` SET `login`=`login`+1,`last_login_time`='1487352425',`last_login_ip`='974598737' WHERE `uid` = 1 [ RunTime:0.0002s ]

[ 2017-02-18T01:27:05+08:00 ] 58.23.50.81 /admin.php?s=/User/index.html
INFO: [ app_init ] --START--
INFO: Run Behavior\BuildLiteBehavior [ RunTime:0.000026s ]
INFO: Run Common\Behavior\InitHookBehavior [ RunTime:0.000881s ]
INFO: [ app_init ] --END-- [ RunTime:0.000999s ]
INFO: [ app_begin ] --START--
INFO: Run Behavior\ReadHtmlCacheBehavior [ RunTime:0.000359s ]
INFO: [ app_begin ] --END-- [ RunTime:0.000428s ]
SQL: SHOW COLUMNS FROM `ss_menu` [ RunTime:0.0006s ]
SQL: SELECT `id`,`title`,`url` FROM `ss_menu` WHERE `pid` = 0 AND `hide` = 0 ORDER BY sort asc  [ RunTime:0.0004s ]
SQL: SELECT `pid` FROM `ss_menu` WHERE ( pid !=0 AND url like '%User/index%' ) LIMIT 1   [ RunTime:0.0003s ]
SQL: SELECT * FROM `ss_menu` WHERE `id` = 16 LIMIT 1   [ RunTime:0.0002s ]
SQL: SELECT DISTINCT  `group` FROM `ss_menu` WHERE `group` <> '' AND `pid` = 16  [ RunTime:0.0004s ]
SQL: SELECT `id`,`url` FROM `ss_menu` WHERE `pid` = 16 AND `hide` = 0  [ RunTime:0.0003s ]
SQL: SELECT `id`,`pid`,`title`,`url`,`tip` FROM `ss_menu` WHERE `group` = '营业管理' AND `pid` = 16 AND `hide` = 0 ORDER BY sort asc  [ RunTime:0.0003s ]
SQL: SELECT `id`,`pid`,`title`,`url`,`tip` FROM `ss_menu` WHERE `group` = '行为管理' AND `pid` = 16 AND `hide` = 0 ORDER BY sort asc  [ RunTime:0.0003s ]
SQL: SELECT `id`,`pid`,`title`,`url`,`tip` FROM `ss_menu` WHERE `group` = '用户管理' AND `pid` = 16 AND `hide` = 0 ORDER BY sort asc  [ RunTime:0.0003s ]
SQL: SHOW COLUMNS FROM `ss_member` [ RunTime:0.0005s ]
SQL: SELECT COUNT(*) AS tp_count FROM `ss_member` WHERE `status` >= 0 AND `nickname` LIKE '%%' LIMIT 1   [ RunTime:0.0003s ]
SQL: SELECT `uid`,`nickname`,`sales_id`,`yonjin_rate`,`lixi_rate`,`yonjin_money`,`lixi_money`,`total_money`,`telephone`,`sex`,`login`,`reg_ip`,`reg_time`,`last_login_ip`,`last_login_time`,`sort`,`level`,`status` FROM `ss_member` WHERE `status` >= 0 AND `nickname` LIKE '%%' ORDER BY sort desc LIMIT 0,10   [ RunTime:0.0005s ]
SQL: SHOW COLUMNS FROM `ss_user` [ RunTime:0.0006s ]
SQL: SHOW COLUMNS FROM `ss_sales` [ RunTime:0.0005s ]
SQL: SELECT `id`,`title` FROM `ss_sales`  [ RunTime:0.0002s ]
SQL: SHOW COLUMNS FROM `ss_member` [ RunTime:0.0005s ]
SQL: SELECT * FROM `ss_member` WHERE ( uid=1 ) LIMIT 1   [ RunTime:0.0002s ]
INFO: [ view_parse ] --START--
INFO: [ template_filter ] --START--
INFO: Run Behavior\ContentReplaceBehavior [ RunTime:0.000113s ]
INFO: [ template_filter ] --END-- [ RunTime:0.000162s ]
INFO: Run Behavior\ParseTemplateBehavior [ RunTime:0.014952s ]
INFO: [ view_parse ] --END-- [ RunTime:0.014999s ]
INFO: [ view_filter ] --START--
INFO: Run Behavior\WriteHtmlCacheBehavior [ RunTime:0.000105s ]
INFO: [ view_filter ] --END-- [ RunTime:0.000144s ]
INFO: [ app_end ] --START--
INFO: Run Behavior\ShowPageTraceBehavior [ RunTime:0.000326s ]
INFO: [ app_end ] --END-- [ RunTime:0.000370s ]

[ 2017-02-18T01:27:08+08:00 ] 58.23.50.81 /admin.php?s=/Capital/index.html
INFO: [ app_init ] --START--
INFO: Run Behavior\BuildLiteBehavior [ RunTime:0.000012s ]
INFO: Run Common\Behavior\InitHookBehavior [ RunTime:0.000839s ]
INFO: [ app_init ] --END-- [ RunTime:0.000931s ]
INFO: [ app_begin ] --START--
INFO: Run Behavior\ReadHtmlCacheBehavior [ RunTime:0.000279s ]
INFO: [ app_begin ] --END-- [ RunTime:0.000330s ]
SQL: SHOW COLUMNS FROM `ss_menu` [ RunTime:0.0007s ]
SQL: SELECT `id`,`title`,`url` FROM `ss_menu` WHERE `pid` = 0 AND `hide` = 0 ORDER BY sort asc  [ RunTime:0.0001s ]
SQL: SELECT `pid` FROM `ss_menu` WHERE ( pid !=0 AND url like '%Capital/index%' ) LIMIT 1   [ RunTime:0.0005s ]
SQL: SHOW COLUMNS FROM `ss_user` [ RunTime:0.0007s ]
SQL: SHOW COLUMNS FROM `ss_member` [ RunTime:0.0005s ]
SQL: SELECT * FROM `ss_member` WHERE ( uid=1 ) LIMIT 1   [ RunTime:0.0001s ]
SQL: SHOW COLUMNS FROM `ss_sales` [ RunTime:0.0005s ]
SQL: SELECT `id`,`title` FROM `ss_sales`  [ RunTime:0.0001s ]
SQL: SHOW COLUMNS FROM `ss_user` [ RunTime:0.0006s ]
SQL: SELECT `id`,name as title FROM `ss_user` WHERE ( status=1 and sales_id=1 )  [ RunTime:0.0003s ]
SQL: SELECT `id`,name as title FROM `ss_user` WHERE ( status=1 and sales_id=8 )  [ RunTime:0.0002s ]
SQL: SELECT * FROM `ss_user` WHERE ( id=2 ) LIMIT 1   [ RunTime:0.0003s ]
SQL: SHOW COLUMNS FROM `ss_capital_log` [ RunTime:0.0005s ]
SQL: SELECT COUNT(id) AS tp_count FROM `ss_capital_log` WHERE ( user_id=2 and status=1  ) LIMIT 1   [ RunTime:0.0004s ]
SQL: select a.*,b.nickname from ss_capital_log as a left join ss_member as b on a.member_id=b.uid where a.user_id=2 and a.status=1 order by a.do_time DESC,a.id DESC limit 0,20 [ RunTime:0.0008s ]
INFO: [ view_parse ] --START--
INFO: [ template_filter ] --START--
INFO: Run Behavior\ContentReplaceBehavior [ RunTime:0.000166s ]
INFO: [ template_filter ] --END-- [ RunTime:0.000217s ]
INFO: Run Behavior\ParseTemplateBehavior [ RunTime:0.016783s ]
INFO: [ view_parse ] --END-- [ RunTime:0.016834s ]
INFO: [ view_filter ] --START--
INFO: Run Behavior\WriteHtmlCacheBehavior [ RunTime:0.000108s ]
INFO: [ view_filter ] --END-- [ RunTime:0.000149s ]
INFO: [ app_end ] --START--
INFO: Run Behavior\ShowPageTraceBehavior [ RunTime:0.000321s ]
INFO: [ app_end ] --END-- [ RunTime:0.000370s ]

[ 2017-02-18T01:27:12+08:00 ] 58.23.50.81 /admin.php?s=/Account/un_deal_list.html
INFO: [ app_init ] --START--
INFO: Run Behavior\BuildLiteBehavior [ RunTime:0.000014s ]
INFO: Run Common\Behavior\InitHookBehavior [ RunTime:0.001006s ]
INFO: [ app_init ] --END-- [ RunTime:0.001101s ]
INFO: [ app_begin ] --START--
INFO: Run Behavior\ReadHtmlCacheBehavior [ RunTime:0.000387s ]
INFO: [ app_begin ] --END-- [ RunTime:0.000438s ]
SQL: SHOW COLUMNS FROM `ss_menu` [ RunTime:0.0007s ]
SQL: SELECT `id`,`title`,`url` FROM `ss_menu` WHERE `pid` = 0 AND `hide` = 0 ORDER BY sort asc  [ RunTime:0.0001s ]
SQL: SELECT `pid` FROM `ss_menu` WHERE ( pid !=0 AND url like '%Account/un_deal_list%' ) LIMIT 1   [ RunTime:0.0005s ]
SQL: SELECT * FROM `ss_menu` WHERE `id` = 131 LIMIT 1   [ RunTime:0.0003s ]
SQL: SELECT DISTINCT  `group` FROM `ss_menu` WHERE `group` <> '' AND `pid` = 131  [ RunTime:0.0004s ]
SQL: SELECT `id`,`url` FROM `ss_menu` WHERE `pid` = 131 AND `hide` = 0  [ RunTime:0.0003s ]
SQL: SELECT `id`,`pid`,`title`,`url`,`tip` FROM `ss_menu` WHERE `group` = '结算管理' AND `pid` = 131 AND `hide` = 0 ORDER BY sort asc  [ RunTime:0.0003s ]
SQL: SHOW COLUMNS FROM `ss_user` [ RunTime:0.0007s ]
SQL: SHOW COLUMNS FROM `ss_member` [ RunTime:0.0006s ]
SQL: SELECT * FROM `ss_member` WHERE ( uid=1 ) LIMIT 1   [ RunTime:0.0001s ]
SQL: SHOW COLUMNS FROM `ss_sales` [ RunTime:0.0005s ]
SQL: SELECT `id`,`title` FROM `ss_sales`  [ RunTime:0.0001s ]
SQL: SHOW COLUMNS FROM `ss_user` [ RunTime:0.0006s ]
SQL: SELECT `id`,name as title FROM `ss_user` WHERE ( status=1 and sales_id=1 )  [ RunTime:0.0001s ]
SQL: SELECT `id`,name as title FROM `ss_user` WHERE ( status=1 and sales_id=8 )  [ RunTime:0.0001s ]
SQL: SELECT * FROM `ss_user` WHERE ( id=2 ) LIMIT 1   [ RunTime:0.0002s ]
SQL: SHOW COLUMNS FROM `ss_summary_log` [ RunTime:0.0006s ]
SQL: SELECT COUNT(id) AS tp_count FROM `ss_summary_log` WHERE ( user_id=2 and (status=2 or status=6) ) LIMIT 1   [ RunTime:0.0003s ]
SQL: select a.*,b.nickname from ss_summary_log as a left join ss_member as b on a.member_id=b.uid where a.user_id=2 and (a.status=2 or a.status=6) order by a.do_time DESC,a.id DESC limit 0,20 [ RunTime:0.0004s ]
INFO: [ view_parse ] --START--
INFO: [ template_filter ] --START--
INFO: Run Behavior\ContentReplaceBehavior [ RunTime:0.000168s ]
INFO: [ template_filter ] --END-- [ RunTime:0.000223s ]
INFO: Run Behavior\ParseTemplateBehavior [ RunTime:0.014939s ]
INFO: [ view_parse ] --END-- [ RunTime:0.014992s ]
INFO: [ view_filter ] --START--
INFO: Run Behavior\WriteHtmlCacheBehavior [ RunTime:0.000120s ]
INFO: [ view_filter ] --END-- [ RunTime:0.000186s ]
INFO: [ app_end ] --START--
INFO: Run Behavior\ShowPageTraceBehavior [ RunTime:0.000282s ]
INFO: [ app_end ] --END-- [ RunTime:0.000329s ]

[ 2017-02-18T01:27:15+08:00 ] 58.23.50.81 /admin.php?s=/Operate/index.html
INFO: [ app_init ] --START--
INFO: Run Behavior\BuildLiteBehavior [ RunTime:0.000017s ]
INFO: Run Common\Behavior\InitHookBehavior [ RunTime:0.000865s ]
INFO: [ app_init ] --END-- [ RunTime:0.000993s ]
INFO: [ app_begin ] --START--
INFO: Run Behavior\ReadHtmlCacheBehavior [ RunTime:0.000314s ]
INFO: [ app_begin ] --END-- [ RunTime:0.000376s ]
SQL: SHOW COLUMNS FROM `ss_menu` [ RunTime:0.0007s ]
SQL: SELECT `id`,`title`,`url` FROM `ss_menu` WHERE `pid` = 0 AND `hide` = 0 ORDER BY sort asc  [ RunTime:0.0001s ]
SQL: SELECT `pid` FROM `ss_menu` WHERE ( pid !=0 AND url like '%Operate/index%' ) LIMIT 1   [ RunTime:0.0006s ]
SQL: SHOW COLUMNS FROM `ss_user` [ RunTime:0.0007s ]
SQL: SHOW COLUMNS FROM `ss_member` [ RunTime:0.0005s ]
SQL: SELECT * FROM `ss_member` WHERE ( uid=1 ) LIMIT 1   [ RunTime:0.0001s ]
SQL: SHOW COLUMNS FROM `ss_sales` [ RunTime:0.0004s ]
SQL: SELECT `id`,`title` FROM `ss_sales`  [ RunTime:0.0001s ]
SQL: SHOW COLUMNS FROM `ss_user` [ RunTime:0.0006s ]
SQL: SELECT `id`,name as title FROM `ss_user` WHERE ( status=1 and sales_id=1 )  [ RunTime:0.0001s ]
SQL: SELECT `id`,name as title FROM `ss_user` WHERE ( status=1 and sales_id=8 )  [ RunTime:0.0001s ]
SQL: SELECT * FROM `ss_user` WHERE ( id=2 ) LIMIT 1   [ RunTime:0.0001s ]
SQL: SHOW COLUMNS FROM `ss_deal_log` [ RunTime:0.0006s ]
SQL: SELECT COUNT(id) AS tp_count FROM `ss_deal_log` WHERE ( user_id=2 and status=1  ) LIMIT 1   [ RunTime:0.0004s ]
SQL: select a.*,b.nickname from ss_deal_log as a left join ss_member as b on a.member_id=b.uid where a.user_id=2 and a.status=1 order by a.deal_time DESC,a.id DESC limit 0,6 [ RunTime:0.0008s ]
SQL: SELECT COUNT(id) AS tp_count FROM `ss_deal_log` WHERE ( user_id=2 and status=1 and do_type=1 and sell_status=1 ) LIMIT 1   [ RunTime:0.0003s ]
SQL: select a.*,b.nickname from ss_deal_log as a left join ss_member as b on a.member_id=b.uid where a.user_id=2 and a.status=1 and a.do_type=1 and a.sell_status=1 order by a.deal_time DESC,a.id DESC limit 0,4 [ RunTime:0.0005s ]
INFO: [ view_parse ] --START--
INFO: [ template_filter ] --START--
INFO: Run Behavior\ContentReplaceBehavior [ RunTime:0.000206s ]
INFO: [ template_filter ] --END-- [ RunTime:0.000272s ]
INFO: Run Behavior\ParseTemplateBehavior [ RunTime:0.021949s ]
INFO: [ view_parse ] --END-- [ RunTime:0.022025s ]
INFO: [ view_filter ] --START--
INFO: Run Behavior\WriteHtmlCacheBehavior [ RunTime:0.000118s ]
INFO: [ view_filter ] --END-- [ RunTime:0.000158s ]
INFO: [ app_end ] --START--
INFO: Run Behavior\ShowPageTraceBehavior [ RunTime:0.000333s ]
INFO: [ app_end ] --END-- [ RunTime:0.000381s ]

[ 2017-02-18T01:27:18+08:00 ] 58.23.50.81 /admin.php?s=/Report/index.html
INFO: [ app_init ] --START--
INFO: Run Behavior\BuildLiteBehavior [ RunTime:0.000013s ]
INFO: Run Common\Behavior\InitHookBehavior [ RunTime:0.000857s ]
INFO: [ app_init ] --END-- [ RunTime:0.000964s ]
INFO: [ app_begin ] --START--
INFO: Run Behavior\ReadHtmlCacheBehavior [ RunTime:0.000282s ]
INFO: [ app_begin ] --END-- [ RunTime:0.000333s ]
SQL: SHOW COLUMNS FROM `ss_menu` [ RunTime:0.0007s ]
SQL: SELECT `id`,`title`,`url` FROM `ss_menu` WHERE `pid` = 0 AND `hide` = 0 ORDER BY sort asc  [ RunTime:0.0001s ]
SQL: SELECT `pid` FROM `ss_menu` WHERE ( pid !=0 AND url like '%Report/index%' ) LIMIT 1   [ RunTime:0.0006s ]
SQL: SELECT * FROM `ss_menu` WHERE `id` = 132 LIMIT 1   [ RunTime:0.0002s ]
SQL: SELECT DISTINCT  `group` FROM `ss_menu` WHERE `group` <> '' AND `pid` = 132  [ RunTime:0.0003s ]
SQL: SELECT `id`,`url` FROM `ss_menu` WHERE `pid` = 132 AND `hide` = 0  [ RunTime:0.0002s ]
SQL: SELECT `id`,`pid`,`title`,`url`,`tip` FROM `ss_menu` WHERE `group` = '报表管理' AND `pid` = 132 AND `hide` = 0 ORDER BY sort asc  [ RunTime:0.0003s ]
SQL: SHOW COLUMNS FROM `ss_member` [ RunTime:0.0005s ]
SQL: SELECT * FROM `ss_member` WHERE ( uid=1 ) LIMIT 1   [ RunTime:0.0001s ]
SQL: SHOW COLUMNS FROM `ss_sales` [ RunTime:0.0004s ]
SQL: SELECT `id`,`title` FROM `ss_sales` WHERE ( status=1 )  [ RunTime:0.0002s ]
SQL: SHOW COLUMNS FROM `ss_user` [ RunTime:0.0006s ]
SQL: SELECT `id`,`name`,`sales_id` FROM `ss_user` WHERE ( status=1 )  [ RunTime:0.0002s ]
SQL: SHOW COLUMNS FROM `ss_summary_log` [ RunTime:0.0006s ]
SQL: SELECT COUNT(id) AS tp_count FROM `ss_summary_log` WHERE (  (status=3 or status=5) and 1=1 and sell_time>=1487347200 and sell_time<=1487433600 ) LIMIT 1   [ RunTime:0.0003s ]
SQL: select a.*,b.name from ss_summary_log as a left join ss_user as b on a.user_id=b.id where (a.status=3 or a.status=5) and 1=1 and a.sell_time>=1487347200 and a.sell_time<=1487433600 order by a.do_time DESC,a.id DESC limit 0,40 [ RunTime:0.0004s ]
INFO: [ view_parse ] --START--
INFO: [ template_filter ] --START--
INFO: Run Behavior\ContentReplaceBehavior [ RunTime:0.000176s ]
INFO: [ template_filter ] --END-- [ RunTime:0.000232s ]
NOTIC: [8] Undefined variable: sales_id /data/newproject/Runtime/Cache/Admin/3c1dc1b7660b78e2eac45df80b6ab038.php 第 108 行.
NOTIC: [8] Undefined variable: sales_id /data/newproject/Runtime/Cache/Admin/3c1dc1b7660b78e2eac45df80b6ab038.php 第 108 行.
NOTIC: [8] Undefined variable: user_id /data/newproject/Runtime/Cache/Admin/3c1dc1b7660b78e2eac45df80b6ab038.php 第 112 行.
NOTIC: [8] Undefined variable: user_id /data/newproject/Runtime/Cache/Admin/3c1dc1b7660b78e2eac45df80b6ab038.php 第 112 行.
NOTIC: [8] Undefined variable: user_id /data/newproject/Runtime/Cache/Admin/3c1dc1b7660b78e2eac45df80b6ab038.php 第 112 行.
NOTIC: [8] Undefined variable: user_id /data/newproject/Runtime/Cache/Admin/3c1dc1b7660b78e2eac45df80b6ab038.php 第 112 行.
NOTIC: [8] Undefined variable: user_id /data/newproject/Runtime/Cache/Admin/3c1dc1b7660b78e2eac45df80b6ab038.php 第 112 行.
INFO: Run Behavior\ParseTemplateBehavior [ RunTime:0.017173s ]
INFO: [ view_parse ] --END-- [ RunTime:0.017229s ]
INFO: [ view_filter ] --START--
INFO: Run Behavior\WriteHtmlCacheBehavior [ RunTime:0.000109s ]
INFO: [ view_filter ] --END-- [ RunTime:0.000158s ]
INFO: [ app_end ] --START--
INFO: Run Behavior\ShowPageTraceBehavior [ RunTime:0.000320s ]
INFO: [ app_end ] --END-- [ RunTime:0.000364s ]

[ 2017-02-18T01:27:18+08:00 ] 58.23.50.81 /admin.php?s=/Report/index.html
INFO: [ app_init ] --START--
INFO: Run Behavior\BuildLiteBehavior [ RunTime:0.000013s ]
INFO: Run Common\Behavior\InitHookBehavior [ RunTime:0.000866s ]
INFO: [ app_init ] --END-- [ RunTime:0.000983s ]
INFO: [ app_begin ] --START--
INFO: Run Behavior\ReadHtmlCacheBehavior [ RunTime:0.000302s ]
INFO: [ app_begin ] --END-- [ RunTime:0.000352s ]
SQL: SHOW COLUMNS FROM `ss_menu` [ RunTime:0.0009s ]
SQL: SELECT `id`,`title`,`url` FROM `ss_menu` WHERE `pid` = 0 AND `hide` = 0 ORDER BY sort asc  [ RunTime:0.0001s ]
SQL: SELECT `pid` FROM `ss_menu` WHERE ( pid !=0 AND url like '%Report/index%' ) LIMIT 1   [ RunTime:0.0001s ]
SQL: SELECT * FROM `ss_menu` WHERE `id` = 132 LIMIT 1   [ RunTime:0.0001s ]
SQL: SELECT DISTINCT  `group` FROM `ss_menu` WHERE `group` <> '' AND `pid` = 132  [ RunTime:0.0001s ]
SQL: SELECT `id`,`url` FROM `ss_menu` WHERE `pid` = 132 AND `hide` = 0  [ RunTime:0.0001s ]
SQL: SELECT `id`,`pid`,`title`,`url`,`tip` FROM `ss_menu` WHERE `group` = '报表管理' AND `pid` = 132 AND `hide` = 0 ORDER BY sort asc  [ RunTime:0.0001s ]
SQL: SHOW COLUMNS FROM `ss_member` [ RunTime:0.0006s ]
SQL: SELECT * FROM `ss_member` WHERE ( uid=1 ) LIMIT 1   [ RunTime:0.0001s ]
SQL: SHOW COLUMNS FROM `ss_sales` [ RunTime:0.0004s ]
SQL: SELECT `id`,`title` FROM `ss_sales` WHERE ( status=1 )  [ RunTime:0.0001s ]
SQL: SHOW COLUMNS FROM `ss_user` [ RunTime:0.0005s ]
SQL: SELECT `id`,`name`,`sales_id` FROM `ss_user` WHERE ( status=1 )  [ RunTime:0.0001s ]
SQL: SHOW COLUMNS FROM `ss_summary_log` [ RunTime:0.0006s ]
SQL: SELECT COUNT(id) AS tp_count FROM `ss_summary_log` WHERE (  (status=3 or status=5) and 1=1 and sell_time>=1487347200 and sell_time<=1487433600 ) LIMIT 1   [ RunTime:0.0001s ]
SQL: select a.*,b.name from ss_summary_log as a left join ss_user as b on a.user_id=b.id where (a.status=3 or a.status=5) and 1=1 and a.sell_time>=1487347200 and a.sell_time<=1487433600 order by a.do_time DESC,a.id DESC limit 0,40 [ RunTime:0.0001s ]
INFO: [ view_parse ] --START--
INFO: [ template_filter ] --START--
INFO: Run Behavior\ContentReplaceBehavior [ RunTime:0.000147s ]
INFO: [ template_filter ] --END-- [ RunTime:0.000218s ]
NOTIC: [8] Undefined variable: sales_id /data/newproject/Runtime/Cache/Admin/3c1dc1b7660b78e2eac45df80b6ab038.php 第 108 行.
NOTIC: [8] Undefined variable: sales_id /data/newproject/Runtime/Cache/Admin/3c1dc1b7660b78e2eac45df80b6ab038.php 第 108 行.
NOTIC: [8] Undefined variable: user_id /data/newproject/Runtime/Cache/Admin/3c1dc1b7660b78e2eac45df80b6ab038.php 第 112 行.
NOTIC: [8] Undefined variable: user_id /data/newproject/Runtime/Cache/Admin/3c1dc1b7660b78e2eac45df80b6ab038.php 第 112 行.
NOTIC: [8] Undefined variable: user_id /data/newproject/Runtime/Cache/Admin/3c1dc1b7660b78e2eac45df80b6ab038.php 第 112 行.
NOTIC: [8] Undefined variable: user_id /data/newproject/Runtime/Cache/Admin/3c1dc1b7660b78e2eac45df80b6ab038.php 第 112 行.
NOTIC: [8] Undefined variable: user_id /data/newproject/Runtime/Cache/Admin/3c1dc1b7660b78e2eac45df80b6ab038.php 第 112 行.
INFO: Run Behavior\ParseTemplateBehavior [ RunTime:0.017736s ]
INFO: [ view_parse ] --END-- [ RunTime:0.017801s ]
INFO: [ view_filter ] --START--
INFO: Run Behavior\WriteHtmlCacheBehavior [ RunTime:0.000147s ]
INFO: [ view_filter ] --END-- [ RunTime:0.000207s ]
INFO: [ app_end ] --START--
INFO: Run Behavior\ShowPageTraceBehavior [ RunTime:0.000295s ]
INFO: [ app_end ] --END-- [ RunTime:0.000342s ]

[ 2017-02-18T01:27:19+08:00 ] 58.23.50.81 /admin.php?s=/Ware/index.html
INFO: [ app_init ] --START--
INFO: Run Behavior\BuildLiteBehavior [ RunTime:0.000012s ]
INFO: Run Common\Behavior\InitHookBehavior [ RunTime:0.000857s ]
INFO: [ app_init ] --END-- [ RunTime:0.000948s ]
INFO: [ app_begin ] --START--
INFO: Run Behavior\ReadHtmlCacheBehavior [ RunTime:0.000297s ]
INFO: [ app_begin ] --END-- [ RunTime:0.000352s ]
SQL: SHOW COLUMNS FROM `ss_menu` [ RunTime:0.0008s ]
SQL: SELECT `id`,`title`,`url` FROM `ss_menu` WHERE `pid` = 0 AND `hide` = 0 ORDER BY sort asc  [ RunTime:0.0002s ]
SQL: SELECT `pid` FROM `ss_menu` WHERE ( pid !=0 AND url like '%Ware/index%' ) LIMIT 1   [ RunTime:0.0005s ]
SQL: SELECT * FROM `ss_menu` WHERE `id` = 157 LIMIT 1   [ RunTime:0.0002s ]
SQL: SELECT DISTINCT  `group` FROM `ss_menu` WHERE `group` <> '' AND `pid` = 157  [ RunTime:0.0003s ]
SQL: SELECT `id`,`url` FROM `ss_menu` WHERE `pid` = 157 AND `hide` = 0  [ RunTime:0.0004s ]
SQL: SELECT `id`,`pid`,`title`,`url`,`tip` FROM `ss_menu` WHERE `group` = '预警管理' AND `pid` = 157 AND `hide` = 0 ORDER BY sort asc  [ RunTime:0.0003s ]
SQL: SHOW COLUMNS FROM `ss_user` [ RunTime:0.0006s ]
SQL: SELECT * FROM `ss_user` WHERE ( status=1 )  [ RunTime:0.0003s ]
SQL: SHOW COLUMNS FROM `ss_user` [ RunTime:0.0010s ]
SQL: SHOW COLUMNS FROM `ss_deal_log` [ RunTime:0.0005s ]
SQL: SELECT * FROM `ss_deal_log` WHERE ( user_id=2 and sell_status=1 )  [ RunTime:0.0004s ]
NOTIC: [8] Undefined variable: sell_transfer_fee /data/newproject/Application/Admin/Controller/WareController.class.php 第 52 行.
NOTIC: [8] Undefined variable: sell_transfer_fee /data/newproject/Application/Admin/Controller/WareController.class.php 第 52 行.
NOTIC: [8] Undefined variable: sell_transfer_fee /data/newproject/Application/Admin/Controller/WareController.class.php 第 52 行.
SQL: SELECT * FROM `ss_deal_log` WHERE ( user_id=3 and sell_status=1 )  [ RunTime:0.0005s ]
NOTIC: [8] Undefined variable: sell_transfer_fee /data/newproject/Application/Admin/Controller/WareController.class.php 第 52 行.
SQL: SELECT * FROM `ss_deal_log` WHERE ( user_id=4 and sell_status=1 )  [ RunTime:0.0005s ]
SQL: SELECT * FROM `ss_deal_log` WHERE ( user_id=6 and sell_status=1 )  [ RunTime:0.0005s ]
NOTIC: [2] Invalid argument supplied for foreach() /data/newproject/Application/Admin/Controller/WareController.class.php 第 30 行.
NOTIC: [2] Division by zero /data/newproject/Application/Admin/Controller/WareController.class.php 第 62 行.
NOTIC: [2] Division by zero /data/newproject/Application/Admin/Controller/WareController.class.php 第 71 行.
SQL: SELECT * FROM `ss_deal_log` WHERE ( user_id=7 and sell_status=1 )  [ RunTime:0.0003s ]
NOTIC: [2] Invalid argument supplied for foreach() /data/newproject/Application/Admin/Controller/WareController.class.php 第 30 行.
NOTIC: [2] Division by zero /data/newproject/Application/Admin/Controller/WareController.class.php 第 62 行.
NOTIC: [2] Division by zero /data/newproject/Application/Admin/Controller/WareController.class.php 第 71 行.
INFO: [ view_parse ] --START--
INFO: [ template_filter ] --START--
INFO: Run Behavior\ContentReplaceBehavior [ RunTime:0.000133s ]
INFO: [ template_filter ] --END-- [ RunTime:0.000183s ]
NOTIC: [8] Undefined variable: _page /data/newproject/Runtime/Cache/Admin/29243ef1318e48ae68c75f134c5e3773.php 第 149 行.
INFO: Run Behavior\ParseTemplateBehavior [ RunTime:0.014982s ]
INFO: [ view_parse ] --END-- [ RunTime:0.015029s ]
INFO: [ view_filter ] --START--
INFO: Run Behavior\WriteHtmlCacheBehavior [ RunTime:0.000136s ]
INFO: [ view_filter ] --END-- [ RunTime:0.000177s ]
INFO: [ app_end ] --START--
INFO: Run Behavior\ShowPageTraceBehavior [ RunTime:0.000304s ]
INFO: [ app_end ] --END-- [ RunTime:0.000349s ]

[ 2017-02-18T01:27:20+08:00 ] 58.23.50.81 /admin.php?s=/Config/group.html
INFO: [ app_init ] --START--
INFO: Run Behavior\BuildLiteBehavior [ RunTime:0.000014s ]
INFO: Run Common\Behavior\InitHookBehavior [ RunTime:0.000841s ]
INFO: [ app_init ] --END-- [ RunTime:0.000938s ]
INFO: [ app_begin ] --START--
INFO: Run Behavior\ReadHtmlCacheBehavior [ RunTime:0.000282s ]
INFO: [ app_begin ] --END-- [ RunTime:0.000332s ]
SQL: SHOW COLUMNS FROM `ss_menu` [ RunTime:0.0008s ]
SQL: SELECT `id`,`title`,`url` FROM `ss_menu` WHERE `pid` = 0 AND `hide` = 0 ORDER BY sort asc  [ RunTime:0.0001s ]
SQL: SELECT `pid` FROM `ss_menu` WHERE ( pid !=0 AND url like '%Config/group%' ) LIMIT 1   [ RunTime:0.0004s ]
SQL: SELECT * FROM `ss_menu` WHERE `id` = 68 LIMIT 1   [ RunTime:0.0002s ]
SQL: SELECT DISTINCT  `group` FROM `ss_menu` WHERE `group` <> '' AND `pid` = 68  [ RunTime:0.0003s ]
SQL: SELECT `id`,`url` FROM `ss_menu` WHERE `pid` = 68 AND `hide` = 0  [ RunTime:0.0002s ]
SQL: SELECT `id`,`pid`,`title`,`url`,`tip` FROM `ss_menu` WHERE `group` = '系统设置' AND `pid` = 68 AND `hide` = 0 ORDER BY sort asc  [ RunTime:0.0003s ]
SQL: SELECT `id`,`pid`,`title`,`url`,`tip` FROM `ss_menu` WHERE `group` = '数据备份' AND `pid` = 68 AND `hide` = 0 ORDER BY sort asc  [ RunTime:0.0003s ]
SQL: SHOW COLUMNS FROM `ss_config` [ RunTime:0.0005s ]
SQL: SELECT `id`,`name`,`title`,`extra`,`value`,`remark`,`type` FROM `ss_config` WHERE `status` = 1 AND `group` = 1 ORDER BY sort  [ RunTime:0.0003s ]
INFO: [ view_parse ] --START--
INFO: [ template_filter ] --START--
INFO: Run Behavior\ContentReplaceBehavior [ RunTime:0.000123s ]
INFO: [ template_filter ] --END-- [ RunTime:0.000177s ]
INFO: Run Behavior\ParseTemplateBehavior [ RunTime:0.015835s ]
INFO: [ view_parse ] --END-- [ RunTime:0.015885s ]
INFO: [ view_filter ] --START--
INFO: Run Behavior\WriteHtmlCacheBehavior [ RunTime:0.000108s ]
INFO: [ view_filter ] --END-- [ RunTime:0.000149s ]
INFO: [ app_end ] --START--
INFO: Run Behavior\ShowPageTraceBehavior [ RunTime:0.000304s ]
INFO: [ app_end ] --END-- [ RunTime:0.000351s ]

[ 2017-02-18T11:09:16+08:00 ] 58.23.50.80 /admin.php?s=/User/index.html
INFO: [ app_init ] --START--
INFO: Run Behavior\BuildLiteBehavior [ RunTime:0.000012s ]
INFO: Run Common\Behavior\InitHookBehavior [ RunTime:0.000922s ]
INFO: [ app_init ] --END-- [ RunTime:0.001013s ]
INFO: [ app_begin ] --START--
INFO: Run Behavior\ReadHtmlCacheBehavior [ RunTime:0.000288s ]
INFO: [ app_begin ] --END-- [ RunTime:0.000339s ]

[ 2017-02-18T11:09:16+08:00 ] 58.23.50.80 /admin.php?s=/Public/login.html
INFO: [ app_init ] --START--
INFO: Run Behavior\BuildLiteBehavior [ RunTime:0.000015s ]
INFO: Run Common\Behavior\InitHookBehavior [ RunTime:0.000967s ]
INFO: [ app_init ] --END-- [ RunTime:0.001083s ]
INFO: [ app_begin ] --START--
INFO: Run Behavior\ReadHtmlCacheBehavior [ RunTime:0.000306s ]
INFO: [ app_begin ] --END-- [ RunTime:0.000359s ]
INFO: [ view_parse ] --START--
INFO: [ template_filter ] --START--
INFO: Run Behavior\ContentReplaceBehavior [ RunTime:0.000051s ]
INFO: [ template_filter ] --END-- [ RunTime:0.000099s ]
INFO: Run Behavior\ParseTemplateBehavior [ RunTime:0.004676s ]
INFO: [ view_parse ] --END-- [ RunTime:0.004722s ]
INFO: [ view_filter ] --START--
INFO: Run Behavior\WriteHtmlCacheBehavior [ RunTime:0.000108s ]
INFO: [ view_filter ] --END-- [ RunTime:0.000161s ]
INFO: [ app_end ] --START--
INFO: Run Behavior\ShowPageTraceBehavior [ RunTime:0.000304s ]
INFO: [ app_end ] --END-- [ RunTime:0.000361s ]

[ 2017-02-18T20:23:14+08:00 ] 211.97.128.213 /admin.php?s=/User/index.html
INFO: [ app_init ] --START--
INFO: Run Behavior\BuildLiteBehavior [ RunTime:0.000012s ]
INFO: Run Common\Behavior\InitHookBehavior [ RunTime:0.000935s ]
INFO: [ app_init ] --END-- [ RunTime:0.001046s ]
INFO: [ app_begin ] --START--
INFO: Run Behavior\ReadHtmlCacheBehavior [ RunTime:0.000287s ]
INFO: [ app_begin ] --END-- [ RunTime:0.000338s ]

[ 2017-02-18T20:23:14+08:00 ] 211.97.128.213 /admin.php?s=/Public/login.html
INFO: [ app_init ] --START--
INFO: Run Behavior\BuildLiteBehavior [ RunTime:0.000013s ]
INFO: Run Common\Behavior\InitHookBehavior [ RunTime:0.000866s ]
INFO: [ app_init ] --END-- [ RunTime:0.000977s ]
INFO: [ app_begin ] --START--
INFO: Run Behavior\ReadHtmlCacheBehavior [ RunTime:0.000337s ]
INFO: [ app_begin ] --END-- [ RunTime:0.000403s ]
INFO: [ view_parse ] --START--
INFO: [ template_filter ] --START--
INFO: Run Behavior\ContentReplaceBehavior [ RunTime:0.000051s ]
INFO: [ template_filter ] --END-- [ RunTime:0.000100s ]
INFO: Run Behavior\ParseTemplateBehavior [ RunTime:0.004769s ]
INFO: [ view_parse ] --END-- [ RunTime:0.004815s ]
INFO: [ view_filter ] --START--
INFO: Run Behavior\WriteHtmlCacheBehavior [ RunTime:0.000104s ]
INFO: [ view_filter ] --END-- [ RunTime:0.000144s ]
INFO: [ app_end ] --START--
INFO: Run Behavior\ShowPageTraceBehavior [ RunTime:0.000308s ]
INFO: [ app_end ] --END-- [ RunTime:0.000351s ]

[ 2017-02-18T23:21:32+08:00 ] 58.23.50.81 /admin.php?s=/Public/login.html
INFO: [ app_init ] --START--
INFO: Run Behavior\BuildLiteBehavior [ RunTime:0.000016s ]
INFO: Run Common\Behavior\InitHookBehavior [ RunTime:0.000902s ]
INFO: [ app_init ] --END-- [ RunTime:0.001027s ]
INFO: [ app_begin ] --START--
INFO: Run Behavior\ReadHtmlCacheBehavior [ RunTime:0.000286s ]
INFO: [ app_begin ] --END-- [ RunTime:0.000337s ]
INFO: [ view_parse ] --START--
INFO: [ template_filter ] --START--
INFO: Run Behavior\ContentReplaceBehavior [ RunTime:0.000051s ]
INFO: [ template_filter ] --END-- [ RunTime:0.000115s ]
INFO: Run Behavior\ParseTemplateBehavior [ RunTime:0.004451s ]
INFO: [ view_parse ] --END-- [ RunTime:0.004508s ]
INFO: [ view_filter ] --START--
INFO: Run Behavior\WriteHtmlCacheBehavior [ RunTime:0.000123s ]
INFO: [ view_filter ] --END-- [ RunTime:0.000161s ]
INFO: [ app_end ] --START--
INFO: Run Behavior\ShowPageTraceBehavior [ RunTime:0.000316s ]
INFO: [ app_end ] --END-- [ RunTime:0.000370s ]

[ 2017-02-18T23:21:32+08:00 ] 58.23.50.81 /admin.php?s=/Public/verify.html
INFO: [ app_init ] --START--
INFO: Run Behavior\BuildLiteBehavior [ RunTime:0.000012s ]
INFO: Run Common\Behavior\InitHookBehavior [ RunTime:0.000865s ]
INFO: [ app_init ] --END-- [ RunTime:0.000958s ]
INFO: [ app_begin ] --START--
INFO: Run Behavior\ReadHtmlCacheBehavior [ RunTime:0.000303s ]
INFO: [ app_begin ] --END-- [ RunTime:0.000370s ]
INFO: [ app_end ] --START--
INFO: Run Behavior\ShowPageTraceBehavior [ RunTime:0.000295s ]
INFO: [ app_end ] --END-- [ RunTime:0.000350s ]

[ 2017-02-18T23:22:08+08:00 ] 58.23.50.81 /admin.php?s=/Public/login.html
INFO: [ app_init ] --START--
INFO: Run Behavior\BuildLiteBehavior [ RunTime:0.000012s ]
INFO: Run Common\Behavior\InitHookBehavior [ RunTime:0.000872s ]
INFO: [ app_init ] --END-- [ RunTime:0.000978s ]
INFO: [ app_begin ] --START--
INFO: Run Behavior\ReadHtmlCacheBehavior [ RunTime:0.000306s ]
INFO: [ app_begin ] --END-- [ RunTime:0.000355s ]
INFO: [ view_parse ] --START--
INFO: [ template_filter ] --START--
INFO: Run Behavior\ContentReplaceBehavior [ RunTime:0.000049s ]
INFO: [ template_filter ] --END-- [ RunTime:0.000106s ]
INFO: Run Behavior\ParseTemplateBehavior [ RunTime:0.004406s ]
INFO: [ view_parse ] --END-- [ RunTime:0.004456s ]
INFO: [ view_filter ] --START--
INFO: Run Behavior\WriteHtmlCacheBehavior [ RunTime:0.000103s ]
INFO: [ view_filter ] --END-- [ RunTime:0.000140s ]
INFO: [ app_end ] --START--
INFO: Run Behavior\ShowPageTraceBehavior [ RunTime:0.000310s ]
INFO: [ app_end ] --END-- [ RunTime:0.000361s ]

[ 2017-02-18T23:22:08+08:00 ] 58.23.50.81 /admin.php?s=/Public/verify.html
INFO: [ app_init ] --START--
INFO: Run Behavior\BuildLiteBehavior [ RunTime:0.000013s ]
INFO: Run Common\Behavior\InitHookBehavior [ RunTime:0.001046s ]
INFO: [ app_init ] --END-- [ RunTime:0.001155s ]
INFO: [ app_begin ] --START--
INFO: Run Behavior\ReadHtmlCacheBehavior [ RunTime:0.000296s ]
INFO: [ app_begin ] --END-- [ RunTime:0.000351s ]
INFO: [ app_end ] --START--
INFO: Run Behavior\ShowPageTraceBehavior [ RunTime:0.000395s ]
INFO: [ app_end ] --END-- [ RunTime:0.000455s ]

[ 2017-02-18T23:22:16+08:00 ] 58.23.50.81 /admin.php?s=/Public/login.html
INFO: [ app_init ] --START--
INFO: Run Behavior\BuildLiteBehavior [ RunTime:0.000013s ]
INFO: Run Common\Behavior\InitHookBehavior [ RunTime:0.000830s ]
INFO: [ app_init ] --END-- [ RunTime:0.000923s ]
INFO: [ app_begin ] --START--
INFO: Run Behavior\ReadHtmlCacheBehavior [ RunTime:0.000324s ]
INFO: [ app_begin ] --END-- [ RunTime:0.000372s ]
NOTIC: [8] Constant UC_AUTH_KEY already defined /data/newproject/Application/User/Conf/config.php 第 17 行.
NOTIC: [8] Undefined index: lite /data/newproject/ThinkPHP/Library/Think/Db.class.php 第 37 行.
SQL: SHOW COLUMNS FROM `ss_member` [ RunTime:0.0006s ]
SQL: SELECT `uid`,`nickname`,`sales_id`,`yonjin_rate`,`lixi_rate`,`yonjin_money`,`lixi_money`,`total_money`,`telephone`,`sex`,`login`,`reg_ip`,`reg_time`,`last_login_ip`,`last_login_time`,`sort`,`level`,`status` FROM `ss_member` WHERE `uid` = 1 LIMIT 1   [ RunTime:0.0003s ]
SQL: SHOW COLUMNS FROM `ss_action` [ RunTime:0.0005s ]
SQL: SELECT * FROM `ss_action` WHERE `name` = 'user_login' LIMIT 1   [ RunTime:0.0002s ]
SQL: SHOW COLUMNS FROM `ss_action_log` [ RunTime:0.0004s ]
SQL: INSERT INTO `ss_action_log` (`action_id`,`user_id`,`action_ip`,`model`,`record_id`,`create_time`,`remark`) VALUES ('1','1','974598737','member','1','1487431336','admin在2017-02-18 23:22登录了后台') [ RunTime:0.0002s ]
SQL: SELECT * FROM `ss_action` WHERE `name` = 'user_login' LIMIT 1   [ RunTime:0.0001s ]
NOTIC: [8] Undefined offset: 1 /data/newproject/Application/Common/Common/function.php 第 679 行.
NOTIC: [2] array_key_exists() expects parameter 2 to be array, null given /data/newproject/Application/Common/Common/function.php 第 679 行.
SQL: SELECT COUNT(*) AS tp_count FROM `ss_action_log` WHERE `action_id` = 1 AND `user_id` = 1 AND `create_time` > 1487344936 LIMIT 1   [ RunTime:0.0003s ]
SQL: UPDATE `ss_member` SET `login`=`login`+1,`last_login_time`='1487431336',`last_login_ip`='974598737' WHERE `uid` = 1 [ RunTime:0.0002s ]

[ 2017-02-18T23:22:16+08:00 ] 58.23.50.81 /admin.php?s=/User/index.html
INFO: [ app_init ] --START--
INFO: Run Behavior\BuildLiteBehavior [ RunTime:0.000011s ]
INFO: Run Common\Behavior\InitHookBehavior [ RunTime:0.000881s ]
INFO: [ app_init ] --END-- [ RunTime:0.000973s ]
INFO: [ app_begin ] --START--
INFO: Run Behavior\ReadHtmlCacheBehavior [ RunTime:0.000287s ]
INFO: [ app_begin ] --END-- [ RunTime:0.000350s ]
SQL: SHOW COLUMNS FROM `ss_member` [ RunTime:0.0008s ]
SQL: SHOW COLUMNS FROM `ss_auth_group_access` [ RunTime:0.0004s ]
SQL: SELECT `rules` FROM ss_auth_group_access a INNER JOIN ss_auth_group g on a.group_id=g.id  WHERE ( a.uid='1' and g.status='1' )  [ RunTime:0.0003s ]
INFO: [ view_parse ] --START--
INFO: [ template_filter ] --START--
INFO: Run Behavior\ContentReplaceBehavior [ RunTime:0.000038s ]
INFO: [ template_filter ] --END-- [ RunTime:0.000095s ]
INFO: Run Behavior\ParseTemplateBehavior [ RunTime:0.003924s ]
INFO: [ view_parse ] --END-- [ RunTime:0.003974s ]
INFO: [ view_filter ] --START--
INFO: Run Behavior\WriteHtmlCacheBehavior [ RunTime:0.000100s ]
INFO: [ view_filter ] --END-- [ RunTime:0.000138s ]

[ 2017-02-18T23:22:19+08:00 ] 58.23.50.81 /admin.php?s=/Public/login.html
INFO: [ app_init ] --START--
INFO: Run Behavior\BuildLiteBehavior [ RunTime:0.000012s ]
INFO: Run Common\Behavior\InitHookBehavior [ RunTime:0.000942s ]
INFO: [ app_init ] --END-- [ RunTime:0.001044s ]
INFO: [ app_begin ] --START--
INFO: Run Behavior\ReadHtmlCacheBehavior [ RunTime:0.000295s ]
INFO: [ app_begin ] --END-- [ RunTime:0.000345s ]
INFO: [ view_parse ] --START--
INFO: [ template_filter ] --START--
INFO: Run Behavior\ContentReplaceBehavior [ RunTime:0.000069s ]
INFO: [ template_filter ] --END-- [ RunTime:0.000147s ]
INFO: Run Behavior\ParseTemplateBehavior [ RunTime:0.004431s ]
INFO: [ view_parse ] --END-- [ RunTime:0.004477s ]
INFO: [ view_filter ] --START--
INFO: Run Behavior\WriteHtmlCacheBehavior [ RunTime:0.000100s ]
INFO: [ view_filter ] --END-- [ RunTime:0.000139s ]
INFO: [ app_end ] --START--
INFO: Run Behavior\ShowPageTraceBehavior [ RunTime:0.000350s ]
INFO: [ app_end ] --END-- [ RunTime:0.000401s ]

[ 2017-02-18T23:22:30+08:00 ] 58.23.50.81 /admin.php?s=/Public/login.html
INFO: [ app_init ] --START--
INFO: Run Behavior\BuildLiteBehavior [ RunTime:0.000013s ]
INFO: Run Common\Behavior\InitHookBehavior [ RunTime:0.000894s ]
INFO: [ app_init ] --END-- [ RunTime:0.000990s ]
INFO: [ app_begin ] --START--
INFO: Run Behavior\ReadHtmlCacheBehavior [ RunTime:0.000292s ]
INFO: [ app_begin ] --END-- [ RunTime:0.000340s ]

[ 2017-02-18T23:22:30+08:00 ] 58.23.50.81 /admin.php?s=/Public/verify.html&random=0.6943169025088052
INFO: [ app_init ] --START--
INFO: Run Behavior\BuildLiteBehavior [ RunTime:0.000012s ]
INFO: Run Common\Behavior\InitHookBehavior [ RunTime:0.000823s ]
INFO: [ app_init ] --END-- [ RunTime:0.000912s ]
INFO: [ app_begin ] --START--
INFO: Run Behavior\ReadHtmlCacheBehavior [ RunTime:0.000324s ]
INFO: [ app_begin ] --END-- [ RunTime:0.000374s ]
INFO: [ app_end ] --START--
INFO: Run Behavior\ShowPageTraceBehavior [ RunTime:0.000308s ]
INFO: [ app_end ] --END-- [ RunTime:0.000362s ]

[ 2017-02-18T23:22:36+08:00 ] 58.23.50.81 /admin.php?s=/Public/login.html
INFO: [ app_init ] --START--
INFO: Run Behavior\BuildLiteBehavior [ RunTime:0.000013s ]
INFO: Run Common\Behavior\InitHookBehavior [ RunTime:0.001036s ]
INFO: [ app_init ] --END-- [ RunTime:0.001130s ]
INFO: [ app_begin ] --START--
INFO: Run Behavior\ReadHtmlCacheBehavior [ RunTime:0.000445s ]
INFO: [ app_begin ] --END-- [ RunTime:0.000505s ]
NOTIC: [8] Constant UC_AUTH_KEY already defined /data/newproject/Application/User/Conf/config.php 第 17 行.
NOTIC: [8] Undefined index: lite /data/newproject/ThinkPHP/Library/Think/Db.class.php 第 37 行.
SQL: SHOW COLUMNS FROM `ss_member` [ RunTime:0.0006s ]
SQL: SELECT `uid`,`nickname`,`sales_id`,`yonjin_rate`,`lixi_rate`,`yonjin_money`,`lixi_money`,`total_money`,`telephone`,`sex`,`login`,`reg_ip`,`reg_time`,`last_login_ip`,`last_login_time`,`sort`,`level`,`status` FROM `ss_member` WHERE `uid` = 1 LIMIT 1   [ RunTime:0.0003s ]
SQL: SHOW COLUMNS FROM `ss_action` [ RunTime:0.0005s ]
SQL: SELECT * FROM `ss_action` WHERE `name` = 'user_login' LIMIT 1   [ RunTime:0.0002s ]
SQL: SHOW COLUMNS FROM `ss_action_log` [ RunTime:0.0005s ]
SQL: INSERT INTO `ss_action_log` (`action_id`,`user_id`,`action_ip`,`model`,`record_id`,`create_time`,`remark`) VALUES ('1','1','974598737','member','1','1487431356','admin在2017-02-18 23:22登录了后台') [ RunTime:0.0004s ]
SQL: SELECT * FROM `ss_action` WHERE `name` = 'user_login' LIMIT 1   [ RunTime:0.0001s ]
NOTIC: [8] Undefined offset: 1 /data/newproject/Application/Common/Common/function.php 第 679 行.
NOTIC: [2] array_key_exists() expects parameter 2 to be array, null given /data/newproject/Application/Common/Common/function.php 第 679 行.
SQL: SELECT COUNT(*) AS tp_count FROM `ss_action_log` WHERE `action_id` = 1 AND `user_id` = 1 AND `create_time` > 1487344956 LIMIT 1   [ RunTime:0.0003s ]
SQL: UPDATE `ss_member` SET `login`=`login`+1,`last_login_time`='1487431356',`last_login_ip`='974598737' WHERE `uid` = 1 [ RunTime:0.0002s ]

[ 2017-02-18T23:22:36+08:00 ] 58.23.50.81 /admin.php?s=/User/index.html
INFO: [ app_init ] --START--
INFO: Run Behavior\BuildLiteBehavior [ RunTime:0.000012s ]
INFO: Run Common\Behavior\InitHookBehavior [ RunTime:0.001237s ]
INFO: [ app_init ] --END-- [ RunTime:0.001344s ]
INFO: [ app_begin ] --START--
INFO: Run Behavior\ReadHtmlCacheBehavior [ RunTime:0.000334s ]
INFO: [ app_begin ] --END-- [ RunTime:0.000387s ]
SQL: SHOW COLUMNS FROM `ss_member` [ RunTime:0.0008s ]
SQL: SHOW COLUMNS FROM `ss_auth_group_access` [ RunTime:0.0004s ]
SQL: SELECT `rules` FROM ss_auth_group_access a INNER JOIN ss_auth_group g on a.group_id=g.id  WHERE ( a.uid='1' and g.status='1' )  [ RunTime:0.0001s ]
INFO: [ view_parse ] --START--
INFO: [ template_filter ] --START--
INFO: Run Behavior\ContentReplaceBehavior [ RunTime:0.000061s ]
INFO: [ template_filter ] --END-- [ RunTime:0.000139s ]
INFO: Run Behavior\ParseTemplateBehavior [ RunTime:0.004291s ]
INFO: [ view_parse ] --END-- [ RunTime:0.004343s ]
INFO: [ view_filter ] --START--
INFO: Run Behavior\WriteHtmlCacheBehavior [ RunTime:0.000103s ]
INFO: [ view_filter ] --END-- [ RunTime:0.000153s ]

[ 2017-02-18T23:22:39+08:00 ] 58.23.50.81 /admin.php?s=/Public/login.html
INFO: [ app_init ] --START--
INFO: Run Behavior\BuildLiteBehavior [ RunTime:0.000012s ]
INFO: Run Common\Behavior\InitHookBehavior [ RunTime:0.000937s ]
INFO: [ app_init ] --END-- [ RunTime:0.001030s ]
INFO: [ app_begin ] --START--
INFO: Run Behavior\ReadHtmlCacheBehavior [ RunTime:0.000283s ]
INFO: [ app_begin ] --END-- [ RunTime:0.000334s ]
INFO: [ view_parse ] --START--
INFO: [ template_filter ] --START--
INFO: Run Behavior\ContentReplaceBehavior [ RunTime:0.000053s ]
INFO: [ template_filter ] --END-- [ RunTime:0.000103s ]
INFO: Run Behavior\ParseTemplateBehavior [ RunTime:0.004798s ]
INFO: [ view_parse ] --END-- [ RunTime:0.004845s ]
INFO: [ view_filter ] --START--
INFO: Run Behavior\WriteHtmlCacheBehavior [ RunTime:0.000100s ]
INFO: [ view_filter ] --END-- [ RunTime:0.000148s ]
INFO: [ app_end ] --START--
INFO: Run Behavior\ShowPageTraceBehavior [ RunTime:0.000297s ]
INFO: [ app_end ] --END-- [ RunTime:0.000382s ]

[ 2017-02-18T23:25:13+08:00 ] 58.23.50.81 /admin.php?s=/Public/login.html
INFO: [ app_init ] --START--
INFO: Run Behavior\BuildLiteBehavior [ RunTime:0.000012s ]
INFO: Run Common\Behavior\InitHookBehavior [ RunTime:0.000916s ]
INFO: [ app_init ] --END-- [ RunTime:0.001009s ]
INFO: [ app_begin ] --START--
INFO: Run Behavior\ReadHtmlCacheBehavior [ RunTime:0.000294s ]
INFO: [ app_begin ] --END-- [ RunTime:0.000350s ]

[ 2017-02-18T23:25:13+08:00 ] 58.23.50.81 /admin.php?s=/Public/verify.html&random=0.5693313711304882
INFO: [ app_init ] --START--
INFO: Run Behavior\BuildLiteBehavior [ RunTime:0.000012s ]
INFO: Run Common\Behavior\InitHookBehavior [ RunTime:0.000940s ]
INFO: [ app_init ] --END-- [ RunTime:0.001030s ]
INFO: [ app_begin ] --START--
INFO: Run Behavior\ReadHtmlCacheBehavior [ RunTime:0.000322s ]
INFO: [ app_begin ] --END-- [ RunTime:0.000383s ]
INFO: [ app_end ] --START--
INFO: Run Behavior\ShowPageTraceBehavior [ RunTime:0.000335s ]
INFO: [ app_end ] --END-- [ RunTime:0.000423s ]

[ 2017-02-18T23:25:16+08:00 ] 58.23.50.81 /admin.php?s=/Public/login.html
INFO: [ app_init ] --START--
INFO: Run Behavior\BuildLiteBehavior [ RunTime:0.000013s ]
INFO: Run Common\Behavior\InitHookBehavior [ RunTime:0.000880s ]
INFO: [ app_init ] --END-- [ RunTime:0.000973s ]
INFO: [ app_begin ] --START--
INFO: Run Behavior\ReadHtmlCacheBehavior [ RunTime:0.000339s ]
INFO: [ app_begin ] --END-- [ RunTime:0.000396s ]
NOTIC: [8] Constant UC_AUTH_KEY already defined /data/newproject/Application/User/Conf/config.php 第 17 行.
NOTIC: [8] Undefined index: lite /data/newproject/ThinkPHP/Library/Think/Db.class.php 第 37 行.
SQL: SHOW COLUMNS FROM `ss_member` [ RunTime:0.0007s ]
SQL: SELECT `uid`,`nickname`,`sales_id`,`yonjin_rate`,`lixi_rate`,`yonjin_money`,`lixi_money`,`total_money`,`telephone`,`sex`,`login`,`reg_ip`,`reg_time`,`last_login_ip`,`last_login_time`,`sort`,`level`,`status` FROM `ss_member` WHERE `uid` = 1 LIMIT 1   [ RunTime:0.0003s ]
SQL: SHOW COLUMNS FROM `ss_action` [ RunTime:0.0004s ]
SQL: SELECT * FROM `ss_action` WHERE `name` = 'user_login' LIMIT 1   [ RunTime:0.0001s ]
SQL: SHOW COLUMNS FROM `ss_action_log` [ RunTime:0.0004s ]
SQL: INSERT INTO `ss_action_log` (`action_id`,`user_id`,`action_ip`,`model`,`record_id`,`create_time`,`remark`) VALUES ('1','1','974598737','member','1','1487431516','admin在2017-02-18 23:25登录了后台') [ RunTime:0.0003s ]
SQL: SELECT * FROM `ss_action` WHERE `name` = 'user_login' LIMIT 1   [ RunTime:0.0001s ]
NOTIC: [8] Undefined offset: 1 /data/newproject/Application/Common/Common/function.php 第 679 行.
NOTIC: [2] array_key_exists() expects parameter 2 to be array, null given /data/newproject/Application/Common/Common/function.php 第 679 行.
SQL: SELECT COUNT(*) AS tp_count FROM `ss_action_log` WHERE `action_id` = 1 AND `user_id` = 1 AND `create_time` > 1487345116 LIMIT 1   [ RunTime:0.0003s ]
SQL: UPDATE `ss_member` SET `login`=`login`+1,`last_login_time`='1487431516',`last_login_ip`='974598737' WHERE `uid` = 1 [ RunTime:0.0002s ]

[ 2017-02-18T23:25:16+08:00 ] 58.23.50.81 /admin.php?s=/User/index.html
INFO: [ app_init ] --START--
INFO: Run Behavior\BuildLiteBehavior [ RunTime:0.000012s ]
INFO: Run Common\Behavior\InitHookBehavior [ RunTime:0.000828s ]
INFO: [ app_init ] --END-- [ RunTime:0.000918s ]
INFO: [ app_begin ] --START--
INFO: Run Behavior\ReadHtmlCacheBehavior [ RunTime:0.000276s ]
INFO: [ app_begin ] --END-- [ RunTime:0.000326s ]
SQL: SHOW COLUMNS FROM `ss_menu` [ RunTime:0.0007s ]
SQL: SELECT `id`,`title`,`url` FROM `ss_menu` WHERE `pid` = 0 AND `hide` = 0 ORDER BY sort asc  [ RunTime:0.0004s ]
SQL: SELECT `pid` FROM `ss_menu` WHERE ( pid !=0 AND url like '%User/index%' ) LIMIT 1   [ RunTime:0.0003s ]
SQL: SELECT * FROM `ss_menu` WHERE `id` = 16 LIMIT 1   [ RunTime:0.0004s ]
SQL: SELECT DISTINCT  `group` FROM `ss_menu` WHERE `group` <> '' AND `pid` = 16  [ RunTime:0.0005s ]
SQL: SELECT `id`,`url` FROM `ss_menu` WHERE `pid` = 16 AND `hide` = 0  [ RunTime:0.0002s ]
SQL: SELECT `id`,`pid`,`title`,`url`,`tip` FROM `ss_menu` WHERE `group` = '营业管理' AND `pid` = 16 AND `hide` = 0 ORDER BY sort asc  [ RunTime:0.0003s ]
SQL: SELECT `id`,`pid`,`title`,`url`,`tip` FROM `ss_menu` WHERE `group` = '行为管理' AND `pid` = 16 AND `hide` = 0 ORDER BY sort asc  [ RunTime:0.0002s ]
SQL: SELECT `id`,`pid`,`title`,`url`,`tip` FROM `ss_menu` WHERE `group` = '用户管理' AND `pid` = 16 AND `hide` = 0 ORDER BY sort asc  [ RunTime:0.0003s ]
SQL: SHOW COLUMNS FROM `ss_member` [ RunTime:0.0006s ]
SQL: SELECT COUNT(*) AS tp_count FROM `ss_member` WHERE `status` >= 0 AND `nickname` LIKE '%%' LIMIT 1   [ RunTime:0.0003s ]
SQL: SELECT `uid`,`nickname`,`sales_id`,`yonjin_rate`,`lixi_rate`,`yonjin_money`,`lixi_money`,`total_money`,`telephone`,`sex`,`login`,`reg_ip`,`reg_time`,`last_login_ip`,`last_login_time`,`sort`,`level`,`status` FROM `ss_member` WHERE `status` >= 0 AND `nickname` LIKE '%%' ORDER BY sort desc LIMIT 0,10   [ RunTime:0.0003s ]
SQL: SHOW COLUMNS FROM `ss_user` [ RunTime:0.0006s ]
SQL: SHOW COLUMNS FROM `ss_sales` [ RunTime:0.0005s ]
SQL: SELECT `id`,`title` FROM `ss_sales`  [ RunTime:0.0002s ]
SQL: SHOW COLUMNS FROM `ss_member` [ RunTime:0.0005s ]
SQL: SELECT * FROM `ss_member` WHERE ( uid=1 ) LIMIT 1   [ RunTime:0.0002s ]
INFO: [ view_parse ] --START--
INFO: [ template_filter ] --START--
INFO: Run Behavior\ContentReplaceBehavior [ RunTime:0.000136s ]
INFO: [ template_filter ] --END-- [ RunTime:0.000189s ]
INFO: Run Behavior\ParseTemplateBehavior [ RunTime:0.016300s ]
INFO: [ view_parse ] --END-- [ RunTime:0.016353s ]
INFO: [ view_filter ] --START--
INFO: Run Behavior\WriteHtmlCacheBehavior [ RunTime:0.000106s ]
INFO: [ view_filter ] --END-- [ RunTime:0.000146s ]
INFO: [ app_end ] --START--
INFO: Run Behavior\ShowPageTraceBehavior [ RunTime:0.000284s ]
INFO: [ app_end ] --END-- [ RunTime:0.000330s ]

[ 2017-02-18T23:25:18+08:00 ] 58.23.50.81 /admin.php?s=/Config/group.html
INFO: [ app_init ] --START--
INFO: Run Behavior\BuildLiteBehavior [ RunTime:0.000013s ]
INFO: Run Common\Behavior\InitHookBehavior [ RunTime:0.000954s ]
INFO: [ app_init ] --END-- [ RunTime:0.001047s ]
INFO: [ app_begin ] --START--
INFO: Run Behavior\ReadHtmlCacheBehavior [ RunTime:0.000341s ]
INFO: [ app_begin ] --END-- [ RunTime:0.000392s ]
SQL: SHOW COLUMNS FROM `ss_menu` [ RunTime:0.0008s ]
SQL: SELECT `id`,`title`,`url` FROM `ss_menu` WHERE `pid` = 0 AND `hide` = 0 ORDER BY sort asc  [ RunTime:0.0001s ]
SQL: SELECT `pid` FROM `ss_menu` WHERE ( pid !=0 AND url like '%Config/group%' ) LIMIT 1   [ RunTime:0.0006s ]
SQL: SELECT * FROM `ss_menu` WHERE `id` = 68 LIMIT 1   [ RunTime:0.0002s ]
SQL: SELECT DISTINCT  `group` FROM `ss_menu` WHERE `group` <> '' AND `pid` = 68  [ RunTime:0.0005s ]
SQL: SELECT `id`,`url` FROM `ss_menu` WHERE `pid` = 68 AND `hide` = 0  [ RunTime:0.0003s ]
SQL: SELECT `id`,`pid`,`title`,`url`,`tip` FROM `ss_menu` WHERE `group` = '系统设置' AND `pid` = 68 AND `hide` = 0 ORDER BY sort asc  [ RunTime:0.0003s ]
SQL: SELECT `id`,`pid`,`title`,`url`,`tip` FROM `ss_menu` WHERE `group` = '数据备份' AND `pid` = 68 AND `hide` = 0 ORDER BY sort asc  [ RunTime:0.0003s ]
SQL: SHOW COLUMNS FROM `ss_config` [ RunTime:0.0005s ]
SQL: SELECT `id`,`name`,`title`,`extra`,`value`,`remark`,`type` FROM `ss_config` WHERE `status` = 1 AND `group` = 1 ORDER BY sort  [ RunTime:0.0003s ]
INFO: [ view_parse ] --START--
INFO: [ template_filter ] --START--
INFO: Run Behavior\ContentReplaceBehavior [ RunTime:0.000122s ]
INFO: [ template_filter ] --END-- [ RunTime:0.000176s ]
INFO: Run Behavior\ParseTemplateBehavior [ RunTime:0.016576s ]
INFO: [ view_parse ] --END-- [ RunTime:0.016630s ]
INFO: [ view_filter ] --START--
INFO: Run Behavior\WriteHtmlCacheBehavior [ RunTime:0.000111s ]
INFO: [ view_filter ] --END-- [ RunTime:0.000150s ]
INFO: [ app_end ] --START--
INFO: Run Behavior\ShowPageTraceBehavior [ RunTime:0.000304s ]
INFO: [ app_end ] --END-- [ RunTime:0.000379s ]

[ 2017-02-18T23:25:23+08:00 ] 58.23.50.81 /admin.php?s=/Config/index.html
INFO: [ app_init ] --START--
INFO: Run Behavior\BuildLiteBehavior [ RunTime:0.000012s ]
INFO: Run Common\Behavior\InitHookBehavior [ RunTime:0.000849s ]
INFO: [ app_init ] --END-- [ RunTime:0.000958s ]
INFO: [ app_begin ] --START--
INFO: Run Behavior\ReadHtmlCacheBehavior [ RunTime:0.000283s ]
INFO: [ app_begin ] --END-- [ RunTime:0.000332s ]
SQL: SHOW COLUMNS FROM `ss_menu` [ RunTime:0.0007s ]
SQL: SELECT `id`,`title`,`url` FROM `ss_menu` WHERE `pid` = 0 AND `hide` = 0 ORDER BY sort asc  [ RunTime:0.0001s ]
SQL: SELECT `pid` FROM `ss_menu` WHERE ( pid !=0 AND url like '%Config/index%' ) LIMIT 1   [ RunTime:0.0004s ]
SQL: SELECT * FROM `ss_menu` WHERE `id` = 68 LIMIT 1   [ RunTime:0.0001s ]
SQL: SELECT DISTINCT  `group` FROM `ss_menu` WHERE `group` <> '' AND `pid` = 68  [ RunTime:0.0001s ]
SQL: SELECT `id`,`url` FROM `ss_menu` WHERE `pid` = 68 AND `hide` = 0  [ RunTime:0.0001s ]
SQL: SELECT `id`,`pid`,`title`,`url`,`tip` FROM `ss_menu` WHERE `group` = '系统设置' AND `pid` = 68 AND `hide` = 0 ORDER BY sort asc  [ RunTime:0.0001s ]
SQL: SELECT `id`,`pid`,`title`,`url`,`tip` FROM `ss_menu` WHERE `group` = '数据备份' AND `pid` = 68 AND `hide` = 0 ORDER BY sort asc  [ RunTime:0.0001s ]
SQL: SHOW COLUMNS FROM `ss_config` [ RunTime:0.0005s ]
SQL: SELECT COUNT(*) AS tp_count FROM `ss_config` WHERE `status` = 1 LIMIT 1   [ RunTime:0.0002s ]
SQL: SELECT `id`,`name`,`type`,`title`,`group`,`extra`,`remark`,`create_time`,`update_time`,`status`,`value`,`sort` FROM `ss_config` WHERE `status` = 1 ORDER BY sort,id LIMIT 0,10   [ RunTime:0.0003s ]
INFO: [ view_parse ] --START--
INFO: [ template_filter ] --START--
INFO: Run Behavior\ContentReplaceBehavior [ RunTime:0.000111s ]
INFO: [ template_filter ] --END-- [ RunTime:0.000158s ]
INFO: Run Behavior\ParseTemplateBehavior [ RunTime:0.016426s ]
INFO: [ view_parse ] --END-- [ RunTime:0.016476s ]
INFO: [ view_filter ] --START--
INFO: Run Behavior\WriteHtmlCacheBehavior [ RunTime:0.000108s ]
INFO: [ view_filter ] --END-- [ RunTime:0.000147s ]
INFO: [ app_end ] --START--
INFO: Run Behavior\ShowPageTraceBehavior [ RunTime:0.000289s ]
INFO: [ app_end ] --END-- [ RunTime:0.000333s ]

[ 2017-02-18T23:25:26+08:00 ] 58.23.50.81 /admin.php?s=/Config/index/p/2.html
INFO: [ app_init ] --START--
INFO: Run Behavior\BuildLiteBehavior [ RunTime:0.000012s ]
INFO: Run Common\Behavior\InitHookBehavior [ RunTime:0.000864s ]
INFO: [ app_init ] --END-- [ RunTime:0.000957s ]
INFO: [ app_begin ] --START--
INFO: Run Behavior\ReadHtmlCacheBehavior [ RunTime:0.000280s ]
INFO: [ app_begin ] --END-- [ RunTime:0.000330s ]
SQL: SHOW COLUMNS FROM `ss_menu` [ RunTime:0.0008s ]
SQL: SELECT `id`,`title`,`url` FROM `ss_menu` WHERE `pid` = 0 AND `hide` = 0 ORDER BY sort asc  [ RunTime:0.0001s ]
SQL: SELECT `pid` FROM `ss_menu` WHERE ( pid !=0 AND url like '%Config/index%' ) LIMIT 1   [ RunTime:0.0001s ]
SQL: SELECT * FROM `ss_menu` WHERE `id` = 68 LIMIT 1   [ RunTime:0.0001s ]
SQL: SELECT DISTINCT  `group` FROM `ss_menu` WHERE `group` <> '' AND `pid` = 68  [ RunTime:0.0001s ]
SQL: SELECT `id`,`url` FROM `ss_menu` WHERE `pid` = 68 AND `hide` = 0  [ RunTime:0.0001s ]
SQL: SELECT `id`,`pid`,`title`,`url`,`tip` FROM `ss_menu` WHERE `group` = '系统设置' AND `pid` = 68 AND `hide` = 0 ORDER BY sort asc  [ RunTime:0.0001s ]
SQL: SELECT `id`,`pid`,`title`,`url`,`tip` FROM `ss_menu` WHERE `group` = '数据备份' AND `pid` = 68 AND `hide` = 0 ORDER BY sort asc  [ RunTime:0.0001s ]
SQL: SHOW COLUMNS FROM `ss_config` [ RunTime:0.0005s ]
SQL: SELECT COUNT(*) AS tp_count FROM `ss_config` WHERE `status` = 1 LIMIT 1   [ RunTime:0.0002s ]
SQL: SELECT `id`,`name`,`type`,`title`,`group`,`extra`,`remark`,`create_time`,`update_time`,`status`,`value`,`sort` FROM `ss_config` WHERE `status` = 1 ORDER BY sort,id LIMIT 10,10   [ RunTime:0.0007s ]
INFO: [ view_parse ] --START--
INFO: [ template_filter ] --START--
INFO: Run Behavior\ContentReplaceBehavior [ RunTime:0.000135s ]
INFO: [ template_filter ] --END-- [ RunTime:0.000188s ]
INFO: Run Behavior\ParseTemplateBehavior [ RunTime:0.016892s ]
INFO: [ view_parse ] --END-- [ RunTime:0.016946s ]
INFO: [ view_filter ] --START--
INFO: Run Behavior\WriteHtmlCacheBehavior [ RunTime:0.000107s ]
INFO: [ view_filter ] --END-- [ RunTime:0.000147s ]
INFO: [ app_end ] --START--
INFO: Run Behavior\ShowPageTraceBehavior [ RunTime:0.000290s ]
INFO: [ app_end ] --END-- [ RunTime:0.000335s ]

[ 2017-02-18T23:25:28+08:00 ] 58.23.50.81 /admin.php?s=/Config/edit/id/46.html
INFO: [ app_init ] --START--
INFO: Run Behavior\BuildLiteBehavior [ RunTime:0.000014s ]
INFO: Run Common\Behavior\InitHookBehavior [ RunTime:0.000893s ]
INFO: [ app_init ] --END-- [ RunTime:0.000988s ]
INFO: [ app_begin ] --START--
INFO: Run Behavior\ReadHtmlCacheBehavior [ RunTime:0.000281s ]
INFO: [ app_begin ] --END-- [ RunTime:0.000331s ]
SQL: SHOW COLUMNS FROM `ss_menu` [ RunTime:0.0007s ]
SQL: SELECT `id`,`title`,`url` FROM `ss_menu` WHERE `pid` = 0 AND `hide` = 0 ORDER BY sort asc  [ RunTime:0.0001s ]
SQL: SELECT `pid` FROM `ss_menu` WHERE ( pid !=0 AND url like '%Config/edit%' ) LIMIT 1   [ RunTime:0.0007s ]
SQL: SELECT * FROM `ss_menu` WHERE `id` = 70 LIMIT 1   [ RunTime:0.0002s ]
SQL: SELECT * FROM `ss_menu` WHERE `id` = 68 LIMIT 1   [ RunTime:0.0001s ]
SQL: SELECT DISTINCT  `group` FROM `ss_menu` WHERE `group` <> '' AND `pid` = 68  [ RunTime:0.0001s ]
SQL: SELECT `id`,`url` FROM `ss_menu` WHERE `pid` = 68 AND `hide` = 0  [ RunTime:0.0001s ]
SQL: SELECT `id`,`pid`,`title`,`url`,`tip` FROM `ss_menu` WHERE `group` = '系统设置' AND `pid` = 68 AND `hide` = 0 ORDER BY sort asc  [ RunTime:0.0002s ]
SQL: SELECT `id`,`pid`,`title`,`url`,`tip` FROM `ss_menu` WHERE `group` = '数据备份' AND `pid` = 68 AND `hide` = 0 ORDER BY sort asc  [ RunTime:0.0001s ]
SQL: SHOW COLUMNS FROM `ss_config` [ RunTime:0.0005s ]
SQL: SELECT `id`,`name`,`type`,`title`,`group`,`extra`,`remark`,`create_time`,`update_time`,`status`,`value`,`sort` FROM `ss_config` WHERE `id` = 46 LIMIT 1   [ RunTime:0.0003s ]
INFO: [ view_parse ] --START--
INFO: [ template_filter ] --START--
INFO: Run Behavior\ContentReplaceBehavior [ RunTime:0.000116s ]
INFO: [ template_filter ] --END-- [ RunTime:0.000165s ]
INFO: Run Behavior\ParseTemplateBehavior [ RunTime:0.015755s ]
INFO: [ view_parse ] --END-- [ RunTime:0.015806s ]
INFO: [ view_filter ] --START--
INFO: Run Behavior\WriteHtmlCacheBehavior [ RunTime:0.000110s ]
INFO: [ view_filter ] --END-- [ RunTime:0.000150s ]
INFO: [ app_end ] --START--
INFO: Run Behavior\ShowPageTraceBehavior [ RunTime:0.000308s ]
INFO: [ app_end ] --END-- [ RunTime:0.000352s ]

[ 2017-02-18T23:25:33+08:00 ] 58.23.50.81 /admin.php?s=/Config/edit.html
INFO: [ app_init ] --START--
INFO: Run Behavior\BuildLiteBehavior [ RunTime:0.000013s ]
INFO: Run Common\Behavior\InitHookBehavior [ RunTime:0.000901s ]
INFO: [ app_init ] --END-- [ RunTime:0.001010s ]
INFO: [ app_begin ] --START--
INFO: Run Behavior\ReadHtmlCacheBehavior [ RunTime:0.000290s ]
INFO: [ app_begin ] --END-- [ RunTime:0.000336s ]
SQL: SHOW COLUMNS FROM `ss_menu` [ RunTime:0.0008s ]
SQL: SELECT `id`,`title`,`url` FROM `ss_menu` WHERE `pid` = 0 AND `hide` = 0 ORDER BY sort asc  [ RunTime:0.0001s ]
SQL: SELECT `pid` FROM `ss_menu` WHERE ( pid !=0 AND url like '%Config/edit%' ) LIMIT 1   [ RunTime:0.0001s ]
SQL: SELECT * FROM `ss_menu` WHERE `id` = 70 LIMIT 1   [ RunTime:0.0001s ]
SQL: SELECT * FROM `ss_menu` WHERE `id` = 68 LIMIT 1   [ RunTime:0.0001s ]
SQL: SELECT DISTINCT  `group` FROM `ss_menu` WHERE `group` <> '' AND `pid` = 68  [ RunTime:0.0001s ]
SQL: SELECT `id`,`url` FROM `ss_menu` WHERE `pid` = 68 AND `hide` = 0  [ RunTime:0.0001s ]
SQL: SELECT `id`,`pid`,`title`,`url`,`tip` FROM `ss_menu` WHERE `group` = '系统设置' AND `pid` = 68 AND `hide` = 0 ORDER BY sort asc  [ RunTime:0.0001s ]
SQL: SELECT `id`,`pid`,`title`,`url`,`tip` FROM `ss_menu` WHERE `group` = '数据备份' AND `pid` = 68 AND `hide` = 0 ORDER BY sort asc  [ RunTime:0.0001s ]
SQL: SHOW COLUMNS FROM `ss_config` [ RunTime:0.0006s ]
SQL: SELECT * FROM `ss_config` WHERE `name` = 'SESSION_TIME' AND `id` <> '46' LIMIT 1   [ RunTime:0.0003s ]
SQL: UPDATE `ss_config` SET `name`='SESSION_TIME',`title`='系统锁屏时间(秒)',`sort`='0',`type`='0',`group`='0',`value`='1200',`extra`='',`remark`='规定值时间内系统无人操作就会自动退出。要操作系统得重新登录',`update_time`='1487431533',`status`='1' WHERE `id` = 46 [ RunTime:0.0003s ]
SQL: SHOW COLUMNS FROM `ss_action` [ RunTime:0.0005s ]
SQL: SELECT * FROM `ss_action` WHERE `name` = 'update_config' LIMIT 1   [ RunTime:0.0002s ]
SQL: SHOW COLUMNS FROM `ss_action_log` [ RunTime:0.0005s ]
SQL: INSERT INTO `ss_action_log` (`action_id`,`user_id`,`action_ip`,`model`,`record_id`,`create_time`,`remark`) VALUES ('6','1','974598737','config','46','1487431533','操作url：/admin.php?s=/Config/edit.html') [ RunTime:0.0003s ]

[ 2017-02-18T23:25:35+08:00 ] 58.23.50.81 /admin.php?s=/Config/index/p/2.html
INFO: [ app_init ] --START--
INFO: Run Behavior\BuildLiteBehavior [ RunTime:0.000017s ]
INFO: Run Common\Behavior\InitHookBehavior [ RunTime:0.000970s ]
INFO: [ app_init ] --END-- [ RunTime:0.001085s ]
INFO: [ app_begin ] --START--
INFO: Run Behavior\ReadHtmlCacheBehavior [ RunTime:0.000340s ]
INFO: [ app_begin ] --END-- [ RunTime:0.000407s ]
SQL: SHOW COLUMNS FROM `ss_config` [ RunTime:0.0008s ]
SQL: SELECT `type`,`name`,`value` FROM `ss_config` WHERE `status` = 1  [ RunTime:0.0004s ]
SQL: SHOW COLUMNS FROM `ss_menu` [ RunTime:0.0005s ]
SQL: SELECT `id`,`title`,`url` FROM `ss_menu` WHERE `pid` = 0 AND `hide` = 0 ORDER BY sort asc  [ RunTime:0.0001s ]
SQL: SELECT `pid` FROM `ss_menu` WHERE ( pid !=0 AND url like '%Config/index%' ) LIMIT 1   [ RunTime:0.0001s ]
SQL: SELECT * FROM `ss_menu` WHERE `id` = 68 LIMIT 1   [ RunTime:0.0001s ]
SQL: SELECT DISTINCT  `group` FROM `ss_menu` WHERE `group` <> '' AND `pid` = 68  [ RunTime:0.0002s ]
SQL: SELECT `id`,`url` FROM `ss_menu` WHERE `pid` = 68 AND `hide` = 0  [ RunTime:0.0001s ]
SQL: SELECT `id`,`pid`,`title`,`url`,`tip` FROM `ss_menu` WHERE `group` = '系统设置' AND `pid` = 68 AND `hide` = 0 ORDER BY sort asc  [ RunTime:0.0001s ]
SQL: SELECT `id`,`pid`,`title`,`url`,`tip` FROM `ss_menu` WHERE `group` = '数据备份' AND `pid` = 68 AND `hide` = 0 ORDER BY sort asc  [ RunTime:0.0002s ]
SQL: SELECT COUNT(*) AS tp_count FROM `ss_config` WHERE `status` = 1 LIMIT 1   [ RunTime:0.0003s ]
SQL: SELECT `id`,`name`,`type`,`title`,`group`,`extra`,`remark`,`create_time`,`update_time`,`status`,`value`,`sort` FROM `ss_config` WHERE `status` = 1 ORDER BY sort,id LIMIT 10,10   [ RunTime:0.0003s ]
INFO: [ view_parse ] --START--
INFO: [ template_filter ] --START--
INFO: Run Behavior\ContentReplaceBehavior [ RunTime:0.000107s ]
INFO: [ template_filter ] --END-- [ RunTime:0.000155s ]
INFO: Run Behavior\ParseTemplateBehavior [ RunTime:0.017219s ]
INFO: [ view_parse ] --END-- [ RunTime:0.017268s ]
INFO: [ view_filter ] --START--
INFO: Run Behavior\WriteHtmlCacheBehavior [ RunTime:0.000104s ]
INFO: [ view_filter ] --END-- [ RunTime:0.000144s ]
INFO: [ app_end ] --START--
INFO: Run Behavior\ShowPageTraceBehavior [ RunTime:0.000356s ]
INFO: [ app_end ] --END-- [ RunTime:0.000416s ]

[ 2017-02-18T23:25:38+08:00 ] 58.23.50.81 /admin.php?s=/Config/edit/id/46.html
INFO: [ app_init ] --START--
INFO: Run Behavior\BuildLiteBehavior [ RunTime:0.000012s ]
INFO: Run Common\Behavior\InitHookBehavior [ RunTime:0.000900s ]
INFO: [ app_init ] --END-- [ RunTime:0.001002s ]
INFO: [ app_begin ] --START--
INFO: Run Behavior\ReadHtmlCacheBehavior [ RunTime:0.000312s ]
INFO: [ app_begin ] --END-- [ RunTime:0.000367s ]
SQL: SHOW COLUMNS FROM `ss_menu` [ RunTime:0.0007s ]
SQL: SELECT `id`,`title`,`url` FROM `ss_menu` WHERE `pid` = 0 AND `hide` = 0 ORDER BY sort asc  [ RunTime:0.0001s ]
SQL: SELECT `pid` FROM `ss_menu` WHERE ( pid !=0 AND url like '%Config/edit%' ) LIMIT 1   [ RunTime:0.0001s ]
SQL: SELECT * FROM `ss_menu` WHERE `id` = 70 LIMIT 1   [ RunTime:0.0001s ]
SQL: SELECT * FROM `ss_menu` WHERE `id` = 68 LIMIT 1   [ RunTime:0.0001s ]
SQL: SELECT DISTINCT  `group` FROM `ss_menu` WHERE `group` <> '' AND `pid` = 68  [ RunTime:0.0001s ]
SQL: SELECT `id`,`url` FROM `ss_menu` WHERE `pid` = 68 AND `hide` = 0  [ RunTime:0.0001s ]
SQL: SELECT `id`,`pid`,`title`,`url`,`tip` FROM `ss_menu` WHERE `group` = '系统设置' AND `pid` = 68 AND `hide` = 0 ORDER BY sort asc  [ RunTime:0.0001s ]
SQL: SELECT `id`,`pid`,`title`,`url`,`tip` FROM `ss_menu` WHERE `group` = '数据备份' AND `pid` = 68 AND `hide` = 0 ORDER BY sort asc  [ RunTime:0.0001s ]
SQL: SHOW COLUMNS FROM `ss_config` [ RunTime:0.0005s ]
SQL: SELECT `id`,`name`,`type`,`title`,`group`,`extra`,`remark`,`create_time`,`update_time`,`status`,`value`,`sort` FROM `ss_config` WHERE `id` = 46 LIMIT 1   [ RunTime:0.0004s ]
INFO: [ view_parse ] --START--
INFO: [ template_filter ] --START--
INFO: Run Behavior\ContentReplaceBehavior [ RunTime:0.000108s ]
INFO: [ template_filter ] --END-- [ RunTime:0.000155s ]
INFO: Run Behavior\ParseTemplateBehavior [ RunTime:0.015258s ]
INFO: [ view_parse ] --END-- [ RunTime:0.015305s ]
INFO: [ view_filter ] --START--
INFO: Run Behavior\WriteHtmlCacheBehavior [ RunTime:0.000105s ]
INFO: [ view_filter ] --END-- [ RunTime:0.000145s ]
INFO: [ app_end ] --START--
INFO: Run Behavior\ShowPageTraceBehavior [ RunTime:0.000323s ]
INFO: [ app_end ] --END-- [ RunTime:0.000379s ]

[ 2017-02-18T23:25:42+08:00 ] 58.23.50.81 /admin.php?s=/Config/edit.html
INFO: [ app_init ] --START--
INFO: Run Behavior\BuildLiteBehavior [ RunTime:0.000012s ]
INFO: Run Common\Behavior\InitHookBehavior [ RunTime:0.000850s ]
INFO: [ app_init ] --END-- [ RunTime:0.000980s ]
INFO: [ app_begin ] --START--
INFO: Run Behavior\ReadHtmlCacheBehavior [ RunTime:0.000313s ]
INFO: [ app_begin ] --END-- [ RunTime:0.000366s ]
SQL: SHOW COLUMNS FROM `ss_menu` [ RunTime:0.0007s ]
SQL: SELECT `id`,`title`,`url` FROM `ss_menu` WHERE `pid` = 0 AND `hide` = 0 ORDER BY sort asc  [ RunTime:0.0001s ]
SQL: SELECT `pid` FROM `ss_menu` WHERE ( pid !=0 AND url like '%Config/edit%' ) LIMIT 1   [ RunTime:0.0001s ]
SQL: SELECT * FROM `ss_menu` WHERE `id` = 70 LIMIT 1   [ RunTime:0.0001s ]
SQL: SELECT * FROM `ss_menu` WHERE `id` = 68 LIMIT 1   [ RunTime:0.0001s ]
SQL: SELECT DISTINCT  `group` FROM `ss_menu` WHERE `group` <> '' AND `pid` = 68  [ RunTime:0.0001s ]
SQL: SELECT `id`,`url` FROM `ss_menu` WHERE `pid` = 68 AND `hide` = 0  [ RunTime:0.0001s ]
SQL: SELECT `id`,`pid`,`title`,`url`,`tip` FROM `ss_menu` WHERE `group` = '系统设置' AND `pid` = 68 AND `hide` = 0 ORDER BY sort asc  [ RunTime:0.0001s ]
SQL: SELECT `id`,`pid`,`title`,`url`,`tip` FROM `ss_menu` WHERE `group` = '数据备份' AND `pid` = 68 AND `hide` = 0 ORDER BY sort asc  [ RunTime:0.0001s ]
SQL: SHOW COLUMNS FROM `ss_config` [ RunTime:0.0005s ]
SQL: SELECT * FROM `ss_config` WHERE `name` = 'SESSION_TIME' AND `id` <> '46' LIMIT 1   [ RunTime:0.0003s ]
SQL: UPDATE `ss_config` SET `name`='SESSION_TIME',`title`='系统锁屏时间(秒)',`sort`='0',`type`='0',`group`='0',`value`='1201',`extra`='',`remark`='规定值时间内系统无人操作就会自动退出。要操作系统得重新登录',`update_time`='1487431542',`status`='1' WHERE `id` = 46 [ RunTime:0.0003s ]
SQL: SHOW COLUMNS FROM `ss_action` [ RunTime:0.0005s ]
SQL: SELECT * FROM `ss_action` WHERE `name` = 'update_config' LIMIT 1   [ RunTime:0.0001s ]
SQL: SHOW COLUMNS FROM `ss_action_log` [ RunTime:0.0005s ]
SQL: INSERT INTO `ss_action_log` (`action_id`,`user_id`,`action_ip`,`model`,`record_id`,`create_time`,`remark`) VALUES ('6','1','974598737','config','46','1487431542','操作url：/admin.php?s=/Config/edit.html') [ RunTime:0.0003s ]

[ 2017-02-18T23:25:43+08:00 ] 58.23.50.81 /admin.php?s=/Config/index/p/2.html
INFO: [ app_init ] --START--
INFO: Run Behavior\BuildLiteBehavior [ RunTime:0.000013s ]
INFO: Run Common\Behavior\InitHookBehavior [ RunTime:0.000870s ]
INFO: [ app_init ] --END-- [ RunTime:0.000968s ]
INFO: [ app_begin ] --START--
INFO: Run Behavior\ReadHtmlCacheBehavior [ RunTime:0.000319s ]
INFO: [ app_begin ] --END-- [ RunTime:0.000383s ]
SQL: SHOW COLUMNS FROM `ss_config` [ RunTime:0.0007s ]
SQL: SELECT `type`,`name`,`value` FROM `ss_config` WHERE `status` = 1  [ RunTime:0.0004s ]
SQL: SHOW COLUMNS FROM `ss_menu` [ RunTime:0.0005s ]
SQL: SELECT `id`,`title`,`url` FROM `ss_menu` WHERE `pid` = 0 AND `hide` = 0 ORDER BY sort asc  [ RunTime:0.0002s ]
SQL: SELECT `pid` FROM `ss_menu` WHERE ( pid !=0 AND url like '%Config/index%' ) LIMIT 1   [ RunTime:0.0001s ]
SQL: SELECT * FROM `ss_menu` WHERE `id` = 68 LIMIT 1   [ RunTime:0.0001s ]
SQL: SELECT DISTINCT  `group` FROM `ss_menu` WHERE `group` <> '' AND `pid` = 68  [ RunTime:0.0001s ]
SQL: SELECT `id`,`url` FROM `ss_menu` WHERE `pid` = 68 AND `hide` = 0  [ RunTime:0.0002s ]
SQL: SELECT `id`,`pid`,`title`,`url`,`tip` FROM `ss_menu` WHERE `group` = '系统设置' AND `pid` = 68 AND `hide` = 0 ORDER BY sort asc  [ RunTime:0.0001s ]
SQL: SELECT `id`,`pid`,`title`,`url`,`tip` FROM `ss_menu` WHERE `group` = '数据备份' AND `pid` = 68 AND `hide` = 0 ORDER BY sort asc  [ RunTime:0.0001s ]
SQL: SELECT COUNT(*) AS tp_count FROM `ss_config` WHERE `status` = 1 LIMIT 1   [ RunTime:0.0004s ]
SQL: SELECT `id`,`name`,`type`,`title`,`group`,`extra`,`remark`,`create_time`,`update_time`,`status`,`value`,`sort` FROM `ss_config` WHERE `status` = 1 ORDER BY sort,id LIMIT 10,10   [ RunTime:0.0003s ]
INFO: [ view_parse ] --START--
INFO: [ template_filter ] --START--
INFO: Run Behavior\ContentReplaceBehavior [ RunTime:0.000115s ]
INFO: [ template_filter ] --END-- [ RunTime:0.000166s ]
INFO: Run Behavior\ParseTemplateBehavior [ RunTime:0.016750s ]
INFO: [ view_parse ] --END-- [ RunTime:0.016811s ]
INFO: [ view_filter ] --START--
INFO: Run Behavior\WriteHtmlCacheBehavior [ RunTime:0.000118s ]
INFO: [ view_filter ] --END-- [ RunTime:0.000158s ]
INFO: [ app_end ] --START--
INFO: Run Behavior\ShowPageTraceBehavior [ RunTime:0.000334s ]
INFO: [ app_end ] --END-- [ RunTime:0.000395s ]

[ 2017-02-18T23:25:46+08:00 ] 58.23.50.81 /admin.php?s=/Config/edit/id/46.html
INFO: [ app_init ] --START--
INFO: Run Behavior\BuildLiteBehavior [ RunTime:0.000012s ]
INFO: Run Common\Behavior\InitHookBehavior [ RunTime:0.000905s ]
INFO: [ app_init ] --END-- [ RunTime:0.000998s ]
INFO: [ app_begin ] --START--
INFO: Run Behavior\ReadHtmlCacheBehavior [ RunTime:0.000296s ]
INFO: [ app_begin ] --END-- [ RunTime:0.000346s ]
SQL: SHOW COLUMNS FROM `ss_menu` [ RunTime:0.0007s ]
SQL: SELECT `id`,`title`,`url` FROM `ss_menu` WHERE `pid` = 0 AND `hide` = 0 ORDER BY sort asc  [ RunTime:0.0001s ]
SQL: SELECT `pid` FROM `ss_menu` WHERE ( pid !=0 AND url like '%Config/edit%' ) LIMIT 1   [ RunTime:0.0001s ]
SQL: SELECT * FROM `ss_menu` WHERE `id` = 70 LIMIT 1   [ RunTime:0.0001s ]
SQL: SELECT * FROM `ss_menu` WHERE `id` = 68 LIMIT 1   [ RunTime:0.0001s ]
SQL: SELECT DISTINCT  `group` FROM `ss_menu` WHERE `group` <> '' AND `pid` = 68  [ RunTime:0.0001s ]
SQL: SELECT `id`,`url` FROM `ss_menu` WHERE `pid` = 68 AND `hide` = 0  [ RunTime:0.0001s ]
SQL: SELECT `id`,`pid`,`title`,`url`,`tip` FROM `ss_menu` WHERE `group` = '系统设置' AND `pid` = 68 AND `hide` = 0 ORDER BY sort asc  [ RunTime:0.0001s ]
SQL: SELECT `id`,`pid`,`title`,`url`,`tip` FROM `ss_menu` WHERE `group` = '数据备份' AND `pid` = 68 AND `hide` = 0 ORDER BY sort asc  [ RunTime:0.0001s ]
SQL: SHOW COLUMNS FROM `ss_config` [ RunTime:0.0006s ]
SQL: SELECT `id`,`name`,`type`,`title`,`group`,`extra`,`remark`,`create_time`,`update_time`,`status`,`value`,`sort` FROM `ss_config` WHERE `id` = 46 LIMIT 1   [ RunTime:0.0003s ]
INFO: [ view_parse ] --START--
INFO: [ template_filter ] --START--
INFO: Run Behavior\ContentReplaceBehavior [ RunTime:0.000116s ]
INFO: [ template_filter ] --END-- [ RunTime:0.000163s ]
INFO: Run Behavior\ParseTemplateBehavior [ RunTime:0.014344s ]
INFO: [ view_parse ] --END-- [ RunTime:0.014392s ]
INFO: [ view_filter ] --START--
INFO: Run Behavior\WriteHtmlCacheBehavior [ RunTime:0.000114s ]
INFO: [ view_filter ] --END-- [ RunTime:0.000154s ]
INFO: [ app_end ] --START--
INFO: Run Behavior\ShowPageTraceBehavior [ RunTime:0.000295s ]
INFO: [ app_end ] --END-- [ RunTime:0.000339s ]

[ 2017-02-18T23:25:49+08:00 ] 58.23.50.81 /admin.php?s=/Config/edit.html
INFO: [ app_init ] --START--
INFO: Run Behavior\BuildLiteBehavior [ RunTime:0.000012s ]
INFO: Run Common\Behavior\InitHookBehavior [ RunTime:0.000849s ]
INFO: [ app_init ] --END-- [ RunTime:0.000959s ]
INFO: [ app_begin ] --START--
INFO: Run Behavior\ReadHtmlCacheBehavior [ RunTime:0.000322s ]
INFO: [ app_begin ] --END-- [ RunTime:0.000369s ]
SQL: SHOW COLUMNS FROM `ss_menu` [ RunTime:0.0008s ]
SQL: SELECT `id`,`title`,`url` FROM `ss_menu` WHERE `pid` = 0 AND `hide` = 0 ORDER BY sort asc  [ RunTime:0.0001s ]
SQL: SELECT `pid` FROM `ss_menu` WHERE ( pid !=0 AND url like '%Config/edit%' ) LIMIT 1   [ RunTime:0.0001s ]
SQL: SELECT * FROM `ss_menu` WHERE `id` = 70 LIMIT 1   [ RunTime:0.0001s ]
SQL: SELECT * FROM `ss_menu` WHERE `id` = 68 LIMIT 1   [ RunTime:0.0001s ]
SQL: SELECT DISTINCT  `group` FROM `ss_menu` WHERE `group` <> '' AND `pid` = 68  [ RunTime:0.0001s ]
SQL: SELECT `id`,`url` FROM `ss_menu` WHERE `pid` = 68 AND `hide` = 0  [ RunTime:0.0001s ]
SQL: SELECT `id`,`pid`,`title`,`url`,`tip` FROM `ss_menu` WHERE `group` = '系统设置' AND `pid` = 68 AND `hide` = 0 ORDER BY sort asc  [ RunTime:0.0001s ]
SQL: SELECT `id`,`pid`,`title`,`url`,`tip` FROM `ss_menu` WHERE `group` = '数据备份' AND `pid` = 68 AND `hide` = 0 ORDER BY sort asc  [ RunTime:0.0001s ]
SQL: SHOW COLUMNS FROM `ss_config` [ RunTime:0.0005s ]
SQL: SELECT * FROM `ss_config` WHERE `name` = 'SESSION_TIME' AND `id` <> '46' LIMIT 1   [ RunTime:0.0003s ]
SQL: UPDATE `ss_config` SET `name`='SESSION_TIME',`title`='系统锁屏时间(秒)',`sort`='0',`type`='0',`group`='0',`value`='1200',`extra`='',`remark`='规定值时间内系统无人操作就会自动退出。要操作系统得重新登录',`update_time`='1487431549',`status`='1' WHERE `id` = 46 [ RunTime:0.0004s ]
SQL: SHOW COLUMNS FROM `ss_action` [ RunTime:0.0004s ]
SQL: SELECT * FROM `ss_action` WHERE `name` = 'update_config' LIMIT 1   [ RunTime:0.0001s ]
SQL: SHOW COLUMNS FROM `ss_action_log` [ RunTime:0.0004s ]
SQL: INSERT INTO `ss_action_log` (`action_id`,`user_id`,`action_ip`,`model`,`record_id`,`create_time`,`remark`) VALUES ('6','1','974598737','config','46','1487431549','操作url：/admin.php?s=/Config/edit.html') [ RunTime:0.0002s ]

[ 2017-02-18T23:25:52+08:00 ] 58.23.50.81 /admin.php?s=/Config/index/p/2.html
INFO: [ app_init ] --START--
INFO: Run Behavior\BuildLiteBehavior [ RunTime:0.000012s ]
INFO: Run Common\Behavior\InitHookBehavior [ RunTime:0.001000s ]
INFO: [ app_init ] --END-- [ RunTime:0.001106s ]
INFO: [ app_begin ] --START--
INFO: Run Behavior\ReadHtmlCacheBehavior [ RunTime:0.000361s ]
INFO: [ app_begin ] --END-- [ RunTime:0.000412s ]
SQL: SHOW COLUMNS FROM `ss_config` [ RunTime:0.0008s ]
SQL: SELECT `type`,`name`,`value` FROM `ss_config` WHERE `status` = 1  [ RunTime:0.0003s ]
SQL: SHOW COLUMNS FROM `ss_menu` [ RunTime:0.0006s ]
SQL: SELECT `id`,`title`,`url` FROM `ss_menu` WHERE `pid` = 0 AND `hide` = 0 ORDER BY sort asc  [ RunTime:0.0001s ]
SQL: SELECT `pid` FROM `ss_menu` WHERE ( pid !=0 AND url like '%Config/index%' ) LIMIT 1   [ RunTime:0.0002s ]
SQL: SELECT * FROM `ss_menu` WHERE `id` = 68 LIMIT 1   [ RunTime:0.0001s ]
SQL: SELECT DISTINCT  `group` FROM `ss_menu` WHERE `group` <> '' AND `pid` = 68  [ RunTime:0.0001s ]
SQL: SELECT `id`,`url` FROM `ss_menu` WHERE `pid` = 68 AND `hide` = 0  [ RunTime:0.0001s ]
SQL: SELECT `id`,`pid`,`title`,`url`,`tip` FROM `ss_menu` WHERE `group` = '系统设置' AND `pid` = 68 AND `hide` = 0 ORDER BY sort asc  [ RunTime:0.0001s ]
SQL: SELECT `id`,`pid`,`title`,`url`,`tip` FROM `ss_menu` WHERE `group` = '数据备份' AND `pid` = 68 AND `hide` = 0 ORDER BY sort asc  [ RunTime:0.0001s ]
SQL: SELECT COUNT(*) AS tp_count FROM `ss_config` WHERE `status` = 1 LIMIT 1   [ RunTime:0.0003s ]
SQL: SELECT `id`,`name`,`type`,`title`,`group`,`extra`,`remark`,`create_time`,`update_time`,`status`,`value`,`sort` FROM `ss_config` WHERE `status` = 1 ORDER BY sort,id LIMIT 10,10   [ RunTime:0.0003s ]
INFO: [ view_parse ] --START--
INFO: [ template_filter ] --START--
INFO: Run Behavior\ContentReplaceBehavior [ RunTime:0.000120s ]
INFO: [ template_filter ] --END-- [ RunTime:0.000185s ]
INFO: Run Behavior\ParseTemplateBehavior [ RunTime:0.019315s ]
INFO: [ view_parse ] --END-- [ RunTime:0.019387s ]
INFO: [ view_filter ] --START--
INFO: Run Behavior\WriteHtmlCacheBehavior [ RunTime:0.000145s ]
INFO: [ view_filter ] --END-- [ RunTime:0.000201s ]
INFO: [ app_end ] --START--
INFO: Run Behavior\ShowPageTraceBehavior [ RunTime:0.000375s ]
INFO: [ app_end ] --END-- [ RunTime:0.000435s ]

[ 2017-02-18T23:26:07+08:00 ] 58.23.50.81 /admin.php?s=/Public/logout.html
INFO: [ app_init ] --START--
INFO: Run Behavior\BuildLiteBehavior [ RunTime:0.000013s ]
INFO: Run Common\Behavior\InitHookBehavior [ RunTime:0.000843s ]
INFO: [ app_init ] --END-- [ RunTime:0.000936s ]
INFO: [ app_begin ] --START--
INFO: Run Behavior\ReadHtmlCacheBehavior [ RunTime:0.000304s ]
INFO: [ app_begin ] --END-- [ RunTime:0.000355s ]
SQL: SHOW COLUMNS FROM `ss_member` [ RunTime:0.0009s ]
INFO: [ view_parse ] --START--
INFO: [ template_filter ] --START--
INFO: Run Behavior\ContentReplaceBehavior [ RunTime:0.000038s ]
INFO: [ template_filter ] --END-- [ RunTime:0.000095s ]
INFO: Run Behavior\ParseTemplateBehavior [ RunTime:0.003853s ]
INFO: [ view_parse ] --END-- [ RunTime:0.003917s ]
INFO: [ view_filter ] --START--
INFO: Run Behavior\WriteHtmlCacheBehavior [ RunTime:0.000122s ]
INFO: [ view_filter ] --END-- [ RunTime:0.000172s ]
INFO: [ app_end ] --START--
INFO: Run Behavior\ShowPageTraceBehavior [ RunTime:0.000402s ]
INFO: [ app_end ] --END-- [ RunTime:0.000465s ]

[ 2017-02-18T23:26:08+08:00 ] 58.23.50.81 /admin.php?s=/Public/login.html
INFO: [ app_init ] --START--
INFO: Run Behavior\BuildLiteBehavior [ RunTime:0.000012s ]
INFO: Run Common\Behavior\InitHookBehavior [ RunTime:0.000907s ]
INFO: [ app_init ] --END-- [ RunTime:0.001000s ]
INFO: [ app_begin ] --START--
INFO: Run Behavior\ReadHtmlCacheBehavior [ RunTime:0.000293s ]
INFO: [ app_begin ] --END-- [ RunTime:0.000343s ]
INFO: [ view_parse ] --START--
INFO: [ template_filter ] --START--
INFO: Run Behavior\ContentReplaceBehavior [ RunTime:0.000066s ]
INFO: [ template_filter ] --END-- [ RunTime:0.000128s ]
INFO: Run Behavior\ParseTemplateBehavior [ RunTime:0.004676s ]
INFO: [ view_parse ] --END-- [ RunTime:0.004723s ]
INFO: [ view_filter ] --START--
INFO: Run Behavior\WriteHtmlCacheBehavior [ RunTime:0.000104s ]
INFO: [ view_filter ] --END-- [ RunTime:0.000144s ]
INFO: [ app_end ] --START--
INFO: Run Behavior\ShowPageTraceBehavior [ RunTime:0.000303s ]
INFO: [ app_end ] --END-- [ RunTime:0.000345s ]

[ 2017-02-18T23:26:08+08:00 ] 58.23.50.81 /admin.php?s=/Public/verify.html
INFO: [ app_init ] --START--
INFO: Run Behavior\BuildLiteBehavior [ RunTime:0.000018s ]
INFO: Run Common\Behavior\InitHookBehavior [ RunTime:0.001186s ]
INFO: [ app_init ] --END-- [ RunTime:0.001321s ]
INFO: [ app_begin ] --START--
INFO: Run Behavior\ReadHtmlCacheBehavior [ RunTime:0.000449s ]
INFO: [ app_begin ] --END-- [ RunTime:0.000526s ]
INFO: [ app_end ] --START--
INFO: Run Behavior\ShowPageTraceBehavior [ RunTime:0.000490s ]
INFO: [ app_end ] --END-- [ RunTime:0.000561s ]

[ 2017-02-18T23:26:16+08:00 ] 58.23.50.81 /admin.php?s=/Public/login.html
INFO: [ app_init ] --START--
INFO: Run Behavior\BuildLiteBehavior [ RunTime:0.000012s ]
INFO: Run Common\Behavior\InitHookBehavior [ RunTime:0.000823s ]
INFO: [ app_init ] --END-- [ RunTime:0.000915s ]
INFO: [ app_begin ] --START--
INFO: Run Behavior\ReadHtmlCacheBehavior [ RunTime:0.000281s ]
INFO: [ app_begin ] --END-- [ RunTime:0.000326s ]
NOTIC: [8] Constant UC_AUTH_KEY already defined /data/newproject/Application/User/Conf/config.php 第 17 行.
NOTIC: [8] Undefined index: lite /data/newproject/ThinkPHP/Library/Think/Db.class.php 第 37 行.
SQL: SHOW COLUMNS FROM `ss_member` [ RunTime:0.0006s ]
SQL: SELECT `uid`,`nickname`,`sales_id`,`yonjin_rate`,`lixi_rate`,`yonjin_money`,`lixi_money`,`total_money`,`telephone`,`sex`,`login`,`reg_ip`,`reg_time`,`last_login_ip`,`last_login_time`,`sort`,`level`,`status` FROM `ss_member` WHERE `uid` = 1 LIMIT 1   [ RunTime:0.0002s ]
SQL: SHOW COLUMNS FROM `ss_action` [ RunTime:0.0004s ]
SQL: SELECT * FROM `ss_action` WHERE `name` = 'user_login' LIMIT 1   [ RunTime:0.0001s ]
SQL: SHOW COLUMNS FROM `ss_action_log` [ RunTime:0.0004s ]
SQL: INSERT INTO `ss_action_log` (`action_id`,`user_id`,`action_ip`,`model`,`record_id`,`create_time`,`remark`) VALUES ('1','1','974598737','member','1','1487431576','admin在2017-02-18 23:26登录了后台') [ RunTime:0.0003s ]
SQL: SELECT * FROM `ss_action` WHERE `name` = 'user_login' LIMIT 1   [ RunTime:0.0001s ]
NOTIC: [8] Undefined offset: 1 /data/newproject/Application/Common/Common/function.php 第 679 行.
NOTIC: [2] array_key_exists() expects parameter 2 to be array, null given /data/newproject/Application/Common/Common/function.php 第 679 行.
SQL: SELECT COUNT(*) AS tp_count FROM `ss_action_log` WHERE `action_id` = 1 AND `user_id` = 1 AND `create_time` > 1487345176 LIMIT 1   [ RunTime:0.0003s ]
SQL: UPDATE `ss_member` SET `login`=`login`+1,`last_login_time`='1487431576',`last_login_ip`='974598737' WHERE `uid` = 1 [ RunTime:0.0002s ]

[ 2017-02-18T23:26:16+08:00 ] 58.23.50.81 /admin.php?s=/User/index.html
INFO: [ app_init ] --START--
INFO: Run Behavior\BuildLiteBehavior [ RunTime:0.000011s ]
INFO: Run Common\Behavior\InitHookBehavior [ RunTime:0.000864s ]
INFO: [ app_init ] --END-- [ RunTime:0.000964s ]
INFO: [ app_begin ] --START--
INFO: Run Behavior\ReadHtmlCacheBehavior [ RunTime:0.000298s ]
INFO: [ app_begin ] --END-- [ RunTime:0.000349s ]
SQL: SHOW COLUMNS FROM `ss_menu` [ RunTime:0.0007s ]
SQL: SELECT `id`,`title`,`url` FROM `ss_menu` WHERE `pid` = 0 AND `hide` = 0 ORDER BY sort asc  [ RunTime:0.0001s ]
SQL: SELECT `pid` FROM `ss_menu` WHERE ( pid !=0 AND url like '%User/index%' ) LIMIT 1   [ RunTime:0.0001s ]
SQL: SELECT * FROM `ss_menu` WHERE `id` = 16 LIMIT 1   [ RunTime:0.0001s ]
SQL: SELECT DISTINCT  `group` FROM `ss_menu` WHERE `group` <> '' AND `pid` = 16  [ RunTime:0.0001s ]
SQL: SELECT `id`,`url` FROM `ss_menu` WHERE `pid` = 16 AND `hide` = 0  [ RunTime:0.0001s ]
SQL: SELECT `id`,`pid`,`title`,`url`,`tip` FROM `ss_menu` WHERE `group` = '营业管理' AND `pid` = 16 AND `hide` = 0 ORDER BY sort asc  [ RunTime:0.0001s ]
SQL: SELECT `id`,`pid`,`title`,`url`,`tip` FROM `ss_menu` WHERE `group` = '行为管理' AND `pid` = 16 AND `hide` = 0 ORDER BY sort asc  [ RunTime:0.0001s ]
SQL: SELECT `id`,`pid`,`title`,`url`,`tip` FROM `ss_menu` WHERE `group` = '用户管理' AND `pid` = 16 AND `hide` = 0 ORDER BY sort asc  [ RunTime:0.0001s ]
SQL: SHOW COLUMNS FROM `ss_member` [ RunTime:0.0005s ]
SQL: SELECT COUNT(*) AS tp_count FROM `ss_member` WHERE `status` >= 0 AND `nickname` LIKE '%%' LIMIT 1   [ RunTime:0.0003s ]
SQL: SELECT `uid`,`nickname`,`sales_id`,`yonjin_rate`,`lixi_rate`,`yonjin_money`,`lixi_money`,`total_money`,`telephone`,`sex`,`login`,`reg_ip`,`reg_time`,`last_login_ip`,`last_login_time`,`sort`,`level`,`status` FROM `ss_member` WHERE `status` >= 0 AND `nickname` LIKE '%%' ORDER BY sort desc LIMIT 0,10   [ RunTime:0.0004s ]
SQL: SHOW COLUMNS FROM `ss_user` [ RunTime:0.0007s ]
SQL: SHOW COLUMNS FROM `ss_sales` [ RunTime:0.0005s ]
SQL: SELECT `id`,`title` FROM `ss_sales`  [ RunTime:0.0001s ]
SQL: SHOW COLUMNS FROM `ss_member` [ RunTime:0.0006s ]
SQL: SELECT * FROM `ss_member` WHERE ( uid=1 ) LIMIT 1   [ RunTime:0.0002s ]
INFO: [ view_parse ] --START--
INFO: [ template_filter ] --START--
INFO: Run Behavior\ContentReplaceBehavior [ RunTime:0.000127s ]
INFO: [ template_filter ] --END-- [ RunTime:0.000178s ]
INFO: Run Behavior\ParseTemplateBehavior [ RunTime:0.015899s ]
INFO: [ view_parse ] --END-- [ RunTime:0.015959s ]
INFO: [ view_filter ] --START--
INFO: Run Behavior\WriteHtmlCacheBehavior [ RunTime:0.000108s ]
INFO: [ view_filter ] --END-- [ RunTime:0.000148s ]
INFO: [ app_end ] --START--
INFO: Run Behavior\ShowPageTraceBehavior [ RunTime:0.000304s ]
INFO: [ app_end ] --END-- [ RunTime:0.000362s ]

