[ 2017-02-12T13:52:52+08:00 ] 119.233.152.56 /admin.php?s=/Public/login.html
INFO: [ app_init ] --START--
INFO: Run Behavior\BuildLiteBehavior [ RunTime:0.000018s ]
INFO: Run Common\Behavior\InitHookBehavior [ RunTime:0.032193s ]
INFO: [ app_init ] --END-- [ RunTime:0.032323s ]
INFO: [ app_begin ] --START--
INFO: Run Behavior\ReadHtmlCacheBehavior [ RunTime:0.012966s ]
INFO: [ app_begin ] --END-- [ RunTime:0.013058s ]
INFO: [ view_parse ] --START--
INFO: [ template_filter ] --START--
INFO: Run Behavior\ContentReplaceBehavior [ RunTime:0.000056s ]
INFO: [ template_filter ] --END-- [ RunTime:0.000105s ]
INFO: Run Behavior\ParseTemplateBehavior [ RunTime:0.012013s ]
INFO: [ view_parse ] --END-- [ RunTime:0.012060s ]
INFO: [ view_filter ] --START--
INFO: Run Behavior\WriteHtmlCacheBehavior [ RunTime:0.000679s ]
INFO: [ view_filter ] --END-- [ RunTime:0.000718s ]
INFO: [ app_end ] --START--
INFO: Run Behavior\ShowPageTraceBehavior [ RunTime:0.001018s ]
INFO: [ app_end ] --END-- [ RunTime:0.001076s ]

[ 2017-02-12T13:52:53+08:00 ] 119.233.152.56 /admin.php?s=/Public/verify.html
INFO: [ app_init ] --START--
INFO: Run Behavior\BuildLiteBehavior [ RunTime:0.000013s ]
INFO: Run Common\Behavior\InitHookBehavior [ RunTime:0.000870s ]
INFO: [ app_init ] --END-- [ RunTime:0.000964s ]
INFO: [ app_begin ] --START--
INFO: Run Behavior\ReadHtmlCacheBehavior [ RunTime:0.000367s ]
INFO: [ app_begin ] --END-- [ RunTime:0.000428s ]
INFO: [ app_end ] --START--
INFO: Run Behavior\ShowPageTraceBehavior [ RunTime:0.000304s ]
INFO: [ app_end ] --END-- [ RunTime:0.000360s ]

[ 2017-02-12T13:53:31+08:00 ] 119.233.152.56 /admin.php?s=/Public/login.html
INFO: [ app_init ] --START--
INFO: Run Behavior\BuildLiteBehavior [ RunTime:0.000013s ]
INFO: Run Common\Behavior\InitHookBehavior [ RunTime:0.000879s ]
INFO: [ app_init ] --END-- [ RunTime:0.000977s ]
INFO: [ app_begin ] --START--
INFO: Run Behavior\ReadHtmlCacheBehavior [ RunTime:0.000279s ]
INFO: [ app_begin ] --END-- [ RunTime:0.000334s ]
NOTIC: [8] Constant UC_AUTH_KEY already defined /data/newproject/Application/User/Conf/config.php 第 17 行.
NOTIC: [8] Undefined index: lite /data/newproject/ThinkPHP/Library/Think/Db.class.php 第 37 行.
SQL: SHOW COLUMNS FROM `ss_member` [ RunTime:0.0006s ]
SQL: SELECT `uid`,`nickname`,`sales_id`,`yonjin_rate`,`lixi_rate`,`yonjin_money`,`lixi_money`,`total_money`,`telephone`,`sex`,`login`,`reg_ip`,`reg_time`,`last_login_ip`,`last_login_time`,`sort`,`level`,`status` FROM `ss_member` WHERE `uid` = 1 LIMIT 1   [ RunTime:0.0003s ]
SQL: SHOW COLUMNS FROM `ss_action` [ RunTime:0.0004s ]
SQL: SELECT * FROM `ss_action` WHERE `name` = 'user_login' LIMIT 1   [ RunTime:0.0002s ]
SQL: SHOW COLUMNS FROM `ss_action_log` [ RunTime:0.0004s ]
SQL: INSERT INTO `ss_action_log` (`action_id`,`user_id`,`action_ip`,`model`,`record_id`,`create_time`,`remark`) VALUES ('1','1','2011797560','member','1','1486878811','admin在2017-02-12 13:53登录了后台') [ RunTime:0.0003s ]
SQL: SELECT * FROM `ss_action` WHERE `name` = 'user_login' LIMIT 1   [ RunTime:0.0001s ]
NOTIC: [8] Undefined offset: 1 /data/newproject/Application/Common/Common/function.php 第 679 行.
NOTIC: [2] array_key_exists() expects parameter 2 to be array, null given /data/newproject/Application/Common/Common/function.php 第 679 行.
SQL: SELECT COUNT(*) AS tp_count FROM `ss_action_log` WHERE `action_id` = 1 AND `user_id` = 1 AND `create_time` > 1486792411 LIMIT 1   [ RunTime:0.0003s ]
SQL: SHOW COLUMNS FROM `ss_member` [ RunTime:0.0005s ]
SQL: UPDATE `ss_member` SET `login`=`login`+1,`last_login_time`='1486878811',`last_login_ip`='2011797560' WHERE `uid` = 1 [ RunTime:0.0002s ]

[ 2017-02-12T13:53:31+08:00 ] 119.233.152.56 /admin.php?s=/User/index.html
INFO: [ app_init ] --START--
INFO: Run Behavior\BuildLiteBehavior [ RunTime:0.000013s ]
INFO: Run Common\Behavior\InitHookBehavior [ RunTime:0.000913s ]
INFO: [ app_init ] --END-- [ RunTime:0.001005s ]
INFO: [ app_begin ] --START--
INFO: Run Behavior\ReadHtmlCacheBehavior [ RunTime:0.000289s ]
INFO: [ app_begin ] --END-- [ RunTime:0.000340s ]
SQL: SHOW COLUMNS FROM `ss_menu` [ RunTime:0.0007s ]
SQL: SELECT `id`,`title`,`url` FROM `ss_menu` WHERE `pid` = 0 AND `hide` = 0 ORDER BY sort asc  [ RunTime:0.0004s ]
SQL: SELECT `pid` FROM `ss_menu` WHERE ( pid !=0 AND url like '%User/index%' ) LIMIT 1   [ RunTime:0.0003s ]
SQL: SELECT * FROM `ss_menu` WHERE `id` = 16 LIMIT 1   [ RunTime:0.0002s ]
SQL: SELECT DISTINCT  `group` FROM `ss_menu` WHERE `group` <> '' AND `pid` = 16  [ RunTime:0.0004s ]
SQL: SELECT `id`,`url` FROM `ss_menu` WHERE `pid` = 16 AND `hide` = 0  [ RunTime:0.0002s ]
SQL: SELECT `id`,`pid`,`title`,`url`,`tip` FROM `ss_menu` WHERE `group` = '营业管理' AND `pid` = 16 AND `hide` = 0 ORDER BY sort asc  [ RunTime:0.0004s ]
SQL: SELECT `id`,`pid`,`title`,`url`,`tip` FROM `ss_menu` WHERE `group` = '行为管理' AND `pid` = 16 AND `hide` = 0 ORDER BY sort asc  [ RunTime:0.0004s ]
SQL: SELECT `id`,`pid`,`title`,`url`,`tip` FROM `ss_menu` WHERE `group` = '用户管理' AND `pid` = 16 AND `hide` = 0 ORDER BY sort asc  [ RunTime:0.0003s ]
SQL: SHOW COLUMNS FROM `ss_member` [ RunTime:0.0005s ]
SQL: SELECT COUNT(*) AS tp_count FROM `ss_member` WHERE `status` >= 0 AND `nickname` LIKE '%%' LIMIT 1   [ RunTime:0.0003s ]
SQL: SELECT `uid`,`nickname`,`sales_id`,`yonjin_rate`,`lixi_rate`,`yonjin_money`,`lixi_money`,`total_money`,`telephone`,`sex`,`login`,`reg_ip`,`reg_time`,`last_login_ip`,`last_login_time`,`sort`,`level`,`status` FROM `ss_member` WHERE `status` >= 0 AND `nickname` LIKE '%%' ORDER BY sort desc LIMIT 0,10   [ RunTime:0.0003s ]
SQL: SHOW COLUMNS FROM `ss_user` [ RunTime:0.0006s ]
SQL: SHOW COLUMNS FROM `ss_sales` [ RunTime:0.0005s ]
SQL: SELECT `id`,`title` FROM `ss_sales`  [ RunTime:0.0002s ]
SQL: SHOW COLUMNS FROM `ss_member` [ RunTime:0.0005s ]
SQL: SELECT * FROM `ss_member` WHERE ( uid=1 ) LIMIT 1   [ RunTime:0.0002s ]
INFO: [ view_parse ] --START--
INFO: [ template_filter ] --START--
INFO: Run Behavior\ContentReplaceBehavior [ RunTime:0.000116s ]
INFO: [ template_filter ] --END-- [ RunTime:0.000166s ]
INFO: Run Behavior\ParseTemplateBehavior [ RunTime:0.014719s ]
INFO: [ view_parse ] --END-- [ RunTime:0.014767s ]
INFO: [ view_filter ] --START--
INFO: Run Behavior\WriteHtmlCacheBehavior [ RunTime:0.000105s ]
INFO: [ view_filter ] --END-- [ RunTime:0.000144s ]
INFO: [ app_end ] --START--
INFO: Run Behavior\ShowPageTraceBehavior [ RunTime:0.000301s ]
INFO: [ app_end ] --END-- [ RunTime:0.000346s ]

[ 2017-02-12T13:53:35+08:00 ] 119.233.152.56 /admin.php?s=/Config/group.html
INFO: [ app_init ] --START--
INFO: Run Behavior\BuildLiteBehavior [ RunTime:0.000012s ]
INFO: Run Common\Behavior\InitHookBehavior [ RunTime:0.000980s ]
INFO: [ app_init ] --END-- [ RunTime:0.001072s ]
INFO: [ app_begin ] --START--
INFO: Run Behavior\ReadHtmlCacheBehavior [ RunTime:0.000292s ]
INFO: [ app_begin ] --END-- [ RunTime:0.000370s ]
SQL: SHOW COLUMNS FROM `ss_menu` [ RunTime:0.0009s ]
SQL: SELECT `id`,`title`,`url` FROM `ss_menu` WHERE `pid` = 0 AND `hide` = 0 ORDER BY sort asc  [ RunTime:0.0003s ]
SQL: SELECT `pid` FROM `ss_menu` WHERE ( pid !=0 AND url like '%Config/group%' ) LIMIT 1   [ RunTime:0.0005s ]
SQL: SELECT * FROM `ss_menu` WHERE `id` = 68 LIMIT 1   [ RunTime:0.0002s ]
SQL: SELECT DISTINCT  `group` FROM `ss_menu` WHERE `group` <> '' AND `pid` = 68  [ RunTime:0.0004s ]
SQL: SELECT `id`,`url` FROM `ss_menu` WHERE `pid` = 68 AND `hide` = 0  [ RunTime:0.0002s ]
SQL: SELECT `id`,`pid`,`title`,`url`,`tip` FROM `ss_menu` WHERE `group` = '系统设置' AND `pid` = 68 AND `hide` = 0 ORDER BY sort asc  [ RunTime:0.0003s ]
SQL: SELECT `id`,`pid`,`title`,`url`,`tip` FROM `ss_menu` WHERE `group` = '数据备份' AND `pid` = 68 AND `hide` = 0 ORDER BY sort asc  [ RunTime:0.0003s ]
SQL: SHOW COLUMNS FROM `ss_config` [ RunTime:0.0005s ]
SQL: SELECT `id`,`name`,`title`,`extra`,`value`,`remark`,`type` FROM `ss_config` WHERE `status` = 1 AND `group` = 1 ORDER BY sort  [ RunTime:0.0003s ]
INFO: [ view_parse ] --START--
INFO: [ template_filter ] --START--
INFO: Run Behavior\ContentReplaceBehavior [ RunTime:0.000122s ]
INFO: [ template_filter ] --END-- [ RunTime:0.000180s ]
INFO: Run Behavior\ParseTemplateBehavior [ RunTime:0.015604s ]
INFO: [ view_parse ] --END-- [ RunTime:0.015652s ]
INFO: [ view_filter ] --START--
INFO: Run Behavior\WriteHtmlCacheBehavior [ RunTime:0.000108s ]
INFO: [ view_filter ] --END-- [ RunTime:0.000147s ]
INFO: [ app_end ] --START--
INFO: Run Behavior\ShowPageTraceBehavior [ RunTime:0.000305s ]
INFO: [ app_end ] --END-- [ RunTime:0.000351s ]

[ 2017-02-12T13:53:40+08:00 ] 119.233.152.56 /admin.php?s=/Config/group/id/3.html
INFO: [ app_init ] --START--
INFO: Run Behavior\BuildLiteBehavior [ RunTime:0.000012s ]
INFO: Run Common\Behavior\InitHookBehavior [ RunTime:0.000852s ]
INFO: [ app_init ] --END-- [ RunTime:0.000944s ]
INFO: [ app_begin ] --START--
INFO: Run Behavior\ReadHtmlCacheBehavior [ RunTime:0.000311s ]
INFO: [ app_begin ] --END-- [ RunTime:0.000361s ]
SQL: SHOW COLUMNS FROM `ss_menu` [ RunTime:0.0008s ]
SQL: SELECT `id`,`title`,`url` FROM `ss_menu` WHERE `pid` = 0 AND `hide` = 0 ORDER BY sort asc  [ RunTime:0.0001s ]
SQL: SELECT `pid` FROM `ss_menu` WHERE ( pid !=0 AND url like '%Config/group%' ) LIMIT 1   [ RunTime:0.0001s ]
SQL: SELECT * FROM `ss_menu` WHERE `id` = 68 LIMIT 1   [ RunTime:0.0001s ]
SQL: SELECT DISTINCT  `group` FROM `ss_menu` WHERE `group` <> '' AND `pid` = 68  [ RunTime:0.0001s ]
SQL: SELECT `id`,`url` FROM `ss_menu` WHERE `pid` = 68 AND `hide` = 0  [ RunTime:0.0001s ]
SQL: SELECT `id`,`pid`,`title`,`url`,`tip` FROM `ss_menu` WHERE `group` = '系统设置' AND `pid` = 68 AND `hide` = 0 ORDER BY sort asc  [ RunTime:0.0001s ]
SQL: SELECT `id`,`pid`,`title`,`url`,`tip` FROM `ss_menu` WHERE `group` = '数据备份' AND `pid` = 68 AND `hide` = 0 ORDER BY sort asc  [ RunTime:0.0001s ]
SQL: SHOW COLUMNS FROM `ss_config` [ RunTime:0.0005s ]
SQL: SELECT `id`,`name`,`title`,`extra`,`value`,`remark`,`type` FROM `ss_config` WHERE `status` = 1 AND `group` = 3 ORDER BY sort  [ RunTime:0.0005s ]
INFO: [ view_parse ] --START--
INFO: [ template_filter ] --START--
INFO: Run Behavior\ContentReplaceBehavior [ RunTime:0.000119s ]
INFO: [ template_filter ] --END-- [ RunTime:0.000170s ]
INFO: Run Behavior\ParseTemplateBehavior [ RunTime:0.017375s ]
INFO: [ view_parse ] --END-- [ RunTime:0.017427s ]
INFO: [ view_filter ] --START--
INFO: Run Behavior\WriteHtmlCacheBehavior [ RunTime:0.000110s ]
INFO: [ view_filter ] --END-- [ RunTime:0.000151s ]
INFO: [ app_end ] --START--
INFO: Run Behavior\ShowPageTraceBehavior [ RunTime:0.000342s ]
INFO: [ app_end ] --END-- [ RunTime:0.000394s ]

[ 2017-02-12T13:53:43+08:00 ] 119.233.152.56 /admin.php?s=/Config/group/id/4.html
INFO: [ app_init ] --START--
INFO: Run Behavior\BuildLiteBehavior [ RunTime:0.000018s ]
INFO: Run Common\Behavior\InitHookBehavior [ RunTime:0.001417s ]
INFO: [ app_init ] --END-- [ RunTime:0.001555s ]
INFO: [ app_begin ] --START--
INFO: Run Behavior\ReadHtmlCacheBehavior [ RunTime:0.000429s ]
INFO: [ app_begin ] --END-- [ RunTime:0.000505s ]
SQL: SHOW COLUMNS FROM `ss_menu` [ RunTime:0.0008s ]
SQL: SELECT `id`,`title`,`url` FROM `ss_menu` WHERE `pid` = 0 AND `hide` = 0 ORDER BY sort asc  [ RunTime:0.0001s ]
SQL: SELECT `pid` FROM `ss_menu` WHERE ( pid !=0 AND url like '%Config/group%' ) LIMIT 1   [ RunTime:0.0001s ]
SQL: SELECT * FROM `ss_menu` WHERE `id` = 68 LIMIT 1   [ RunTime:0.0002s ]
SQL: SELECT DISTINCT  `group` FROM `ss_menu` WHERE `group` <> '' AND `pid` = 68  [ RunTime:0.0001s ]
SQL: SELECT `id`,`url` FROM `ss_menu` WHERE `pid` = 68 AND `hide` = 0  [ RunTime:0.0001s ]
SQL: SELECT `id`,`pid`,`title`,`url`,`tip` FROM `ss_menu` WHERE `group` = '系统设置' AND `pid` = 68 AND `hide` = 0 ORDER BY sort asc  [ RunTime:0.0002s ]
SQL: SELECT `id`,`pid`,`title`,`url`,`tip` FROM `ss_menu` WHERE `group` = '数据备份' AND `pid` = 68 AND `hide` = 0 ORDER BY sort asc  [ RunTime:0.0002s ]
SQL: SHOW COLUMNS FROM `ss_config` [ RunTime:0.0005s ]
SQL: SELECT `id`,`name`,`title`,`extra`,`value`,`remark`,`type` FROM `ss_config` WHERE `status` = 1 AND `group` = 4 ORDER BY sort  [ RunTime:0.0004s ]
INFO: [ view_parse ] --START--
INFO: [ template_filter ] --START--
INFO: Run Behavior\ContentReplaceBehavior [ RunTime:0.000197s ]
INFO: [ template_filter ] --END-- [ RunTime:0.000279s ]
INFO: Run Behavior\ParseTemplateBehavior [ RunTime:0.018744s ]
INFO: [ view_parse ] --END-- [ RunTime:0.018793s ]
INFO: [ view_filter ] --START--
INFO: Run Behavior\WriteHtmlCacheBehavior [ RunTime:0.000110s ]
INFO: [ view_filter ] --END-- [ RunTime:0.000150s ]
INFO: [ app_end ] --START--
INFO: Run Behavior\ShowPageTraceBehavior [ RunTime:0.000332s ]
INFO: [ app_end ] --END-- [ RunTime:0.000378s ]

[ 2017-02-12T13:53:51+08:00 ] 119.233.152.56 /admin.php?s=/Config/group/id/3.html
INFO: [ app_init ] --START--
INFO: Run Behavior\BuildLiteBehavior [ RunTime:0.000013s ]
INFO: Run Common\Behavior\InitHookBehavior [ RunTime:0.000911s ]
INFO: [ app_init ] --END-- [ RunTime:0.001004s ]
INFO: [ app_begin ] --START--
INFO: Run Behavior\ReadHtmlCacheBehavior [ RunTime:0.000307s ]
INFO: [ app_begin ] --END-- [ RunTime:0.000358s ]
SQL: SHOW COLUMNS FROM `ss_menu` [ RunTime:0.0007s ]
SQL: SELECT `id`,`title`,`url` FROM `ss_menu` WHERE `pid` = 0 AND `hide` = 0 ORDER BY sort asc  [ RunTime:0.0001s ]
SQL: SELECT `pid` FROM `ss_menu` WHERE ( pid !=0 AND url like '%Config/group%' ) LIMIT 1   [ RunTime:0.0001s ]
SQL: SELECT * FROM `ss_menu` WHERE `id` = 68 LIMIT 1   [ RunTime:0.0001s ]
SQL: SELECT DISTINCT  `group` FROM `ss_menu` WHERE `group` <> '' AND `pid` = 68  [ RunTime:0.0002s ]
SQL: SELECT `id`,`url` FROM `ss_menu` WHERE `pid` = 68 AND `hide` = 0  [ RunTime:0.0001s ]
SQL: SELECT `id`,`pid`,`title`,`url`,`tip` FROM `ss_menu` WHERE `group` = '系统设置' AND `pid` = 68 AND `hide` = 0 ORDER BY sort asc  [ RunTime:0.0001s ]
SQL: SELECT `id`,`pid`,`title`,`url`,`tip` FROM `ss_menu` WHERE `group` = '数据备份' AND `pid` = 68 AND `hide` = 0 ORDER BY sort asc  [ RunTime:0.0001s ]
SQL: SHOW COLUMNS FROM `ss_config` [ RunTime:0.0004s ]
SQL: SELECT `id`,`name`,`title`,`extra`,`value`,`remark`,`type` FROM `ss_config` WHERE `status` = 1 AND `group` = 3 ORDER BY sort  [ RunTime:0.0001s ]
INFO: [ view_parse ] --START--
INFO: [ template_filter ] --START--
INFO: Run Behavior\ContentReplaceBehavior [ RunTime:0.000136s ]
INFO: [ template_filter ] --END-- [ RunTime:0.000197s ]
INFO: Run Behavior\ParseTemplateBehavior [ RunTime:0.016303s ]
INFO: [ view_parse ] --END-- [ RunTime:0.016352s ]
INFO: [ view_filter ] --START--
INFO: Run Behavior\WriteHtmlCacheBehavior [ RunTime:0.000106s ]
INFO: [ view_filter ] --END-- [ RunTime:0.000145s ]
INFO: [ app_end ] --START--
INFO: Run Behavior\ShowPageTraceBehavior [ RunTime:0.000295s ]
INFO: [ app_end ] --END-- [ RunTime:0.000362s ]

[ 2017-02-12T13:53:52+08:00 ] 119.233.152.56 /admin.php?s=/Config/group/id/2.html
INFO: [ app_init ] --START--
INFO: Run Behavior\BuildLiteBehavior [ RunTime:0.000013s ]
INFO: Run Common\Behavior\InitHookBehavior [ RunTime:0.000910s ]
INFO: [ app_init ] --END-- [ RunTime:0.001003s ]
INFO: [ app_begin ] --START--
INFO: Run Behavior\ReadHtmlCacheBehavior [ RunTime:0.000334s ]
INFO: [ app_begin ] --END-- [ RunTime:0.000385s ]
SQL: SHOW COLUMNS FROM `ss_menu` [ RunTime:0.0007s ]
SQL: SELECT `id`,`title`,`url` FROM `ss_menu` WHERE `pid` = 0 AND `hide` = 0 ORDER BY sort asc  [ RunTime:0.0001s ]
SQL: SELECT `pid` FROM `ss_menu` WHERE ( pid !=0 AND url like '%Config/group%' ) LIMIT 1   [ RunTime:0.0001s ]
SQL: SELECT * FROM `ss_menu` WHERE `id` = 68 LIMIT 1   [ RunTime:0.0001s ]
SQL: SELECT DISTINCT  `group` FROM `ss_menu` WHERE `group` <> '' AND `pid` = 68  [ RunTime:0.0001s ]
SQL: SELECT `id`,`url` FROM `ss_menu` WHERE `pid` = 68 AND `hide` = 0  [ RunTime:0.0001s ]
SQL: SELECT `id`,`pid`,`title`,`url`,`tip` FROM `ss_menu` WHERE `group` = '系统设置' AND `pid` = 68 AND `hide` = 0 ORDER BY sort asc  [ RunTime:0.0001s ]
SQL: SELECT `id`,`pid`,`title`,`url`,`tip` FROM `ss_menu` WHERE `group` = '数据备份' AND `pid` = 68 AND `hide` = 0 ORDER BY sort asc  [ RunTime:0.0001s ]
SQL: SHOW COLUMNS FROM `ss_config` [ RunTime:0.0005s ]
SQL: SELECT `id`,`name`,`title`,`extra`,`value`,`remark`,`type` FROM `ss_config` WHERE `status` = 1 AND `group` = 2 ORDER BY sort  [ RunTime:0.0003s ]
INFO: [ view_parse ] --START--
INFO: [ template_filter ] --START--
INFO: Run Behavior\ContentReplaceBehavior [ RunTime:0.000116s ]
INFO: [ template_filter ] --END-- [ RunTime:0.000167s ]
INFO: Run Behavior\ParseTemplateBehavior [ RunTime:0.016162s ]
INFO: [ view_parse ] --END-- [ RunTime:0.016227s ]
INFO: [ view_filter ] --START--
INFO: Run Behavior\WriteHtmlCacheBehavior [ RunTime:0.000108s ]
INFO: [ view_filter ] --END-- [ RunTime:0.000149s ]
INFO: [ app_end ] --START--
INFO: Run Behavior\ShowPageTraceBehavior [ RunTime:0.000330s ]
INFO: [ app_end ] --END-- [ RunTime:0.000383s ]

[ 2017-02-12T13:53:56+08:00 ] 119.233.152.56 /admin.php?s=/Config/group/id/1.html
INFO: [ app_init ] --START--
INFO: Run Behavior\BuildLiteBehavior [ RunTime:0.000012s ]
INFO: Run Common\Behavior\InitHookBehavior [ RunTime:0.000892s ]
INFO: [ app_init ] --END-- [ RunTime:0.000983s ]
INFO: [ app_begin ] --START--
INFO: Run Behavior\ReadHtmlCacheBehavior [ RunTime:0.000282s ]
INFO: [ app_begin ] --END-- [ RunTime:0.000332s ]
SQL: SHOW COLUMNS FROM `ss_menu` [ RunTime:0.0007s ]
SQL: SELECT `id`,`title`,`url` FROM `ss_menu` WHERE `pid` = 0 AND `hide` = 0 ORDER BY sort asc  [ RunTime:0.0001s ]
SQL: SELECT `pid` FROM `ss_menu` WHERE ( pid !=0 AND url like '%Config/group%' ) LIMIT 1   [ RunTime:0.0001s ]
SQL: SELECT * FROM `ss_menu` WHERE `id` = 68 LIMIT 1   [ RunTime:0.0001s ]
SQL: SELECT DISTINCT  `group` FROM `ss_menu` WHERE `group` <> '' AND `pid` = 68  [ RunTime:0.0002s ]
SQL: SELECT `id`,`url` FROM `ss_menu` WHERE `pid` = 68 AND `hide` = 0  [ RunTime:0.0001s ]
SQL: SELECT `id`,`pid`,`title`,`url`,`tip` FROM `ss_menu` WHERE `group` = '系统设置' AND `pid` = 68 AND `hide` = 0 ORDER BY sort asc  [ RunTime:0.0001s ]
SQL: SELECT `id`,`pid`,`title`,`url`,`tip` FROM `ss_menu` WHERE `group` = '数据备份' AND `pid` = 68 AND `hide` = 0 ORDER BY sort asc  [ RunTime:0.0001s ]
SQL: SHOW COLUMNS FROM `ss_config` [ RunTime:0.0005s ]
SQL: SELECT `id`,`name`,`title`,`extra`,`value`,`remark`,`type` FROM `ss_config` WHERE `status` = 1 AND `group` = 1 ORDER BY sort  [ RunTime:0.0002s ]
INFO: [ view_parse ] --START--
INFO: [ template_filter ] --START--
INFO: Run Behavior\ContentReplaceBehavior [ RunTime:0.000117s ]
INFO: [ template_filter ] --END-- [ RunTime:0.000165s ]
INFO: Run Behavior\ParseTemplateBehavior [ RunTime:0.017669s ]
INFO: [ view_parse ] --END-- [ RunTime:0.017722s ]
INFO: [ view_filter ] --START--
INFO: Run Behavior\WriteHtmlCacheBehavior [ RunTime:0.000163s ]
INFO: [ view_filter ] --END-- [ RunTime:0.000205s ]
INFO: [ app_end ] --START--
INFO: Run Behavior\ShowPageTraceBehavior [ RunTime:0.000330s ]
INFO: [ app_end ] --END-- [ RunTime:0.000389s ]

[ 2017-02-12T13:54:02+08:00 ] 119.233.152.56 /admin.php?s=/Report/deal.html
INFO: [ app_init ] --START--
INFO: Run Behavior\BuildLiteBehavior [ RunTime:0.000013s ]
INFO: Run Common\Behavior\InitHookBehavior [ RunTime:0.000911s ]
INFO: [ app_init ] --END-- [ RunTime:0.001020s ]
INFO: [ app_begin ] --START--
INFO: Run Behavior\ReadHtmlCacheBehavior [ RunTime:0.000341s ]
INFO: [ app_begin ] --END-- [ RunTime:0.000394s ]
SQL: SHOW COLUMNS FROM `ss_menu` [ RunTime:0.0007s ]
SQL: SELECT `id`,`title`,`url` FROM `ss_menu` WHERE `pid` = 0 AND `hide` = 0 ORDER BY sort asc  [ RunTime:0.0001s ]
SQL: SELECT `pid` FROM `ss_menu` WHERE ( pid !=0 AND url like '%Report/deal%' ) LIMIT 1   [ RunTime:0.0005s ]
SQL: SELECT * FROM `ss_menu` WHERE `id` = 132 LIMIT 1   [ RunTime:0.0002s ]
SQL: SELECT DISTINCT  `group` FROM `ss_menu` WHERE `group` <> '' AND `pid` = 132  [ RunTime:0.0003s ]
SQL: SELECT `id`,`url` FROM `ss_menu` WHERE `pid` = 132 AND `hide` = 0  [ RunTime:0.0003s ]
SQL: SELECT `id`,`pid`,`title`,`url`,`tip` FROM `ss_menu` WHERE `group` = '报表管理' AND `pid` = 132 AND `hide` = 0 ORDER BY sort asc  [ RunTime:0.0003s ]
INFO: [ view_parse ] --START--
INFO: [ template_filter ] --START--
INFO: Run Behavior\ContentReplaceBehavior [ RunTime:0.000160s ]
INFO: [ template_filter ] --END-- [ RunTime:0.000222s ]
NOTIC: [8] Undefined variable: meta_title /data/newproject/Runtime/Cache/Admin/d76c030ce5fde08ee0636a5d479a12c4.php 第 5 行.
NOTIC: [8] Undefined variable: start /data/newproject/Runtime/Cache/Admin/d76c030ce5fde08ee0636a5d479a12c4.php 第 105 行.
NOTIC: [8] Undefined variable: end /data/newproject/Runtime/Cache/Admin/d76c030ce5fde08ee0636a5d479a12c4.php 第 105 行.
NOTIC: [8] Undefined variable: _salesList /data/newproject/Runtime/Cache/Admin/d76c030ce5fde08ee0636a5d479a12c4.php 第 108 行.
NOTIC: [8] Undefined variable: _userList /data/newproject/Runtime/Cache/Admin/d76c030ce5fde08ee0636a5d479a12c4.php 第 112 行.
NOTIC: [8] Undefined variable: _page /data/newproject/Runtime/Cache/Admin/d76c030ce5fde08ee0636a5d479a12c4.php 第 177 行.
INFO: Run Behavior\ParseTemplateBehavior [ RunTime:0.017016s ]
INFO: [ view_parse ] --END-- [ RunTime:0.017062s ]
INFO: [ view_filter ] --START--
INFO: Run Behavior\WriteHtmlCacheBehavior [ RunTime:0.000116s ]
INFO: [ view_filter ] --END-- [ RunTime:0.000156s ]
INFO: [ app_end ] --START--
INFO: Run Behavior\ShowPageTraceBehavior [ RunTime:0.000297s ]
INFO: [ app_end ] --END-- [ RunTime:0.000341s ]

[ 2017-02-12T13:54:05+08:00 ] 119.233.152.56 /admin.php?s=/Account/index.html
INFO: [ app_init ] --START--
INFO: Run Behavior\BuildLiteBehavior [ RunTime:0.000012s ]
INFO: Run Common\Behavior\InitHookBehavior [ RunTime:0.001005s ]
INFO: [ app_init ] --END-- [ RunTime:0.001096s ]
INFO: [ app_begin ] --START--
INFO: Run Behavior\ReadHtmlCacheBehavior [ RunTime:0.000370s ]
INFO: [ app_begin ] --END-- [ RunTime:0.000422s ]
SQL: SHOW COLUMNS FROM `ss_menu` [ RunTime:0.0007s ]
SQL: SELECT `id`,`title`,`url` FROM `ss_menu` WHERE `pid` = 0 AND `hide` = 0 ORDER BY sort asc  [ RunTime:0.0001s ]
SQL: SELECT `pid` FROM `ss_menu` WHERE ( pid !=0 AND url like '%Account/index%' ) LIMIT 1   [ RunTime:0.0007s ]
SQL: SHOW COLUMNS FROM `ss_user` [ RunTime:0.0008s ]
SQL: SHOW COLUMNS FROM `ss_member` [ RunTime:0.0005s ]
SQL: SELECT * FROM `ss_member` WHERE ( uid=1 ) LIMIT 1   [ RunTime:0.0001s ]
SQL: SHOW COLUMNS FROM `ss_sales` [ RunTime:0.0004s ]
SQL: SELECT `id`,`title` FROM `ss_sales`  [ RunTime:0.0001s ]
SQL: SHOW COLUMNS FROM `ss_user` [ RunTime:0.0008s ]
SQL: SELECT `id`,name as title FROM `ss_user` WHERE ( status=1 and sales_id=1 )  [ RunTime:0.0003s ]
SQL: SELECT `id`,name as title FROM `ss_user` WHERE ( status=1 and sales_id=8 )  [ RunTime:0.0002s ]
SQL: SELECT * FROM `ss_user` WHERE ( id=2 ) LIMIT 1   [ RunTime:0.0003s ]
SQL: SHOW COLUMNS FROM `ss_summary_log` [ RunTime:0.0006s ]
SQL: SELECT COUNT(id) AS tp_count FROM `ss_summary_log` WHERE ( user_id=2 and (status=3 or status=5) ) LIMIT 1   [ RunTime:0.0003s ]
SQL: select a.*,b.nickname from ss_summary_log as a left join ss_member as b on a.member_id=b.uid where a.user_id=2 and (a.status=3 or a.status=5) order by a.do_time DESC,a.id DESC limit 0,20 [ RunTime:0.0006s ]
INFO: [ view_parse ] --START--
INFO: [ template_filter ] --START--
INFO: Run Behavior\ContentReplaceBehavior [ RunTime:0.000120s ]
INFO: [ template_filter ] --END-- [ RunTime:0.000171s ]
NOTIC: [8] Undefined index: return_interest /data/newproject/Runtime/Cache/Admin/c4921982ccba1d7effaada457f8c4abd.php 第 150 行.
NOTIC: [8] Undefined index: uid /data/newproject/Runtime/Cache/Admin/c4921982ccba1d7effaada457f8c4abd.php 第 156 行.
NOTIC: [8] Undefined index: return_interest /data/newproject/Runtime/Cache/Admin/c4921982ccba1d7effaada457f8c4abd.php 第 150 行.
NOTIC: [8] Undefined index: uid /data/newproject/Runtime/Cache/Admin/c4921982ccba1d7effaada457f8c4abd.php 第 156 行.
NOTIC: [8] Undefined index: return_interest /data/newproject/Runtime/Cache/Admin/c4921982ccba1d7effaada457f8c4abd.php 第 150 行.
NOTIC: [8] Undefined index: uid /data/newproject/Runtime/Cache/Admin/c4921982ccba1d7effaada457f8c4abd.php 第 156 行.
NOTIC: [8] Undefined index: return_interest /data/newproject/Runtime/Cache/Admin/c4921982ccba1d7effaada457f8c4abd.php 第 150 行.
NOTIC: [8] Undefined index: uid /data/newproject/Runtime/Cache/Admin/c4921982ccba1d7effaada457f8c4abd.php 第 156 行.
NOTIC: [8] Undefined index: return_interest /data/newproject/Runtime/Cache/Admin/c4921982ccba1d7effaada457f8c4abd.php 第 150 行.
NOTIC: [8] Undefined index: uid /data/newproject/Runtime/Cache/Admin/c4921982ccba1d7effaada457f8c4abd.php 第 156 行.
NOTIC: [8] Undefined index: return_interest /data/newproject/Runtime/Cache/Admin/c4921982ccba1d7effaada457f8c4abd.php 第 150 行.
NOTIC: [8] Undefined index: uid /data/newproject/Runtime/Cache/Admin/c4921982ccba1d7effaada457f8c4abd.php 第 156 行.
NOTIC: [8] Undefined index: return_interest /data/newproject/Runtime/Cache/Admin/c4921982ccba1d7effaada457f8c4abd.php 第 150 行.
NOTIC: [8] Undefined index: uid /data/newproject/Runtime/Cache/Admin/c4921982ccba1d7effaada457f8c4abd.php 第 156 行.
NOTIC: [8] Undefined index: return_interest /data/newproject/Runtime/Cache/Admin/c4921982ccba1d7effaada457f8c4abd.php 第 150 行.
NOTIC: [8] Undefined index: uid /data/newproject/Runtime/Cache/Admin/c4921982ccba1d7effaada457f8c4abd.php 第 156 行.
NOTIC: [8] Undefined index: return_interest /data/newproject/Runtime/Cache/Admin/c4921982ccba1d7effaada457f8c4abd.php 第 150 行.
NOTIC: [8] Undefined index: uid /data/newproject/Runtime/Cache/Admin/c4921982ccba1d7effaada457f8c4abd.php 第 156 行.
INFO: Run Behavior\ParseTemplateBehavior [ RunTime:0.016551s ]
INFO: [ view_parse ] --END-- [ RunTime:0.016600s ]
INFO: [ view_filter ] --START--
INFO: Run Behavior\WriteHtmlCacheBehavior [ RunTime:0.000128s ]
INFO: [ view_filter ] --END-- [ RunTime:0.000169s ]
INFO: [ app_end ] --START--
INFO: Run Behavior\ShowPageTraceBehavior [ RunTime:0.000323s ]
INFO: [ app_end ] --END-- [ RunTime:0.000369s ]

[ 2017-02-12T13:54:07+08:00 ] 119.233.152.56 /admin.php?s=/Account/un_deal_list/id/2.html
INFO: [ app_init ] --START--
INFO: Run Behavior\BuildLiteBehavior [ RunTime:0.000012s ]
INFO: Run Common\Behavior\InitHookBehavior [ RunTime:0.000832s ]
INFO: [ app_init ] --END-- [ RunTime:0.000923s ]
INFO: [ app_begin ] --START--
INFO: Run Behavior\ReadHtmlCacheBehavior [ RunTime:0.000281s ]
INFO: [ app_begin ] --END-- [ RunTime:0.000331s ]
SQL: SHOW COLUMNS FROM `ss_menu` [ RunTime:0.0007s ]
SQL: SELECT `id`,`title`,`url` FROM `ss_menu` WHERE `pid` = 0 AND `hide` = 0 ORDER BY sort asc  [ RunTime:0.0001s ]
SQL: SELECT `pid` FROM `ss_menu` WHERE ( pid !=0 AND url like '%Account/un_deal_list%' ) LIMIT 1   [ RunTime:0.0005s ]
SQL: SELECT * FROM `ss_menu` WHERE `id` = 131 LIMIT 1   [ RunTime:0.0002s ]
SQL: SELECT DISTINCT  `group` FROM `ss_menu` WHERE `group` <> '' AND `pid` = 131  [ RunTime:0.0004s ]
SQL: SELECT `id`,`url` FROM `ss_menu` WHERE `pid` = 131 AND `hide` = 0  [ RunTime:0.0002s ]
SQL: SELECT `id`,`pid`,`title`,`url`,`tip` FROM `ss_menu` WHERE `group` = '结算管理' AND `pid` = 131 AND `hide` = 0 ORDER BY sort asc  [ RunTime:0.0002s ]
SQL: SHOW COLUMNS FROM `ss_user` [ RunTime:0.0006s ]
SQL: SHOW COLUMNS FROM `ss_member` [ RunTime:0.0005s ]
SQL: SELECT * FROM `ss_member` WHERE ( uid=1 ) LIMIT 1   [ RunTime:0.0001s ]
SQL: SHOW COLUMNS FROM `ss_sales` [ RunTime:0.0004s ]
SQL: SELECT `id`,`title` FROM `ss_sales`  [ RunTime:0.0001s ]
SQL: SHOW COLUMNS FROM `ss_user` [ RunTime:0.0008s ]
SQL: SELECT `id`,name as title FROM `ss_user` WHERE ( status=1 and sales_id=1 )  [ RunTime:0.0001s ]
SQL: SELECT `id`,name as title FROM `ss_user` WHERE ( status=1 and sales_id=8 )  [ RunTime:0.0001s ]
SQL: SELECT * FROM `ss_user` WHERE ( id=2 ) LIMIT 1   [ RunTime:0.0001s ]
SQL: SHOW COLUMNS FROM `ss_summary_log` [ RunTime:0.0005s ]
SQL: SELECT COUNT(id) AS tp_count FROM `ss_summary_log` WHERE ( user_id=2 and (status=2 or status=6) ) LIMIT 1   [ RunTime:0.0003s ]
SQL: select a.*,b.nickname from ss_summary_log as a left join ss_member as b on a.member_id=b.uid where a.user_id=2 and (a.status=2 or a.status=6) order by a.do_time DESC,a.id DESC limit 0,20 [ RunTime:0.0003s ]
INFO: [ view_parse ] --START--
INFO: [ template_filter ] --START--
INFO: Run Behavior\ContentReplaceBehavior [ RunTime:0.000121s ]
INFO: [ template_filter ] --END-- [ RunTime:0.000170s ]
INFO: Run Behavior\ParseTemplateBehavior [ RunTime:0.013744s ]
INFO: [ view_parse ] --END-- [ RunTime:0.013791s ]
INFO: [ view_filter ] --START--
INFO: Run Behavior\WriteHtmlCacheBehavior [ RunTime:0.000104s ]
INFO: [ view_filter ] --END-- [ RunTime:0.000146s ]
INFO: [ app_end ] --START--
INFO: Run Behavior\ShowPageTraceBehavior [ RunTime:0.000278s ]
INFO: [ app_end ] --END-- [ RunTime:0.000323s ]

[ 2017-02-12T13:54:11+08:00 ] 119.233.152.56 /admin.php?s=/Capital/index.html
INFO: [ app_init ] --START--
INFO: Run Behavior\BuildLiteBehavior [ RunTime:0.000012s ]
INFO: Run Common\Behavior\InitHookBehavior [ RunTime:0.001014s ]
INFO: [ app_init ] --END-- [ RunTime:0.001107s ]
INFO: [ app_begin ] --START--
INFO: Run Behavior\ReadHtmlCacheBehavior [ RunTime:0.000363s ]
INFO: [ app_begin ] --END-- [ RunTime:0.000421s ]
SQL: SHOW COLUMNS FROM `ss_menu` [ RunTime:0.0007s ]
SQL: SELECT `id`,`title`,`url` FROM `ss_menu` WHERE `pid` = 0 AND `hide` = 0 ORDER BY sort asc  [ RunTime:0.0001s ]
SQL: SELECT `pid` FROM `ss_menu` WHERE ( pid !=0 AND url like '%Capital/index%' ) LIMIT 1   [ RunTime:0.0006s ]
SQL: SHOW COLUMNS FROM `ss_user` [ RunTime:0.0007s ]
SQL: SHOW COLUMNS FROM `ss_member` [ RunTime:0.0006s ]
SQL: SELECT * FROM `ss_member` WHERE ( uid=1 ) LIMIT 1   [ RunTime:0.0002s ]
SQL: SHOW COLUMNS FROM `ss_sales` [ RunTime:0.0005s ]
SQL: SELECT `id`,`title` FROM `ss_sales`  [ RunTime:0.0001s ]
SQL: SHOW COLUMNS FROM `ss_user` [ RunTime:0.0006s ]
SQL: SELECT `id`,name as title FROM `ss_user` WHERE ( status=1 and sales_id=1 )  [ RunTime:0.0001s ]
SQL: SELECT `id`,name as title FROM `ss_user` WHERE ( status=1 and sales_id=8 )  [ RunTime:0.0001s ]
SQL: SELECT * FROM `ss_user` WHERE ( id=2 ) LIMIT 1   [ RunTime:0.0001s ]
SQL: SHOW COLUMNS FROM `ss_capital_log` [ RunTime:0.0005s ]
SQL: SELECT COUNT(id) AS tp_count FROM `ss_capital_log` WHERE ( user_id=2 and status=1  ) LIMIT 1   [ RunTime:0.0003s ]
SQL: select a.*,b.nickname from ss_capital_log as a left join ss_member as b on a.member_id=b.uid where a.user_id=2 and a.status=1 order by a.do_time DESC,a.id DESC limit 0,20 [ RunTime:0.0006s ]
INFO: [ view_parse ] --START--
INFO: [ template_filter ] --START--
INFO: Run Behavior\ContentReplaceBehavior [ RunTime:0.000176s ]
INFO: [ template_filter ] --END-- [ RunTime:0.000230s ]
INFO: Run Behavior\ParseTemplateBehavior [ RunTime:0.016990s ]
INFO: [ view_parse ] --END-- [ RunTime:0.017041s ]
INFO: [ view_filter ] --START--
INFO: Run Behavior\WriteHtmlCacheBehavior [ RunTime:0.000109s ]
INFO: [ view_filter ] --END-- [ RunTime:0.000158s ]
INFO: [ app_end ] --START--
INFO: Run Behavior\ShowPageTraceBehavior [ RunTime:0.000282s ]
INFO: [ app_end ] --END-- [ RunTime:0.000331s ]

[ 2017-02-12T15:27:39+08:00 ] 58.23.241.16 /admin.php?s=/Capital/index.html
INFO: [ app_init ] --START--
INFO: Run Behavior\BuildLiteBehavior [ RunTime:0.000013s ]
INFO: Run Common\Behavior\InitHookBehavior [ RunTime:0.000975s ]
INFO: [ app_init ] --END-- [ RunTime:0.001073s ]
INFO: [ app_begin ] --START--
INFO: Run Behavior\ReadHtmlCacheBehavior [ RunTime:0.000280s ]
INFO: [ app_begin ] --END-- [ RunTime:0.000330s ]
SQL: SHOW COLUMNS FROM `ss_menu` [ RunTime:0.0008s ]
SQL: SELECT `id`,`title`,`url` FROM `ss_menu` WHERE `pid` = 0 AND `hide` = 0 ORDER BY sort asc  [ RunTime:0.0001s ]
SQL: SELECT `pid` FROM `ss_menu` WHERE ( pid !=0 AND url like '%Capital/index%' ) LIMIT 1   [ RunTime:0.0001s ]
SQL: SHOW COLUMNS FROM `ss_user` [ RunTime:0.0006s ]
SQL: SHOW COLUMNS FROM `ss_member` [ RunTime:0.0005s ]
SQL: SELECT * FROM `ss_member` WHERE ( uid=1 ) LIMIT 1   [ RunTime:0.0001s ]
SQL: SHOW COLUMNS FROM `ss_sales` [ RunTime:0.0004s ]
SQL: SELECT `id`,`title` FROM `ss_sales`  [ RunTime:0.0001s ]
SQL: SHOW COLUMNS FROM `ss_user` [ RunTime:0.0005s ]
SQL: SELECT `id`,name as title FROM `ss_user` WHERE ( status=1 and sales_id=1 )  [ RunTime:0.0001s ]
SQL: SELECT `id`,name as title FROM `ss_user` WHERE ( status=1 and sales_id=8 )  [ RunTime:0.0001s ]
SQL: SELECT * FROM `ss_user` WHERE ( id=2 ) LIMIT 1   [ RunTime:0.0001s ]
SQL: SHOW COLUMNS FROM `ss_capital_log` [ RunTime:0.0004s ]
SQL: SELECT COUNT(id) AS tp_count FROM `ss_capital_log` WHERE ( user_id=2 and status=1  ) LIMIT 1   [ RunTime:0.0001s ]
SQL: select a.*,b.nickname from ss_capital_log as a left join ss_member as b on a.member_id=b.uid where a.user_id=2 and a.status=1 order by a.do_time DESC,a.id DESC limit 0,20 [ RunTime:0.0001s ]
INFO: [ view_parse ] --START--
INFO: [ template_filter ] --START--
INFO: Run Behavior\ContentReplaceBehavior [ RunTime:0.000148s ]
INFO: [ template_filter ] --END-- [ RunTime:0.000204s ]
INFO: Run Behavior\ParseTemplateBehavior [ RunTime:0.016616s ]
INFO: [ view_parse ] --END-- [ RunTime:0.016668s ]
INFO: [ view_filter ] --START--
INFO: Run Behavior\WriteHtmlCacheBehavior [ RunTime:0.000119s ]
INFO: [ view_filter ] --END-- [ RunTime:0.000159s ]
INFO: [ app_end ] --START--
INFO: Run Behavior\ShowPageTraceBehavior [ RunTime:0.000292s ]
INFO: [ app_end ] --END-- [ RunTime:0.000347s ]

[ 2017-02-12T15:27:45+08:00 ] 58.23.241.16 /admin.php?s=/Operate/index.html
INFO: [ app_init ] --START--
INFO: Run Behavior\BuildLiteBehavior [ RunTime:0.000012s ]
INFO: Run Common\Behavior\InitHookBehavior [ RunTime:0.000832s ]
INFO: [ app_init ] --END-- [ RunTime:0.000923s ]
INFO: [ app_begin ] --START--
INFO: Run Behavior\ReadHtmlCacheBehavior [ RunTime:0.000288s ]
INFO: [ app_begin ] --END-- [ RunTime:0.000338s ]
SQL: SHOW COLUMNS FROM `ss_menu` [ RunTime:0.0008s ]
SQL: SELECT `id`,`title`,`url` FROM `ss_menu` WHERE `pid` = 0 AND `hide` = 0 ORDER BY sort asc  [ RunTime:0.0001s ]
SQL: SELECT `pid` FROM `ss_menu` WHERE ( pid !=0 AND url like '%Operate/index%' ) LIMIT 1   [ RunTime:0.0008s ]
SQL: SHOW COLUMNS FROM `ss_user` [ RunTime:0.0009s ]
SQL: SHOW COLUMNS FROM `ss_member` [ RunTime:0.0007s ]
SQL: SELECT * FROM `ss_member` WHERE ( uid=1 ) LIMIT 1   [ RunTime:0.0001s ]
SQL: SHOW COLUMNS FROM `ss_sales` [ RunTime:0.0004s ]
SQL: SELECT `id`,`title` FROM `ss_sales`  [ RunTime:0.0001s ]
SQL: SHOW COLUMNS FROM `ss_user` [ RunTime:0.0006s ]
SQL: SELECT `id`,name as title FROM `ss_user` WHERE ( status=1 and sales_id=1 )  [ RunTime:0.0001s ]
SQL: SELECT `id`,name as title FROM `ss_user` WHERE ( status=1 and sales_id=8 )  [ RunTime:0.0001s ]
SQL: SELECT * FROM `ss_user` WHERE ( id=2 ) LIMIT 1   [ RunTime:0.0001s ]
SQL: SHOW COLUMNS FROM `ss_deal_log` [ RunTime:0.0005s ]
SQL: SELECT COUNT(id) AS tp_count FROM `ss_deal_log` WHERE ( user_id=2 and status=1  ) LIMIT 1   [ RunTime:0.0004s ]
SQL: select a.*,b.nickname from ss_deal_log as a left join ss_member as b on a.member_id=b.uid where a.user_id=2 and a.status=1 order by a.deal_time DESC,a.id DESC limit 0,6 [ RunTime:0.0007s ]
SQL: SELECT COUNT(id) AS tp_count FROM `ss_deal_log` WHERE ( user_id=2 and status=1 and do_type=1 and sell_status=1 ) LIMIT 1   [ RunTime:0.0003s ]
SQL: select a.*,b.nickname from ss_deal_log as a left join ss_member as b on a.member_id=b.uid where a.user_id=2 and a.status=1 and a.do_type=1 and a.sell_status=1 order by a.deal_time DESC,a.id DESC limit 0,4 [ RunTime:0.0004s ]
NOTIC: [8] Undefined index: sell_cost /data/newproject/Application/Admin/Controller/OperateController.class.php 第 91 行.
NOTIC: [8] Undefined index: sell_cost /data/newproject/Application/Admin/Controller/OperateController.class.php 第 91 行.
INFO: [ view_parse ] --START--
INFO: [ template_filter ] --START--
INFO: Run Behavior\ContentReplaceBehavior [ RunTime:0.000195s ]
INFO: [ template_filter ] --END-- [ RunTime:0.000249s ]
INFO: Run Behavior\ParseTemplateBehavior [ RunTime:0.021587s ]
INFO: [ view_parse ] --END-- [ RunTime:0.021641s ]
INFO: [ view_filter ] --START--
INFO: Run Behavior\WriteHtmlCacheBehavior [ RunTime:0.000120s ]
INFO: [ view_filter ] --END-- [ RunTime:0.000163s ]
INFO: [ app_end ] --START--
INFO: Run Behavior\ShowPageTraceBehavior [ RunTime:0.000367s ]
INFO: [ app_end ] --END-- [ RunTime:0.000423s ]

[ 2017-02-12T15:27:50+08:00 ] 58.23.241.16 /admin.php?s=/Capital/index.html
INFO: [ app_init ] --START--
INFO: Run Behavior\BuildLiteBehavior [ RunTime:0.000012s ]
INFO: Run Common\Behavior\InitHookBehavior [ RunTime:0.000931s ]
INFO: [ app_init ] --END-- [ RunTime:0.001025s ]
INFO: [ app_begin ] --START--
INFO: Run Behavior\ReadHtmlCacheBehavior [ RunTime:0.000355s ]
INFO: [ app_begin ] --END-- [ RunTime:0.000406s ]
SQL: SHOW COLUMNS FROM `ss_menu` [ RunTime:0.0007s ]
SQL: SELECT `id`,`title`,`url` FROM `ss_menu` WHERE `pid` = 0 AND `hide` = 0 ORDER BY sort asc  [ RunTime:0.0001s ]
SQL: SELECT `pid` FROM `ss_menu` WHERE ( pid !=0 AND url like '%Capital/index%' ) LIMIT 1   [ RunTime:0.0001s ]
SQL: SHOW COLUMNS FROM `ss_user` [ RunTime:0.0007s ]
SQL: SHOW COLUMNS FROM `ss_member` [ RunTime:0.0006s ]
SQL: SELECT * FROM `ss_member` WHERE ( uid=1 ) LIMIT 1   [ RunTime:0.0001s ]
SQL: SHOW COLUMNS FROM `ss_sales` [ RunTime:0.0004s ]
SQL: SELECT `id`,`title` FROM `ss_sales`  [ RunTime:0.0001s ]
SQL: SHOW COLUMNS FROM `ss_user` [ RunTime:0.0006s ]
SQL: SELECT `id`,name as title FROM `ss_user` WHERE ( status=1 and sales_id=1 )  [ RunTime:0.0001s ]
SQL: SELECT `id`,name as title FROM `ss_user` WHERE ( status=1 and sales_id=8 )  [ RunTime:0.0001s ]
SQL: SELECT * FROM `ss_user` WHERE ( id=2 ) LIMIT 1   [ RunTime:0.0003s ]
SQL: SHOW COLUMNS FROM `ss_capital_log` [ RunTime:0.0004s ]
SQL: SELECT COUNT(id) AS tp_count FROM `ss_capital_log` WHERE ( user_id=2 and status=1  ) LIMIT 1   [ RunTime:0.0001s ]
SQL: select a.*,b.nickname from ss_capital_log as a left join ss_member as b on a.member_id=b.uid where a.user_id=2 and a.status=1 order by a.do_time DESC,a.id DESC limit 0,20 [ RunTime:0.0001s ]
INFO: [ view_parse ] --START--
INFO: [ template_filter ] --START--
INFO: Run Behavior\ContentReplaceBehavior [ RunTime:0.000141s ]
INFO: [ template_filter ] --END-- [ RunTime:0.000207s ]
INFO: Run Behavior\ParseTemplateBehavior [ RunTime:0.017982s ]
INFO: [ view_parse ] --END-- [ RunTime:0.018034s ]
INFO: [ view_filter ] --START--
INFO: Run Behavior\WriteHtmlCacheBehavior [ RunTime:0.000144s ]
INFO: [ view_filter ] --END-- [ RunTime:0.000229s ]
INFO: [ app_end ] --START--
INFO: Run Behavior\ShowPageTraceBehavior [ RunTime:0.000304s ]
INFO: [ app_end ] --END-- [ RunTime:0.000354s ]

[ 2017-02-12T15:27:59+08:00 ] 58.23.241.16 /admin.php?s=/Capital/monthInterest/id/2.html
INFO: [ app_init ] --START--
INFO: Run Behavior\BuildLiteBehavior [ RunTime:0.000013s ]
INFO: Run Common\Behavior\InitHookBehavior [ RunTime:0.000836s ]
INFO: [ app_init ] --END-- [ RunTime:0.000932s ]
INFO: [ app_begin ] --START--
INFO: Run Behavior\ReadHtmlCacheBehavior [ RunTime:0.000279s ]
INFO: [ app_begin ] --END-- [ RunTime:0.000328s ]
SQL: SHOW COLUMNS FROM `ss_menu` [ RunTime:0.0007s ]
SQL: SELECT `id`,`title`,`url` FROM `ss_menu` WHERE `pid` = 0 AND `hide` = 0 ORDER BY sort asc  [ RunTime:0.0001s ]
SQL: SELECT `pid` FROM `ss_menu` WHERE ( pid !=0 AND url like '%Capital/monthInterest%' ) LIMIT 1   [ RunTime:0.0005s ]
SQL: SHOW COLUMNS FROM `ss_user` [ RunTime:0.0006s ]
SQL: SHOW COLUMNS FROM `ss_member` [ RunTime:0.0006s ]
SQL: SELECT * FROM `ss_member` WHERE ( uid=1 ) LIMIT 1   [ RunTime:0.0001s ]
SQL: SHOW COLUMNS FROM `ss_sales` [ RunTime:0.0004s ]
SQL: SELECT `id`,`title` FROM `ss_sales`  [ RunTime:0.0001s ]
SQL: SHOW COLUMNS FROM `ss_user` [ RunTime:0.0005s ]
SQL: SELECT `id`,name as title FROM `ss_user` WHERE ( status=1 and sales_id=1 )  [ RunTime:0.0001s ]
SQL: SELECT `id`,name as title FROM `ss_user` WHERE ( status=1 and sales_id=8 )  [ RunTime:0.0001s ]
ERR: SQLSTATE[42S02]: Base table or view not found: 1146 Table 'shares.ss_return_interest_log' doesn't exist

[ 2017-02-12T15:28:03+08:00 ] 58.23.241.16 /admin.php?s=/Operate/index.html
INFO: [ app_init ] --START--
INFO: Run Behavior\BuildLiteBehavior [ RunTime:0.000012s ]
INFO: Run Common\Behavior\InitHookBehavior [ RunTime:0.000914s ]
INFO: [ app_init ] --END-- [ RunTime:0.001006s ]
INFO: [ app_begin ] --START--
INFO: Run Behavior\ReadHtmlCacheBehavior [ RunTime:0.000291s ]
INFO: [ app_begin ] --END-- [ RunTime:0.000341s ]
SQL: SHOW COLUMNS FROM `ss_menu` [ RunTime:0.0007s ]
SQL: SELECT `id`,`title`,`url` FROM `ss_menu` WHERE `pid` = 0 AND `hide` = 0 ORDER BY sort asc  [ RunTime:0.0001s ]
SQL: SELECT `pid` FROM `ss_menu` WHERE ( pid !=0 AND url like '%Operate/index%' ) LIMIT 1   [ RunTime:0.0001s ]
SQL: SHOW COLUMNS FROM `ss_user` [ RunTime:0.0006s ]
SQL: SHOW COLUMNS FROM `ss_member` [ RunTime:0.0005s ]
SQL: SELECT * FROM `ss_member` WHERE ( uid=1 ) LIMIT 1   [ RunTime:0.0001s ]
SQL: SHOW COLUMNS FROM `ss_sales` [ RunTime:0.0005s ]
SQL: SELECT `id`,`title` FROM `ss_sales`  [ RunTime:0.0001s ]
SQL: SHOW COLUMNS FROM `ss_user` [ RunTime:0.0006s ]
SQL: SELECT `id`,name as title FROM `ss_user` WHERE ( status=1 and sales_id=1 )  [ RunTime:0.0001s ]
SQL: SELECT `id`,name as title FROM `ss_user` WHERE ( status=1 and sales_id=8 )  [ RunTime:0.0001s ]
SQL: SELECT * FROM `ss_user` WHERE ( id=2 ) LIMIT 1   [ RunTime:0.0001s ]
SQL: SHOW COLUMNS FROM `ss_deal_log` [ RunTime:0.0005s ]
SQL: SELECT COUNT(id) AS tp_count FROM `ss_deal_log` WHERE ( user_id=2 and status=1  ) LIMIT 1   [ RunTime:0.0001s ]
SQL: select a.*,b.nickname from ss_deal_log as a left join ss_member as b on a.member_id=b.uid where a.user_id=2 and a.status=1 order by a.deal_time DESC,a.id DESC limit 0,6 [ RunTime:0.0001s ]
SQL: SELECT COUNT(id) AS tp_count FROM `ss_deal_log` WHERE ( user_id=2 and status=1 and do_type=1 and sell_status=1 ) LIMIT 1   [ RunTime:0.0001s ]
SQL: select a.*,b.nickname from ss_deal_log as a left join ss_member as b on a.member_id=b.uid where a.user_id=2 and a.status=1 and a.do_type=1 and a.sell_status=1 order by a.deal_time DESC,a.id DESC limit 0,4 [ RunTime:0.0001s ]
NOTIC: [8] Undefined index: sell_cost /data/newproject/Application/Admin/Controller/OperateController.class.php 第 91 行.
NOTIC: [8] Undefined index: sell_cost /data/newproject/Application/Admin/Controller/OperateController.class.php 第 91 行.
INFO: [ view_parse ] --START--
INFO: [ template_filter ] --START--
INFO: Run Behavior\ContentReplaceBehavior [ RunTime:0.000193s ]
INFO: [ template_filter ] --END-- [ RunTime:0.000251s ]
INFO: Run Behavior\ParseTemplateBehavior [ RunTime:0.021622s ]
INFO: [ view_parse ] --END-- [ RunTime:0.021675s ]
INFO: [ view_filter ] --START--
INFO: Run Behavior\WriteHtmlCacheBehavior [ RunTime:0.000112s ]
INFO: [ view_filter ] --END-- [ RunTime:0.000155s ]
INFO: [ app_end ] --START--
INFO: Run Behavior\ShowPageTraceBehavior [ RunTime:0.000284s ]
INFO: [ app_end ] --END-- [ RunTime:0.000345s ]

[ 2017-02-12T15:28:04+08:00 ] 58.23.241.16 /admin.php?s=/User/index.html
INFO: [ app_init ] --START--
INFO: Run Behavior\BuildLiteBehavior [ RunTime:0.000018s ]
INFO: Run Common\Behavior\InitHookBehavior [ RunTime:0.001102s ]
INFO: [ app_init ] --END-- [ RunTime:0.001251s ]
INFO: [ app_begin ] --START--
INFO: Run Behavior\ReadHtmlCacheBehavior [ RunTime:0.000508s ]
INFO: [ app_begin ] --END-- [ RunTime:0.000594s ]
SQL: SHOW COLUMNS FROM `ss_menu` [ RunTime:0.0007s ]
SQL: SELECT `id`,`title`,`url` FROM `ss_menu` WHERE `pid` = 0 AND `hide` = 0 ORDER BY sort asc  [ RunTime:0.0001s ]
SQL: SELECT `pid` FROM `ss_menu` WHERE ( pid !=0 AND url like '%User/index%' ) LIMIT 1   [ RunTime:0.0001s ]
SQL: SELECT * FROM `ss_menu` WHERE `id` = 16 LIMIT 1   [ RunTime:0.0001s ]
SQL: SELECT DISTINCT  `group` FROM `ss_menu` WHERE `group` <> '' AND `pid` = 16  [ RunTime:0.0001s ]
SQL: SELECT `id`,`url` FROM `ss_menu` WHERE `pid` = 16 AND `hide` = 0  [ RunTime:0.0001s ]
SQL: SELECT `id`,`pid`,`title`,`url`,`tip` FROM `ss_menu` WHERE `group` = '营业管理' AND `pid` = 16 AND `hide` = 0 ORDER BY sort asc  [ RunTime:0.0001s ]
SQL: SELECT `id`,`pid`,`title`,`url`,`tip` FROM `ss_menu` WHERE `group` = '行为管理' AND `pid` = 16 AND `hide` = 0 ORDER BY sort asc  [ RunTime:0.0001s ]
SQL: SELECT `id`,`pid`,`title`,`url`,`tip` FROM `ss_menu` WHERE `group` = '用户管理' AND `pid` = 16 AND `hide` = 0 ORDER BY sort asc  [ RunTime:0.0001s ]
SQL: SHOW COLUMNS FROM `ss_member` [ RunTime:0.0006s ]
SQL: SELECT COUNT(*) AS tp_count FROM `ss_member` WHERE `status` >= 0 AND `nickname` LIKE '%%' LIMIT 1   [ RunTime:0.0001s ]
SQL: SELECT `uid`,`nickname`,`sales_id`,`yonjin_rate`,`lixi_rate`,`yonjin_money`,`lixi_money`,`total_money`,`telephone`,`sex`,`login`,`reg_ip`,`reg_time`,`last_login_ip`,`last_login_time`,`sort`,`level`,`status` FROM `ss_member` WHERE `status` >= 0 AND `nickname` LIKE '%%' ORDER BY sort desc LIMIT 0,10   [ RunTime:0.0001s ]
SQL: SHOW COLUMNS FROM `ss_user` [ RunTime:0.0006s ]
SQL: SHOW COLUMNS FROM `ss_sales` [ RunTime:0.0004s ]
SQL: SELECT `id`,`title` FROM `ss_sales`  [ RunTime:0.0001s ]
SQL: SHOW COLUMNS FROM `ss_member` [ RunTime:0.0005s ]
SQL: SELECT * FROM `ss_member` WHERE ( uid=1 ) LIMIT 1   [ RunTime:0.0001s ]
INFO: [ view_parse ] --START--
INFO: [ template_filter ] --START--
INFO: Run Behavior\ContentReplaceBehavior [ RunTime:0.000124s ]
INFO: [ template_filter ] --END-- [ RunTime:0.000180s ]
INFO: Run Behavior\ParseTemplateBehavior [ RunTime:0.015344s ]
INFO: [ view_parse ] --END-- [ RunTime:0.015392s ]
INFO: [ view_filter ] --START--
INFO: Run Behavior\WriteHtmlCacheBehavior [ RunTime:0.000112s ]
INFO: [ view_filter ] --END-- [ RunTime:0.000153s ]
INFO: [ app_end ] --START--
INFO: Run Behavior\ShowPageTraceBehavior [ RunTime:0.000312s ]
INFO: [ app_end ] --END-- [ RunTime:0.000370s ]

[ 2017-02-12T15:28:05+08:00 ] 58.23.241.16 /admin.php?s=/Capital/index.html
INFO: [ app_init ] --START--
INFO: Run Behavior\BuildLiteBehavior [ RunTime:0.000013s ]
INFO: Run Common\Behavior\InitHookBehavior [ RunTime:0.000843s ]
INFO: [ app_init ] --END-- [ RunTime:0.000936s ]
INFO: [ app_begin ] --START--
INFO: Run Behavior\ReadHtmlCacheBehavior [ RunTime:0.000304s ]
INFO: [ app_begin ] --END-- [ RunTime:0.000365s ]
SQL: SHOW COLUMNS FROM `ss_menu` [ RunTime:0.0008s ]
SQL: SELECT `id`,`title`,`url` FROM `ss_menu` WHERE `pid` = 0 AND `hide` = 0 ORDER BY sort asc  [ RunTime:0.0001s ]
SQL: SELECT `pid` FROM `ss_menu` WHERE ( pid !=0 AND url like '%Capital/index%' ) LIMIT 1   [ RunTime:0.0001s ]
SQL: SHOW COLUMNS FROM `ss_user` [ RunTime:0.0008s ]
SQL: SHOW COLUMNS FROM `ss_member` [ RunTime:0.0006s ]
SQL: SELECT * FROM `ss_member` WHERE ( uid=1 ) LIMIT 1   [ RunTime:0.0001s ]
SQL: SHOW COLUMNS FROM `ss_sales` [ RunTime:0.0005s ]
SQL: SELECT `id`,`title` FROM `ss_sales`  [ RunTime:0.0001s ]
SQL: SHOW COLUMNS FROM `ss_user` [ RunTime:0.0006s ]
SQL: SELECT `id`,name as title FROM `ss_user` WHERE ( status=1 and sales_id=1 )  [ RunTime:0.0001s ]
SQL: SELECT `id`,name as title FROM `ss_user` WHERE ( status=1 and sales_id=8 )  [ RunTime:0.0001s ]
SQL: SELECT * FROM `ss_user` WHERE ( id=2 ) LIMIT 1   [ RunTime:0.0002s ]
SQL: SHOW COLUMNS FROM `ss_capital_log` [ RunTime:0.0005s ]
SQL: SELECT COUNT(id) AS tp_count FROM `ss_capital_log` WHERE ( user_id=2 and status=1  ) LIMIT 1   [ RunTime:0.0001s ]
SQL: select a.*,b.nickname from ss_capital_log as a left join ss_member as b on a.member_id=b.uid where a.user_id=2 and a.status=1 order by a.do_time DESC,a.id DESC limit 0,20 [ RunTime:0.0001s ]
INFO: [ view_parse ] --START--
INFO: [ template_filter ] --START--
INFO: Run Behavior\ContentReplaceBehavior [ RunTime:0.000135s ]
INFO: [ template_filter ] --END-- [ RunTime:0.000186s ]
INFO: Run Behavior\ParseTemplateBehavior [ RunTime:0.016322s ]
INFO: [ view_parse ] --END-- [ RunTime:0.016373s ]
INFO: [ view_filter ] --START--
INFO: Run Behavior\WriteHtmlCacheBehavior [ RunTime:0.000107s ]
INFO: [ view_filter ] --END-- [ RunTime:0.000146s ]
INFO: [ app_end ] --START--
INFO: Run Behavior\ShowPageTraceBehavior [ RunTime:0.000292s ]
INFO: [ app_end ] --END-- [ RunTime:0.000340s ]

[ 2017-02-12T15:38:04+08:00 ] 58.23.241.16 /admin.php?s=/Capital/index.html
INFO: [ app_init ] --START--
INFO: Run Behavior\BuildLiteBehavior [ RunTime:0.000012s ]
INFO: Run Common\Behavior\InitHookBehavior [ RunTime:0.000838s ]
INFO: [ app_init ] --END-- [ RunTime:0.000927s ]
INFO: [ app_begin ] --START--
INFO: Run Behavior\ReadHtmlCacheBehavior [ RunTime:0.000315s ]
INFO: [ app_begin ] --END-- [ RunTime:0.000377s ]
SQL: SHOW COLUMNS FROM `ss_menu` [ RunTime:0.0010s ]
SQL: SELECT `id`,`title`,`url` FROM `ss_menu` WHERE `pid` = 0 AND `hide` = 0 ORDER BY sort asc  [ RunTime:0.0005s ]
SQL: SELECT `pid` FROM `ss_menu` WHERE ( pid !=0 AND url like '%Capital/index%' ) LIMIT 1   [ RunTime:0.0005s ]
SQL: SHOW COLUMNS FROM `ss_user` [ RunTime:0.0007s ]
SQL: SHOW COLUMNS FROM `ss_member` [ RunTime:0.0005s ]
SQL: SELECT * FROM `ss_member` WHERE ( uid=1 ) LIMIT 1   [ RunTime:0.0002s ]
SQL: SHOW COLUMNS FROM `ss_sales` [ RunTime:0.0005s ]
SQL: SELECT `id`,`title` FROM `ss_sales`  [ RunTime:0.0002s ]
SQL: SHOW COLUMNS FROM `ss_user` [ RunTime:0.0006s ]
SQL: SELECT `id`,name as title FROM `ss_user` WHERE ( status=1 and sales_id=1 )  [ RunTime:0.0003s ]
SQL: SELECT `id`,name as title FROM `ss_user` WHERE ( status=1 and sales_id=8 )  [ RunTime:0.0003s ]
SQL: SELECT * FROM `ss_user` WHERE ( id=2 ) LIMIT 1   [ RunTime:0.0002s ]
SQL: SHOW COLUMNS FROM `ss_capital_log` [ RunTime:0.0005s ]
SQL: SELECT COUNT(id) AS tp_count FROM `ss_capital_log` WHERE ( user_id=2 and status=1  ) LIMIT 1   [ RunTime:0.0004s ]
SQL: select a.*,b.nickname from ss_capital_log as a left join ss_member as b on a.member_id=b.uid where a.user_id=2 and a.status=1 order by a.do_time DESC,a.id DESC limit 0,20 [ RunTime:0.0009s ]
INFO: [ view_parse ] --START--
INFO: [ template_filter ] --START--
INFO: Run Behavior\ContentReplaceBehavior [ RunTime:0.000142s ]
INFO: [ template_filter ] --END-- [ RunTime:0.000194s ]
INFO: Run Behavior\ParseTemplateBehavior [ RunTime:0.017432s ]
INFO: [ view_parse ] --END-- [ RunTime:0.017482s ]
INFO: [ view_filter ] --START--
INFO: Run Behavior\WriteHtmlCacheBehavior [ RunTime:0.000106s ]
INFO: [ view_filter ] --END-- [ RunTime:0.000147s ]
INFO: [ app_end ] --START--
INFO: Run Behavior\ShowPageTraceBehavior [ RunTime:0.000316s ]
INFO: [ app_end ] --END-- [ RunTime:0.000374s ]

[ 2017-02-12T15:38:14+08:00 ] 58.23.241.16 /admin.php?s=/Capital/monthInterest/id/2.html
INFO: [ app_init ] --START--
INFO: Run Behavior\BuildLiteBehavior [ RunTime:0.000013s ]
INFO: Run Common\Behavior\InitHookBehavior [ RunTime:0.000865s ]
INFO: [ app_init ] --END-- [ RunTime:0.000959s ]
INFO: [ app_begin ] --START--
INFO: Run Behavior\ReadHtmlCacheBehavior [ RunTime:0.000292s ]
INFO: [ app_begin ] --END-- [ RunTime:0.000346s ]
SQL: SHOW COLUMNS FROM `ss_menu` [ RunTime:0.0007s ]
SQL: SELECT `id`,`title`,`url` FROM `ss_menu` WHERE `pid` = 0 AND `hide` = 0 ORDER BY sort asc  [ RunTime:0.0001s ]
SQL: SELECT `pid` FROM `ss_menu` WHERE ( pid !=0 AND url like '%Capital/monthInterest%' ) LIMIT 1   [ RunTime:0.0005s ]
SQL: SELECT * FROM `ss_menu` WHERE `id` = 129 LIMIT 1   [ RunTime:0.0002s ]
SQL: SELECT DISTINCT  `group` FROM `ss_menu` WHERE `group` <> '' AND `pid` = 129  [ RunTime:0.0003s ]
SQL: SELECT `id`,`url` FROM `ss_menu` WHERE `pid` = 129 AND `hide` = 0  [ RunTime:0.0002s ]
SQL: SELECT `id`,`pid`,`title`,`url`,`tip` FROM `ss_menu` WHERE `group` = '资金管理' AND `pid` = 129 AND `hide` = 0 ORDER BY sort asc  [ RunTime:0.0003s ]
SQL: SHOW COLUMNS FROM `ss_user` [ RunTime:0.0006s ]
SQL: SHOW COLUMNS FROM `ss_member` [ RunTime:0.0005s ]
SQL: SELECT * FROM `ss_member` WHERE ( uid=1 ) LIMIT 1   [ RunTime:0.0001s ]
SQL: SHOW COLUMNS FROM `ss_sales` [ RunTime:0.0005s ]
SQL: SELECT `id`,`title` FROM `ss_sales`  [ RunTime:0.0001s ]
SQL: SHOW COLUMNS FROM `ss_user` [ RunTime:0.0005s ]
SQL: SELECT `id`,name as title FROM `ss_user` WHERE ( status=1 and sales_id=1 )  [ RunTime:0.0001s ]
SQL: SELECT `id`,name as title FROM `ss_user` WHERE ( status=1 and sales_id=8 )  [ RunTime:0.0001s ]
SQL: SHOW COLUMNS FROM `ss_return_interest_log` [ RunTime:0.0004s ]
SQL: SELECT * FROM `ss_return_interest_log` WHERE ( date>='2017-02-01' and date<='2017-02-28' and user_id=2 )  [ RunTime:0.0002s ]
INFO: [ view_parse ] --START--
INFO: [ template_filter ] --START--
INFO: Run Behavior\ContentReplaceBehavior [ RunTime:0.000135s ]
INFO: [ template_filter ] --END-- [ RunTime:0.000187s ]
NOTIC: [8] Undefined variable: meta_title /data/newproject/Runtime/Cache/Admin/487c69dcff839e2f1e12a784db357602.php 第 5 行.
NOTIC: [8] Undefined variable: _page /data/newproject/Runtime/Cache/Admin/487c69dcff839e2f1e12a784db357602.php 第 143 行.
INFO: Run Behavior\ParseTemplateBehavior [ RunTime:0.014013s ]
INFO: [ view_parse ] --END-- [ RunTime:0.014058s ]
INFO: [ view_filter ] --START--
INFO: Run Behavior\WriteHtmlCacheBehavior [ RunTime:0.000107s ]
INFO: [ view_filter ] --END-- [ RunTime:0.000149s ]
INFO: [ app_end ] --START--
INFO: Run Behavior\ShowPageTraceBehavior [ RunTime:0.000298s ]
INFO: [ app_end ] --END-- [ RunTime:0.000342s ]

[ 2017-02-12T15:38:25+08:00 ] 58.23.241.16 /admin.php?s=/Capital/index/id/3.html
INFO: [ app_init ] --START--
INFO: Run Behavior\BuildLiteBehavior [ RunTime:0.000012s ]
INFO: Run Common\Behavior\InitHookBehavior [ RunTime:0.000823s ]
INFO: [ app_init ] --END-- [ RunTime:0.000924s ]
INFO: [ app_begin ] --START--
INFO: Run Behavior\ReadHtmlCacheBehavior [ RunTime:0.000319s ]
INFO: [ app_begin ] --END-- [ RunTime:0.000376s ]
SQL: SHOW COLUMNS FROM `ss_menu` [ RunTime:0.0007s ]
SQL: SELECT `id`,`title`,`url` FROM `ss_menu` WHERE `pid` = 0 AND `hide` = 0 ORDER BY sort asc  [ RunTime:0.0001s ]
SQL: SELECT `pid` FROM `ss_menu` WHERE ( pid !=0 AND url like '%Capital/index%' ) LIMIT 1   [ RunTime:0.0001s ]
SQL: SHOW COLUMNS FROM `ss_user` [ RunTime:0.0008s ]
SQL: SHOW COLUMNS FROM `ss_member` [ RunTime:0.0005s ]
SQL: SELECT * FROM `ss_member` WHERE ( uid=1 ) LIMIT 1   [ RunTime:0.0001s ]
SQL: SHOW COLUMNS FROM `ss_sales` [ RunTime:0.0005s ]
SQL: SELECT `id`,`title` FROM `ss_sales`  [ RunTime:0.0001s ]
SQL: SHOW COLUMNS FROM `ss_user` [ RunTime:0.0006s ]
SQL: SELECT `id`,name as title FROM `ss_user` WHERE ( status=1 and sales_id=1 )  [ RunTime:0.0001s ]
SQL: SELECT `id`,name as title FROM `ss_user` WHERE ( status=1 and sales_id=8 )  [ RunTime:0.0001s ]
SQL: SELECT * FROM `ss_user` WHERE ( id=3 ) LIMIT 1   [ RunTime:0.0003s ]
SQL: SHOW COLUMNS FROM `ss_capital_log` [ RunTime:0.0005s ]
SQL: SELECT COUNT(id) AS tp_count FROM `ss_capital_log` WHERE ( user_id=3 and status=1  ) LIMIT 1   [ RunTime:0.0004s ]
SQL: select a.*,b.nickname from ss_capital_log as a left join ss_member as b on a.member_id=b.uid where a.user_id=3 and a.status=1 order by a.do_time DESC,a.id DESC limit 0,20 [ RunTime:0.0006s ]
INFO: [ view_parse ] --START--
INFO: [ template_filter ] --START--
INFO: Run Behavior\ContentReplaceBehavior [ RunTime:0.000132s ]
INFO: [ template_filter ] --END-- [ RunTime:0.000183s ]
INFO: Run Behavior\ParseTemplateBehavior [ RunTime:0.016830s ]
INFO: [ view_parse ] --END-- [ RunTime:0.016908s ]
INFO: [ view_filter ] --START--
INFO: Run Behavior\WriteHtmlCacheBehavior [ RunTime:0.000111s ]
INFO: [ view_filter ] --END-- [ RunTime:0.000159s ]
INFO: [ app_end ] --START--
INFO: Run Behavior\ShowPageTraceBehavior [ RunTime:0.000298s ]
INFO: [ app_end ] --END-- [ RunTime:0.000346s ]

[ 2017-02-12T15:38:27+08:00 ] 58.23.241.16 /admin.php?s=/Capital/monthInterest/id/3.html
INFO: [ app_init ] --START--
INFO: Run Behavior\BuildLiteBehavior [ RunTime:0.000013s ]
INFO: Run Common\Behavior\InitHookBehavior [ RunTime:0.000891s ]
INFO: [ app_init ] --END-- [ RunTime:0.000984s ]
INFO: [ app_begin ] --START--
INFO: Run Behavior\ReadHtmlCacheBehavior [ RunTime:0.000286s ]
INFO: [ app_begin ] --END-- [ RunTime:0.000342s ]
SQL: SHOW COLUMNS FROM `ss_menu` [ RunTime:0.0007s ]
SQL: SELECT `id`,`title`,`url` FROM `ss_menu` WHERE `pid` = 0 AND `hide` = 0 ORDER BY sort asc  [ RunTime:0.0001s ]
SQL: SELECT `pid` FROM `ss_menu` WHERE ( pid !=0 AND url like '%Capital/monthInterest%' ) LIMIT 1   [ RunTime:0.0001s ]
SQL: SELECT * FROM `ss_menu` WHERE `id` = 129 LIMIT 1   [ RunTime:0.0001s ]
SQL: SELECT DISTINCT  `group` FROM `ss_menu` WHERE `group` <> '' AND `pid` = 129  [ RunTime:0.0001s ]
SQL: SELECT `id`,`url` FROM `ss_menu` WHERE `pid` = 129 AND `hide` = 0  [ RunTime:0.0001s ]
SQL: SELECT `id`,`pid`,`title`,`url`,`tip` FROM `ss_menu` WHERE `group` = '资金管理' AND `pid` = 129 AND `hide` = 0 ORDER BY sort asc  [ RunTime:0.0001s ]
SQL: SHOW COLUMNS FROM `ss_user` [ RunTime:0.0007s ]
SQL: SHOW COLUMNS FROM `ss_member` [ RunTime:0.0005s ]
SQL: SELECT * FROM `ss_member` WHERE ( uid=1 ) LIMIT 1   [ RunTime:0.0002s ]
SQL: SHOW COLUMNS FROM `ss_sales` [ RunTime:0.0004s ]
SQL: SELECT `id`,`title` FROM `ss_sales`  [ RunTime:0.0001s ]
SQL: SHOW COLUMNS FROM `ss_user` [ RunTime:0.0006s ]
SQL: SELECT `id`,name as title FROM `ss_user` WHERE ( status=1 and sales_id=1 )  [ RunTime:0.0001s ]
SQL: SELECT `id`,name as title FROM `ss_user` WHERE ( status=1 and sales_id=8 )  [ RunTime:0.0001s ]
SQL: SHOW COLUMNS FROM `ss_return_interest_log` [ RunTime:0.0004s ]
SQL: SELECT * FROM `ss_return_interest_log` WHERE ( date>='2017-02-01' and date<='2017-02-28' and user_id=3 )  [ RunTime:0.0003s ]
INFO: [ view_parse ] --START--
INFO: [ template_filter ] --START--
INFO: Run Behavior\ContentReplaceBehavior [ RunTime:0.000181s ]
INFO: [ template_filter ] --END-- [ RunTime:0.000242s ]
NOTIC: [8] Undefined variable: meta_title /data/newproject/Runtime/Cache/Admin/487c69dcff839e2f1e12a784db357602.php 第 5 行.
NOTIC: [8] Undefined variable: _page /data/newproject/Runtime/Cache/Admin/487c69dcff839e2f1e12a784db357602.php 第 143 行.
INFO: Run Behavior\ParseTemplateBehavior [ RunTime:0.015708s ]
INFO: [ view_parse ] --END-- [ RunTime:0.015753s ]
INFO: [ view_filter ] --START--
INFO: Run Behavior\WriteHtmlCacheBehavior [ RunTime:0.000122s ]
INFO: [ view_filter ] --END-- [ RunTime:0.000177s ]
INFO: [ app_end ] --START--
INFO: Run Behavior\ShowPageTraceBehavior [ RunTime:0.000302s ]
INFO: [ app_end ] --END-- [ RunTime:0.000357s ]

[ 2017-02-12T15:38:33+08:00 ] 58.23.241.16 /admin.php?s=/Capital/index/id/4.html
INFO: [ app_init ] --START--
INFO: Run Behavior\BuildLiteBehavior [ RunTime:0.000012s ]
INFO: Run Common\Behavior\InitHookBehavior [ RunTime:0.000871s ]
INFO: [ app_init ] --END-- [ RunTime:0.000964s ]
INFO: [ app_begin ] --START--
INFO: Run Behavior\ReadHtmlCacheBehavior [ RunTime:0.000292s ]
INFO: [ app_begin ] --END-- [ RunTime:0.000342s ]
SQL: SHOW COLUMNS FROM `ss_menu` [ RunTime:0.0008s ]
SQL: SELECT `id`,`title`,`url` FROM `ss_menu` WHERE `pid` = 0 AND `hide` = 0 ORDER BY sort asc  [ RunTime:0.0002s ]
SQL: SELECT `pid` FROM `ss_menu` WHERE ( pid !=0 AND url like '%Capital/index%' ) LIMIT 1   [ RunTime:0.0001s ]
SQL: SHOW COLUMNS FROM `ss_user` [ RunTime:0.0007s ]
SQL: SHOW COLUMNS FROM `ss_member` [ RunTime:0.0006s ]
SQL: SELECT * FROM `ss_member` WHERE ( uid=1 ) LIMIT 1   [ RunTime:0.0001s ]
SQL: SHOW COLUMNS FROM `ss_sales` [ RunTime:0.0005s ]
SQL: SELECT `id`,`title` FROM `ss_sales`  [ RunTime:0.0001s ]
SQL: SHOW COLUMNS FROM `ss_user` [ RunTime:0.0006s ]
SQL: SELECT `id`,name as title FROM `ss_user` WHERE ( status=1 and sales_id=1 )  [ RunTime:0.0001s ]
SQL: SELECT `id`,name as title FROM `ss_user` WHERE ( status=1 and sales_id=8 )  [ RunTime:0.0001s ]
SQL: SELECT * FROM `ss_user` WHERE ( id=4 ) LIMIT 1   [ RunTime:0.0003s ]
SQL: SHOW COLUMNS FROM `ss_capital_log` [ RunTime:0.0005s ]
SQL: SELECT COUNT(id) AS tp_count FROM `ss_capital_log` WHERE ( user_id=4 and status=1  ) LIMIT 1   [ RunTime:0.0004s ]
SQL: select a.*,b.nickname from ss_capital_log as a left join ss_member as b on a.member_id=b.uid where a.user_id=4 and a.status=1 order by a.do_time DESC,a.id DESC limit 0,20 [ RunTime:0.0009s ]
INFO: [ view_parse ] --START--
INFO: [ template_filter ] --START--
INFO: Run Behavior\ContentReplaceBehavior [ RunTime:0.000126s ]
INFO: [ template_filter ] --END-- [ RunTime:0.000175s ]
INFO: Run Behavior\ParseTemplateBehavior [ RunTime:0.017980s ]
INFO: [ view_parse ] --END-- [ RunTime:0.018029s ]
INFO: [ view_filter ] --START--
INFO: Run Behavior\WriteHtmlCacheBehavior [ RunTime:0.000128s ]
INFO: [ view_filter ] --END-- [ RunTime:0.000168s ]
INFO: [ app_end ] --START--
INFO: Run Behavior\ShowPageTraceBehavior [ RunTime:0.000311s ]
INFO: [ app_end ] --END-- [ RunTime:0.000357s ]

[ 2017-02-12T15:38:35+08:00 ] 58.23.241.16 /admin.php?s=/Capital/monthInterest/id/4.html
INFO: [ app_init ] --START--
INFO: Run Behavior\BuildLiteBehavior [ RunTime:0.000013s ]
INFO: Run Common\Behavior\InitHookBehavior [ RunTime:0.000997s ]
INFO: [ app_init ] --END-- [ RunTime:0.001113s ]
INFO: [ app_begin ] --START--
INFO: Run Behavior\ReadHtmlCacheBehavior [ RunTime:0.000387s ]
INFO: [ app_begin ] --END-- [ RunTime:0.000438s ]
SQL: SHOW COLUMNS FROM `ss_menu` [ RunTime:0.0008s ]
SQL: SELECT `id`,`title`,`url` FROM `ss_menu` WHERE `pid` = 0 AND `hide` = 0 ORDER BY sort asc  [ RunTime:0.0001s ]
SQL: SELECT `pid` FROM `ss_menu` WHERE ( pid !=0 AND url like '%Capital/monthInterest%' ) LIMIT 1   [ RunTime:0.0001s ]
SQL: SELECT * FROM `ss_menu` WHERE `id` = 129 LIMIT 1   [ RunTime:0.0001s ]
SQL: SELECT DISTINCT  `group` FROM `ss_menu` WHERE `group` <> '' AND `pid` = 129  [ RunTime:0.0001s ]
SQL: SELECT `id`,`url` FROM `ss_menu` WHERE `pid` = 129 AND `hide` = 0  [ RunTime:0.0002s ]
SQL: SELECT `id`,`pid`,`title`,`url`,`tip` FROM `ss_menu` WHERE `group` = '资金管理' AND `pid` = 129 AND `hide` = 0 ORDER BY sort asc  [ RunTime:0.0001s ]
SQL: SHOW COLUMNS FROM `ss_user` [ RunTime:0.0007s ]
SQL: SHOW COLUMNS FROM `ss_member` [ RunTime:0.0005s ]
SQL: SELECT * FROM `ss_member` WHERE ( uid=1 ) LIMIT 1   [ RunTime:0.0001s ]
SQL: SHOW COLUMNS FROM `ss_sales` [ RunTime:0.0004s ]
SQL: SELECT `id`,`title` FROM `ss_sales`  [ RunTime:0.0001s ]
SQL: SHOW COLUMNS FROM `ss_user` [ RunTime:0.0005s ]
SQL: SELECT `id`,name as title FROM `ss_user` WHERE ( status=1 and sales_id=1 )  [ RunTime:0.0001s ]
SQL: SELECT `id`,name as title FROM `ss_user` WHERE ( status=1 and sales_id=8 )  [ RunTime:0.0001s ]
SQL: SHOW COLUMNS FROM `ss_return_interest_log` [ RunTime:0.0004s ]
SQL: SELECT * FROM `ss_return_interest_log` WHERE ( date>='2017-02-01' and date<='2017-02-28' and user_id=4 )  [ RunTime:0.0003s ]
INFO: [ view_parse ] --START--
INFO: [ template_filter ] --START--
INFO: Run Behavior\ContentReplaceBehavior [ RunTime:0.000126s ]
INFO: [ template_filter ] --END-- [ RunTime:0.000176s ]
NOTIC: [8] Undefined variable: meta_title /data/newproject/Runtime/Cache/Admin/487c69dcff839e2f1e12a784db357602.php 第 5 行.
NOTIC: [8] Undefined variable: _page /data/newproject/Runtime/Cache/Admin/487c69dcff839e2f1e12a784db357602.php 第 143 行.
INFO: Run Behavior\ParseTemplateBehavior [ RunTime:0.014262s ]
INFO: [ view_parse ] --END-- [ RunTime:0.014309s ]
INFO: [ view_filter ] --START--
INFO: Run Behavior\WriteHtmlCacheBehavior [ RunTime:0.000108s ]
INFO: [ view_filter ] --END-- [ RunTime:0.000149s ]
INFO: [ app_end ] --START--
INFO: Run Behavior\ShowPageTraceBehavior [ RunTime:0.000340s ]
INFO: [ app_end ] --END-- [ RunTime:0.000385s ]

[ 2017-02-12T15:38:39+08:00 ] 58.23.241.16 /admin.php?s=/Account/un_deal_list.html
INFO: [ app_init ] --START--
INFO: Run Behavior\BuildLiteBehavior [ RunTime:0.000013s ]
INFO: Run Common\Behavior\InitHookBehavior [ RunTime:0.000845s ]
INFO: [ app_init ] --END-- [ RunTime:0.000938s ]
INFO: [ app_begin ] --START--
INFO: Run Behavior\ReadHtmlCacheBehavior [ RunTime:0.000280s ]
INFO: [ app_begin ] --END-- [ RunTime:0.000339s ]
SQL: SHOW COLUMNS FROM `ss_menu` [ RunTime:0.0007s ]
SQL: SELECT `id`,`title`,`url` FROM `ss_menu` WHERE `pid` = 0 AND `hide` = 0 ORDER BY sort asc  [ RunTime:0.0001s ]
SQL: SELECT `pid` FROM `ss_menu` WHERE ( pid !=0 AND url like '%Account/un_deal_list%' ) LIMIT 1   [ RunTime:0.0006s ]
SQL: SELECT * FROM `ss_menu` WHERE `id` = 131 LIMIT 1   [ RunTime:0.0002s ]
SQL: SELECT DISTINCT  `group` FROM `ss_menu` WHERE `group` <> '' AND `pid` = 131  [ RunTime:0.0003s ]
SQL: SELECT `id`,`url` FROM `ss_menu` WHERE `pid` = 131 AND `hide` = 0  [ RunTime:0.0002s ]
SQL: SELECT `id`,`pid`,`title`,`url`,`tip` FROM `ss_menu` WHERE `group` = '结算管理' AND `pid` = 131 AND `hide` = 0 ORDER BY sort asc  [ RunTime:0.0003s ]
SQL: SHOW COLUMNS FROM `ss_user` [ RunTime:0.0006s ]
SQL: SHOW COLUMNS FROM `ss_member` [ RunTime:0.0006s ]
SQL: SELECT * FROM `ss_member` WHERE ( uid=1 ) LIMIT 1   [ RunTime:0.0001s ]
SQL: SHOW COLUMNS FROM `ss_sales` [ RunTime:0.0005s ]
SQL: SELECT `id`,`title` FROM `ss_sales`  [ RunTime:0.0001s ]
SQL: SHOW COLUMNS FROM `ss_user` [ RunTime:0.0006s ]
SQL: SELECT `id`,name as title FROM `ss_user` WHERE ( status=1 and sales_id=1 )  [ RunTime:0.0001s ]
SQL: SELECT `id`,name as title FROM `ss_user` WHERE ( status=1 and sales_id=8 )  [ RunTime:0.0001s ]
SQL: SELECT * FROM `ss_user` WHERE ( id=2 ) LIMIT 1   [ RunTime:0.0001s ]
SQL: SHOW COLUMNS FROM `ss_summary_log` [ RunTime:0.0007s ]
SQL: SELECT COUNT(id) AS tp_count FROM `ss_summary_log` WHERE ( user_id=2 and (status=2 or status=6) ) LIMIT 1   [ RunTime:0.0003s ]
SQL: select a.*,b.nickname from ss_summary_log as a left join ss_member as b on a.member_id=b.uid where a.user_id=2 and (a.status=2 or a.status=6) order by a.do_time DESC,a.id DESC limit 0,20 [ RunTime:0.0004s ]
INFO: [ view_parse ] --START--
INFO: [ template_filter ] --START--
INFO: Run Behavior\ContentReplaceBehavior [ RunTime:0.000138s ]
INFO: [ template_filter ] --END-- [ RunTime:0.000199s ]
INFO: Run Behavior\ParseTemplateBehavior [ RunTime:0.014575s ]
INFO: [ view_parse ] --END-- [ RunTime:0.014624s ]
INFO: [ view_filter ] --START--
INFO: Run Behavior\WriteHtmlCacheBehavior [ RunTime:0.000108s ]
INFO: [ view_filter ] --END-- [ RunTime:0.000150s ]
INFO: [ app_end ] --START--
INFO: Run Behavior\ShowPageTraceBehavior [ RunTime:0.000304s ]
INFO: [ app_end ] --END-- [ RunTime:0.000350s ]

[ 2017-02-12T15:38:41+08:00 ] 58.23.241.16 /admin.php?s=/Operate/index.html
INFO: [ app_init ] --START--
INFO: Run Behavior\BuildLiteBehavior [ RunTime:0.000013s ]
INFO: Run Common\Behavior\InitHookBehavior [ RunTime:0.000850s ]
INFO: [ app_init ] --END-- [ RunTime:0.000953s ]
INFO: [ app_begin ] --START--
INFO: Run Behavior\ReadHtmlCacheBehavior [ RunTime:0.000326s ]
INFO: [ app_begin ] --END-- [ RunTime:0.000386s ]
SQL: SHOW COLUMNS FROM `ss_menu` [ RunTime:0.0007s ]
SQL: SELECT `id`,`title`,`url` FROM `ss_menu` WHERE `pid` = 0 AND `hide` = 0 ORDER BY sort asc  [ RunTime:0.0001s ]
SQL: SELECT `pid` FROM `ss_menu` WHERE ( pid !=0 AND url like '%Operate/index%' ) LIMIT 1   [ RunTime:0.0006s ]
SQL: SHOW COLUMNS FROM `ss_user` [ RunTime:0.0006s ]
SQL: SHOW COLUMNS FROM `ss_member` [ RunTime:0.0005s ]
SQL: SELECT * FROM `ss_member` WHERE ( uid=1 ) LIMIT 1   [ RunTime:0.0001s ]
SQL: SHOW COLUMNS FROM `ss_sales` [ RunTime:0.0004s ]
SQL: SELECT `id`,`title` FROM `ss_sales`  [ RunTime:0.0001s ]
SQL: SHOW COLUMNS FROM `ss_user` [ RunTime:0.0005s ]
SQL: SELECT `id`,name as title FROM `ss_user` WHERE ( status=1 and sales_id=1 )  [ RunTime:0.0002s ]
SQL: SELECT `id`,name as title FROM `ss_user` WHERE ( status=1 and sales_id=8 )  [ RunTime:0.0001s ]
SQL: SELECT * FROM `ss_user` WHERE ( id=2 ) LIMIT 1   [ RunTime:0.0001s ]
SQL: SHOW COLUMNS FROM `ss_deal_log` [ RunTime:0.0005s ]
SQL: SELECT COUNT(id) AS tp_count FROM `ss_deal_log` WHERE ( user_id=2 and status=1  ) LIMIT 1   [ RunTime:0.0003s ]
SQL: select a.*,b.nickname from ss_deal_log as a left join ss_member as b on a.member_id=b.uid where a.user_id=2 and a.status=1 order by a.deal_time DESC,a.id DESC limit 0,6 [ RunTime:0.0008s ]
SQL: SELECT COUNT(id) AS tp_count FROM `ss_deal_log` WHERE ( user_id=2 and status=1 and do_type=1 and sell_status=1 ) LIMIT 1   [ RunTime:0.0003s ]
SQL: select a.*,b.nickname from ss_deal_log as a left join ss_member as b on a.member_id=b.uid where a.user_id=2 and a.status=1 and a.do_type=1 and a.sell_status=1 order by a.deal_time DESC,a.id DESC limit 0,4 [ RunTime:0.0004s ]
NOTIC: [8] Undefined index: sell_cost /data/newproject/Application/Admin/Controller/OperateController.class.php 第 91 行.
NOTIC: [8] Undefined index: sell_cost /data/newproject/Application/Admin/Controller/OperateController.class.php 第 91 行.
INFO: [ view_parse ] --START--
INFO: [ template_filter ] --START--
INFO: Run Behavior\ContentReplaceBehavior [ RunTime:0.000210s ]
INFO: [ template_filter ] --END-- [ RunTime:0.000273s ]
INFO: Run Behavior\ParseTemplateBehavior [ RunTime:0.022408s ]
INFO: [ view_parse ] --END-- [ RunTime:0.022461s ]
INFO: [ view_filter ] --START--
INFO: Run Behavior\WriteHtmlCacheBehavior [ RunTime:0.000109s ]
INFO: [ view_filter ] --END-- [ RunTime:0.000154s ]
INFO: [ app_end ] --START--
INFO: Run Behavior\ShowPageTraceBehavior [ RunTime:0.000325s ]
INFO: [ app_end ] --END-- [ RunTime:0.000374s ]

