[ 2017-02-04T08:23:35+08:00 ] 42.156.251.187 /admin.php
INFO: [ app_init ] --START--
INFO: Run Behavior\BuildLiteBehavior [ RunTime:0.000013s ]
INFO: Run Common\Behavior\InitHookBehavior [ RunTime:0.000890s ]
INFO: [ app_init ] --END-- [ RunTime:0.001187s ]
INFO: [ app_begin ] --START--
INFO: Run Behavior\ReadHtmlCacheBehavior [ RunTime:0.000332s ]
INFO: [ app_begin ] --END-- [ RunTime:0.000385s ]

[ 2017-02-04T10:01:37+08:00 ] 59.57.222.86 /admin.php?s=/User/index.html
INFO: [ app_init ] --START--
INFO: Run Behavior\BuildLiteBehavior [ RunTime:0.000050s ]
INFO: Run Common\Behavior\InitHookBehavior [ RunTime:0.000901s ]
INFO: [ app_init ] --END-- [ RunTime:0.001316s ]
INFO: [ app_begin ] --START--
INFO: Run Behavior\ReadHtmlCacheBehavior [ RunTime:0.000283s ]
INFO: [ app_begin ] --END-- [ RunTime:0.000333s ]

[ 2017-02-04T10:01:37+08:00 ] 59.57.222.86 /admin.php?s=/Public/login.html
INFO: [ app_init ] --START--
INFO: Run Behavior\BuildLiteBehavior [ RunTime:0.000014s ]
INFO: Run Common\Behavior\InitHookBehavior [ RunTime:0.000883s ]
INFO: [ app_init ] --END-- [ RunTime:0.001149s ]
INFO: [ app_begin ] --START--
INFO: Run Behavior\ReadHtmlCacheBehavior [ RunTime:0.000328s ]
INFO: [ app_begin ] --END-- [ RunTime:0.000382s ]
INFO: [ view_parse ] --START--
INFO: [ template_filter ] --START--
INFO: Run Behavior\ContentReplaceBehavior [ RunTime:0.000057s ]
INFO: [ template_filter ] --END-- [ RunTime:0.000108s ]
INFO: Run Behavior\ParseTemplateBehavior [ RunTime:0.004473s ]
INFO: [ view_parse ] --END-- [ RunTime:0.004526s ]
INFO: [ view_filter ] --START--
INFO: Run Behavior\WriteHtmlCacheBehavior [ RunTime:0.000115s ]
INFO: [ view_filter ] --END-- [ RunTime:0.000154s ]
INFO: [ app_end ] --START--
INFO: Run Behavior\ShowPageTraceBehavior [ RunTime:0.000299s ]
INFO: [ app_end ] --END-- [ RunTime:0.000356s ]

[ 2017-02-04T10:01:37+08:00 ] 59.57.222.86 /admin.php?s=/User/index.html
INFO: [ app_init ] --START--
INFO: Run Behavior\BuildLiteBehavior [ RunTime:0.000014s ]
INFO: Run Common\Behavior\InitHookBehavior [ RunTime:0.000916s ]
INFO: [ app_init ] --END-- [ RunTime:0.001176s ]
INFO: [ app_begin ] --START--
INFO: Run Behavior\ReadHtmlCacheBehavior [ RunTime:0.000300s ]
INFO: [ app_begin ] --END-- [ RunTime:0.000353s ]

[ 2017-02-04T10:01:38+08:00 ] 59.57.222.86 /admin.php?s=/Public/login.html
INFO: [ app_init ] --START--
INFO: Run Behavior\BuildLiteBehavior [ RunTime:0.000013s ]
INFO: Run Common\Behavior\InitHookBehavior [ RunTime:0.000870s ]
INFO: [ app_init ] --END-- [ RunTime:0.001126s ]
INFO: [ app_begin ] --START--
INFO: Run Behavior\ReadHtmlCacheBehavior [ RunTime:0.000344s ]
INFO: [ app_begin ] --END-- [ RunTime:0.000396s ]
INFO: [ view_parse ] --START--
INFO: [ template_filter ] --START--
INFO: Run Behavior\ContentReplaceBehavior [ RunTime:0.000051s ]
INFO: [ template_filter ] --END-- [ RunTime:0.000100s ]
INFO: Run Behavior\ParseTemplateBehavior [ RunTime:0.004435s ]
INFO: [ view_parse ] --END-- [ RunTime:0.004482s ]
INFO: [ view_filter ] --START--
INFO: Run Behavior\WriteHtmlCacheBehavior [ RunTime:0.000099s ]
INFO: [ view_filter ] --END-- [ RunTime:0.000139s ]
INFO: [ app_end ] --START--
INFO: Run Behavior\ShowPageTraceBehavior [ RunTime:0.000286s ]
INFO: [ app_end ] --END-- [ RunTime:0.000328s ]

[ 2017-02-04T10:30:32+08:00 ] 59.57.222.86 /admin.php?s=/User/index.html
INFO: [ app_init ] --START--
INFO: Run Behavior\BuildLiteBehavior [ RunTime:0.000014s ]
INFO: Run Common\Behavior\InitHookBehavior [ RunTime:0.000881s ]
INFO: [ app_init ] --END-- [ RunTime:0.001140s ]
INFO: [ app_begin ] --START--
INFO: Run Behavior\ReadHtmlCacheBehavior [ RunTime:0.000306s ]
INFO: [ app_begin ] --END-- [ RunTime:0.000357s ]

[ 2017-02-04T10:30:32+08:00 ] 59.57.222.86 /admin.php?s=/Public/login.html
INFO: [ app_init ] --START--
INFO: Run Behavior\BuildLiteBehavior [ RunTime:0.000016s ]
INFO: Run Common\Behavior\InitHookBehavior [ RunTime:0.000960s ]
INFO: [ app_init ] --END-- [ RunTime:0.001253s ]
INFO: [ app_begin ] --START--
INFO: Run Behavior\ReadHtmlCacheBehavior [ RunTime:0.000307s ]
INFO: [ app_begin ] --END-- [ RunTime:0.000376s ]
INFO: [ view_parse ] --START--
INFO: [ template_filter ] --START--
INFO: Run Behavior\ContentReplaceBehavior [ RunTime:0.000053s ]
INFO: [ template_filter ] --END-- [ RunTime:0.000102s ]
INFO: Run Behavior\ParseTemplateBehavior [ RunTime:0.004562s ]
INFO: [ view_parse ] --END-- [ RunTime:0.004607s ]
INFO: [ view_filter ] --START--
INFO: Run Behavior\WriteHtmlCacheBehavior [ RunTime:0.000112s ]
INFO: [ view_filter ] --END-- [ RunTime:0.000167s ]
INFO: [ app_end ] --START--
INFO: Run Behavior\ShowPageTraceBehavior [ RunTime:0.000296s ]
INFO: [ app_end ] --END-- [ RunTime:0.000341s ]

[ 2017-02-04T10:40:46+08:00 ] 218.107.215.114 /admin.php?s=/Public/login.html
INFO: [ app_init ] --START--
INFO: Run Behavior\BuildLiteBehavior [ RunTime:0.000016s ]
INFO: Run Common\Behavior\InitHookBehavior [ RunTime:0.000877s ]
INFO: [ app_init ] --END-- [ RunTime:0.001235s ]
INFO: [ app_begin ] --START--
INFO: Run Behavior\ReadHtmlCacheBehavior [ RunTime:0.000287s ]
INFO: [ app_begin ] --END-- [ RunTime:0.000340s ]
INFO: [ view_parse ] --START--
INFO: [ template_filter ] --START--
INFO: Run Behavior\ContentReplaceBehavior [ RunTime:0.000076s ]
INFO: [ template_filter ] --END-- [ RunTime:0.000141s ]
INFO: Run Behavior\ParseTemplateBehavior [ RunTime:0.004828s ]
INFO: [ view_parse ] --END-- [ RunTime:0.004876s ]
INFO: [ view_filter ] --START--
INFO: Run Behavior\WriteHtmlCacheBehavior [ RunTime:0.000100s ]
INFO: [ view_filter ] --END-- [ RunTime:0.000138s ]
INFO: [ app_end ] --START--
INFO: Run Behavior\ShowPageTraceBehavior [ RunTime:0.000296s ]
INFO: [ app_end ] --END-- [ RunTime:0.000351s ]

[ 2017-02-04T10:40:46+08:00 ] 218.107.215.114 /admin.php?s=/Public/verify.html
INFO: [ app_init ] --START--
INFO: Run Behavior\BuildLiteBehavior [ RunTime:0.000015s ]
INFO: Run Common\Behavior\InitHookBehavior [ RunTime:0.000906s ]
INFO: [ app_init ] --END-- [ RunTime:0.001176s ]
INFO: [ app_begin ] --START--
INFO: Run Behavior\ReadHtmlCacheBehavior [ RunTime:0.000309s ]
INFO: [ app_begin ] --END-- [ RunTime:0.000372s ]
INFO: [ app_end ] --START--
INFO: Run Behavior\ShowPageTraceBehavior [ RunTime:0.000396s ]
INFO: [ app_end ] --END-- [ RunTime:0.000464s ]

[ 2017-02-04T10:41:01+08:00 ] 180.163.2.119 /admin.php?s=/Public/login.html
INFO: [ app_init ] --START--
INFO: Run Behavior\BuildLiteBehavior [ RunTime:0.000014s ]
INFO: Run Common\Behavior\InitHookBehavior [ RunTime:0.000912s ]
INFO: [ app_init ] --END-- [ RunTime:0.001255s ]
INFO: [ app_begin ] --START--
INFO: Run Behavior\ReadHtmlCacheBehavior [ RunTime:0.000322s ]
INFO: [ app_begin ] --END-- [ RunTime:0.000385s ]
INFO: [ view_parse ] --START--
INFO: [ template_filter ] --START--
INFO: Run Behavior\ContentReplaceBehavior [ RunTime:0.000052s ]
INFO: [ template_filter ] --END-- [ RunTime:0.000099s ]
INFO: Run Behavior\ParseTemplateBehavior [ RunTime:0.004374s ]
INFO: [ view_parse ] --END-- [ RunTime:0.004447s ]
INFO: [ view_filter ] --START--
INFO: Run Behavior\WriteHtmlCacheBehavior [ RunTime:0.000127s ]
INFO: [ view_filter ] --END-- [ RunTime:0.000199s ]
INFO: [ app_end ] --START--
INFO: Run Behavior\ShowPageTraceBehavior [ RunTime:0.000289s ]
INFO: [ app_end ] --END-- [ RunTime:0.000333s ]

[ 2017-02-04T10:41:07+08:00 ] 59.57.222.86 /admin.php?s=/Public/login.html
INFO: [ app_init ] --START--
INFO: Run Behavior\BuildLiteBehavior [ RunTime:0.000014s ]
INFO: Run Common\Behavior\InitHookBehavior [ RunTime:0.000838s ]
INFO: [ app_init ] --END-- [ RunTime:0.001099s ]
INFO: [ app_begin ] --START--
INFO: Run Behavior\ReadHtmlCacheBehavior [ RunTime:0.000310s ]
INFO: [ app_begin ] --END-- [ RunTime:0.000361s ]
INFO: [ view_parse ] --START--
INFO: [ template_filter ] --START--
INFO: Run Behavior\ContentReplaceBehavior [ RunTime:0.000059s ]
INFO: [ template_filter ] --END-- [ RunTime:0.000115s ]
INFO: Run Behavior\ParseTemplateBehavior [ RunTime:0.004321s ]
INFO: [ view_parse ] --END-- [ RunTime:0.004377s ]
INFO: [ view_filter ] --START--
INFO: Run Behavior\WriteHtmlCacheBehavior [ RunTime:0.000111s ]
INFO: [ view_filter ] --END-- [ RunTime:0.000166s ]
INFO: [ app_end ] --START--
INFO: Run Behavior\ShowPageTraceBehavior [ RunTime:0.000288s ]
INFO: [ app_end ] --END-- [ RunTime:0.000330s ]

[ 2017-02-04T10:41:07+08:00 ] 59.57.222.86 /admin.php?s=/Public/verify.html
INFO: [ app_init ] --START--
INFO: Run Behavior\BuildLiteBehavior [ RunTime:0.000014s ]
INFO: Run Common\Behavior\InitHookBehavior [ RunTime:0.000885s ]
INFO: [ app_init ] --END-- [ RunTime:0.001166s ]
INFO: [ app_begin ] --START--
INFO: Run Behavior\ReadHtmlCacheBehavior [ RunTime:0.000289s ]
INFO: [ app_begin ] --END-- [ RunTime:0.000339s ]
INFO: [ app_end ] --START--
INFO: Run Behavior\ShowPageTraceBehavior [ RunTime:0.000306s ]
INFO: [ app_end ] --END-- [ RunTime:0.000360s ]

[ 2017-02-04T10:41:54+08:00 ] 59.57.222.86 /admin.php?s=/Public/login.html
INFO: [ app_init ] --START--
INFO: Run Behavior\BuildLiteBehavior [ RunTime:0.000014s ]
INFO: Run Common\Behavior\InitHookBehavior [ RunTime:0.000880s ]
INFO: [ app_init ] --END-- [ RunTime:0.001155s ]
INFO: [ app_begin ] --START--
INFO: Run Behavior\ReadHtmlCacheBehavior [ RunTime:0.000279s ]
INFO: [ app_begin ] --END-- [ RunTime:0.000327s ]
NOTIC: [8] Constant UC_AUTH_KEY already defined /data/newproject/Application/User/Conf/config.php 第 17 行.
NOTIC: [8] Undefined index: lite /data/newproject/ThinkPHP/Library/Think/Db.class.php 第 37 行.
SQL: SHOW COLUMNS FROM `ss_member` [ RunTime:0.0006s ]
SQL: SELECT `uid`,`nickname`,`sales_id`,`yonjin_rate`,`lixi_rate`,`yonjin_money`,`lixi_money`,`total_money`,`telephone`,`sex`,`login`,`reg_ip`,`reg_time`,`last_login_ip`,`last_login_time`,`sort`,`level`,`status` FROM `ss_member` WHERE `uid` = 1 LIMIT 1   [ RunTime:0.0003s ]
SQL: SHOW COLUMNS FROM `ss_action` [ RunTime:0.0005s ]
SQL: SELECT * FROM `ss_action` WHERE `name` = 'user_login' LIMIT 1   [ RunTime:0.0001s ]
SQL: SHOW COLUMNS FROM `ss_action_log` [ RunTime:0.0004s ]
SQL: INSERT INTO `ss_action_log` (`action_id`,`user_id`,`action_ip`,`model`,`record_id`,`create_time`,`remark`) VALUES ('1','1','993648214','member','1','1486176114','admin在2017-02-04 10:41登录了后台') [ RunTime:0.0003s ]
SQL: SELECT * FROM `ss_action` WHERE `name` = 'user_login' LIMIT 1   [ RunTime:0.0001s ]
NOTIC: [8] Undefined offset: 1 /data/newproject/Application/Common/Common/function.php 第 679 行.
NOTIC: [2] array_key_exists() expects parameter 2 to be array, null given /data/newproject/Application/Common/Common/function.php 第 679 行.
SQL: SELECT COUNT(*) AS tp_count FROM `ss_action_log` WHERE `action_id` = 1 AND `user_id` = 1 AND `create_time` > 1486089714 LIMIT 1   [ RunTime:0.0006s ]
SQL: UPDATE `ss_member` SET `login`=`login`+1,`last_login_time`='1486176114',`last_login_ip`='993648214' WHERE `uid` = 1 [ RunTime:0.0177s ]

[ 2017-02-04T10:41:54+08:00 ] 59.57.222.86 /admin.php?s=/User/index.html
INFO: [ app_init ] --START--
INFO: Run Behavior\BuildLiteBehavior [ RunTime:0.000013s ]
INFO: Run Common\Behavior\InitHookBehavior [ RunTime:0.000853s ]
INFO: [ app_init ] --END-- [ RunTime:0.001124s ]
INFO: [ app_begin ] --START--
INFO: Run Behavior\ReadHtmlCacheBehavior [ RunTime:0.000331s ]
INFO: [ app_begin ] --END-- [ RunTime:0.000384s ]
SQL: SHOW COLUMNS FROM `ss_menu` [ RunTime:0.0007s ]
SQL: SELECT `id`,`title`,`url` FROM `ss_menu` WHERE `pid` = 0 AND `hide` = 0 ORDER BY sort asc  [ RunTime:0.0001s ]
SQL: SELECT `pid` FROM `ss_menu` WHERE ( pid !=0 AND url like '%User/index%' ) LIMIT 1   [ RunTime:0.0001s ]
SQL: SELECT * FROM `ss_menu` WHERE `id` = 16 LIMIT 1   [ RunTime:0.0001s ]
SQL: SELECT DISTINCT  `group` FROM `ss_menu` WHERE `group` <> '' AND `pid` = 16  [ RunTime:0.0001s ]
SQL: SELECT `id`,`url` FROM `ss_menu` WHERE `pid` = 16 AND `hide` = 0  [ RunTime:0.0001s ]
SQL: SELECT `id`,`pid`,`title`,`url`,`tip` FROM `ss_menu` WHERE `group` = '营业管理' AND `pid` = 16 AND `hide` = 0 ORDER BY sort asc  [ RunTime:0.0001s ]
SQL: SELECT `id`,`pid`,`title`,`url`,`tip` FROM `ss_menu` WHERE `group` = '行为管理' AND `pid` = 16 AND `hide` = 0 ORDER BY sort asc  [ RunTime:0.0001s ]
SQL: SELECT `id`,`pid`,`title`,`url`,`tip` FROM `ss_menu` WHERE `group` = '用户管理' AND `pid` = 16 AND `hide` = 0 ORDER BY sort asc  [ RunTime:0.0001s ]
SQL: SHOW COLUMNS FROM `ss_member` [ RunTime:0.0005s ]
SQL: SELECT COUNT(*) AS tp_count FROM `ss_member` WHERE `status` >= 0 AND `nickname` LIKE '%%' LIMIT 1   [ RunTime:0.0003s ]
SQL: SELECT `uid`,`nickname`,`sales_id`,`yonjin_rate`,`lixi_rate`,`yonjin_money`,`lixi_money`,`total_money`,`telephone`,`sex`,`login`,`reg_ip`,`reg_time`,`last_login_ip`,`last_login_time`,`sort`,`level`,`status` FROM `ss_member` WHERE `status` >= 0 AND `nickname` LIKE '%%' ORDER BY sort desc LIMIT 0,10   [ RunTime:0.0004s ]
SQL: SHOW COLUMNS FROM `ss_user` [ RunTime:0.0006s ]
SQL: SHOW COLUMNS FROM `ss_sales` [ RunTime:0.0005s ]
SQL: SELECT `id`,`title` FROM `ss_sales`  [ RunTime:0.0001s ]
SQL: SHOW COLUMNS FROM `ss_member` [ RunTime:0.0005s ]
SQL: SELECT * FROM `ss_member` WHERE ( uid=1 ) LIMIT 1   [ RunTime:0.0002s ]
INFO: [ view_parse ] --START--
INFO: [ template_filter ] --START--
INFO: Run Behavior\ContentReplaceBehavior [ RunTime:0.000140s ]
INFO: [ template_filter ] --END-- [ RunTime:0.000193s ]
NOTIC: [8] Use of undefined constant 股票管理平台_VERSION - assumed '股票管理平台_VERSION' /data/newproject/Runtime/Cache/Admin/65e605872ed5d34210f5b33beb13f5a3.php 第 159 行.
INFO: Run Behavior\ParseTemplateBehavior [ RunTime:0.015108s ]
INFO: [ view_parse ] --END-- [ RunTime:0.015155s ]
INFO: [ view_filter ] --START--
INFO: Run Behavior\WriteHtmlCacheBehavior [ RunTime:0.000107s ]
INFO: [ view_filter ] --END-- [ RunTime:0.000150s ]
INFO: [ app_end ] --START--
INFO: Run Behavior\ShowPageTraceBehavior [ RunTime:0.000324s ]
INFO: [ app_end ] --END-- [ RunTime:0.000371s ]

[ 2017-02-04T10:43:04+08:00 ] 59.57.222.86 /admin.php?s=/Capital/index.html
INFO: [ app_init ] --START--
INFO: Run Behavior\BuildLiteBehavior [ RunTime:0.000014s ]
INFO: Run Common\Behavior\InitHookBehavior [ RunTime:0.000907s ]
INFO: [ app_init ] --END-- [ RunTime:0.001175s ]
INFO: [ app_begin ] --START--
INFO: Run Behavior\ReadHtmlCacheBehavior [ RunTime:0.000365s ]
INFO: [ app_begin ] --END-- [ RunTime:0.000426s ]
SQL: SHOW COLUMNS FROM `ss_menu` [ RunTime:0.0007s ]
SQL: SELECT `id`,`title`,`url` FROM `ss_menu` WHERE `pid` = 0 AND `hide` = 0 ORDER BY sort asc  [ RunTime:0.0001s ]
SQL: SELECT `pid` FROM `ss_menu` WHERE ( pid !=0 AND url like '%Capital/index%' ) LIMIT 1   [ RunTime:0.0001s ]
SQL: SHOW COLUMNS FROM `ss_user` [ RunTime:0.0006s ]
SQL: SHOW COLUMNS FROM `ss_member` [ RunTime:0.0005s ]
SQL: SELECT * FROM `ss_member` WHERE ( uid=1 ) LIMIT 1   [ RunTime:0.0002s ]
SQL: SHOW COLUMNS FROM `ss_sales` [ RunTime:0.0005s ]
SQL: SELECT `id`,`title` FROM `ss_sales`  [ RunTime:0.0001s ]
SQL: SHOW COLUMNS FROM `ss_user` [ RunTime:0.0007s ]
SQL: SELECT `id`,name as title FROM `ss_user` WHERE ( status=1 and sales_id=1 )  [ RunTime:0.0001s ]
SQL: SELECT `id`,name as title FROM `ss_user` WHERE ( status=1 and sales_id=8 )  [ RunTime:0.0001s ]
SQL: SELECT * FROM `ss_user` WHERE ( id=2 ) LIMIT 1   [ RunTime:0.0001s ]
SQL: SHOW COLUMNS FROM `ss_capital_log` [ RunTime:0.0005s ]
SQL: SELECT COUNT(id) AS tp_count FROM `ss_capital_log` WHERE ( user_id=2 and status=1  ) LIMIT 1   [ RunTime:0.0004s ]
SQL: select a.*,b.nickname from ss_capital_log as a left join ss_member as b on a.member_id=b.uid where a.user_id=2 and a.status=1 order by a.do_time DESC,a.id DESC limit 0,20 [ RunTime:0.0007s ]
INFO: [ view_parse ] --START--
INFO: [ template_filter ] --START--
INFO: Run Behavior\ContentReplaceBehavior [ RunTime:0.000134s ]
INFO: [ template_filter ] --END-- [ RunTime:0.000186s ]
NOTIC: [8] Use of undefined constant 股票管理平台_VERSION - assumed '股票管理平台_VERSION' /data/newproject/Runtime/Cache/Admin/bd1add356aa3883bb93cb4d9e0cd802b.php 第 221 行.
INFO: Run Behavior\ParseTemplateBehavior [ RunTime:0.016542s ]
INFO: [ view_parse ] --END-- [ RunTime:0.016587s ]
INFO: [ view_filter ] --START--
INFO: Run Behavior\WriteHtmlCacheBehavior [ RunTime:0.000111s ]
INFO: [ view_filter ] --END-- [ RunTime:0.000164s ]
INFO: [ app_end ] --START--
INFO: Run Behavior\ShowPageTraceBehavior [ RunTime:0.000311s ]
INFO: [ app_end ] --END-- [ RunTime:0.000369s ]

[ 2017-02-04T10:43:19+08:00 ] 59.57.222.86 /admin.php?s=/Capital/index/id/3.html
INFO: [ app_init ] --START--
INFO: Run Behavior\BuildLiteBehavior [ RunTime:0.000013s ]
INFO: Run Common\Behavior\InitHookBehavior [ RunTime:0.000916s ]
INFO: [ app_init ] --END-- [ RunTime:0.001191s ]
INFO: [ app_begin ] --START--
INFO: Run Behavior\ReadHtmlCacheBehavior [ RunTime:0.000310s ]
INFO: [ app_begin ] --END-- [ RunTime:0.000371s ]
SQL: SHOW COLUMNS FROM `ss_menu` [ RunTime:0.0008s ]
SQL: SELECT `id`,`title`,`url` FROM `ss_menu` WHERE `pid` = 0 AND `hide` = 0 ORDER BY sort asc  [ RunTime:0.0001s ]
SQL: SELECT `pid` FROM `ss_menu` WHERE ( pid !=0 AND url like '%Capital/index%' ) LIMIT 1   [ RunTime:0.0001s ]
SQL: SHOW COLUMNS FROM `ss_user` [ RunTime:0.0006s ]
SQL: SHOW COLUMNS FROM `ss_member` [ RunTime:0.0005s ]
SQL: SELECT * FROM `ss_member` WHERE ( uid=1 ) LIMIT 1   [ RunTime:0.0001s ]
SQL: SHOW COLUMNS FROM `ss_sales` [ RunTime:0.0004s ]
SQL: SELECT `id`,`title` FROM `ss_sales`  [ RunTime:0.0001s ]
SQL: SHOW COLUMNS FROM `ss_user` [ RunTime:0.0006s ]
SQL: SELECT `id`,name as title FROM `ss_user` WHERE ( status=1 and sales_id=1 )  [ RunTime:0.0001s ]
SQL: SELECT `id`,name as title FROM `ss_user` WHERE ( status=1 and sales_id=8 )  [ RunTime:0.0002s ]
SQL: SELECT * FROM `ss_user` WHERE ( id=3 ) LIMIT 1   [ RunTime:0.0004s ]
SQL: SHOW COLUMNS FROM `ss_capital_log` [ RunTime:0.0005s ]
SQL: SELECT COUNT(id) AS tp_count FROM `ss_capital_log` WHERE ( user_id=3 and status=1  ) LIMIT 1   [ RunTime:0.0003s ]
SQL: select a.*,b.nickname from ss_capital_log as a left join ss_member as b on a.member_id=b.uid where a.user_id=3 and a.status=1 order by a.do_time DESC,a.id DESC limit 0,20 [ RunTime:0.0004s ]
INFO: [ view_parse ] --START--
INFO: [ template_filter ] --START--
INFO: Run Behavior\ContentReplaceBehavior [ RunTime:0.000141s ]
INFO: [ template_filter ] --END-- [ RunTime:0.000201s ]
NOTIC: [8] Use of undefined constant 股票管理平台_VERSION - assumed '股票管理平台_VERSION' /data/newproject/Runtime/Cache/Admin/bd1add356aa3883bb93cb4d9e0cd802b.php 第 221 行.
INFO: Run Behavior\ParseTemplateBehavior [ RunTime:0.015277s ]
INFO: [ view_parse ] --END-- [ RunTime:0.015323s ]
INFO: [ view_filter ] --START--
INFO: Run Behavior\WriteHtmlCacheBehavior [ RunTime:0.000123s ]
INFO: [ view_filter ] --END-- [ RunTime:0.000188s ]
INFO: [ app_end ] --START--
INFO: Run Behavior\ShowPageTraceBehavior [ RunTime:0.000308s ]
INFO: [ app_end ] --END-- [ RunTime:0.000355s ]

[ 2017-02-04T10:43:21+08:00 ] 59.57.222.86 /admin.php?s=/Capital/index/id/2.html
INFO: [ app_init ] --START--
INFO: Run Behavior\BuildLiteBehavior [ RunTime:0.000015s ]
INFO: Run Common\Behavior\InitHookBehavior [ RunTime:0.000922s ]
INFO: [ app_init ] --END-- [ RunTime:0.001186s ]
INFO: [ app_begin ] --START--
INFO: Run Behavior\ReadHtmlCacheBehavior [ RunTime:0.000379s ]
INFO: [ app_begin ] --END-- [ RunTime:0.000429s ]
SQL: SHOW COLUMNS FROM `ss_menu` [ RunTime:0.0008s ]
SQL: SELECT `id`,`title`,`url` FROM `ss_menu` WHERE `pid` = 0 AND `hide` = 0 ORDER BY sort asc  [ RunTime:0.0001s ]
SQL: SELECT `pid` FROM `ss_menu` WHERE ( pid !=0 AND url like '%Capital/index%' ) LIMIT 1   [ RunTime:0.0001s ]
SQL: SHOW COLUMNS FROM `ss_user` [ RunTime:0.0006s ]
SQL: SHOW COLUMNS FROM `ss_member` [ RunTime:0.0005s ]
SQL: SELECT * FROM `ss_member` WHERE ( uid=1 ) LIMIT 1   [ RunTime:0.0001s ]
SQL: SHOW COLUMNS FROM `ss_sales` [ RunTime:0.0004s ]
SQL: SELECT `id`,`title` FROM `ss_sales`  [ RunTime:0.0001s ]
SQL: SHOW COLUMNS FROM `ss_user` [ RunTime:0.0006s ]
SQL: SELECT `id`,name as title FROM `ss_user` WHERE ( status=1 and sales_id=1 )  [ RunTime:0.0002s ]
SQL: SELECT `id`,name as title FROM `ss_user` WHERE ( status=1 and sales_id=8 )  [ RunTime:0.0001s ]
SQL: SELECT * FROM `ss_user` WHERE ( id=2 ) LIMIT 1   [ RunTime:0.0001s ]
SQL: SHOW COLUMNS FROM `ss_capital_log` [ RunTime:0.0005s ]
SQL: SELECT COUNT(id) AS tp_count FROM `ss_capital_log` WHERE ( user_id=2 and status=1  ) LIMIT 1   [ RunTime:0.0001s ]
SQL: select a.*,b.nickname from ss_capital_log as a left join ss_member as b on a.member_id=b.uid where a.user_id=2 and a.status=1 order by a.do_time DESC,a.id DESC limit 0,20 [ RunTime:0.0002s ]
INFO: [ view_parse ] --START--
INFO: [ template_filter ] --START--
INFO: Run Behavior\ContentReplaceBehavior [ RunTime:0.000187s ]
INFO: [ template_filter ] --END-- [ RunTime:0.000250s ]
NOTIC: [8] Use of undefined constant 股票管理平台_VERSION - assumed '股票管理平台_VERSION' /data/newproject/Runtime/Cache/Admin/bd1add356aa3883bb93cb4d9e0cd802b.php 第 221 行.
INFO: Run Behavior\ParseTemplateBehavior [ RunTime:0.017990s ]
INFO: [ view_parse ] --END-- [ RunTime:0.018061s ]
INFO: [ view_filter ] --START--
INFO: Run Behavior\WriteHtmlCacheBehavior [ RunTime:0.000135s ]
INFO: [ view_filter ] --END-- [ RunTime:0.000205s ]
INFO: [ app_end ] --START--
INFO: Run Behavior\ShowPageTraceBehavior [ RunTime:0.000297s ]
INFO: [ app_end ] --END-- [ RunTime:0.000345s ]

[ 2017-02-04T10:43:25+08:00 ] 59.57.222.86 /admin.php?s=/Operate/index.html
INFO: [ app_init ] --START--
INFO: Run Behavior\BuildLiteBehavior [ RunTime:0.000015s ]
INFO: Run Common\Behavior\InitHookBehavior [ RunTime:0.000860s ]
INFO: [ app_init ] --END-- [ RunTime:0.001168s ]
INFO: [ app_begin ] --START--
INFO: Run Behavior\ReadHtmlCacheBehavior [ RunTime:0.000281s ]
INFO: [ app_begin ] --END-- [ RunTime:0.000331s ]
SQL: SHOW COLUMNS FROM `ss_menu` [ RunTime:0.0008s ]
SQL: SELECT `id`,`title`,`url` FROM `ss_menu` WHERE `pid` = 0 AND `hide` = 0 ORDER BY sort asc  [ RunTime:0.0001s ]
SQL: SELECT `pid` FROM `ss_menu` WHERE ( pid !=0 AND url like '%Operate/index%' ) LIMIT 1   [ RunTime:0.0001s ]
SQL: SHOW COLUMNS FROM `ss_user` [ RunTime:0.0006s ]
SQL: SHOW COLUMNS FROM `ss_member` [ RunTime:0.0005s ]
SQL: SELECT * FROM `ss_member` WHERE ( uid=1 ) LIMIT 1   [ RunTime:0.0001s ]
SQL: SHOW COLUMNS FROM `ss_sales` [ RunTime:0.0004s ]
SQL: SELECT `id`,`title` FROM `ss_sales`  [ RunTime:0.0001s ]
SQL: SHOW COLUMNS FROM `ss_user` [ RunTime:0.0006s ]
SQL: SELECT `id`,name as title FROM `ss_user` WHERE ( status=1 and sales_id=1 )  [ RunTime:0.0001s ]
SQL: SELECT `id`,name as title FROM `ss_user` WHERE ( status=1 and sales_id=8 )  [ RunTime:0.0001s ]
SQL: SELECT * FROM `ss_user` WHERE ( id=2 ) LIMIT 1   [ RunTime:0.0003s ]
SQL: SHOW COLUMNS FROM `ss_deal_log` [ RunTime:0.0005s ]
SQL: SELECT COUNT(id) AS tp_count FROM `ss_deal_log` WHERE ( user_id=2 and status=1  ) LIMIT 1   [ RunTime:0.0001s ]
SQL: select a.*,b.nickname from ss_deal_log as a left join ss_member as b on a.member_id=b.uid where a.user_id=2 and a.status=1 order by a.deal_time DESC,a.id DESC limit 0,6 [ RunTime:0.0008s ]
SQL: SELECT COUNT(id) AS tp_count FROM `ss_deal_log` WHERE ( user_id=2 and status=1 and do_type=1 ) LIMIT 1   [ RunTime:0.0001s ]
SQL: select a.*,b.nickname from ss_deal_log as a left join ss_member as b on a.member_id=b.uid where a.user_id=2 and a.status=1 and a.sell_status=1 order by a.deal_time DESC,a.id DESC limit 0,4 [ RunTime:0.0004s ]
NOTIC: [8] Undefined index: sell_cost /data/newproject/Application/Admin/Controller/OperateController.class.php 第 91 行.
INFO: [ view_parse ] --START--
INFO: [ template_filter ] --START--
INFO: Run Behavior\ContentReplaceBehavior [ RunTime:0.000227s ]
INFO: [ template_filter ] --END-- [ RunTime:0.000298s ]
NOTIC: [8] Use of undefined constant 股票管理平台_VERSION - assumed '股票管理平台_VERSION' /data/newproject/Runtime/Cache/Admin/660d29c550558b2d159f6936d1031408.php 第 348 行.
INFO: Run Behavior\ParseTemplateBehavior [ RunTime:0.020550s ]
INFO: [ view_parse ] --END-- [ RunTime:0.020616s ]
INFO: [ view_filter ] --START--
INFO: Run Behavior\WriteHtmlCacheBehavior [ RunTime:0.000124s ]
INFO: [ view_filter ] --END-- [ RunTime:0.000179s ]
INFO: [ app_end ] --START--
INFO: Run Behavior\ShowPageTraceBehavior [ RunTime:0.000361s ]
INFO: [ app_end ] --END-- [ RunTime:0.000416s ]

[ 2017-02-04T10:43:37+08:00 ] 59.57.222.86 /admin.php?s=/Account/index.html
INFO: [ app_init ] --START--
INFO: Run Behavior\BuildLiteBehavior [ RunTime:0.000019s ]
INFO: Run Common\Behavior\InitHookBehavior [ RunTime:0.000856s ]
INFO: [ app_init ] --END-- [ RunTime:0.001144s ]
INFO: [ app_begin ] --START--
INFO: Run Behavior\ReadHtmlCacheBehavior [ RunTime:0.000287s ]
INFO: [ app_begin ] --END-- [ RunTime:0.000351s ]
SQL: SHOW COLUMNS FROM `ss_menu` [ RunTime:0.0008s ]
SQL: SELECT `id`,`title`,`url` FROM `ss_menu` WHERE `pid` = 0 AND `hide` = 0 ORDER BY sort asc  [ RunTime:0.0001s ]
SQL: SELECT `pid` FROM `ss_menu` WHERE ( pid !=0 AND url like '%Account/index%' ) LIMIT 1   [ RunTime:0.0002s ]
SQL: SHOW COLUMNS FROM `ss_user` [ RunTime:0.0006s ]
SQL: SHOW COLUMNS FROM `ss_member` [ RunTime:0.0005s ]
SQL: SELECT * FROM `ss_member` WHERE ( uid=1 ) LIMIT 1   [ RunTime:0.0002s ]
SQL: SHOW COLUMNS FROM `ss_sales` [ RunTime:0.0004s ]
SQL: SELECT `id`,`title` FROM `ss_sales`  [ RunTime:0.0001s ]
SQL: SHOW COLUMNS FROM `ss_user` [ RunTime:0.0007s ]
SQL: SELECT `id`,name as title FROM `ss_user` WHERE ( status=1 and sales_id=1 )  [ RunTime:0.0001s ]
SQL: SELECT `id`,name as title FROM `ss_user` WHERE ( status=1 and sales_id=8 )  [ RunTime:0.0001s ]
SQL: SELECT * FROM `ss_user` WHERE ( id=2 ) LIMIT 1   [ RunTime:0.0001s ]
SQL: SHOW COLUMNS FROM `ss_summary_log` [ RunTime:0.0007s ]
SQL: SELECT COUNT(id) AS tp_count FROM `ss_summary_log` WHERE ( user_id=2 and status=3  ) LIMIT 1   [ RunTime:0.0001s ]
SQL: select a.*,b.nickname from ss_summary_log as a left join ss_member as b on a.member_id=b.uid where a.user_id=2 and a.status=3 order by a.do_time DESC,a.id DESC limit 0,20 [ RunTime:0.0008s ]
INFO: [ view_parse ] --START--
INFO: [ template_filter ] --START--
INFO: Run Behavior\ContentReplaceBehavior [ RunTime:0.000135s ]
INFO: [ template_filter ] --END-- [ RunTime:0.000208s ]
NOTIC: [8] Undefined index: uid /data/newproject/Runtime/Cache/Admin/c4921982ccba1d7effaada457f8c4abd.php 第 153 行.
NOTIC: [8] Undefined index: uid /data/newproject/Runtime/Cache/Admin/c4921982ccba1d7effaada457f8c4abd.php 第 153 行.
NOTIC: [8] Undefined index: uid /data/newproject/Runtime/Cache/Admin/c4921982ccba1d7effaada457f8c4abd.php 第 153 行.
NOTIC: [8] Undefined index: uid /data/newproject/Runtime/Cache/Admin/c4921982ccba1d7effaada457f8c4abd.php 第 153 行.
NOTIC: [8] Undefined index: uid /data/newproject/Runtime/Cache/Admin/c4921982ccba1d7effaada457f8c4abd.php 第 153 行.
NOTIC: [8] Undefined index: uid /data/newproject/Runtime/Cache/Admin/c4921982ccba1d7effaada457f8c4abd.php 第 153 行.
NOTIC: [8] Undefined index: uid /data/newproject/Runtime/Cache/Admin/c4921982ccba1d7effaada457f8c4abd.php 第 153 行.
NOTIC: [8] Use of undefined constant 股票管理平台_VERSION - assumed '股票管理平台_VERSION' /data/newproject/Runtime/Cache/Admin/c4921982ccba1d7effaada457f8c4abd.php 第 171 行.
INFO: Run Behavior\ParseTemplateBehavior [ RunTime:0.022418s ]
INFO: [ view_parse ] --END-- [ RunTime:0.022486s ]
INFO: [ view_filter ] --START--
INFO: Run Behavior\WriteHtmlCacheBehavior [ RunTime:0.000157s ]
INFO: [ view_filter ] --END-- [ RunTime:0.000199s ]
INFO: [ app_end ] --START--
INFO: Run Behavior\ShowPageTraceBehavior [ RunTime:0.000305s ]
INFO: [ app_end ] --END-- [ RunTime:0.000350s ]

[ 2017-02-04T10:43:41+08:00 ] 59.57.222.86 /admin.php?s=/Report/deal.html
INFO: [ app_init ] --START--
INFO: Run Behavior\BuildLiteBehavior [ RunTime:0.000017s ]
INFO: Run Common\Behavior\InitHookBehavior [ RunTime:0.000929s ]
INFO: [ app_init ] --END-- [ RunTime:0.001208s ]
INFO: [ app_begin ] --START--
INFO: Run Behavior\ReadHtmlCacheBehavior [ RunTime:0.000341s ]
INFO: [ app_begin ] --END-- [ RunTime:0.000404s ]
SQL: SHOW COLUMNS FROM `ss_menu` [ RunTime:0.0008s ]
SQL: SELECT `id`,`title`,`url` FROM `ss_menu` WHERE `pid` = 0 AND `hide` = 0 ORDER BY sort asc  [ RunTime:0.0002s ]
SQL: SELECT `pid` FROM `ss_menu` WHERE ( pid !=0 AND url like '%Report/deal%' ) LIMIT 1   [ RunTime:0.0001s ]
SQL: SELECT * FROM `ss_menu` WHERE `id` = 132 LIMIT 1   [ RunTime:0.0001s ]
SQL: SELECT DISTINCT  `group` FROM `ss_menu` WHERE `group` <> '' AND `pid` = 132  [ RunTime:0.0001s ]
SQL: SELECT `id`,`url` FROM `ss_menu` WHERE `pid` = 132 AND `hide` = 0  [ RunTime:0.0001s ]
SQL: SELECT `id`,`pid`,`title`,`url`,`tip` FROM `ss_menu` WHERE `group` = '报表管理' AND `pid` = 132 AND `hide` = 0 ORDER BY sort asc  [ RunTime:0.0001s ]
SQL: SHOW COLUMNS FROM `ss_member` [ RunTime:0.0006s ]
SQL: SELECT * FROM `ss_member` WHERE ( uid=1 ) LIMIT 1   [ RunTime:0.0002s ]
SQL: SHOW COLUMNS FROM `ss_sales` [ RunTime:0.0004s ]
SQL: SELECT `id`,`title` FROM `ss_sales` WHERE ( status=1 )  [ RunTime:0.0001s ]
SQL: SHOW COLUMNS FROM `ss_user` [ RunTime:0.0006s ]
SQL: SELECT `id`,`name` FROM `ss_user` WHERE ( status=1 )  [ RunTime:0.0001s ]
SQL: SHOW COLUMNS FROM `ss_summary_log` [ RunTime:0.0006s ]
SQL: SELECT COUNT(id) AS tp_count FROM `ss_summary_log` WHERE (  status=3  ) LIMIT 1   [ RunTime:0.0001s ]
SQL: select a.*,b.name from ss_summary_log as a left join ss_user as b on a.user_id=b.id where a.status=3 and 1=1 and a.sell_time>=1486137600 and a.sell_time<=1486224000 order by a.do_time DESC,a.id DESC limit 0,40 [ RunTime:0.0005s ]
INFO: [ view_parse ] --START--
INFO: [ template_filter ] --START--
INFO: Run Behavior\ContentReplaceBehavior [ RunTime:0.000144s ]
INFO: [ template_filter ] --END-- [ RunTime:0.000192s ]
NOTIC: [8] Undefined variable: sales_id /data/newproject/Runtime/Cache/Admin/d76c030ce5fde08ee0636a5d479a12c4.php 第 108 行.
NOTIC: [8] Undefined variable: sales_id /data/newproject/Runtime/Cache/Admin/d76c030ce5fde08ee0636a5d479a12c4.php 第 108 行.
NOTIC: [8] Undefined variable: user_id /data/newproject/Runtime/Cache/Admin/d76c030ce5fde08ee0636a5d479a12c4.php 第 112 行.
NOTIC: [8] Undefined variable: user_id /data/newproject/Runtime/Cache/Admin/d76c030ce5fde08ee0636a5d479a12c4.php 第 112 行.
NOTIC: [8] Undefined variable: user_id /data/newproject/Runtime/Cache/Admin/d76c030ce5fde08ee0636a5d479a12c4.php 第 112 行.
NOTIC: [8] Use of undefined constant 股票管理平台_VERSION - assumed '股票管理平台_VERSION' /data/newproject/Runtime/Cache/Admin/d76c030ce5fde08ee0636a5d479a12c4.php 第 185 行.
INFO: Run Behavior\ParseTemplateBehavior [ RunTime:0.016123s ]
INFO: [ view_parse ] --END-- [ RunTime:0.016169s ]
INFO: [ view_filter ] --START--
INFO: Run Behavior\WriteHtmlCacheBehavior [ RunTime:0.000105s ]
INFO: [ view_filter ] --END-- [ RunTime:0.000144s ]
INFO: [ app_end ] --START--
INFO: Run Behavior\ShowPageTraceBehavior [ RunTime:0.000450s ]
INFO: [ app_end ] --END-- [ RunTime:0.000495s ]

[ 2017-02-04T10:43:42+08:00 ] 218.107.215.114 /admin.php?s=/Public/login.html
INFO: [ app_init ] --START--
INFO: Run Behavior\BuildLiteBehavior [ RunTime:0.000020s ]
INFO: Run Common\Behavior\InitHookBehavior [ RunTime:0.000970s ]
INFO: [ app_init ] --END-- [ RunTime:0.001319s ]
INFO: [ app_begin ] --START--
INFO: Run Behavior\ReadHtmlCacheBehavior [ RunTime:0.000308s ]
INFO: [ app_begin ] --END-- [ RunTime:0.000377s ]
INFO: [ view_parse ] --START--
INFO: [ template_filter ] --START--
INFO: Run Behavior\ContentReplaceBehavior [ RunTime:0.000069s ]
INFO: [ template_filter ] --END-- [ RunTime:0.000143s ]
INFO: Run Behavior\ParseTemplateBehavior [ RunTime:0.005063s ]
INFO: [ view_parse ] --END-- [ RunTime:0.005121s ]
INFO: [ view_filter ] --START--
INFO: Run Behavior\WriteHtmlCacheBehavior [ RunTime:0.000109s ]
INFO: [ view_filter ] --END-- [ RunTime:0.000148s ]
INFO: [ app_end ] --START--
INFO: Run Behavior\ShowPageTraceBehavior [ RunTime:0.000445s ]
INFO: [ app_end ] --END-- [ RunTime:0.000499s ]

[ 2017-02-04T10:43:42+08:00 ] 218.107.215.114 /admin.php?s=/Public/verify.html
INFO: [ app_init ] --START--
INFO: Run Behavior\BuildLiteBehavior [ RunTime:0.000013s ]
INFO: Run Common\Behavior\InitHookBehavior [ RunTime:0.000822s ]
INFO: [ app_init ] --END-- [ RunTime:0.001102s ]
INFO: [ app_begin ] --START--
INFO: Run Behavior\ReadHtmlCacheBehavior [ RunTime:0.000288s ]
INFO: [ app_begin ] --END-- [ RunTime:0.000338s ]
INFO: [ app_end ] --START--
INFO: Run Behavior\ShowPageTraceBehavior [ RunTime:0.000304s ]
INFO: [ app_end ] --END-- [ RunTime:0.000358s ]

[ 2017-02-04T10:43:43+08:00 ] 59.57.222.86 /admin.php?s=/Config/group.html
INFO: [ app_init ] --START--
INFO: Run Behavior\BuildLiteBehavior [ RunTime:0.000017s ]
INFO: Run Common\Behavior\InitHookBehavior [ RunTime:0.001078s ]
INFO: [ app_init ] --END-- [ RunTime:0.001352s ]
INFO: [ app_begin ] --START--
INFO: Run Behavior\ReadHtmlCacheBehavior [ RunTime:0.000330s ]
INFO: [ app_begin ] --END-- [ RunTime:0.000389s ]
SQL: SHOW COLUMNS FROM `ss_menu` [ RunTime:0.0007s ]
SQL: SELECT `id`,`title`,`url` FROM `ss_menu` WHERE `pid` = 0 AND `hide` = 0 ORDER BY sort asc  [ RunTime:0.0001s ]
SQL: SELECT `pid` FROM `ss_menu` WHERE ( pid !=0 AND url like '%Config/group%' ) LIMIT 1   [ RunTime:0.0001s ]
SQL: SELECT * FROM `ss_menu` WHERE `id` = 68 LIMIT 1   [ RunTime:0.0001s ]
SQL: SELECT DISTINCT  `group` FROM `ss_menu` WHERE `group` <> '' AND `pid` = 68  [ RunTime:0.0001s ]
SQL: SELECT `id`,`url` FROM `ss_menu` WHERE `pid` = 68 AND `hide` = 0  [ RunTime:0.0001s ]
SQL: SELECT `id`,`pid`,`title`,`url`,`tip` FROM `ss_menu` WHERE `group` = '系统设置' AND `pid` = 68 AND `hide` = 0 ORDER BY sort asc  [ RunTime:0.0001s ]
SQL: SELECT `id`,`pid`,`title`,`url`,`tip` FROM `ss_menu` WHERE `group` = '数据备份' AND `pid` = 68 AND `hide` = 0 ORDER BY sort asc  [ RunTime:0.0001s ]
SQL: SHOW COLUMNS FROM `ss_config` [ RunTime:0.0005s ]
SQL: SELECT `id`,`name`,`title`,`extra`,`value`,`remark`,`type` FROM `ss_config` WHERE `status` = 1 AND `group` = 1 ORDER BY sort  [ RunTime:0.0001s ]
INFO: [ view_parse ] --START--
INFO: [ template_filter ] --START--
INFO: Run Behavior\ContentReplaceBehavior [ RunTime:0.000149s ]
INFO: [ template_filter ] --END-- [ RunTime:0.000212s ]
NOTIC: [8] Use of undefined constant 股票管理平台_VERSION - assumed '股票管理平台_VERSION' /data/newproject/Runtime/Cache/Admin/e915606f4666252950bacf14eab57f78.php 第 138 行.
INFO: Run Behavior\ParseTemplateBehavior [ RunTime:0.016205s ]
INFO: [ view_parse ] --END-- [ RunTime:0.016259s ]
INFO: [ view_filter ] --START--
INFO: Run Behavior\WriteHtmlCacheBehavior [ RunTime:0.000108s ]
INFO: [ view_filter ] --END-- [ RunTime:0.000149s ]
INFO: [ app_end ] --START--
INFO: Run Behavior\ShowPageTraceBehavior [ RunTime:0.000302s ]
INFO: [ app_end ] --END-- [ RunTime:0.000347s ]

[ 2017-02-04T10:43:45+08:00 ] 59.57.222.86 /admin.php?s=/Report/deal.html
INFO: [ app_init ] --START--
INFO: Run Behavior\BuildLiteBehavior [ RunTime:0.000025s ]
INFO: Run Common\Behavior\InitHookBehavior [ RunTime:0.001276s ]
INFO: [ app_init ] --END-- [ RunTime:0.001699s ]
INFO: [ app_begin ] --START--
INFO: Run Behavior\ReadHtmlCacheBehavior [ RunTime:0.000415s ]
INFO: [ app_begin ] --END-- [ RunTime:0.000486s ]
SQL: SHOW COLUMNS FROM `ss_menu` [ RunTime:0.0009s ]
SQL: SELECT `id`,`title`,`url` FROM `ss_menu` WHERE `pid` = 0 AND `hide` = 0 ORDER BY sort asc  [ RunTime:0.0002s ]
SQL: SELECT `pid` FROM `ss_menu` WHERE ( pid !=0 AND url like '%Report/deal%' ) LIMIT 1   [ RunTime:0.0001s ]
SQL: SELECT * FROM `ss_menu` WHERE `id` = 132 LIMIT 1   [ RunTime:0.0001s ]
SQL: SELECT DISTINCT  `group` FROM `ss_menu` WHERE `group` <> '' AND `pid` = 132  [ RunTime:0.0001s ]
SQL: SELECT `id`,`url` FROM `ss_menu` WHERE `pid` = 132 AND `hide` = 0  [ RunTime:0.0001s ]
SQL: SELECT `id`,`pid`,`title`,`url`,`tip` FROM `ss_menu` WHERE `group` = '报表管理' AND `pid` = 132 AND `hide` = 0 ORDER BY sort asc  [ RunTime:0.0001s ]
SQL: SHOW COLUMNS FROM `ss_member` [ RunTime:0.0008s ]
SQL: SELECT * FROM `ss_member` WHERE ( uid=1 ) LIMIT 1   [ RunTime:0.0002s ]
SQL: SHOW COLUMNS FROM `ss_sales` [ RunTime:0.0005s ]
SQL: SELECT `id`,`title` FROM `ss_sales` WHERE ( status=1 )  [ RunTime:0.0001s ]
SQL: SHOW COLUMNS FROM `ss_user` [ RunTime:0.0007s ]
SQL: SELECT `id`,`name` FROM `ss_user` WHERE ( status=1 )  [ RunTime:0.0001s ]
SQL: SHOW COLUMNS FROM `ss_summary_log` [ RunTime:0.0007s ]
SQL: SELECT COUNT(id) AS tp_count FROM `ss_summary_log` WHERE (  status=3  ) LIMIT 1   [ RunTime:0.0001s ]
SQL: select a.*,b.name from ss_summary_log as a left join ss_user as b on a.user_id=b.id where a.status=3 and 1=1 and a.sell_time>=1486137600 and a.sell_time<=1486224000 order by a.do_time DESC,a.id DESC limit 0,40 [ RunTime:0.0002s ]
INFO: [ view_parse ] --START--
INFO: [ template_filter ] --START--
INFO: Run Behavior\ContentReplaceBehavior [ RunTime:0.000145s ]
INFO: [ template_filter ] --END-- [ RunTime:0.000202s ]
NOTIC: [8] Undefined variable: sales_id /data/newproject/Runtime/Cache/Admin/d76c030ce5fde08ee0636a5d479a12c4.php 第 108 行.
NOTIC: [8] Undefined variable: sales_id /data/newproject/Runtime/Cache/Admin/d76c030ce5fde08ee0636a5d479a12c4.php 第 108 行.
NOTIC: [8] Undefined variable: user_id /data/newproject/Runtime/Cache/Admin/d76c030ce5fde08ee0636a5d479a12c4.php 第 112 行.
NOTIC: [8] Undefined variable: user_id /data/newproject/Runtime/Cache/Admin/d76c030ce5fde08ee0636a5d479a12c4.php 第 112 行.
NOTIC: [8] Undefined variable: user_id /data/newproject/Runtime/Cache/Admin/d76c030ce5fde08ee0636a5d479a12c4.php 第 112 行.
NOTIC: [8] Use of undefined constant 股票管理平台_VERSION - assumed '股票管理平台_VERSION' /data/newproject/Runtime/Cache/Admin/d76c030ce5fde08ee0636a5d479a12c4.php 第 185 行.
INFO: Run Behavior\ParseTemplateBehavior [ RunTime:0.017336s ]
INFO: [ view_parse ] --END-- [ RunTime:0.017384s ]
INFO: [ view_filter ] --START--
INFO: Run Behavior\WriteHtmlCacheBehavior [ RunTime:0.000113s ]
INFO: [ view_filter ] --END-- [ RunTime:0.000163s ]
INFO: [ app_end ] --START--
INFO: Run Behavior\ShowPageTraceBehavior [ RunTime:0.000289s ]
INFO: [ app_end ] --END-- [ RunTime:0.000354s ]

[ 2017-02-04T10:43:52+08:00 ] 218.107.215.114 /admin.php?s=/Public/login.html
INFO: [ app_init ] --START--
INFO: Run Behavior\BuildLiteBehavior [ RunTime:0.000018s ]
INFO: Run Common\Behavior\InitHookBehavior [ RunTime:0.000903s ]
INFO: [ app_init ] --END-- [ RunTime:0.001194s ]
INFO: [ app_begin ] --START--
INFO: Run Behavior\ReadHtmlCacheBehavior [ RunTime:0.000308s ]
INFO: [ app_begin ] --END-- [ RunTime:0.000355s ]
NOTIC: [8] Constant UC_AUTH_KEY already defined /data/newproject/Application/User/Conf/config.php 第 17 行.
NOTIC: [8] Undefined index: lite /data/newproject/ThinkPHP/Library/Think/Db.class.php 第 37 行.
SQL: SHOW COLUMNS FROM `ss_member` [ RunTime:0.0006s ]
SQL: SELECT `uid`,`nickname`,`sales_id`,`yonjin_rate`,`lixi_rate`,`yonjin_money`,`lixi_money`,`total_money`,`telephone`,`sex`,`login`,`reg_ip`,`reg_time`,`last_login_ip`,`last_login_time`,`sort`,`level`,`status` FROM `ss_member` WHERE `uid` = 1 LIMIT 1   [ RunTime:0.0004s ]
SQL: SHOW COLUMNS FROM `ss_action` [ RunTime:0.0005s ]
SQL: SELECT * FROM `ss_action` WHERE `name` = 'user_login' LIMIT 1   [ RunTime:0.0001s ]
SQL: SHOW COLUMNS FROM `ss_action_log` [ RunTime:0.0005s ]
SQL: INSERT INTO `ss_action_log` (`action_id`,`user_id`,`action_ip`,`model`,`record_id`,`create_time`,`remark`) VALUES ('1','1','3664500594','member','1','1486176232','admin在2017-02-04 10:43登录了后台') [ RunTime:0.0004s ]
SQL: SELECT * FROM `ss_action` WHERE `name` = 'user_login' LIMIT 1   [ RunTime:0.0002s ]
NOTIC: [8] Undefined offset: 1 /data/newproject/Application/Common/Common/function.php 第 679 行.
NOTIC: [2] array_key_exists() expects parameter 2 to be array, null given /data/newproject/Application/Common/Common/function.php 第 679 行.
SQL: SELECT COUNT(*) AS tp_count FROM `ss_action_log` WHERE `action_id` = 1 AND `user_id` = 1 AND `create_time` > 1486089832 LIMIT 1   [ RunTime:0.0003s ]
SQL: UPDATE `ss_member` SET `login`=`login`+1,`last_login_time`='1486176232',`last_login_ip`='3664500594' WHERE `uid` = 1 [ RunTime:0.0003s ]

[ 2017-02-04T10:43:52+08:00 ] 218.107.215.114 /admin.php?s=/User/index.html
INFO: [ app_init ] --START--
INFO: Run Behavior\BuildLiteBehavior [ RunTime:0.000018s ]
INFO: Run Common\Behavior\InitHookBehavior [ RunTime:0.000917s ]
INFO: [ app_init ] --END-- [ RunTime:0.001245s ]
INFO: [ app_begin ] --START--
INFO: Run Behavior\ReadHtmlCacheBehavior [ RunTime:0.000304s ]
INFO: [ app_begin ] --END-- [ RunTime:0.000357s ]
SQL: SHOW COLUMNS FROM `ss_menu` [ RunTime:0.0008s ]
SQL: SELECT `id`,`title`,`url` FROM `ss_menu` WHERE `pid` = 0 AND `hide` = 0 ORDER BY sort asc  [ RunTime:0.0001s ]
SQL: SELECT `pid` FROM `ss_menu` WHERE ( pid !=0 AND url like '%User/index%' ) LIMIT 1   [ RunTime:0.0001s ]
SQL: SELECT * FROM `ss_menu` WHERE `id` = 16 LIMIT 1   [ RunTime:0.0001s ]
SQL: SELECT DISTINCT  `group` FROM `ss_menu` WHERE `group` <> '' AND `pid` = 16  [ RunTime:0.0002s ]
SQL: SELECT `id`,`url` FROM `ss_menu` WHERE `pid` = 16 AND `hide` = 0  [ RunTime:0.0001s ]
SQL: SELECT `id`,`pid`,`title`,`url`,`tip` FROM `ss_menu` WHERE `group` = '营业管理' AND `pid` = 16 AND `hide` = 0 ORDER BY sort asc  [ RunTime:0.0001s ]
SQL: SELECT `id`,`pid`,`title`,`url`,`tip` FROM `ss_menu` WHERE `group` = '行为管理' AND `pid` = 16 AND `hide` = 0 ORDER BY sort asc  [ RunTime:0.0002s ]
SQL: SELECT `id`,`pid`,`title`,`url`,`tip` FROM `ss_menu` WHERE `group` = '用户管理' AND `pid` = 16 AND `hide` = 0 ORDER BY sort asc  [ RunTime:0.0001s ]
SQL: SHOW COLUMNS FROM `ss_member` [ RunTime:0.0006s ]
SQL: SELECT COUNT(*) AS tp_count FROM `ss_member` WHERE `status` >= 0 AND `nickname` LIKE '%%' LIMIT 1   [ RunTime:0.0003s ]
SQL: SELECT `uid`,`nickname`,`sales_id`,`yonjin_rate`,`lixi_rate`,`yonjin_money`,`lixi_money`,`total_money`,`telephone`,`sex`,`login`,`reg_ip`,`reg_time`,`last_login_ip`,`last_login_time`,`sort`,`level`,`status` FROM `ss_member` WHERE `status` >= 0 AND `nickname` LIKE '%%' ORDER BY sort desc LIMIT 0,10   [ RunTime:0.0006s ]
SQL: SHOW COLUMNS FROM `ss_user` [ RunTime:0.0006s ]
SQL: SHOW COLUMNS FROM `ss_sales` [ RunTime:0.0004s ]
SQL: SELECT `id`,`title` FROM `ss_sales`  [ RunTime:0.0001s ]
SQL: SHOW COLUMNS FROM `ss_member` [ RunTime:0.0005s ]
SQL: SELECT * FROM `ss_member` WHERE ( uid=1 ) LIMIT 1   [ RunTime:0.0003s ]
INFO: [ view_parse ] --START--
INFO: [ template_filter ] --START--
INFO: Run Behavior\ContentReplaceBehavior [ RunTime:0.000124s ]
INFO: [ template_filter ] --END-- [ RunTime:0.000191s ]
NOTIC: [8] Use of undefined constant 股票管理平台_VERSION - assumed '股票管理平台_VERSION' /data/newproject/Runtime/Cache/Admin/65e605872ed5d34210f5b33beb13f5a3.php 第 159 行.
INFO: Run Behavior\ParseTemplateBehavior [ RunTime:0.016068s ]
INFO: [ view_parse ] --END-- [ RunTime:0.016139s ]
INFO: [ view_filter ] --START--
INFO: Run Behavior\WriteHtmlCacheBehavior [ RunTime:0.000156s ]
INFO: [ view_filter ] --END-- [ RunTime:0.000223s ]
INFO: [ app_end ] --START--
INFO: Run Behavior\ShowPageTraceBehavior [ RunTime:0.000428s ]
INFO: [ app_end ] --END-- [ RunTime:0.000503s ]

[ 2017-02-04T10:44:03+08:00 ] 101.226.89.123 /admin.php?s=/User/index.html
INFO: [ app_init ] --START--
INFO: Run Behavior\BuildLiteBehavior [ RunTime:0.000013s ]
INFO: Run Common\Behavior\InitHookBehavior [ RunTime:0.000857s ]
INFO: [ app_init ] --END-- [ RunTime:0.001121s ]
INFO: [ app_begin ] --START--
INFO: Run Behavior\ReadHtmlCacheBehavior [ RunTime:0.000296s ]
INFO: [ app_begin ] --END-- [ RunTime:0.000347s ]

[ 2017-02-04T10:44:03+08:00 ] 101.226.89.123 /admin.php?s=/Public/login.html
INFO: [ app_init ] --START--
INFO: Run Behavior\BuildLiteBehavior [ RunTime:0.000013s ]
INFO: Run Common\Behavior\InitHookBehavior [ RunTime:0.000915s ]
INFO: [ app_init ] --END-- [ RunTime:0.001175s ]
INFO: [ app_begin ] --START--
INFO: Run Behavior\ReadHtmlCacheBehavior [ RunTime:0.000405s ]
INFO: [ app_begin ] --END-- [ RunTime:0.000456s ]
INFO: [ view_parse ] --START--
INFO: [ template_filter ] --START--
INFO: Run Behavior\ContentReplaceBehavior [ RunTime:0.000051s ]
INFO: [ template_filter ] --END-- [ RunTime:0.000099s ]
INFO: Run Behavior\ParseTemplateBehavior [ RunTime:0.004498s ]
INFO: [ view_parse ] --END-- [ RunTime:0.004553s ]
INFO: [ view_filter ] --START--
INFO: Run Behavior\WriteHtmlCacheBehavior [ RunTime:0.000099s ]
INFO: [ view_filter ] --END-- [ RunTime:0.000138s ]
INFO: [ app_end ] --START--
INFO: Run Behavior\ShowPageTraceBehavior [ RunTime:0.000343s ]
INFO: [ app_end ] --END-- [ RunTime:0.000385s ]

[ 2017-02-04T10:44:18+08:00 ] 218.107.215.114 /admin.php?s=/Capital/index.html
INFO: [ app_init ] --START--
INFO: Run Behavior\BuildLiteBehavior [ RunTime:0.000015s ]
INFO: Run Common\Behavior\InitHookBehavior [ RunTime:0.000941s ]
INFO: [ app_init ] --END-- [ RunTime:0.001216s ]
INFO: [ app_begin ] --START--
INFO: Run Behavior\ReadHtmlCacheBehavior [ RunTime:0.000373s ]
INFO: [ app_begin ] --END-- [ RunTime:0.000428s ]
SQL: SHOW COLUMNS FROM `ss_menu` [ RunTime:0.0007s ]
SQL: SELECT `id`,`title`,`url` FROM `ss_menu` WHERE `pid` = 0 AND `hide` = 0 ORDER BY sort asc  [ RunTime:0.0001s ]
SQL: SELECT `pid` FROM `ss_menu` WHERE ( pid !=0 AND url like '%Capital/index%' ) LIMIT 1   [ RunTime:0.0001s ]
SQL: SHOW COLUMNS FROM `ss_user` [ RunTime:0.0007s ]
SQL: SHOW COLUMNS FROM `ss_member` [ RunTime:0.0005s ]
SQL: SELECT * FROM `ss_member` WHERE ( uid=1 ) LIMIT 1   [ RunTime:0.0002s ]
SQL: SHOW COLUMNS FROM `ss_sales` [ RunTime:0.0004s ]
SQL: SELECT `id`,`title` FROM `ss_sales`  [ RunTime:0.0001s ]
SQL: SHOW COLUMNS FROM `ss_user` [ RunTime:0.0005s ]
SQL: SELECT `id`,name as title FROM `ss_user` WHERE ( status=1 and sales_id=1 )  [ RunTime:0.0001s ]
SQL: SELECT `id`,name as title FROM `ss_user` WHERE ( status=1 and sales_id=8 )  [ RunTime:0.0001s ]
SQL: SELECT * FROM `ss_user` WHERE ( id=2 ) LIMIT 1   [ RunTime:0.0001s ]
SQL: SHOW COLUMNS FROM `ss_capital_log` [ RunTime:0.0005s ]
SQL: SELECT COUNT(id) AS tp_count FROM `ss_capital_log` WHERE ( user_id=2 and status=1  ) LIMIT 1   [ RunTime:0.0001s ]
SQL: select a.*,b.nickname from ss_capital_log as a left join ss_member as b on a.member_id=b.uid where a.user_id=2 and a.status=1 order by a.do_time DESC,a.id DESC limit 0,20 [ RunTime:0.0010s ]
INFO: [ view_parse ] --START--
INFO: [ template_filter ] --START--
INFO: Run Behavior\ContentReplaceBehavior [ RunTime:0.000141s ]
INFO: [ template_filter ] --END-- [ RunTime:0.000205s ]
NOTIC: [8] Use of undefined constant 股票管理平台_VERSION - assumed '股票管理平台_VERSION' /data/newproject/Runtime/Cache/Admin/bd1add356aa3883bb93cb4d9e0cd802b.php 第 221 行.
INFO: Run Behavior\ParseTemplateBehavior [ RunTime:0.016948s ]
INFO: [ view_parse ] --END-- [ RunTime:0.016996s ]
INFO: [ view_filter ] --START--
INFO: Run Behavior\WriteHtmlCacheBehavior [ RunTime:0.000117s ]
INFO: [ view_filter ] --END-- [ RunTime:0.000157s ]
INFO: [ app_end ] --START--
INFO: Run Behavior\ShowPageTraceBehavior [ RunTime:0.000295s ]
INFO: [ app_end ] --END-- [ RunTime:0.000342s ]

[ 2017-02-04T10:44:21+08:00 ] 218.107.215.114 /admin.php?s=/Operate/index.html
INFO: [ app_init ] --START--
INFO: Run Behavior\BuildLiteBehavior [ RunTime:0.000013s ]
INFO: Run Common\Behavior\InitHookBehavior [ RunTime:0.000832s ]
INFO: [ app_init ] --END-- [ RunTime:0.001126s ]
INFO: [ app_begin ] --START--
INFO: Run Behavior\ReadHtmlCacheBehavior [ RunTime:0.000327s ]
INFO: [ app_begin ] --END-- [ RunTime:0.000416s ]
SQL: SHOW COLUMNS FROM `ss_menu` [ RunTime:0.0008s ]
SQL: SELECT `id`,`title`,`url` FROM `ss_menu` WHERE `pid` = 0 AND `hide` = 0 ORDER BY sort asc  [ RunTime:0.0001s ]
SQL: SELECT `pid` FROM `ss_menu` WHERE ( pid !=0 AND url like '%Operate/index%' ) LIMIT 1   [ RunTime:0.0001s ]
SQL: SHOW COLUMNS FROM `ss_user` [ RunTime:0.0006s ]
SQL: SHOW COLUMNS FROM `ss_member` [ RunTime:0.0005s ]
SQL: SELECT * FROM `ss_member` WHERE ( uid=1 ) LIMIT 1   [ RunTime:0.0001s ]
SQL: SHOW COLUMNS FROM `ss_sales` [ RunTime:0.0004s ]
SQL: SELECT `id`,`title` FROM `ss_sales`  [ RunTime:0.0001s ]
SQL: SHOW COLUMNS FROM `ss_user` [ RunTime:0.0005s ]
SQL: SELECT `id`,name as title FROM `ss_user` WHERE ( status=1 and sales_id=1 )  [ RunTime:0.0001s ]
SQL: SELECT `id`,name as title FROM `ss_user` WHERE ( status=1 and sales_id=8 )  [ RunTime:0.0001s ]
SQL: SELECT * FROM `ss_user` WHERE ( id=2 ) LIMIT 1   [ RunTime:0.0001s ]
SQL: SHOW COLUMNS FROM `ss_deal_log` [ RunTime:0.0005s ]
SQL: SELECT COUNT(id) AS tp_count FROM `ss_deal_log` WHERE ( user_id=2 and status=1  ) LIMIT 1   [ RunTime:0.0001s ]
SQL: select a.*,b.nickname from ss_deal_log as a left join ss_member as b on a.member_id=b.uid where a.user_id=2 and a.status=1 order by a.deal_time DESC,a.id DESC limit 0,6 [ RunTime:0.0006s ]
SQL: SELECT COUNT(id) AS tp_count FROM `ss_deal_log` WHERE ( user_id=2 and status=1 and do_type=1 ) LIMIT 1   [ RunTime:0.0001s ]
SQL: select a.*,b.nickname from ss_deal_log as a left join ss_member as b on a.member_id=b.uid where a.user_id=2 and a.status=1 and a.sell_status=1 order by a.deal_time DESC,a.id DESC limit 0,4 [ RunTime:0.0004s ]
NOTIC: [8] Undefined index: sell_cost /data/newproject/Application/Admin/Controller/OperateController.class.php 第 91 行.
INFO: [ view_parse ] --START--
INFO: [ template_filter ] --START--
INFO: Run Behavior\ContentReplaceBehavior [ RunTime:0.000244s ]
INFO: [ template_filter ] --END-- [ RunTime:0.000316s ]
NOTIC: [8] Use of undefined constant 股票管理平台_VERSION - assumed '股票管理平台_VERSION' /data/newproject/Runtime/Cache/Admin/660d29c550558b2d159f6936d1031408.php 第 348 行.
INFO: Run Behavior\ParseTemplateBehavior [ RunTime:0.022863s ]
INFO: [ view_parse ] --END-- [ RunTime:0.022918s ]
INFO: [ view_filter ] --START--
INFO: Run Behavior\WriteHtmlCacheBehavior [ RunTime:0.000116s ]
INFO: [ view_filter ] --END-- [ RunTime:0.000166s ]
INFO: [ app_end ] --START--
INFO: Run Behavior\ShowPageTraceBehavior [ RunTime:0.000333s ]
INFO: [ app_end ] --END-- [ RunTime:0.000381s ]

[ 2017-02-04T10:44:26+08:00 ] 218.107.215.114 /admin.php?s=/Account/index.html
INFO: [ app_init ] --START--
INFO: Run Behavior\BuildLiteBehavior [ RunTime:0.000019s ]
INFO: Run Common\Behavior\InitHookBehavior [ RunTime:0.000967s ]
INFO: [ app_init ] --END-- [ RunTime:0.001358s ]
INFO: [ app_begin ] --START--
INFO: Run Behavior\ReadHtmlCacheBehavior [ RunTime:0.000291s ]
INFO: [ app_begin ] --END-- [ RunTime:0.000344s ]
SQL: SHOW COLUMNS FROM `ss_menu` [ RunTime:0.0009s ]
SQL: SELECT `id`,`title`,`url` FROM `ss_menu` WHERE `pid` = 0 AND `hide` = 0 ORDER BY sort asc  [ RunTime:0.0002s ]
SQL: SELECT `pid` FROM `ss_menu` WHERE ( pid !=0 AND url like '%Account/index%' ) LIMIT 1   [ RunTime:0.0001s ]
SQL: SHOW COLUMNS FROM `ss_user` [ RunTime:0.0007s ]
SQL: SHOW COLUMNS FROM `ss_member` [ RunTime:0.0006s ]
SQL: SELECT * FROM `ss_member` WHERE ( uid=1 ) LIMIT 1   [ RunTime:0.0002s ]
SQL: SHOW COLUMNS FROM `ss_sales` [ RunTime:0.0005s ]
SQL: SELECT `id`,`title` FROM `ss_sales`  [ RunTime:0.0001s ]
SQL: SHOW COLUMNS FROM `ss_user` [ RunTime:0.0006s ]
SQL: SELECT `id`,name as title FROM `ss_user` WHERE ( status=1 and sales_id=1 )  [ RunTime:0.0001s ]
SQL: SELECT `id`,name as title FROM `ss_user` WHERE ( status=1 and sales_id=8 )  [ RunTime:0.0001s ]
SQL: SELECT * FROM `ss_user` WHERE ( id=2 ) LIMIT 1   [ RunTime:0.0001s ]
SQL: SHOW COLUMNS FROM `ss_summary_log` [ RunTime:0.0010s ]
SQL: SELECT COUNT(id) AS tp_count FROM `ss_summary_log` WHERE ( user_id=2 and status=3  ) LIMIT 1   [ RunTime:0.0001s ]
SQL: select a.*,b.nickname from ss_summary_log as a left join ss_member as b on a.member_id=b.uid where a.user_id=2 and a.status=3 order by a.do_time DESC,a.id DESC limit 0,20 [ RunTime:0.0008s ]
INFO: [ view_parse ] --START--
INFO: [ template_filter ] --START--
INFO: Run Behavior\ContentReplaceBehavior [ RunTime:0.000143s ]
INFO: [ template_filter ] --END-- [ RunTime:0.000210s ]
NOTIC: [8] Undefined index: uid /data/newproject/Runtime/Cache/Admin/c4921982ccba1d7effaada457f8c4abd.php 第 153 行.
NOTIC: [8] Undefined index: uid /data/newproject/Runtime/Cache/Admin/c4921982ccba1d7effaada457f8c4abd.php 第 153 行.
NOTIC: [8] Undefined index: uid /data/newproject/Runtime/Cache/Admin/c4921982ccba1d7effaada457f8c4abd.php 第 153 行.
NOTIC: [8] Undefined index: uid /data/newproject/Runtime/Cache/Admin/c4921982ccba1d7effaada457f8c4abd.php 第 153 行.
NOTIC: [8] Undefined index: uid /data/newproject/Runtime/Cache/Admin/c4921982ccba1d7effaada457f8c4abd.php 第 153 行.
NOTIC: [8] Undefined index: uid /data/newproject/Runtime/Cache/Admin/c4921982ccba1d7effaada457f8c4abd.php 第 153 行.
NOTIC: [8] Undefined index: uid /data/newproject/Runtime/Cache/Admin/c4921982ccba1d7effaada457f8c4abd.php 第 153 行.
NOTIC: [8] Use of undefined constant 股票管理平台_VERSION - assumed '股票管理平台_VERSION' /data/newproject/Runtime/Cache/Admin/c4921982ccba1d7effaada457f8c4abd.php 第 171 行.
INFO: Run Behavior\ParseTemplateBehavior [ RunTime:0.020023s ]
INFO: [ view_parse ] --END-- [ RunTime:0.020071s ]
INFO: [ view_filter ] --START--
INFO: Run Behavior\WriteHtmlCacheBehavior [ RunTime:0.000119s ]
INFO: [ view_filter ] --END-- [ RunTime:0.000162s ]
INFO: [ app_end ] --START--
INFO: Run Behavior\ShowPageTraceBehavior [ RunTime:0.000292s ]
INFO: [ app_end ] --END-- [ RunTime:0.000338s ]

[ 2017-02-04T10:44:28+08:00 ] 218.107.215.114 /admin.php?s=/Report/deal.html
INFO: [ app_init ] --START--
INFO: Run Behavior\BuildLiteBehavior [ RunTime:0.000014s ]
INFO: Run Common\Behavior\InitHookBehavior [ RunTime:0.000942s ]
INFO: [ app_init ] --END-- [ RunTime:0.001255s ]
INFO: [ app_begin ] --START--
INFO: Run Behavior\ReadHtmlCacheBehavior [ RunTime:0.000291s ]
INFO: [ app_begin ] --END-- [ RunTime:0.000349s ]
SQL: SHOW COLUMNS FROM `ss_menu` [ RunTime:0.0009s ]
SQL: SELECT `id`,`title`,`url` FROM `ss_menu` WHERE `pid` = 0 AND `hide` = 0 ORDER BY sort asc  [ RunTime:0.0001s ]
SQL: SELECT `pid` FROM `ss_menu` WHERE ( pid !=0 AND url like '%Report/deal%' ) LIMIT 1   [ RunTime:0.0001s ]
SQL: SELECT * FROM `ss_menu` WHERE `id` = 132 LIMIT 1   [ RunTime:0.0001s ]
SQL: SELECT DISTINCT  `group` FROM `ss_menu` WHERE `group` <> '' AND `pid` = 132  [ RunTime:0.0001s ]
SQL: SELECT `id`,`url` FROM `ss_menu` WHERE `pid` = 132 AND `hide` = 0  [ RunTime:0.0001s ]
SQL: SELECT `id`,`pid`,`title`,`url`,`tip` FROM `ss_menu` WHERE `group` = '报表管理' AND `pid` = 132 AND `hide` = 0 ORDER BY sort asc  [ RunTime:0.0001s ]
SQL: SHOW COLUMNS FROM `ss_member` [ RunTime:0.0006s ]
SQL: SELECT * FROM `ss_member` WHERE ( uid=1 ) LIMIT 1   [ RunTime:0.0001s ]
SQL: SHOW COLUMNS FROM `ss_sales` [ RunTime:0.0008s ]
SQL: SELECT `id`,`title` FROM `ss_sales` WHERE ( status=1 )  [ RunTime:0.0004s ]
SQL: SHOW COLUMNS FROM `ss_user` [ RunTime:0.0007s ]
SQL: SELECT `id`,`name` FROM `ss_user` WHERE ( status=1 )  [ RunTime:0.0001s ]
SQL: SHOW COLUMNS FROM `ss_summary_log` [ RunTime:0.0006s ]
SQL: SELECT COUNT(id) AS tp_count FROM `ss_summary_log` WHERE (  status=3  ) LIMIT 1   [ RunTime:0.0001s ]
SQL: select a.*,b.name from ss_summary_log as a left join ss_user as b on a.user_id=b.id where a.status=3 and 1=1 and a.sell_time>=1486137600 and a.sell_time<=1486224000 order by a.do_time DESC,a.id DESC limit 0,40 [ RunTime:0.0001s ]
INFO: [ view_parse ] --START--
INFO: [ template_filter ] --START--
INFO: Run Behavior\ContentReplaceBehavior [ RunTime:0.000190s ]
INFO: [ template_filter ] --END-- [ RunTime:0.000266s ]
NOTIC: [8] Undefined variable: sales_id /data/newproject/Runtime/Cache/Admin/d76c030ce5fde08ee0636a5d479a12c4.php 第 108 行.
NOTIC: [8] Undefined variable: sales_id /data/newproject/Runtime/Cache/Admin/d76c030ce5fde08ee0636a5d479a12c4.php 第 108 行.
NOTIC: [8] Undefined variable: user_id /data/newproject/Runtime/Cache/Admin/d76c030ce5fde08ee0636a5d479a12c4.php 第 112 行.
NOTIC: [8] Undefined variable: user_id /data/newproject/Runtime/Cache/Admin/d76c030ce5fde08ee0636a5d479a12c4.php 第 112 行.
NOTIC: [8] Undefined variable: user_id /data/newproject/Runtime/Cache/Admin/d76c030ce5fde08ee0636a5d479a12c4.php 第 112 行.
NOTIC: [8] Use of undefined constant 股票管理平台_VERSION - assumed '股票管理平台_VERSION' /data/newproject/Runtime/Cache/Admin/d76c030ce5fde08ee0636a5d479a12c4.php 第 185 行.
INFO: Run Behavior\ParseTemplateBehavior [ RunTime:0.017654s ]
INFO: [ view_parse ] --END-- [ RunTime:0.017704s ]
INFO: [ view_filter ] --START--
INFO: Run Behavior\WriteHtmlCacheBehavior [ RunTime:0.000128s ]
INFO: [ view_filter ] --END-- [ RunTime:0.000170s ]
INFO: [ app_end ] --START--
INFO: Run Behavior\ShowPageTraceBehavior [ RunTime:0.000301s ]
INFO: [ app_end ] --END-- [ RunTime:0.000364s ]

[ 2017-02-04T10:44:30+08:00 ] 218.107.215.114 /admin.php?s=/Config/group.html
INFO: [ app_init ] --START--
INFO: Run Behavior\BuildLiteBehavior [ RunTime:0.000017s ]
INFO: Run Common\Behavior\InitHookBehavior [ RunTime:0.000859s ]
INFO: [ app_init ] --END-- [ RunTime:0.001136s ]
INFO: [ app_begin ] --START--
INFO: Run Behavior\ReadHtmlCacheBehavior [ RunTime:0.000310s ]
INFO: [ app_begin ] --END-- [ RunTime:0.000362s ]
SQL: SHOW COLUMNS FROM `ss_menu` [ RunTime:0.0007s ]
SQL: SELECT `id`,`title`,`url` FROM `ss_menu` WHERE `pid` = 0 AND `hide` = 0 ORDER BY sort asc  [ RunTime:0.0001s ]
SQL: SELECT `pid` FROM `ss_menu` WHERE ( pid !=0 AND url like '%Config/group%' ) LIMIT 1   [ RunTime:0.0001s ]
SQL: SELECT * FROM `ss_menu` WHERE `id` = 68 LIMIT 1   [ RunTime:0.0001s ]
SQL: SELECT DISTINCT  `group` FROM `ss_menu` WHERE `group` <> '' AND `pid` = 68  [ RunTime:0.0001s ]
SQL: SELECT `id`,`url` FROM `ss_menu` WHERE `pid` = 68 AND `hide` = 0  [ RunTime:0.0001s ]
SQL: SELECT `id`,`pid`,`title`,`url`,`tip` FROM `ss_menu` WHERE `group` = '系统设置' AND `pid` = 68 AND `hide` = 0 ORDER BY sort asc  [ RunTime:0.0001s ]
SQL: SELECT `id`,`pid`,`title`,`url`,`tip` FROM `ss_menu` WHERE `group` = '数据备份' AND `pid` = 68 AND `hide` = 0 ORDER BY sort asc  [ RunTime:0.0001s ]
SQL: SHOW COLUMNS FROM `ss_config` [ RunTime:0.0005s ]
SQL: SELECT `id`,`name`,`title`,`extra`,`value`,`remark`,`type` FROM `ss_config` WHERE `status` = 1 AND `group` = 1 ORDER BY sort  [ RunTime:0.0001s ]
INFO: [ view_parse ] --START--
INFO: [ template_filter ] --START--
INFO: Run Behavior\ContentReplaceBehavior [ RunTime:0.000119s ]
INFO: [ template_filter ] --END-- [ RunTime:0.000167s ]
NOTIC: [8] Use of undefined constant 股票管理平台_VERSION - assumed '股票管理平台_VERSION' /data/newproject/Runtime/Cache/Admin/e915606f4666252950bacf14eab57f78.php 第 138 行.
INFO: Run Behavior\ParseTemplateBehavior [ RunTime:0.015366s ]
INFO: [ view_parse ] --END-- [ RunTime:0.015412s ]
INFO: [ view_filter ] --START--
INFO: Run Behavior\WriteHtmlCacheBehavior [ RunTime:0.000121s ]
INFO: [ view_filter ] --END-- [ RunTime:0.000162s ]
INFO: [ app_end ] --START--
INFO: Run Behavior\ShowPageTraceBehavior [ RunTime:0.000300s ]
INFO: [ app_end ] --END-- [ RunTime:0.000346s ]

[ 2017-02-04T10:44:32+08:00 ] 101.226.125.111 /admin.php?s=/Operate/index.html
INFO: [ app_init ] --START--
INFO: Run Behavior\BuildLiteBehavior [ RunTime:0.000018s ]
INFO: Run Common\Behavior\InitHookBehavior [ RunTime:0.000895s ]
INFO: [ app_init ] --END-- [ RunTime:0.001178s ]
INFO: [ app_begin ] --START--
INFO: Run Behavior\ReadHtmlCacheBehavior [ RunTime:0.000338s ]
INFO: [ app_begin ] --END-- [ RunTime:0.000409s ]

[ 2017-02-04T10:44:32+08:00 ] 101.226.125.111 /admin.php?s=/Public/login.html
INFO: [ app_init ] --START--
INFO: Run Behavior\BuildLiteBehavior [ RunTime:0.000014s ]
INFO: Run Common\Behavior\InitHookBehavior [ RunTime:0.000890s ]
INFO: [ app_init ] --END-- [ RunTime:0.001154s ]
INFO: [ app_begin ] --START--
INFO: Run Behavior\ReadHtmlCacheBehavior [ RunTime:0.000341s ]
INFO: [ app_begin ] --END-- [ RunTime:0.000392s ]
INFO: [ view_parse ] --START--
INFO: [ template_filter ] --START--
INFO: Run Behavior\ContentReplaceBehavior [ RunTime:0.000062s ]
INFO: [ template_filter ] --END-- [ RunTime:0.000127s ]
INFO: Run Behavior\ParseTemplateBehavior [ RunTime:0.004669s ]
INFO: [ view_parse ] --END-- [ RunTime:0.004729s ]
INFO: [ view_filter ] --START--
INFO: Run Behavior\WriteHtmlCacheBehavior [ RunTime:0.000151s ]
INFO: [ view_filter ] --END-- [ RunTime:0.000477s ]
INFO: [ app_end ] --START--
INFO: Run Behavior\ShowPageTraceBehavior [ RunTime:0.000325s ]
INFO: [ app_end ] --END-- [ RunTime:0.000367s ]

[ 2017-02-04T10:44:34+08:00 ] 218.107.215.114 /admin.php?s=/Account/index.html
INFO: [ app_init ] --START--
INFO: Run Behavior\BuildLiteBehavior [ RunTime:0.000013s ]
INFO: Run Common\Behavior\InitHookBehavior [ RunTime:0.000902s ]
INFO: [ app_init ] --END-- [ RunTime:0.001164s ]
INFO: [ app_begin ] --START--
INFO: Run Behavior\ReadHtmlCacheBehavior [ RunTime:0.000381s ]
INFO: [ app_begin ] --END-- [ RunTime:0.000433s ]
SQL: SHOW COLUMNS FROM `ss_menu` [ RunTime:0.0008s ]
SQL: SELECT `id`,`title`,`url` FROM `ss_menu` WHERE `pid` = 0 AND `hide` = 0 ORDER BY sort asc  [ RunTime:0.0001s ]
SQL: SELECT `pid` FROM `ss_menu` WHERE ( pid !=0 AND url like '%Account/index%' ) LIMIT 1   [ RunTime:0.0001s ]
SQL: SHOW COLUMNS FROM `ss_user` [ RunTime:0.0006s ]
SQL: SHOW COLUMNS FROM `ss_member` [ RunTime:0.0005s ]
SQL: SELECT * FROM `ss_member` WHERE ( uid=1 ) LIMIT 1   [ RunTime:0.0001s ]
SQL: SHOW COLUMNS FROM `ss_sales` [ RunTime:0.0004s ]
SQL: SELECT `id`,`title` FROM `ss_sales`  [ RunTime:0.0001s ]
SQL: SHOW COLUMNS FROM `ss_user` [ RunTime:0.0005s ]
SQL: SELECT `id`,name as title FROM `ss_user` WHERE ( status=1 and sales_id=1 )  [ RunTime:0.0001s ]
SQL: SELECT `id`,name as title FROM `ss_user` WHERE ( status=1 and sales_id=8 )  [ RunTime:0.0001s ]
SQL: SELECT * FROM `ss_user` WHERE ( id=2 ) LIMIT 1   [ RunTime:0.0001s ]
SQL: SHOW COLUMNS FROM `ss_summary_log` [ RunTime:0.0007s ]
SQL: SELECT COUNT(id) AS tp_count FROM `ss_summary_log` WHERE ( user_id=2 and status=3  ) LIMIT 1   [ RunTime:0.0001s ]
SQL: select a.*,b.nickname from ss_summary_log as a left join ss_member as b on a.member_id=b.uid where a.user_id=2 and a.status=3 order by a.do_time DESC,a.id DESC limit 0,20 [ RunTime:0.0001s ]
INFO: [ view_parse ] --START--
INFO: [ template_filter ] --START--
INFO: Run Behavior\ContentReplaceBehavior [ RunTime:0.000132s ]
INFO: [ template_filter ] --END-- [ RunTime:0.000190s ]
NOTIC: [8] Undefined index: uid /data/newproject/Runtime/Cache/Admin/c4921982ccba1d7effaada457f8c4abd.php 第 153 行.
NOTIC: [8] Undefined index: uid /data/newproject/Runtime/Cache/Admin/c4921982ccba1d7effaada457f8c4abd.php 第 153 行.
NOTIC: [8] Undefined index: uid /data/newproject/Runtime/Cache/Admin/c4921982ccba1d7effaada457f8c4abd.php 第 153 行.
NOTIC: [8] Undefined index: uid /data/newproject/Runtime/Cache/Admin/c4921982ccba1d7effaada457f8c4abd.php 第 153 行.
NOTIC: [8] Undefined index: uid /data/newproject/Runtime/Cache/Admin/c4921982ccba1d7effaada457f8c4abd.php 第 153 行.
NOTIC: [8] Undefined index: uid /data/newproject/Runtime/Cache/Admin/c4921982ccba1d7effaada457f8c4abd.php 第 153 行.
NOTIC: [8] Undefined index: uid /data/newproject/Runtime/Cache/Admin/c4921982ccba1d7effaada457f8c4abd.php 第 153 行.
NOTIC: [8] Use of undefined constant 股票管理平台_VERSION - assumed '股票管理平台_VERSION' /data/newproject/Runtime/Cache/Admin/c4921982ccba1d7effaada457f8c4abd.php 第 171 行.
INFO: Run Behavior\ParseTemplateBehavior [ RunTime:0.016426s ]
INFO: [ view_parse ] --END-- [ RunTime:0.016477s ]
INFO: [ view_filter ] --START--
INFO: Run Behavior\WriteHtmlCacheBehavior [ RunTime:0.000112s ]
INFO: [ view_filter ] --END-- [ RunTime:0.000153s ]
INFO: [ app_end ] --START--
INFO: Run Behavior\ShowPageTraceBehavior [ RunTime:0.000347s ]
INFO: [ app_end ] --END-- [ RunTime:0.000393s ]

[ 2017-02-04T10:44:40+08:00 ] 140.207.185.112 /admin.php?s=/Config/group.html
INFO: [ app_init ] --START--
INFO: Run Behavior\BuildLiteBehavior [ RunTime:0.000013s ]
INFO: Run Common\Behavior\InitHookBehavior [ RunTime:0.000879s ]
INFO: [ app_init ] --END-- [ RunTime:0.001149s ]
INFO: [ app_begin ] --START--
INFO: Run Behavior\ReadHtmlCacheBehavior [ RunTime:0.000290s ]
INFO: [ app_begin ] --END-- [ RunTime:0.000348s ]

[ 2017-02-04T10:44:40+08:00 ] 140.207.185.112 /admin.php?s=/Public/login.html
INFO: [ app_init ] --START--
INFO: Run Behavior\BuildLiteBehavior [ RunTime:0.000014s ]
INFO: Run Common\Behavior\InitHookBehavior [ RunTime:0.000821s ]
INFO: [ app_init ] --END-- [ RunTime:0.001105s ]
INFO: [ app_begin ] --START--
INFO: Run Behavior\ReadHtmlCacheBehavior [ RunTime:0.000285s ]
INFO: [ app_begin ] --END-- [ RunTime:0.000335s ]
INFO: [ view_parse ] --START--
INFO: [ template_filter ] --START--
INFO: Run Behavior\ContentReplaceBehavior [ RunTime:0.000051s ]
INFO: [ template_filter ] --END-- [ RunTime:0.000103s ]
INFO: Run Behavior\ParseTemplateBehavior [ RunTime:0.004242s ]
INFO: [ view_parse ] --END-- [ RunTime:0.004290s ]
INFO: [ view_filter ] --START--
INFO: Run Behavior\WriteHtmlCacheBehavior [ RunTime:0.000099s ]
INFO: [ view_filter ] --END-- [ RunTime:0.000137s ]
INFO: [ app_end ] --START--
INFO: Run Behavior\ShowPageTraceBehavior [ RunTime:0.000287s ]
INFO: [ app_end ] --END-- [ RunTime:0.000329s ]

[ 2017-02-04T10:44:46+08:00 ] 180.153.201.79 /admin.php?s=/Report/deal.html
INFO: [ app_init ] --START--
INFO: Run Behavior\BuildLiteBehavior [ RunTime:0.000014s ]
INFO: Run Common\Behavior\InitHookBehavior [ RunTime:0.000967s ]
INFO: [ app_init ] --END-- [ RunTime:0.001236s ]
INFO: [ app_begin ] --START--
INFO: Run Behavior\ReadHtmlCacheBehavior [ RunTime:0.000329s ]
INFO: [ app_begin ] --END-- [ RunTime:0.000400s ]

[ 2017-02-04T10:44:46+08:00 ] 180.153.201.79 /admin.php?s=/Public/login.html
INFO: [ app_init ] --START--
INFO: Run Behavior\BuildLiteBehavior [ RunTime:0.000015s ]
INFO: Run Common\Behavior\InitHookBehavior [ RunTime:0.000954s ]
INFO: [ app_init ] --END-- [ RunTime:0.001227s ]
INFO: [ app_begin ] --START--
INFO: Run Behavior\ReadHtmlCacheBehavior [ RunTime:0.000318s ]
INFO: [ app_begin ] --END-- [ RunTime:0.000407s ]
INFO: [ view_parse ] --START--
INFO: [ template_filter ] --START--
INFO: Run Behavior\ContentReplaceBehavior [ RunTime:0.000081s ]
INFO: [ template_filter ] --END-- [ RunTime:0.000166s ]
INFO: Run Behavior\ParseTemplateBehavior [ RunTime:0.004992s ]
INFO: [ view_parse ] --END-- [ RunTime:0.005055s ]
INFO: [ view_filter ] --START--
INFO: Run Behavior\WriteHtmlCacheBehavior [ RunTime:0.000145s ]
INFO: [ view_filter ] --END-- [ RunTime:0.000208s ]
INFO: [ app_end ] --START--
INFO: Run Behavior\ShowPageTraceBehavior [ RunTime:0.000564s ]
INFO: [ app_end ] --END-- [ RunTime:0.000630s ]

[ 2017-02-04T13:49:09+08:00 ] 58.23.9.72 /admin.php?s=/Public/login.html
INFO: [ app_init ] --START--
INFO: Run Behavior\BuildLiteBehavior [ RunTime:0.000014s ]
INFO: Run Common\Behavior\InitHookBehavior [ RunTime:0.000858s ]
INFO: [ app_init ] --END-- [ RunTime:0.001196s ]
INFO: [ app_begin ] --START--
INFO: Run Behavior\ReadHtmlCacheBehavior [ RunTime:0.000281s ]
INFO: [ app_begin ] --END-- [ RunTime:0.000331s ]
INFO: [ view_parse ] --START--
INFO: [ template_filter ] --START--
INFO: Run Behavior\ContentReplaceBehavior [ RunTime:0.000052s ]
INFO: [ template_filter ] --END-- [ RunTime:0.000115s ]
INFO: Run Behavior\ParseTemplateBehavior [ RunTime:0.004306s ]
INFO: [ view_parse ] --END-- [ RunTime:0.004351s ]
INFO: [ view_filter ] --START--
INFO: Run Behavior\WriteHtmlCacheBehavior [ RunTime:0.000100s ]
INFO: [ view_filter ] --END-- [ RunTime:0.000152s ]
INFO: [ app_end ] --START--
INFO: Run Behavior\ShowPageTraceBehavior [ RunTime:0.000310s ]
INFO: [ app_end ] --END-- [ RunTime:0.000363s ]

[ 2017-02-04T13:49:09+08:00 ] 58.23.9.72 /admin.php?s=/Public/verify.html
INFO: [ app_init ] --START--
INFO: Run Behavior\BuildLiteBehavior [ RunTime:0.000013s ]
INFO: Run Common\Behavior\InitHookBehavior [ RunTime:0.000863s ]
INFO: [ app_init ] --END-- [ RunTime:0.001154s ]
INFO: [ app_begin ] --START--
INFO: Run Behavior\ReadHtmlCacheBehavior [ RunTime:0.000286s ]
INFO: [ app_begin ] --END-- [ RunTime:0.000335s ]
INFO: [ app_end ] --START--
INFO: Run Behavior\ShowPageTraceBehavior [ RunTime:0.000468s ]
INFO: [ app_end ] --END-- [ RunTime:0.000568s ]

[ 2017-02-04T13:49:27+08:00 ] 58.23.9.72 /admin.php?s=/Public/login.html
INFO: [ app_init ] --START--
INFO: Run Behavior\BuildLiteBehavior [ RunTime:0.000014s ]
INFO: Run Common\Behavior\InitHookBehavior [ RunTime:0.000929s ]
INFO: [ app_init ] --END-- [ RunTime:0.001214s ]
INFO: [ app_begin ] --START--
INFO: Run Behavior\ReadHtmlCacheBehavior [ RunTime:0.000352s ]
INFO: [ app_begin ] --END-- [ RunTime:0.000413s ]
INFO: [ view_parse ] --START--
INFO: [ template_filter ] --START--
INFO: Run Behavior\ContentReplaceBehavior [ RunTime:0.000052s ]
INFO: [ template_filter ] --END-- [ RunTime:0.000100s ]
INFO: Run Behavior\ParseTemplateBehavior [ RunTime:0.004567s ]
INFO: [ view_parse ] --END-- [ RunTime:0.004615s ]
INFO: [ view_filter ] --START--
INFO: Run Behavior\WriteHtmlCacheBehavior [ RunTime:0.000101s ]
INFO: [ view_filter ] --END-- [ RunTime:0.000140s ]
INFO: [ app_end ] --START--
INFO: Run Behavior\ShowPageTraceBehavior [ RunTime:0.000313s ]
INFO: [ app_end ] --END-- [ RunTime:0.000355s ]

[ 2017-02-04T13:49:28+08:00 ] 58.23.9.72 /admin.php?s=/Public/verify.html
INFO: [ app_init ] --START--
INFO: Run Behavior\BuildLiteBehavior [ RunTime:0.000014s ]
INFO: Run Common\Behavior\InitHookBehavior [ RunTime:0.000899s ]
INFO: [ app_init ] --END-- [ RunTime:0.001190s ]
INFO: [ app_begin ] --START--
INFO: Run Behavior\ReadHtmlCacheBehavior [ RunTime:0.000309s ]
INFO: [ app_begin ] --END-- [ RunTime:0.000359s ]
INFO: [ app_end ] --START--
INFO: Run Behavior\ShowPageTraceBehavior [ RunTime:0.000313s ]
INFO: [ app_end ] --END-- [ RunTime:0.000369s ]

[ 2017-02-04T13:49:38+08:00 ] 58.23.9.72 /admin.php?s=/Public/login.html
INFO: [ app_init ] --START--
INFO: Run Behavior\BuildLiteBehavior [ RunTime:0.000017s ]
INFO: Run Common\Behavior\InitHookBehavior [ RunTime:0.000998s ]
INFO: [ app_init ] --END-- [ RunTime:0.001311s ]
INFO: [ app_begin ] --START--
INFO: Run Behavior\ReadHtmlCacheBehavior [ RunTime:0.000449s ]
INFO: [ app_begin ] --END-- [ RunTime:0.000511s ]

[ 2017-02-04T13:49:38+08:00 ] 58.23.9.72 /admin.php?s=/Public/verify.html&random=0.9794150332454592
INFO: [ app_init ] --START--
INFO: Run Behavior\BuildLiteBehavior [ RunTime:0.000024s ]
INFO: Run Common\Behavior\InitHookBehavior [ RunTime:0.001599s ]
INFO: [ app_init ] --END-- [ RunTime:0.002035s ]
INFO: [ app_begin ] --START--
INFO: Run Behavior\ReadHtmlCacheBehavior [ RunTime:0.000428s ]
INFO: [ app_begin ] --END-- [ RunTime:0.000510s ]
INFO: [ app_end ] --START--
INFO: Run Behavior\ShowPageTraceBehavior [ RunTime:0.000476s ]
INFO: [ app_end ] --END-- [ RunTime:0.000570s ]

[ 2017-02-04T13:49:38+08:00 ] 58.23.9.72 /admin.php?s=/Public/verify.html&random=0.9574795989319682
INFO: [ app_init ] --START--
INFO: Run Behavior\BuildLiteBehavior [ RunTime:0.000020s ]
INFO: Run Common\Behavior\InitHookBehavior [ RunTime:0.001309s ]
INFO: [ app_init ] --END-- [ RunTime:0.001705s ]
INFO: [ app_begin ] --START--
INFO: Run Behavior\ReadHtmlCacheBehavior [ RunTime:0.000433s ]
INFO: [ app_begin ] --END-- [ RunTime:0.000506s ]
INFO: [ app_end ] --START--
INFO: Run Behavior\ShowPageTraceBehavior [ RunTime:0.000388s ]
INFO: [ app_end ] --END-- [ RunTime:0.000467s ]

[ 2017-02-04T13:49:45+08:00 ] 58.23.9.72 /admin.php?s=/Public/verify.html&random=0.5194535700138658
INFO: [ app_init ] --START--
INFO: Run Behavior\BuildLiteBehavior [ RunTime:0.000014s ]
INFO: Run Common\Behavior\InitHookBehavior [ RunTime:0.000880s ]
INFO: [ app_init ] --END-- [ RunTime:0.001144s ]
INFO: [ app_begin ] --START--
INFO: Run Behavior\ReadHtmlCacheBehavior [ RunTime:0.000329s ]
INFO: [ app_begin ] --END-- [ RunTime:0.000391s ]
INFO: [ app_end ] --START--
INFO: Run Behavior\ShowPageTraceBehavior [ RunTime:0.000352s ]
INFO: [ app_end ] --END-- [ RunTime:0.000447s ]

[ 2017-02-04T13:49:48+08:00 ] 58.23.9.72 /admin.php?s=/Public/verify.html&random=0.004445775877684355
INFO: [ app_init ] --START--
INFO: Run Behavior\BuildLiteBehavior [ RunTime:0.000019s ]
INFO: Run Common\Behavior\InitHookBehavior [ RunTime:0.001309s ]
INFO: [ app_init ] --END-- [ RunTime:0.001601s ]
INFO: [ app_begin ] --START--
INFO: Run Behavior\ReadHtmlCacheBehavior [ RunTime:0.000352s ]
INFO: [ app_begin ] --END-- [ RunTime:0.000412s ]
INFO: [ app_end ] --START--
INFO: Run Behavior\ShowPageTraceBehavior [ RunTime:0.000391s ]
INFO: [ app_end ] --END-- [ RunTime:0.000472s ]

[ 2017-02-04T13:50:02+08:00 ] 58.23.9.72 /admin.php?s=/Public/login.html
INFO: [ app_init ] --START--
INFO: Run Behavior\BuildLiteBehavior [ RunTime:0.000014s ]
INFO: Run Common\Behavior\InitHookBehavior [ RunTime:0.000864s ]
INFO: [ app_init ] --END-- [ RunTime:0.001180s ]
INFO: [ app_begin ] --START--
INFO: Run Behavior\ReadHtmlCacheBehavior [ RunTime:0.000488s ]
INFO: [ app_begin ] --END-- [ RunTime:0.000562s ]
NOTIC: [8] Constant UC_AUTH_KEY already defined /data/newproject/Application/User/Conf/config.php 第 17 行.
NOTIC: [8] Undefined index: lite /data/newproject/ThinkPHP/Library/Think/Db.class.php 第 37 行.
SQL: SHOW COLUMNS FROM `ss_member` [ RunTime:0.0005s ]
SQL: SELECT `uid`,`nickname`,`sales_id`,`yonjin_rate`,`lixi_rate`,`yonjin_money`,`lixi_money`,`total_money`,`telephone`,`sex`,`login`,`reg_ip`,`reg_time`,`last_login_ip`,`last_login_time`,`sort`,`level`,`status` FROM `ss_member` WHERE `uid` = 1 LIMIT 1   [ RunTime:0.0003s ]
SQL: SHOW COLUMNS FROM `ss_action` [ RunTime:0.0005s ]
SQL: SELECT * FROM `ss_action` WHERE `name` = 'user_login' LIMIT 1   [ RunTime:0.0001s ]
SQL: SHOW COLUMNS FROM `ss_action_log` [ RunTime:0.0005s ]
SQL: INSERT INTO `ss_action_log` (`action_id`,`user_id`,`action_ip`,`model`,`record_id`,`create_time`,`remark`) VALUES ('1','1','974588232','member','1','1486187402','admin在2017-02-04 13:50登录了后台') [ RunTime:0.0003s ]
SQL: SELECT * FROM `ss_action` WHERE `name` = 'user_login' LIMIT 1   [ RunTime:0.0002s ]
NOTIC: [8] Undefined offset: 1 /data/newproject/Application/Common/Common/function.php 第 679 行.
NOTIC: [2] array_key_exists() expects parameter 2 to be array, null given /data/newproject/Application/Common/Common/function.php 第 679 行.
SQL: SELECT COUNT(*) AS tp_count FROM `ss_action_log` WHERE `action_id` = 1 AND `user_id` = 1 AND `create_time` > 1486101002 LIMIT 1   [ RunTime:0.0003s ]
SQL: UPDATE `ss_member` SET `login`=`login`+1,`last_login_time`='1486187402',`last_login_ip`='974588232' WHERE `uid` = 1 [ RunTime:0.0003s ]

[ 2017-02-04T13:50:02+08:00 ] 58.23.9.72 /admin.php?s=/User/index.html
INFO: [ app_init ] --START--
INFO: Run Behavior\BuildLiteBehavior [ RunTime:0.000013s ]
INFO: Run Common\Behavior\InitHookBehavior [ RunTime:0.000898s ]
INFO: [ app_init ] --END-- [ RunTime:0.001224s ]
INFO: [ app_begin ] --START--
INFO: Run Behavior\ReadHtmlCacheBehavior [ RunTime:0.000345s ]
INFO: [ app_begin ] --END-- [ RunTime:0.000397s ]
SQL: SHOW COLUMNS FROM `ss_menu` [ RunTime:0.0008s ]
SQL: SELECT `id`,`title`,`url` FROM `ss_menu` WHERE `pid` = 0 AND `hide` = 0 ORDER BY sort asc  [ RunTime:0.0001s ]
SQL: SELECT `pid` FROM `ss_menu` WHERE ( pid !=0 AND url like '%User/index%' ) LIMIT 1   [ RunTime:0.0001s ]
SQL: SELECT * FROM `ss_menu` WHERE `id` = 16 LIMIT 1   [ RunTime:0.0001s ]
SQL: SELECT DISTINCT  `group` FROM `ss_menu` WHERE `group` <> '' AND `pid` = 16  [ RunTime:0.0001s ]
SQL: SELECT `id`,`url` FROM `ss_menu` WHERE `pid` = 16 AND `hide` = 0  [ RunTime:0.0001s ]
SQL: SELECT `id`,`pid`,`title`,`url`,`tip` FROM `ss_menu` WHERE `group` = '营业管理' AND `pid` = 16 AND `hide` = 0 ORDER BY sort asc  [ RunTime:0.0001s ]
SQL: SELECT `id`,`pid`,`title`,`url`,`tip` FROM `ss_menu` WHERE `group` = '行为管理' AND `pid` = 16 AND `hide` = 0 ORDER BY sort asc  [ RunTime:0.0001s ]
SQL: SELECT `id`,`pid`,`title`,`url`,`tip` FROM `ss_menu` WHERE `group` = '用户管理' AND `pid` = 16 AND `hide` = 0 ORDER BY sort asc  [ RunTime:0.0001s ]
SQL: SHOW COLUMNS FROM `ss_member` [ RunTime:0.0005s ]
SQL: SELECT COUNT(*) AS tp_count FROM `ss_member` WHERE `status` >= 0 AND `nickname` LIKE '%%' LIMIT 1   [ RunTime:0.0003s ]
SQL: SELECT `uid`,`nickname`,`sales_id`,`yonjin_rate`,`lixi_rate`,`yonjin_money`,`lixi_money`,`total_money`,`telephone`,`sex`,`login`,`reg_ip`,`reg_time`,`last_login_ip`,`last_login_time`,`sort`,`level`,`status` FROM `ss_member` WHERE `status` >= 0 AND `nickname` LIKE '%%' ORDER BY sort desc LIMIT 0,10   [ RunTime:0.0003s ]
SQL: SHOW COLUMNS FROM `ss_user` [ RunTime:0.0006s ]
SQL: SHOW COLUMNS FROM `ss_sales` [ RunTime:0.0005s ]
SQL: SELECT `id`,`title` FROM `ss_sales`  [ RunTime:0.0001s ]
SQL: SHOW COLUMNS FROM `ss_member` [ RunTime:0.0006s ]
SQL: SELECT * FROM `ss_member` WHERE ( uid=1 ) LIMIT 1   [ RunTime:0.0002s ]
INFO: [ view_parse ] --START--
INFO: [ template_filter ] --START--
INFO: Run Behavior\ContentReplaceBehavior [ RunTime:0.000142s ]
INFO: [ template_filter ] --END-- [ RunTime:0.000205s ]
NOTIC: [8] Use of undefined constant 股票管理平台_VERSION - assumed '股票管理平台_VERSION' /data/newproject/Runtime/Cache/Admin/65e605872ed5d34210f5b33beb13f5a3.php 第 159 行.
INFO: Run Behavior\ParseTemplateBehavior [ RunTime:0.014280s ]
INFO: [ view_parse ] --END-- [ RunTime:0.014326s ]
INFO: [ view_filter ] --START--
INFO: Run Behavior\WriteHtmlCacheBehavior [ RunTime:0.000105s ]
INFO: [ view_filter ] --END-- [ RunTime:0.000146s ]
INFO: [ app_end ] --START--
INFO: Run Behavior\ShowPageTraceBehavior [ RunTime:0.000287s ]
INFO: [ app_end ] --END-- [ RunTime:0.000331s ]

[ 2017-02-04T13:50:08+08:00 ] 58.23.9.72 /admin.php?s=/User/user_add.html
INFO: [ app_init ] --START--
INFO: Run Behavior\BuildLiteBehavior [ RunTime:0.000017s ]
INFO: Run Common\Behavior\InitHookBehavior [ RunTime:0.000885s ]
INFO: [ app_init ] --END-- [ RunTime:0.001185s ]
INFO: [ app_begin ] --START--
INFO: Run Behavior\ReadHtmlCacheBehavior [ RunTime:0.000303s ]
INFO: [ app_begin ] --END-- [ RunTime:0.000368s ]
SQL: SHOW COLUMNS FROM `ss_menu` [ RunTime:0.0007s ]
SQL: SELECT `id`,`title`,`url` FROM `ss_menu` WHERE `pid` = 0 AND `hide` = 0 ORDER BY sort asc  [ RunTime:0.0001s ]
SQL: SELECT `pid` FROM `ss_menu` WHERE ( pid !=0 AND url like '%User/user_add%' ) LIMIT 1   [ RunTime:0.0001s ]
SQL: SELECT * FROM `ss_menu` WHERE `id` = 16 LIMIT 1   [ RunTime:0.0001s ]
SQL: SELECT DISTINCT  `group` FROM `ss_menu` WHERE `group` <> '' AND `pid` = 16  [ RunTime:0.0001s ]
SQL: SELECT `id`,`url` FROM `ss_menu` WHERE `pid` = 16 AND `hide` = 0  [ RunTime:0.0001s ]
SQL: SELECT `id`,`pid`,`title`,`url`,`tip` FROM `ss_menu` WHERE `group` = '营业管理' AND `pid` = 16 AND `hide` = 0 ORDER BY sort asc  [ RunTime:0.0001s ]
SQL: SELECT `id`,`pid`,`title`,`url`,`tip` FROM `ss_menu` WHERE `group` = '行为管理' AND `pid` = 16 AND `hide` = 0 ORDER BY sort asc  [ RunTime:0.0001s ]
SQL: SELECT `id`,`pid`,`title`,`url`,`tip` FROM `ss_menu` WHERE `group` = '用户管理' AND `pid` = 16 AND `hide` = 0 ORDER BY sort asc  [ RunTime:0.0001s ]
SQL: SHOW COLUMNS FROM `ss_member` [ RunTime:0.0005s ]
SQL: SELECT * FROM `ss_member` WHERE ( uid=1 ) LIMIT 1   [ RunTime:0.0001s ]
SQL: SELECT `uid`,`nickname` FROM `ss_member` WHERE ( 1=1 )  [ RunTime:0.0002s ]
SQL: SHOW COLUMNS FROM `ss_sales` [ RunTime:0.0006s ]
SQL: SELECT `id`,`title` FROM `ss_sales` WHERE ( 1=1 )  [ RunTime:0.0001s ]
INFO: [ view_parse ] --START--
INFO: [ template_filter ] --START--
INFO: Run Behavior\ContentReplaceBehavior [ RunTime:0.000142s ]
INFO: [ template_filter ] --END-- [ RunTime:0.000191s ]
NOTIC: [8] Use of undefined constant 股票管理平台_VERSION - assumed '股票管理平台_VERSION' /data/newproject/Runtime/Cache/Admin/18106bcf3c0e3652fed3105d8ade616d.php 第 274 行.
INFO: Run Behavior\ParseTemplateBehavior [ RunTime:0.015365s ]
INFO: [ view_parse ] --END-- [ RunTime:0.015423s ]
INFO: [ view_filter ] --START--
INFO: Run Behavior\WriteHtmlCacheBehavior [ RunTime:0.000129s ]
INFO: [ view_filter ] --END-- [ RunTime:0.000170s ]
INFO: [ app_end ] --START--
INFO: Run Behavior\ShowPageTraceBehavior [ RunTime:0.000312s ]
INFO: [ app_end ] --END-- [ RunTime:0.000356s ]

[ 2017-02-04T13:50:25+08:00 ] 101.226.66.178 /admin.php?s=/User/user_add.html
INFO: [ app_init ] --START--
INFO: Run Behavior\BuildLiteBehavior [ RunTime:0.000013s ]
INFO: Run Common\Behavior\InitHookBehavior [ RunTime:0.000894s ]
INFO: [ app_init ] --END-- [ RunTime:0.001159s ]
INFO: [ app_begin ] --START--
INFO: Run Behavior\ReadHtmlCacheBehavior [ RunTime:0.000363s ]
INFO: [ app_begin ] --END-- [ RunTime:0.000423s ]

[ 2017-02-04T13:50:25+08:00 ] 101.226.66.178 /admin.php?s=/Public/login.html
INFO: [ app_init ] --START--
INFO: Run Behavior\BuildLiteBehavior [ RunTime:0.000014s ]
INFO: Run Common\Behavior\InitHookBehavior [ RunTime:0.000932s ]
INFO: [ app_init ] --END-- [ RunTime:0.001201s ]
INFO: [ app_begin ] --START--
INFO: Run Behavior\ReadHtmlCacheBehavior [ RunTime:0.000322s ]
INFO: [ app_begin ] --END-- [ RunTime:0.000389s ]
INFO: [ view_parse ] --START--
INFO: [ template_filter ] --START--
INFO: Run Behavior\ContentReplaceBehavior [ RunTime:0.000054s ]
INFO: [ template_filter ] --END-- [ RunTime:0.000104s ]
INFO: Run Behavior\ParseTemplateBehavior [ RunTime:0.004469s ]
INFO: [ view_parse ] --END-- [ RunTime:0.004516s ]
INFO: [ view_filter ] --START--
INFO: Run Behavior\WriteHtmlCacheBehavior [ RunTime:0.000100s ]
INFO: [ view_filter ] --END-- [ RunTime:0.000138s ]
INFO: [ app_end ] --START--
INFO: Run Behavior\ShowPageTraceBehavior [ RunTime:0.000326s ]
INFO: [ app_end ] --END-- [ RunTime:0.000368s ]

