[ 2017-01-14T12:12:19+08:00 ] 127.0.0.1 /admin.php?s=/Menu/index/pid/16.html
INFO: [ app_init ] --START--
INFO: Run Behavior\BuildLiteBehavior [ RunTime:0.000023s ]
INFO: Run Common\Behavior\InitHookBehavior [ RunTime:0.007432s ]
INFO: [ app_init ] --END-- [ RunTime:0.009959s ]
INFO: [ app_begin ] --START--
INFO: Run Behavior\ReadHtmlCacheBehavior [ RunTime:0.001248s ]
INFO: [ app_begin ] --END-- [ RunTime:0.001388s ]

[ 2017-01-14T12:12:19+08:00 ] 127.0.0.1 /admin.php?s=/Public/login.html
INFO: [ app_init ] --START--
INFO: Run Behavior\BuildLiteBehavior [ RunTime:0.000019s ]
INFO: Run Common\Behavior\InitHookBehavior [ RunTime:0.002081s ]
INFO: [ app_init ] --END-- [ RunTime:0.002585s ]
INFO: [ app_begin ] --START--
INFO: Run Behavior\ReadHtmlCacheBehavior [ RunTime:0.000528s ]
INFO: [ app_begin ] --END-- [ RunTime:0.000588s ]
INFO: [ view_parse ] --START--
INFO: [ template_filter ] --START--
INFO: Run Behavior\ContentReplaceBehavior [ RunTime:0.000099s ]
INFO: [ template_filter ] --END-- [ RunTime:0.000201s ]
INFO: Run Behavior\ParseTemplateBehavior [ RunTime:0.022463s ]
INFO: [ view_parse ] --END-- [ RunTime:0.022583s ]
INFO: [ view_filter ] --START--
INFO: Run Behavior\WriteHtmlCacheBehavior [ RunTime:0.001005s ]
INFO: [ view_filter ] --END-- [ RunTime:0.001067s ]
INFO: [ app_end ] --START--
INFO: Run Behavior\ShowPageTraceBehavior [ RunTime:0.001191s ]
INFO: [ app_end ] --END-- [ RunTime:0.001256s ]

[ 2017-01-14T12:12:19+08:00 ] 127.0.0.1 /admin.php?s=/Public/verify.html
INFO: [ app_init ] --START--
INFO: Run Behavior\BuildLiteBehavior [ RunTime:0.000021s ]
INFO: Run Common\Behavior\InitHookBehavior [ RunTime:0.002795s ]
INFO: [ app_init ] --END-- [ RunTime:0.003376s ]
INFO: [ app_begin ] --START--
INFO: Run Behavior\ReadHtmlCacheBehavior [ RunTime:0.000648s ]
INFO: [ app_begin ] --END-- [ RunTime:0.000724s ]
INFO: [ app_end ] --START--
INFO: Run Behavior\ShowPageTraceBehavior [ RunTime:0.000880s ]
INFO: [ app_end ] --END-- [ RunTime:0.000982s ]

[ 2017-01-14T12:12:44+08:00 ] 127.0.0.1 /admin.php?s=/Public/login.html
INFO: [ app_init ] --START--
INFO: Run Behavior\BuildLiteBehavior [ RunTime:0.000018s ]
INFO: Run Common\Behavior\InitHookBehavior [ RunTime:0.002064s ]
INFO: [ app_init ] --END-- [ RunTime:0.002595s ]
INFO: [ app_begin ] --START--
INFO: Run Behavior\ReadHtmlCacheBehavior [ RunTime:0.000551s ]
INFO: [ app_begin ] --END-- [ RunTime:0.000624s ]
NOTIC: [8] Constant UC_AUTH_KEY already defined I:\phpStudy\WWW\shares\Application\User\Conf\config.php 第 17 行.
NOTIC: [8] Undefined index: lite I:\phpStudy\WWW\shares\ThinkPHP\Library\Think\Db.class.php 第 37 行.
SQL: SHOW COLUMNS FROM `ss_member` [ RunTime:0.0116s ]
SQL: SELECT `uid`,`nickname`,`sales_id`,`yonjin_rate`,`lixi_rate`,`yonjin_money`,`lixi_money`,`total_money`,`telephone`,`sex`,`login`,`reg_ip`,`reg_time`,`last_login_ip`,`last_login_time`,`sort`,`status` FROM `ss_member` WHERE `uid` = 1 LIMIT 1   [ RunTime:0.0012s ]
SQL: SHOW COLUMNS FROM `ss_action` [ RunTime:0.0112s ]
SQL: SELECT * FROM `ss_action` WHERE `name` = 'user_login' LIMIT 1   [ RunTime:0.0009s ]
SQL: SHOW COLUMNS FROM `ss_action_log` [ RunTime:0.0101s ]
SQL: INSERT INTO `ss_action_log` (`action_id`,`user_id`,`action_ip`,`model`,`record_id`,`create_time`,`remark`) VALUES ('1','1','2130706433','member','1','1484367164','admin在2017-01-14 12:12登录了后台') [ RunTime:0.0028s ]
SQL: SELECT * FROM `ss_action` WHERE `name` = 'user_login' LIMIT 1   [ RunTime:0.0004s ]
NOTIC: [8] Undefined offset: 1 I:\phpStudy\WWW\shares\Application\Common\Common\function.php 第 679 行.
NOTIC: [2] array_key_exists() expects parameter 2 to be array, null given I:\phpStudy\WWW\shares\Application\Common\Common\function.php 第 679 行.
SQL: SELECT COUNT(*) AS tp_count FROM `ss_action_log` WHERE `action_id` = 1 AND `user_id` = 1 AND `create_time` > 1484280764 LIMIT 1   [ RunTime:0.0056s ]
SQL: SHOW COLUMNS FROM `ss_member` [ RunTime:0.0083s ]
SQL: UPDATE `ss_member` SET `login`=`login`+1,`last_login_time`='1484367164',`last_login_ip`='2130706433' WHERE `uid` = 1 [ RunTime:0.0012s ]

[ 2017-01-14T12:12:44+08:00 ] 127.0.0.1 /admin.php?s=/Index/index.html
INFO: [ app_init ] --START--
INFO: Run Behavior\BuildLiteBehavior [ RunTime:0.000020s ]
INFO: Run Common\Behavior\InitHookBehavior [ RunTime:0.002446s ]
INFO: [ app_init ] --END-- [ RunTime:0.002995s ]
INFO: [ app_begin ] --START--
INFO: Run Behavior\ReadHtmlCacheBehavior [ RunTime:0.000606s ]
INFO: [ app_begin ] --END-- [ RunTime:0.000679s ]
SQL: SHOW COLUMNS FROM `ss_menu` [ RunTime:0.0107s ]
SQL: SELECT `id`,`title`,`url` FROM `ss_menu` WHERE `pid` = 0 AND `hide` = 0 ORDER BY sort asc  [ RunTime:0.0020s ]
SQL: SELECT `pid` FROM `ss_menu` WHERE ( pid !=0 AND url like '%Index/index%' ) LIMIT 1   [ RunTime:0.0014s ]
INFO: [ view_parse ] --START--
INFO: [ template_filter ] --START--
INFO: Run Behavior\ContentReplaceBehavior [ RunTime:0.000154s ]
INFO: [ template_filter ] --END-- [ RunTime:0.000242s ]
INFO: [ AdminIndex ] --START--
SQL: SHOW COLUMNS FROM `ss_addons` [ RunTime:0.0106s ]
SQL: SELECT `config` FROM `ss_addons` WHERE `name` = 'SiteStat' AND `status` = 1 LIMIT 1   [ RunTime:0.0011s ]
SQL: SHOW COLUMNS FROM `ss_member` [ RunTime:0.0083s ]
SQL: SELECT COUNT(*) AS tp_count FROM `ss_member` LIMIT 1   [ RunTime:0.0006s ]
SQL: SHOW COLUMNS FROM `ss_action_log` [ RunTime:0.0092s ]
SQL: SELECT COUNT(*) AS tp_count FROM `ss_action_log` LIMIT 1   [ RunTime:0.0007s ]
SQL: SHOW COLUMNS FROM `ss_document` [ RunTime:0.0100s ]
SQL: SELECT COUNT(*) AS tp_count FROM `ss_document` LIMIT 1   [ RunTime:0.0007s ]
SQL: SHOW COLUMNS FROM `ss_category` [ RunTime:0.0106s ]
SQL: SELECT COUNT(*) AS tp_count FROM `ss_category` LIMIT 1   [ RunTime:0.0008s ]
SQL: SHOW COLUMNS FROM `ss_model` [ RunTime:0.0107s ]
SQL: SELECT COUNT(*) AS tp_count FROM `ss_model` LIMIT 1   [ RunTime:0.0006s ]
INFO: [ view_parse ] --START--
INFO: [ template_filter ] --START--
INFO: Run Behavior\ContentReplaceBehavior [ RunTime:0.000051s ]
INFO: [ template_filter ] --END-- [ RunTime:-0.078281s ]
INFO: Run Behavior\ParseTemplateBehavior [ RunTime:0.004185s ]
INFO: [ view_parse ] --END-- [ RunTime:0.004265s ]
INFO: [ view_filter ] --START--
INFO: Run Behavior\WriteHtmlCacheBehavior [ RunTime:0.000370s ]
INFO: [ view_filter ] --END-- [ RunTime:0.000427s ]
INFO: Run Addons\SiteStat\SiteStatAddon [ RunTime:0.077060s ]
SQL: SELECT `config` FROM `ss_addons` WHERE `name` = 'SystemInfo' AND `status` = 1 LIMIT 1   [ RunTime:0.0010s ]
INFO: [ view_parse ] --START--
INFO: [ template_filter ] --START--
INFO: Run Behavior\ContentReplaceBehavior [ RunTime:0.000059s ]
INFO: [ template_filter ] --END-- [ RunTime:-0.302289s ]
SQL: select version() as v; [ RunTime:0.0026s ]
INFO: Run Behavior\ParseTemplateBehavior [ RunTime:0.007953s ]
INFO: [ view_parse ] --END-- [ RunTime:-0.219222s ]
INFO: [ view_filter ] --START--
INFO: Run Behavior\WriteHtmlCacheBehavior [ RunTime:0.000015s ]
INFO: [ view_filter ] --END-- [ RunTime:-0.226819s ]
INFO: Run Addons\SystemInfo\SystemInfoAddon [ RunTime:0.226843s ]
SQL: SELECT `config` FROM `ss_addons` WHERE `name` = 'DevTeam' AND `status` = 1 LIMIT 1   [ RunTime:0.0011s ]
INFO: [ view_parse ] --START--
INFO: [ template_filter ] --START--
INFO: Run Behavior\ContentReplaceBehavior [ RunTime:0.000055s ]
INFO: [ template_filter ] --END-- [ RunTime:-0.314233s ]
INFO: Run Behavior\ParseTemplateBehavior [ RunTime:0.003943s ]
INFO: [ view_parse ] --END-- [ RunTime:-0.231595s ]
INFO: [ view_filter ] --START--
INFO: Run Behavior\WriteHtmlCacheBehavior [ RunTime:0.000015s ]
INFO: [ view_filter ] --END-- [ RunTime:-0.235180s ]
INFO: Run Addons\DevTeam\DevTeamAddon [ RunTime:0.008338s ]
INFO: [ AdminIndex ] --END-- [ RunTime:0.312352s ]
INFO: Run Behavior\ParseTemplateBehavior [ RunTime:0.004168s ]
INFO: [ view_parse ] --END-- [ RunTime:-0.231595s ]
INFO: [ view_filter ] --START--
INFO: Run Behavior\WriteHtmlCacheBehavior [ RunTime:0.000011s ]
INFO: [ view_filter ] --END-- [ RunTime:-0.235381s ]
INFO: [ app_end ] --START--
INFO: Run Behavior\ShowPageTraceBehavior [ RunTime:0.000854s ]
INFO: [ app_end ] --END-- [ RunTime:0.000951s ]

[ 2017-01-14T12:12:46+08:00 ] 127.0.0.1 /admin.php?s=/User/index.html
INFO: [ app_init ] --START--
INFO: Run Behavior\BuildLiteBehavior [ RunTime:0.000017s ]
INFO: Run Common\Behavior\InitHookBehavior [ RunTime:0.002213s ]
INFO: [ app_init ] --END-- [ RunTime:0.002726s ]
INFO: [ app_begin ] --START--
INFO: Run Behavior\ReadHtmlCacheBehavior [ RunTime:0.000704s ]
INFO: [ app_begin ] --END-- [ RunTime:0.000792s ]
SQL: SHOW COLUMNS FROM `ss_menu` [ RunTime:0.0090s ]
SQL: SELECT `id`,`title`,`url` FROM `ss_menu` WHERE `pid` = 0 AND `hide` = 0 ORDER BY sort asc  [ RunTime:0.0011s ]
SQL: SELECT `pid` FROM `ss_menu` WHERE ( pid !=0 AND url like '%User/index%' ) LIMIT 1   [ RunTime:0.0010s ]
SQL: SELECT * FROM `ss_menu` WHERE `id` = 16 LIMIT 1   [ RunTime:0.0011s ]
SQL: SELECT DISTINCT  `group` FROM `ss_menu` WHERE `group` <> '' AND `pid` = 16  [ RunTime:0.0027s ]
SQL: SELECT `id`,`url` FROM `ss_menu` WHERE `pid` = 16 AND `hide` = 0  [ RunTime:0.0009s ]
SQL: SELECT `id`,`pid`,`title`,`url`,`tip` FROM `ss_menu` WHERE `group` = '营业管理' AND `pid` = 16 AND `hide` = 0 ORDER BY sort asc  [ RunTime:0.0008s ]
SQL: SELECT `id`,`pid`,`title`,`url`,`tip` FROM `ss_menu` WHERE `group` = '行为管理' AND `pid` = 16 AND `hide` = 0 ORDER BY sort asc  [ RunTime:0.0007s ]
SQL: SELECT `id`,`pid`,`title`,`url`,`tip` FROM `ss_menu` WHERE `group` = '用户管理' AND `pid` = 16 AND `hide` = 0 ORDER BY sort asc  [ RunTime:0.0008s ]
SQL: SHOW COLUMNS FROM `ss_member` [ RunTime:0.0098s ]
SQL: SELECT COUNT(*) AS tp_count FROM `ss_member` WHERE `status` >= 0 AND `nickname` LIKE '%%' LIMIT 1   [ RunTime:0.0013s ]
SQL: SELECT `uid`,`nickname`,`sales_id`,`yonjin_rate`,`lixi_rate`,`yonjin_money`,`lixi_money`,`total_money`,`telephone`,`sex`,`login`,`reg_ip`,`reg_time`,`last_login_ip`,`last_login_time`,`sort`,`status` FROM `ss_member` WHERE `status` >= 0 AND `nickname` LIKE '%%' ORDER BY sort desc LIMIT 0,10   [ RunTime:0.0010s ]
SQL: SHOW COLUMNS FROM `ss_user` [ RunTime:0.0109s ]
SQL: SHOW COLUMNS FROM `ss_sales` [ RunTime:0.0105s ]
SQL: SELECT `id`,`title` FROM `ss_sales`  [ RunTime:0.0008s ]
INFO: [ view_parse ] --START--
INFO: [ template_filter ] --START--
INFO: Run Behavior\ContentReplaceBehavior [ RunTime:0.000206s ]
INFO: [ template_filter ] --END-- [ RunTime:0.000275s ]
INFO: Run Behavior\ParseTemplateBehavior [ RunTime:0.022548s ]
INFO: [ view_parse ] --END-- [ RunTime:0.022655s ]
INFO: [ view_filter ] --START--
INFO: Run Behavior\WriteHtmlCacheBehavior [ RunTime:0.000445s ]
INFO: [ view_filter ] --END-- [ RunTime:0.000500s ]
INFO: [ app_end ] --START--
INFO: Run Behavior\ShowPageTraceBehavior [ RunTime:0.000626s ]
INFO: [ app_end ] --END-- [ RunTime:0.000697s ]

[ 2017-01-14T12:12:48+08:00 ] 127.0.0.1 /admin.php?s=/Capital/index.html
INFO: [ app_init ] --START--
INFO: Run Behavior\BuildLiteBehavior [ RunTime:0.000027s ]
INFO: Run Common\Behavior\InitHookBehavior [ RunTime:0.003167s ]
INFO: [ app_init ] --END-- [ RunTime:0.003945s ]
INFO: [ app_begin ] --START--
INFO: Run Behavior\ReadHtmlCacheBehavior [ RunTime:0.000952s ]
INFO: [ app_begin ] --END-- [ RunTime:0.001120s ]
SQL: SHOW COLUMNS FROM `ss_menu` [ RunTime:0.0088s ]
SQL: SELECT `id`,`title`,`url` FROM `ss_menu` WHERE `pid` = 0 AND `hide` = 0 ORDER BY sort asc  [ RunTime:0.0006s ]
SQL: SELECT `pid` FROM `ss_menu` WHERE ( pid !=0 AND url like '%Capital/index%' ) LIMIT 1   [ RunTime:0.0011s ]
SQL: SHOW COLUMNS FROM `ss_user` [ RunTime:0.0084s ]
SQL: SHOW COLUMNS FROM `ss_sales` [ RunTime:0.0089s ]
SQL: SELECT `id`,`title` FROM `ss_sales` WHERE ( 1=1 )  [ RunTime:0.0004s ]
SQL: SHOW COLUMNS FROM `ss_user` [ RunTime:0.0088s ]
SQL: SELECT `id`,name as title FROM `ss_user` WHERE ( sales_id=1 )  [ RunTime:0.0005s ]
SQL: SELECT `id`,name as title FROM `ss_user` WHERE ( sales_id=8 )  [ RunTime:0.0004s ]
INFO: [ view_parse ] --START--
INFO: [ template_filter ] --START--
INFO: Run Behavior\ContentReplaceBehavior [ RunTime:0.000223s ]
INFO: [ template_filter ] --END-- [ RunTime:0.000294s ]
NOTIC: [8] Undefined index: name I:\phpStudy\WWW\shares\Runtime\Cache\Admin\bd1add356aa3883bb93cb4d9e0cd802b.php 第 109 行.
NOTIC: [8] Undefined index: pledge I:\phpStudy\WWW\shares\Runtime\Cache\Admin\bd1add356aa3883bb93cb4d9e0cd802b.php 第 110 行.
NOTIC: [8] Undefined index: ensure_money I:\phpStudy\WWW\shares\Runtime\Cache\Admin\bd1add356aa3883bb93cb4d9e0cd802b.php 第 111 行.
NOTIC: [8] Undefined index: able_money I:\phpStudy\WWW\shares\Runtime\Cache\Admin\bd1add356aa3883bb93cb4d9e0cd802b.php 第 112 行.
NOTIC: [8] Undefined variable: _page I:\phpStudy\WWW\shares\Runtime\Cache\Admin\bd1add356aa3883bb93cb4d9e0cd802b.php 第 152 行.
NOTIC: [8] Undefined index: id I:\phpStudy\WWW\shares\Runtime\Cache\Admin\bd1add356aa3883bb93cb4d9e0cd802b.php 第 162 行.
NOTIC: [8] Undefined index: id I:\phpStudy\WWW\shares\Runtime\Cache\Admin\bd1add356aa3883bb93cb4d9e0cd802b.php 第 192 行.
NOTIC: [8] Undefined index: id I:\phpStudy\WWW\shares\Runtime\Cache\Admin\bd1add356aa3883bb93cb4d9e0cd802b.php 第 334 行.
NOTIC: [8] Undefined index: ensure_money I:\phpStudy\WWW\shares\Runtime\Cache\Admin\bd1add356aa3883bb93cb4d9e0cd802b.php 第 348 行.
INFO: Run Behavior\ParseTemplateBehavior [ RunTime:0.021929s ]
INFO: [ view_parse ] --END-- [ RunTime:0.022010s ]
INFO: [ view_filter ] --START--
INFO: Run Behavior\WriteHtmlCacheBehavior [ RunTime:0.000416s ]
INFO: [ view_filter ] --END-- [ RunTime:0.000475s ]
INFO: [ app_end ] --START--
INFO: Run Behavior\ShowPageTraceBehavior [ RunTime:0.000631s ]
INFO: [ app_end ] --END-- [ RunTime:0.000694s ]

[ 2017-01-14T12:13:01+08:00 ] 127.0.0.1 /admin.php?s=/Capital/index/id/1.html
INFO: [ app_init ] --START--
INFO: Run Behavior\BuildLiteBehavior [ RunTime:0.000032s ]
INFO: Run Common\Behavior\InitHookBehavior [ RunTime:0.003101s ]
INFO: [ app_init ] --END-- [ RunTime:0.003867s ]
INFO: [ app_begin ] --START--
INFO: Run Behavior\ReadHtmlCacheBehavior [ RunTime:0.000575s ]
INFO: [ app_begin ] --END-- [ RunTime:0.000641s ]
SQL: SHOW COLUMNS FROM `ss_menu` [ RunTime:0.0090s ]
SQL: SELECT `id`,`title`,`url` FROM `ss_menu` WHERE `pid` = 0 AND `hide` = 0 ORDER BY sort asc  [ RunTime:0.0008s ]
SQL: SELECT `pid` FROM `ss_menu` WHERE ( pid !=0 AND url like '%Capital/index%' ) LIMIT 1   [ RunTime:0.0016s ]
SQL: SHOW COLUMNS FROM `ss_user` [ RunTime:0.0097s ]
SQL: SHOW COLUMNS FROM `ss_sales` [ RunTime:0.0083s ]
SQL: SELECT `id`,`title` FROM `ss_sales` WHERE ( 1=1 )  [ RunTime:0.0007s ]
SQL: SHOW COLUMNS FROM `ss_user` [ RunTime:0.0102s ]
SQL: SELECT `id`,name as title FROM `ss_user` WHERE ( sales_id=1 )  [ RunTime:0.0009s ]
SQL: SELECT `id`,name as title FROM `ss_user` WHERE ( sales_id=8 )  [ RunTime:0.0007s ]
SQL: SELECT * FROM `ss_user` WHERE ( id=1 ) LIMIT 1   [ RunTime:0.0012s ]
SQL: SHOW COLUMNS FROM `ss_capital_log` [ RunTime:0.0124s ]
SQL: SELECT COUNT(id) AS tp_count FROM `ss_capital_log` WHERE ( user_id=1 and status=1  ) LIMIT 1   [ RunTime:0.0013s ]
SQL: select a.*,b.nickname from ss_capital_log as a left join ss_member as b on a.member_id=b.uid where a.user_id=1 and a.status=1 order by a.do_time DESC,a.id DESC limit 0,20 [ RunTime:0.0018s ]
INFO: [ view_parse ] --START--
INFO: [ template_filter ] --START--
INFO: Run Behavior\ContentReplaceBehavior [ RunTime:0.000219s ]
INFO: [ template_filter ] --END-- [ RunTime:0.000289s ]
INFO: Run Behavior\ParseTemplateBehavior [ RunTime:0.022117s ]
INFO: [ view_parse ] --END-- [ RunTime:0.022190s ]
INFO: [ view_filter ] --START--
INFO: Run Behavior\WriteHtmlCacheBehavior [ RunTime:0.000497s ]
INFO: [ view_filter ] --END-- [ RunTime:0.000561s ]
INFO: [ app_end ] --START--
INFO: Run Behavior\ShowPageTraceBehavior [ RunTime:0.001108s ]
INFO: [ app_end ] --END-- [ RunTime:0.001202s ]

[ 2017-01-14T12:13:03+08:00 ] 127.0.0.1 /admin.php?s=/Operate/index.html
INFO: [ app_init ] --START--
INFO: Run Behavior\BuildLiteBehavior [ RunTime:0.000018s ]
INFO: Run Common\Behavior\InitHookBehavior [ RunTime:0.002064s ]
INFO: [ app_init ] --END-- [ RunTime:0.002569s ]
INFO: [ app_begin ] --START--
INFO: Run Behavior\ReadHtmlCacheBehavior [ RunTime:0.001065s ]
INFO: [ app_begin ] --END-- [ RunTime:0.001310s ]
SQL: SHOW COLUMNS FROM `ss_menu` [ RunTime:0.0087s ]
SQL: SELECT `id`,`title`,`url` FROM `ss_menu` WHERE `pid` = 0 AND `hide` = 0 ORDER BY sort asc  [ RunTime:0.0007s ]
SQL: SELECT `pid` FROM `ss_menu` WHERE ( pid !=0 AND url like '%Operate/index%' ) LIMIT 1   [ RunTime:0.0012s ]
SQL: SHOW COLUMNS FROM `ss_user` [ RunTime:0.0089s ]
SQL: SHOW COLUMNS FROM `ss_sales` [ RunTime:0.0084s ]
SQL: SELECT `id`,`title` FROM `ss_sales` WHERE ( 1=1 )  [ RunTime:0.0008s ]
SQL: SHOW COLUMNS FROM `ss_user` [ RunTime:0.0087s ]
SQL: SELECT `id`,name as title FROM `ss_user` WHERE ( sales_id=1 )  [ RunTime:0.0006s ]
SQL: SELECT `id`,name as title FROM `ss_user` WHERE ( sales_id=8 )  [ RunTime:0.0004s ]
INFO: [ view_parse ] --START--
INFO: [ template_filter ] --START--
INFO: Run Behavior\ContentReplaceBehavior [ RunTime:0.000211s ]
INFO: [ template_filter ] --END-- [ RunTime:0.000306s ]
NOTIC: [8] Undefined index: name I:\phpStudy\WWW\shares\Runtime\Cache\Admin\660d29c550558b2d159f6936d1031408.php 第 108 行.
NOTIC: [8] Undefined index: pledge I:\phpStudy\WWW\shares\Runtime\Cache\Admin\660d29c550558b2d159f6936d1031408.php 第 109 行.
NOTIC: [8] Undefined index: ensure_money I:\phpStudy\WWW\shares\Runtime\Cache\Admin\660d29c550558b2d159f6936d1031408.php 第 110 行.
NOTIC: [8] Undefined index: able_money I:\phpStudy\WWW\shares\Runtime\Cache\Admin\660d29c550558b2d159f6936d1031408.php 第 111 行.
NOTIC: [8] Undefined variable: _page I:\phpStudy\WWW\shares\Runtime\Cache\Admin\660d29c550558b2d159f6936d1031408.php 第 165 行.
NOTIC: [8] Undefined index: id I:\phpStudy\WWW\shares\Runtime\Cache\Admin\660d29c550558b2d159f6936d1031408.php 第 174 行.
NOTIC: [8] Undefined index: id I:\phpStudy\WWW\shares\Runtime\Cache\Admin\660d29c550558b2d159f6936d1031408.php 第 348 行.
INFO: Run Behavior\ParseTemplateBehavior [ RunTime:0.021008s ]
INFO: [ view_parse ] --END-- [ RunTime:0.021075s ]
INFO: [ view_filter ] --START--
INFO: Run Behavior\WriteHtmlCacheBehavior [ RunTime:0.000425s ]
INFO: [ view_filter ] --END-- [ RunTime:0.000477s ]
INFO: [ app_end ] --START--
INFO: Run Behavior\ShowPageTraceBehavior [ RunTime:0.000855s ]
INFO: [ app_end ] --END-- [ RunTime:0.000957s ]

[ 2017-01-14T12:13:08+08:00 ] 127.0.0.1 /admin.php?s=/Operate/index/id/1.html
INFO: [ app_init ] --START--
INFO: Run Behavior\BuildLiteBehavior [ RunTime:0.000018s ]
INFO: Run Common\Behavior\InitHookBehavior [ RunTime:0.002813s ]
INFO: [ app_init ] --END-- [ RunTime:0.003341s ]
INFO: [ app_begin ] --START--
INFO: Run Behavior\ReadHtmlCacheBehavior [ RunTime:0.000561s ]
INFO: [ app_begin ] --END-- [ RunTime:0.000631s ]
SQL: SHOW COLUMNS FROM `ss_menu` [ RunTime:0.0087s ]
SQL: SELECT `id`,`title`,`url` FROM `ss_menu` WHERE `pid` = 0 AND `hide` = 0 ORDER BY sort asc  [ RunTime:0.0006s ]
SQL: SELECT `pid` FROM `ss_menu` WHERE ( pid !=0 AND url like '%Operate/index%' ) LIMIT 1   [ RunTime:0.0011s ]
SQL: SHOW COLUMNS FROM `ss_user` [ RunTime:0.0094s ]
SQL: SHOW COLUMNS FROM `ss_sales` [ RunTime:0.0085s ]
SQL: SELECT `id`,`title` FROM `ss_sales` WHERE ( 1=1 )  [ RunTime:0.0004s ]
SQL: SHOW COLUMNS FROM `ss_user` [ RunTime:0.0092s ]
SQL: SELECT `id`,name as title FROM `ss_user` WHERE ( sales_id=1 )  [ RunTime:0.0005s ]
SQL: SELECT `id`,name as title FROM `ss_user` WHERE ( sales_id=8 )  [ RunTime:0.0003s ]
SQL: SELECT * FROM `ss_user` WHERE ( id=1 ) LIMIT 1   [ RunTime:0.0007s ]
SQL: SHOW COLUMNS FROM `ss_deal_log` [ RunTime:0.0109s ]
SQL: SELECT COUNT(id) AS tp_count FROM `ss_deal_log` WHERE ( user_id=1 and status=1  ) LIMIT 1   [ RunTime:0.0007s ]
SQL: select a.*,b.nickname from ss_deal_log as a left join ss_member as b on a.member_id=b.uid where a.user_id=1 and a.status=1 order by a.deal_time DESC,a.id DESC limit 0,20 [ RunTime:0.0011s ]
INFO: [ view_parse ] --START--
INFO: [ template_filter ] --START--
INFO: Run Behavior\ContentReplaceBehavior [ RunTime:0.000219s ]
INFO: [ template_filter ] --END-- [ RunTime:0.000288s ]
NOTIC: [8] Undefined index: uid I:\phpStudy\WWW\shares\Runtime\Cache\Admin\660d29c550558b2d159f6936d1031408.php 第 155 行.
NOTIC: [8] Undefined index: uid I:\phpStudy\WWW\shares\Runtime\Cache\Admin\660d29c550558b2d159f6936d1031408.php 第 156 行.
NOTIC: [8] Undefined index: uid I:\phpStudy\WWW\shares\Runtime\Cache\Admin\660d29c550558b2d159f6936d1031408.php 第 155 行.
NOTIC: [8] Undefined index: uid I:\phpStudy\WWW\shares\Runtime\Cache\Admin\660d29c550558b2d159f6936d1031408.php 第 156 行.
NOTIC: [8] Undefined index: uid I:\phpStudy\WWW\shares\Runtime\Cache\Admin\660d29c550558b2d159f6936d1031408.php 第 155 行.
NOTIC: [8] Undefined index: uid I:\phpStudy\WWW\shares\Runtime\Cache\Admin\660d29c550558b2d159f6936d1031408.php 第 156 行.
INFO: Run Behavior\ParseTemplateBehavior [ RunTime:0.022777s ]
INFO: [ view_parse ] --END-- [ RunTime:0.022876s ]
INFO: [ view_filter ] --START--
INFO: Run Behavior\WriteHtmlCacheBehavior [ RunTime:0.000411s ]
INFO: [ view_filter ] --END-- [ RunTime:0.000464s ]
INFO: [ app_end ] --START--
INFO: Run Behavior\ShowPageTraceBehavior [ RunTime:0.001070s ]
INFO: [ app_end ] --END-- [ RunTime:0.001205s ]

